{
  "uid" : "1222bee08232894e",
  "name" : "test_Tripartite_interaction",
  "fullName" : "test_flow.test_Tripartite_interaction.test_Tripartite_interaction#test_Tripartite_interaction",
  "historyId" : "d91e7b4392163e0b46289a9f8b97b16c",
  "time" : {
    "start" : 1602668018777,
    "stop" : 1602668062543,
    "duration" : 43766
  },
  "description" : "测试 http://10.10.128.152:10052/#/account/login 三方（企业，银行，前端）交互",
  "descriptionHtml" : "<p>测试 http://10.10.128.152:10052/#/account/login 三方（企业，银行，前端）交互</p>\n",
  "status" : "broken",
  "statusMessage" : "selenium.common.exceptions.TimeoutException: Message:",
  "statusTrace" : "@pytest.mark.run(order=-1)\n    @allure.severity(\"blocker\")\n    @allure.description(\"测试 http://10.10.128.152:10052/#/account/login 三方（企业，银行，前端）交互\")\n    @allure.testcase(\"http://10.10.128.152:10052/#/account/login\", \"三方（企业，银行，前端）交互 \uD83D\uDC47\")\n    def test_Tripartite_interaction():\n        def_name = sys._getframe().f_code.co_name\n        logger.info(\"开始执行脚本%s:\\n\", def_name)\n    \n        # 前端账户授信申请\n        if runMode != 'UI':\n            driver_forward = webdriver.Chrome()\n            driver_forward.maximize_window()\n            driver_forward.get(url_forward)\n            logger.info('前端账户登录授信申请')\n            login(driver_forward)\n>           creditExtension(driver_forward)\n\ntest_flow\\test_Tripartite_interaction\\test_Tripartite_interaction.py:146: \n_ _ _ _ _ _ _ _ _ _ _ _ _ _ _ _ _ _ _ _ _ _ _ _ _ _ _ _ _ _ _ _ _ _ _ _ _ _ _ _\ntest_flow\\test_Tripartite_interaction\\test_Tripartite_interaction.py:199: in creditExtension\n    waitUntilClick_xpath(driver_forward, path)\ncommon\\BaseFunction.py:45: in waitUntilClick_xpath\n    WebDriverWait(driver, 30).until(EC.element_to_be_clickable((By.XPATH, ByXpath)))\n_ _ _ _ _ _ _ _ _ _ _ _ _ _ _ _ _ _ _ _ _ _ _ _ _ _ _ _ _ _ _ _ _ _ _ _ _ _ _ _\n\nself = <selenium.webdriver.support.wait.WebDriverWait (session=\"c7205e79751e85420ce283279cf2294d\")>\nmethod = <selenium.webdriver.support.expected_conditions.element_to_be_clickable object at 0x000002A08DCA42E8>\nmessage = ''\n\n    def until(self, method, message=''):\n        \"\"\"Calls the method provided with the driver as an argument until the \\\n        return value is not False.\"\"\"\n        screen = None\n        stacktrace = None\n    \n        end_time = time.time() + self._timeout\n        while True:\n            try:\n                value = method(self._driver)\n                if value:\n                    return value\n            except self._ignored_exceptions as exc:\n                screen = getattr(exc, 'screen', None)\n                stacktrace = getattr(exc, 'stacktrace', None)\n            time.sleep(self._poll)\n            if time.time() > end_time:\n                break\n>       raise TimeoutException(message, screen, stacktrace)\nE       selenium.common.exceptions.TimeoutException: Message:\n\n..\\..\\..\\AppData\\Local\\Programs\\Python\\Python36\\lib\\site-packages\\selenium\\webdriver\\support\\wait.py:80: TimeoutException",
  "flaky" : false,
  "newFailed" : false,
  "beforeStages" : [ ],
  "testStage" : {
    "description" : "测试 http://10.10.128.152:10052/#/account/login 三方（企业，银行，前端）交互",
    "status" : "broken",
    "statusMessage" : "selenium.common.exceptions.TimeoutException: Message:",
    "statusTrace" : "@pytest.mark.run(order=-1)\n    @allure.severity(\"blocker\")\n    @allure.description(\"测试 http://10.10.128.152:10052/#/account/login 三方（企业，银行，前端）交互\")\n    @allure.testcase(\"http://10.10.128.152:10052/#/account/login\", \"三方（企业，银行，前端）交互 \uD83D\uDC47\")\n    def test_Tripartite_interaction():\n        def_name = sys._getframe().f_code.co_name\n        logger.info(\"开始执行脚本%s:\\n\", def_name)\n    \n        # 前端账户授信申请\n        if runMode != 'UI':\n            driver_forward = webdriver.Chrome()\n            driver_forward.maximize_window()\n            driver_forward.get(url_forward)\n            logger.info('前端账户登录授信申请')\n            login(driver_forward)\n>           creditExtension(driver_forward)\n\ntest_flow\\test_Tripartite_interaction\\test_Tripartite_interaction.py:146: \n_ _ _ _ _ _ _ _ _ _ _ _ _ _ _ _ _ _ _ _ _ _ _ _ _ _ _ _ _ _ _ _ _ _ _ _ _ _ _ _\ntest_flow\\test_Tripartite_interaction\\test_Tripartite_interaction.py:199: in creditExtension\n    waitUntilClick_xpath(driver_forward, path)\ncommon\\BaseFunction.py:45: in waitUntilClick_xpath\n    WebDriverWait(driver, 30).until(EC.element_to_be_clickable((By.XPATH, ByXpath)))\n_ _ _ _ _ _ _ _ _ _ _ _ _ _ _ _ _ _ _ _ _ _ _ _ _ _ _ _ _ _ _ _ _ _ _ _ _ _ _ _\n\nself = <selenium.webdriver.support.wait.WebDriverWait (session=\"c7205e79751e85420ce283279cf2294d\")>\nmethod = <selenium.webdriver.support.expected_conditions.element_to_be_clickable object at 0x000002A08DCA42E8>\nmessage = ''\n\n    def until(self, method, message=''):\n        \"\"\"Calls the method provided with the driver as an argument until the \\\n        return value is not False.\"\"\"\n        screen = None\n        stacktrace = None\n    \n        end_time = time.time() + self._timeout\n        while True:\n            try:\n                value = method(self._driver)\n                if value:\n                    return value\n            except self._ignored_exceptions as exc:\n                screen = getattr(exc, 'screen', None)\n                stacktrace = getattr(exc, 'stacktrace', None)\n            time.sleep(self._poll)\n            if time.time() > end_time:\n                break\n>       raise TimeoutException(message, screen, stacktrace)\nE       selenium.common.exceptions.TimeoutException: Message:\n\n..\\..\\..\\AppData\\Local\\Programs\\Python\\Python36\\lib\\site-packages\\selenium\\webdriver\\support\\wait.py:80: TimeoutException",
    "steps" : [ ],
    "attachments" : [ {
      "uid" : "622e2b3f6fb3b07e",
      "name" : "log",
      "source" : "622e2b3f6fb3b07e.txt",
      "type" : "text/plain",
      "size" : 477
    }, {
      "uid" : "acb7d3bb93a67661",
      "name" : "stderr",
      "source" : "acb7d3bb93a67661.txt",
      "type" : "text/plain",
      "size" : 703
    } ],
    "parameters" : [ ],
    "hasContent" : true,
    "stepsCount" : 0,
    "shouldDisplayMessage" : true,
    "attachmentsCount" : 2
  },
  "afterStages" : [ ],
  "labels" : [ {
    "name" : "severity",
    "value" : "blocker"
  }, {
    "name" : "tag",
    "value" : "run(order=-1)"
  }, {
    "name" : "parentSuite",
    "value" : "test_flow.test_Tripartite_interaction"
  }, {
    "name" : "suite",
    "value" : "test_Tripartite_interaction"
  }, {
    "name" : "host",
    "value" : "A02-03-00033"
  }, {
    "name" : "thread",
    "value" : "4004-MainThread"
  }, {
    "name" : "framework",
    "value" : "pytest"
  }, {
    "name" : "language",
    "value" : "cpython3"
  }, {
    "name" : "package",
    "value" : "test_flow.test_Tripartite_interaction.test_Tripartite_interaction"
  }, {
    "name" : "resultFormat",
    "value" : "allure2"
  } ],
  "parameters" : [ ],
  "links" : [ {
    "name" : "三方（企业，银行，前端）交互 \uD83D\uDC47",
    "url" : "http://10.10.128.152:10052/#/account/login",
    "type" : "test_case"
  } ],
  "hidden" : false,
  "retry" : false,
  "extra" : {
    "severity" : "blocker",
    "retries" : [ {
      "uid" : "67faf339499e61dd",
      "status" : "broken",
      "statusDetails" : "selenium.common.exceptions.TimeoutException: Message:",
      "time" : {
        "start" : 1602667464735,
        "stop" : 1602667508617,
        "duration" : 43882
      }
    }, {
      "uid" : "ac8523d8c2c7cfb3",
      "status" : "broken",
      "statusDetails" : "selenium.common.exceptions.TimeoutException: Message:",
      "time" : {
        "start" : 1602666697984,
        "stop" : 1602666742026,
        "duration" : 44042
      }
    }, {
      "uid" : "1b27c60e5c75bb66",
      "status" : "passed",
      "time" : {
        "start" : 1602222926041,
        "stop" : 1602223067461,
        "duration" : 141420
      }
    }, {
      "uid" : "a41d28a01c9785db",
      "status" : "broken",
      "statusDetails" : "selenium.common.exceptions.NoSuchElementException: Message: no such element: Unable to locate element: {\"method\":\"css selector\",\"selector\":\"#root > div > div.content___17Zvm > div > div > div > div > div.section___207eM.feature___Y1g27 > div.feature-main___3NXLZ > button\"}\n  (Session info: chrome=74.0.3729.108)\n  (Driver info: chromedriver=74.0.3729.6 (255758eccf3d244491b8a1317aa76e1ce10d57e9-refs/branch-heads/3729@{#29}),platform=Windows NT 10.0.18362 x86_64)",
      "time" : {
        "start" : 1602222519007,
        "stop" : 1602222533144,
        "duration" : 14137
      }
    }, {
      "uid" : "aa5ebc5a3b621c08",
      "status" : "broken",
      "statusDetails" : "selenium.common.exceptions.TimeoutException: Message:",
      "time" : {
        "start" : 1602221002087,
        "stop" : 1602221045827,
        "duration" : 43740
      }
    }, {
      "uid" : "1746c4165403430b",
      "status" : "passed",
      "time" : {
        "start" : 1602220425295,
        "stop" : 1602220565691,
        "duration" : 140396
      }
    }, {
      "uid" : "1bbc151e5376b2be",
      "status" : "broken",
      "statusDetails" : "selenium.common.exceptions.TimeoutException: Message:",
      "time" : {
        "start" : 1602215718069,
        "stop" : 1602215894319,
        "duration" : 176250
      }
    }, {
      "uid" : "30d866524b5f6b26",
      "status" : "broken",
      "statusDetails" : "selenium.common.exceptions.TimeoutException: Message:",
      "time" : {
        "start" : 1602215303919,
        "stop" : 1602215353313,
        "duration" : 49394
      }
    }, {
      "uid" : "97f8cca3c6fc78e3",
      "status" : "broken",
      "statusDetails" : "selenium.common.exceptions.TimeoutException: Message:",
      "time" : {
        "start" : 1602213283616,
        "stop" : 1602213332505,
        "duration" : 48889
      }
    }, {
      "uid" : "af2117d0e5fc5d8",
      "status" : "broken",
      "statusDetails" : "selenium.common.exceptions.TimeoutException: Message:",
      "time" : {
        "start" : 1602212783329,
        "stop" : 1602212829757,
        "duration" : 46428
      }
    }, {
      "uid" : "625dd2ad75eb71a9",
      "status" : "broken",
      "statusDetails" : "selenium.common.exceptions.TimeoutException: Message:",
      "time" : {
        "start" : 1602211260127,
        "stop" : 1602211413201,
        "duration" : 153074
      }
    } ],
    "categories" : [ {
      "name" : "Test defects",
      "matchedStatuses" : [ ],
      "flaky" : false
    } ],
    "tags" : [ "run(order=-1)" ]
  },
  "source" : "1222bee08232894e.json",
  "parameterValues" : [ ]
}