{
  "uid" : "152378a3b4a3ef56",
  "name" : "test_Tripartite_interaction",
  "fullName" : "test_flow.test_Tripartite_interaction.test_Tripartite_interaction#test_Tripartite_interaction",
  "historyId" : "d91e7b4392163e0b46289a9f8b97b16c",
  "time" : {
    "start" : 1600248330222,
    "stop" : 1600248378356,
    "duration" : 48134
  },
  "description" : "测试 http://10.10.128.152:10052/#/account/login 三方（企业，银行，前端）交互",
  "descriptionHtml" : "<p>测试 http://10.10.128.152:10052/#/account/login 三方（企业，银行，前端）交互</p>\n",
  "status" : "broken",
  "statusMessage" : "selenium.common.exceptions.TimeoutException: Message:",
  "statusTrace" : "@pytest.mark.run(order=-1)\n    @allure.severity(\"blocker\")\n    @allure.description(\"测试 http://10.10.128.152:10052/#/account/login 三方（企业，银行，前端）交互\")\n    @allure.testcase(\"http://10.10.128.152:10052/#/account/login\", \"三方（企业，银行，前端）交互 \uD83D\uDC47\")\n    def test_Tripartite_interaction():\n        def_name = sys._getframe().f_code.co_name\n        logger.info(\"开始执行脚本%s:\\n\", def_name)\n    \n        # # 前端账户授信申请\n        driver_forward = webdriver.Chrome()\n        driver_forward.maximize_window()\n        driver_forward.get(url_forward)\n        logger.info('前端账户登录授信申请')\n        login(driver_forward)\n>       creditExtension(driver_forward)\n\ntest_flow\\test_Tripartite_interaction\\test_Tripartite_interaction.py:145: \n_ _ _ _ _ _ _ _ _ _ _ _ _ _ _ _ _ _ _ _ _ _ _ _ _ _ _ _ _ _ _ _ _ _ _ _ _ _ _ _\ntest_flow\\test_Tripartite_interaction\\test_Tripartite_interaction.py:228: in creditExtension\n    waitUntilClick(driver_forward, path_Tripartite_interaction.btn_next2_css.value)\ncommon\\BaseFunction.py:24: in waitUntilClick\n    WebDriverWait(driver, 30).until(EC.element_to_be_clickable((By.CSS_SELECTOR, ByCss)))\n_ _ _ _ _ _ _ _ _ _ _ _ _ _ _ _ _ _ _ _ _ _ _ _ _ _ _ _ _ _ _ _ _ _ _ _ _ _ _ _\n\nself = <selenium.webdriver.support.wait.WebDriverWait (session=\"defe1a9f47e90d5d665b7642d1a757c8\")>\nmethod = <selenium.webdriver.support.expected_conditions.element_to_be_clickable object at 0x0000023E57573E20>\nmessage = ''\n\n    def until(self, method, message=''):\n        \"\"\"Calls the method provided with the driver as an argument until the \\\n        return value is not False.\"\"\"\n        screen = None\n        stacktrace = None\n    \n        end_time = time.time() + self._timeout\n        while True:\n            try:\n                value = method(self._driver)\n                if value:\n                    return value\n            except self._ignored_exceptions as exc:\n                screen = getattr(exc, 'screen', None)\n                stacktrace = getattr(exc, 'stacktrace', None)\n            time.sleep(self._poll)\n            if time.time() > end_time:\n                break\n>       raise TimeoutException(message, screen, stacktrace)\nE       selenium.common.exceptions.TimeoutException: Message:\n\n..\\venv\\lib\\site-packages\\selenium\\webdriver\\support\\wait.py:80: TimeoutException",
  "flaky" : false,
  "newFailed" : false,
  "beforeStages" : [ ],
  "testStage" : {
    "description" : "测试 http://10.10.128.152:10052/#/account/login 三方（企业，银行，前端）交互",
    "status" : "broken",
    "statusMessage" : "selenium.common.exceptions.TimeoutException: Message:",
    "statusTrace" : "@pytest.mark.run(order=-1)\n    @allure.severity(\"blocker\")\n    @allure.description(\"测试 http://10.10.128.152:10052/#/account/login 三方（企业，银行，前端）交互\")\n    @allure.testcase(\"http://10.10.128.152:10052/#/account/login\", \"三方（企业，银行，前端）交互 \uD83D\uDC47\")\n    def test_Tripartite_interaction():\n        def_name = sys._getframe().f_code.co_name\n        logger.info(\"开始执行脚本%s:\\n\", def_name)\n    \n        # # 前端账户授信申请\n        driver_forward = webdriver.Chrome()\n        driver_forward.maximize_window()\n        driver_forward.get(url_forward)\n        logger.info('前端账户登录授信申请')\n        login(driver_forward)\n>       creditExtension(driver_forward)\n\ntest_flow\\test_Tripartite_interaction\\test_Tripartite_interaction.py:145: \n_ _ _ _ _ _ _ _ _ _ _ _ _ _ _ _ _ _ _ _ _ _ _ _ _ _ _ _ _ _ _ _ _ _ _ _ _ _ _ _\ntest_flow\\test_Tripartite_interaction\\test_Tripartite_interaction.py:228: in creditExtension\n    waitUntilClick(driver_forward, path_Tripartite_interaction.btn_next2_css.value)\ncommon\\BaseFunction.py:24: in waitUntilClick\n    WebDriverWait(driver, 30).until(EC.element_to_be_clickable((By.CSS_SELECTOR, ByCss)))\n_ _ _ _ _ _ _ _ _ _ _ _ _ _ _ _ _ _ _ _ _ _ _ _ _ _ _ _ _ _ _ _ _ _ _ _ _ _ _ _\n\nself = <selenium.webdriver.support.wait.WebDriverWait (session=\"defe1a9f47e90d5d665b7642d1a757c8\")>\nmethod = <selenium.webdriver.support.expected_conditions.element_to_be_clickable object at 0x0000023E57573E20>\nmessage = ''\n\n    def until(self, method, message=''):\n        \"\"\"Calls the method provided with the driver as an argument until the \\\n        return value is not False.\"\"\"\n        screen = None\n        stacktrace = None\n    \n        end_time = time.time() + self._timeout\n        while True:\n            try:\n                value = method(self._driver)\n                if value:\n                    return value\n            except self._ignored_exceptions as exc:\n                screen = getattr(exc, 'screen', None)\n                stacktrace = getattr(exc, 'stacktrace', None)\n            time.sleep(self._poll)\n            if time.time() > end_time:\n                break\n>       raise TimeoutException(message, screen, stacktrace)\nE       selenium.common.exceptions.TimeoutException: Message:\n\n..\\venv\\lib\\site-packages\\selenium\\webdriver\\support\\wait.py:80: TimeoutException",
    "steps" : [ ],
    "attachments" : [ {
      "uid" : "229523863bae0379",
      "name" : "log",
      "source" : "229523863bae0379.txt",
      "type" : "text/plain",
      "size" : 772
    }, {
      "uid" : "bec2d09d5a649e5f",
      "name" : "stderr",
      "source" : "bec2d09d5a649e5f.txt",
      "type" : "text/plain",
      "size" : 1133
    } ],
    "parameters" : [ ],
    "hasContent" : true,
    "stepsCount" : 0,
    "attachmentsCount" : 2,
    "shouldDisplayMessage" : true
  },
  "afterStages" : [ ],
  "labels" : [ {
    "name" : "severity",
    "value" : "blocker"
  }, {
    "name" : "tag",
    "value" : "run(order=-1)"
  }, {
    "name" : "parentSuite",
    "value" : "test_flow.test_Tripartite_interaction"
  }, {
    "name" : "suite",
    "value" : "test_Tripartite_interaction"
  }, {
    "name" : "host",
    "value" : "A02-03-00033"
  }, {
    "name" : "thread",
    "value" : "27988-MainThread"
  }, {
    "name" : "framework",
    "value" : "pytest"
  }, {
    "name" : "language",
    "value" : "cpython3"
  }, {
    "name" : "package",
    "value" : "test_flow.test_Tripartite_interaction.test_Tripartite_interaction"
  }, {
    "name" : "resultFormat",
    "value" : "allure2"
  } ],
  "parameters" : [ ],
  "links" : [ {
    "name" : "三方（企业，银行，前端）交互 \uD83D\uDC47",
    "url" : "http://10.10.128.152:10052/#/account/login",
    "type" : "test_case"
  } ],
  "hidden" : false,
  "retry" : false,
  "extra" : {
    "severity" : "blocker",
    "retries" : [ {
      "uid" : "669c359b82c1721e",
      "status" : "broken",
      "statusDetails" : "selenium.common.exceptions.TimeoutException: Message:",
      "time" : {
        "start" : 1600247582037,
        "stop" : 1600247624921,
        "duration" : 42884
      }
    }, {
      "uid" : "41dc487e44a5b84f",
      "status" : "broken",
      "statusDetails" : "selenium.common.exceptions.TimeoutException: Message:",
      "time" : {
        "start" : 1600245276749,
        "stop" : 1600245324787,
        "duration" : 48038
      }
    }, {
      "uid" : "bb3d683aeb4a9121",
      "status" : "passed",
      "time" : {
        "start" : 1600243684324,
        "stop" : 1600243809236,
        "duration" : 124912
      }
    }, {
      "uid" : "490fbba52044ee1c",
      "status" : "passed",
      "time" : {
        "start" : 1600240587696,
        "stop" : 1600240764989,
        "duration" : 177293
      }
    }, {
      "uid" : "6a8fed556b5e8cd2",
      "status" : "broken",
      "statusDetails" : "selenium.common.exceptions.WebDriverException: Message: chrome not reachable\n  (Session info: chrome=74.0.3729.108)\n  (Driver info: chromedriver=74.0.3729.6 (255758eccf3d244491b8a1317aa76e1ce10d57e9-refs/branch-heads/3729@{#29}),platform=Windows NT 10.0.18362 x86_64)",
      "time" : {
        "start" : 1600240143313,
        "stop" : 1600240182609,
        "duration" : 39296
      }
    }, {
      "uid" : "6e36f5d882ca7e43",
      "status" : "passed",
      "time" : {
        "start" : 1600237564176,
        "stop" : 1600237692477,
        "duration" : 128301
      }
    }, {
      "uid" : "eda9bf42c3736bcc",
      "status" : "broken",
      "statusDetails" : "selenium.common.exceptions.TimeoutException: Message:",
      "time" : {
        "start" : 1600236967506,
        "stop" : 1600237081241,
        "duration" : 113735
      }
    }, {
      "uid" : "f8b85b1502c818e",
      "status" : "broken",
      "statusDetails" : "selenium.common.exceptions.WebDriverException: Message: chrome not reachable\n  (Session info: chrome=74.0.3729.108)\n  (Driver info: chromedriver=74.0.3729.6 (255758eccf3d244491b8a1317aa76e1ce10d57e9-refs/branch-heads/3729@{#29}),platform=Windows NT 10.0.18362 x86_64)",
      "time" : {
        "start" : 1600236627592,
        "stop" : 1600236660562,
        "duration" : 32970
      }
    }, {
      "uid" : "b1d7b9ab117fcc2c",
      "status" : "broken",
      "statusDetails" : "selenium.common.exceptions.WebDriverException: Message: chrome not reachable\n  (Session info: chrome=74.0.3729.108)\n  (Driver info: chromedriver=74.0.3729.6 (255758eccf3d244491b8a1317aa76e1ce10d57e9-refs/branch-heads/3729@{#29}),platform=Windows NT 10.0.18362 x86_64)",
      "time" : {
        "start" : 1600224634421,
        "stop" : 1600224662490,
        "duration" : 28069
      }
    }, {
      "uid" : "23a154e941ee032c",
      "status" : "broken",
      "statusDetails" : "selenium.common.exceptions.WebDriverException: Message: chrome not reachable\n  (Session info: chrome=74.0.3729.108)\n  (Driver info: chromedriver=74.0.3729.6 (255758eccf3d244491b8a1317aa76e1ce10d57e9-refs/branch-heads/3729@{#29}),platform=Windows NT 10.0.18362 x86_64)",
      "time" : {
        "start" : 1600159126263,
        "stop" : 1600159157238,
        "duration" : 30975
      }
    }, {
      "uid" : "85dd4d7f58ac55e9",
      "status" : "broken",
      "statusDetails" : "selenium.common.exceptions.SessionNotCreatedException: Message: session not created\nfrom chrome not reachable\n  (Session info: chrome=74.0.3729.108)\n  (Driver info: chromedriver=74.0.3729.6 (255758eccf3d244491b8a1317aa76e1ce10d57e9-refs/branch-heads/3729@{#29}),platform=Windows NT 10.0.18362 x86_64)",
      "time" : {
        "start" : 1600139536677,
        "stop" : 1600139554432,
        "duration" : 17755
      }
    }, {
      "uid" : "605a62caefc6c605",
      "status" : "broken",
      "statusDetails" : "selenium.common.exceptions.WebDriverException: Message: chrome not reachable\n  (Session info: chrome=74.0.3729.108)\n  (Driver info: chromedriver=74.0.3729.6 (255758eccf3d244491b8a1317aa76e1ce10d57e9-refs/branch-heads/3729@{#29}),platform=Windows NT 10.0.18362 x86_64)",
      "time" : {
        "start" : 1600138420974,
        "stop" : 1600138451357,
        "duration" : 30383
      }
    }, {
      "uid" : "bebcaa09883293c2",
      "status" : "broken",
      "statusDetails" : "selenium.common.exceptions.WebDriverException: Message: chrome not reachable\n  (Session info: chrome=74.0.3729.108)\n  (Driver info: chromedriver=74.0.3729.6 (255758eccf3d244491b8a1317aa76e1ce10d57e9-refs/branch-heads/3729@{#29}),platform=Windows NT 10.0.18362 x86_64)",
      "time" : {
        "start" : 1600138380713,
        "stop" : 1600138413742,
        "duration" : 33029
      }
    }, {
      "uid" : "9bf90bbbf09bbeab",
      "status" : "broken",
      "statusDetails" : "selenium.common.exceptions.TimeoutException: Message:",
      "time" : {
        "start" : 1600137782712,
        "stop" : 1600137825464,
        "duration" : 42752
      }
    }, {
      "uid" : "3bd082e6e612b41a",
      "status" : "passed",
      "time" : {
        "start" : 1599814168418,
        "stop" : 1599814299916,
        "duration" : 131498
      }
    }, {
      "uid" : "10bad19e047b5f45",
      "status" : "broken",
      "statusDetails" : "selenium.common.exceptions.WebDriverException: Message: chrome not reachable\n  (Session info: chrome=74.0.3729.108)\n  (Driver info: chromedriver=74.0.3729.6 (255758eccf3d244491b8a1317aa76e1ce10d57e9-refs/branch-heads/3729@{#29}),platform=Windows NT 10.0.18362 x86_64)",
      "time" : {
        "start" : 1599813718640,
        "stop" : 1599813747697,
        "duration" : 29057
      }
    }, {
      "uid" : "f5e44f622e58cd2",
      "status" : "broken",
      "statusDetails" : "selenium.common.exceptions.WebDriverException: Message: chrome not reachable\n  (Session info: chrome=74.0.3729.108)\n  (Driver info: chromedriver=74.0.3729.6 (255758eccf3d244491b8a1317aa76e1ce10d57e9-refs/branch-heads/3729@{#29}),platform=Windows NT 10.0.18362 x86_64)",
      "time" : {
        "start" : 1599813267505,
        "stop" : 1599813299150,
        "duration" : 31645
      }
    }, {
      "uid" : "7de3ffc503e261b6",
      "status" : "passed",
      "time" : {
        "start" : 1599811910644,
        "stop" : 1599812023945,
        "duration" : 113301
      }
    }, {
      "uid" : "5510502faffdaee6",
      "status" : "passed",
      "time" : {
        "start" : 1599811453302,
        "stop" : 1599811566955,
        "duration" : 113653
      }
    }, {
      "uid" : "846d6a65517d5c6c",
      "status" : "passed",
      "time" : {
        "start" : 1599808451379,
        "stop" : 1599808563825,
        "duration" : 112446
      }
    }, {
      "uid" : "b9dc0cd18ba451a2",
      "status" : "passed",
      "time" : {
        "start" : 1599807895528,
        "stop" : 1599808017589,
        "duration" : 122061
      }
    }, {
      "uid" : "f884309252fb92a5",
      "status" : "passed",
      "time" : {
        "start" : 1599806953965,
        "stop" : 1599807066617,
        "duration" : 112652
      }
    }, {
      "uid" : "a34b491d9b5c8bd3",
      "status" : "broken",
      "statusDetails" : "selenium.common.exceptions.NoSuchElementException: Message: no such element: Unable to locate element: {\"method\":\"css selector\",\"selector\":\"#root > div > div.content___17Zvm > div > div > div > div > div.section___207eM.feature___Y1g27 > div.feature-main___3NXLZ > button\"}\n  (Session info: chrome=74.0.3729.108)\n  (Driver info: chromedriver=74.0.3729.6 (255758eccf3d244491b8a1317aa76e1ce10d57e9-refs/branch-heads/3729@{#29}),platform=Windows NT 10.0.18362 x86_64)",
      "time" : {
        "start" : 1599806349954,
        "stop" : 1599806363488,
        "duration" : 13534
      }
    }, {
      "uid" : "835aaa761a7edea8",
      "status" : "broken",
      "statusDetails" : "selenium.common.exceptions.TimeoutException: Message:",
      "time" : {
        "start" : 1599804715379,
        "stop" : 1599804845704,
        "duration" : 130325
      }
    }, {
      "uid" : "3b8c1165250f2a5",
      "status" : "passed",
      "time" : {
        "start" : 1599803824861,
        "stop" : 1599803976263,
        "duration" : 151402
      }
    }, {
      "uid" : "d0f3bf58691a576e",
      "status" : "passed",
      "time" : {
        "start" : 1599802331371,
        "stop" : 1599802442589,
        "duration" : 111218
      }
    }, {
      "uid" : "3eb175f0ef93d148",
      "status" : "passed",
      "time" : {
        "start" : 1599801888648,
        "stop" : 1599802000985,
        "duration" : 112337
      }
    }, {
      "uid" : "8588c8e3994bb027",
      "status" : "passed",
      "time" : {
        "start" : 1599801211941,
        "stop" : 1599801363623,
        "duration" : 151682
      }
    }, {
      "uid" : "4f69d3d2a7440ccd",
      "status" : "passed",
      "time" : {
        "start" : 1599800631632,
        "stop" : 1599800765317,
        "duration" : 133685
      }
    } ],
    "categories" : [ {
      "name" : "Test defects",
      "matchedStatuses" : [ ],
      "flaky" : false
    } ],
    "tags" : [ "run(order=-1)" ]
  },
  "source" : "152378a3b4a3ef56.json",
  "parameterValues" : [ ]
}