{
  "uid" : "314c21feb34900de",
  "name" : "test_backStageActCreate",
  "fullName" : "test_flow.test_Authentication.test_backStage_authentication#test_backStageActCreate",
  "historyId" : "d85ebd52118862a52004a5c4faaac530",
  "time" : {
    "start" : 1602826366663,
    "stop" : 1602826401655,
    "duration" : 34992
  },
  "description" : "http://10.10.128.152:10052/#/authority/mechanism 后台机构创建",
  "descriptionHtml" : "<p>http://10.10.128.152:10052/#/authority/mechanism 后台机构创建</p>\n",
  "status" : "passed",
  "flaky" : false,
  "newFailed" : false,
  "beforeStages" : [ ],
  "testStage" : {
    "description" : "http://10.10.128.152:10052/#/authority/mechanism 后台机构创建",
    "status" : "passed",
    "steps" : [ ],
    "attachments" : [ {
      "uid" : "fe45e6f2d7512d84",
      "name" : "log",
      "source" : "fe45e6f2d7512d84.txt",
      "type" : "text/plain",
      "size" : 453
    }, {
      "uid" : "45e7a405394dbf6d",
      "name" : "stdout",
      "source" : "45e7a405394dbf6d.txt",
      "type" : "text/plain",
      "size" : 948
    }, {
      "uid" : "5f2ba4d310ed27d0",
      "name" : "stderr",
      "source" : "5f2ba4d310ed27d0.txt",
      "type" : "text/plain",
      "size" : 679
    } ],
    "parameters" : [ ],
    "attachmentsCount" : 3,
    "shouldDisplayMessage" : false,
    "stepsCount" : 0,
    "hasContent" : true
  },
  "afterStages" : [ ],
  "labels" : [ {
    "name" : "severity",
    "value" : "blocker"
  }, {
    "name" : "tag",
    "value" : "run(order=5)"
  }, {
    "name" : "parentSuite",
    "value" : "test_flow.test_Authentication"
  }, {
    "name" : "suite",
    "value" : "test_backStage_authentication"
  }, {
    "name" : "host",
    "value" : "A02-03-00033"
  }, {
    "name" : "thread",
    "value" : "12248-MainThread"
  }, {
    "name" : "framework",
    "value" : "pytest"
  }, {
    "name" : "language",
    "value" : "cpython3"
  }, {
    "name" : "package",
    "value" : "test_flow.test_Authentication.test_backStage_authentication"
  }, {
    "name" : "resultFormat",
    "value" : "allure2"
  } ],
  "parameters" : [ ],
  "links" : [ {
    "name" : "后台机构创建 \uD83D\uDC47",
    "url" : "http://10.10.128.152:10052/#/authority/mechanism",
    "type" : "test_case"
  } ],
  "hidden" : false,
  "retry" : false,
  "extra" : {
    "severity" : "blocker",
    "retries" : [ {
      "uid" : "132c191552546585",
      "status" : "passed",
      "time" : {
        "start" : 1602825685507,
        "stop" : 1602825720357,
        "duration" : 34850
      }
    }, {
      "uid" : "f7c5614a3376848e",
      "status" : "passed",
      "time" : {
        "start" : 1602825308634,
        "stop" : 1602825343649,
        "duration" : 35015
      }
    }, {
      "uid" : "405e04af9ed308f9",
      "status" : "passed",
      "time" : {
        "start" : 1602824998294,
        "stop" : 1602825033055,
        "duration" : 34761
      }
    }, {
      "uid" : "ec1dc8436f589ff1",
      "status" : "passed",
      "time" : {
        "start" : 1602819125692,
        "stop" : 1602819160635,
        "duration" : 34943
      }
    }, {
      "uid" : "e5f90978b7c71c5c",
      "status" : "passed",
      "time" : {
        "start" : 1602748899921,
        "stop" : 1602748934756,
        "duration" : 34835
      }
    }, {
      "uid" : "d27dd56a20d525a",
      "status" : "passed",
      "time" : {
        "start" : 1602738691107,
        "stop" : 1602738725894,
        "duration" : 34787
      }
    }, {
      "uid" : "e95af354bbe2d294",
      "status" : "broken",
      "statusDetails" : "selenium.common.exceptions.SessionNotCreatedException: Message: session not created\nfrom chrome not reachable\n  (Session info: chrome=74.0.3729.108)\n  (Driver info: chromedriver=74.0.3729.6 (255758eccf3d244491b8a1317aa76e1ce10d57e9-refs/branch-heads/3729@{#29}),platform=Windows NT 10.0.18362 x86_64)",
      "time" : {
        "start" : 1602737539581,
        "stop" : 1602737557135,
        "duration" : 17554
      }
    }, {
      "uid" : "445883bcf06ec5aa",
      "status" : "passed",
      "time" : {
        "start" : 1602731624484,
        "stop" : 1602731659375,
        "duration" : 34891
      }
    }, {
      "uid" : "b44b18fa8c681fb",
      "status" : "passed",
      "time" : {
        "start" : 1602728408812,
        "stop" : 1602728444043,
        "duration" : 35231
      }
    }, {
      "uid" : "f1015ae416da5447",
      "status" : "passed",
      "time" : {
        "start" : 1602727766346,
        "stop" : 1602727804982,
        "duration" : 38636
      }
    }, {
      "uid" : "5c49d5381f9e5c79",
      "status" : "passed",
      "time" : {
        "start" : 1602726334362,
        "stop" : 1602726369292,
        "duration" : 34930
      }
    }, {
      "uid" : "2af255a876f5cb5f",
      "status" : "passed",
      "time" : {
        "start" : 1602725003755,
        "stop" : 1602725038766,
        "duration" : 35011
      }
    }, {
      "uid" : "4a76af036192d875",
      "status" : "passed",
      "time" : {
        "start" : 1602723480554,
        "stop" : 1602723515440,
        "duration" : 34886
      }
    }, {
      "uid" : "beef8d54c423bdfd",
      "status" : "broken",
      "statusDetails" : "selenium.common.exceptions.NoSuchElementException: Message: no such element: Unable to locate element: {\"method\":\"css selector\",\"selector\":\"body > div:nth-child(6) > div > div.ant-modal-wrap > div > div.ant-modal-content > div.ant-modal-body > form > div:nth-child(5) > div > div > div.ant-col.ant-col-14.ant-form-item-control-wrapper > div > span > div > div > div\"}\n  (Session info: chrome=74.0.3729.108)\n  (Driver info: chromedriver=74.0.3729.6 (255758eccf3d244491b8a1317aa76e1ce10d57e9-refs/branch-heads/3729@{#29}),platform=Windows NT 10.0.18362 x86_64)",
      "time" : {
        "start" : 1602721647175,
        "stop" : 1602721672300,
        "duration" : 25125
      }
    }, {
      "uid" : "8b8328860ac8ec37",
      "status" : "passed",
      "time" : {
        "start" : 1602667935065,
        "stop" : 1602667972221,
        "duration" : 37156
      }
    }, {
      "uid" : "ebfc297a4095d550",
      "status" : "broken",
      "statusDetails" : "pymysql.err.ProgrammingError: (1146, \"Table 'chengtay-zcd-copy-copy.product' doesn't exist\")",
      "time" : {
        "start" : 1602667405880,
        "stop" : 1602667417450,
        "duration" : 11570
      }
    }, {
      "uid" : "2544593bc0acb69",
      "status" : "broken",
      "statusDetails" : "pymysql.err.ProgrammingError: (1146, \"Table 'chengtay-zcd-copy-copy.product' doesn't exist\")",
      "time" : {
        "start" : 1602666639491,
        "stop" : 1602666650636,
        "duration" : 11145
      }
    }, {
      "uid" : "ed628c74c04a1c93",
      "status" : "broken",
      "statusDetails" : "pymysql.err.ProgrammingError: (1146, \"Table 'chengtay-zcd-copy-copy.product' doesn't exist\")",
      "time" : {
        "start" : 1602666123596,
        "stop" : 1602666134848,
        "duration" : 11252
      }
    }, {
      "uid" : "2fdaf01ef340ee72",
      "status" : "passed",
      "time" : {
        "start" : 1602223211460,
        "stop" : 1602223248319,
        "duration" : 36859
      }
    }, {
      "uid" : "c515d6aa9d9be2d",
      "status" : "passed",
      "time" : {
        "start" : 1602222786765,
        "stop" : 1602222823522,
        "duration" : 36757
      }
    }, {
      "uid" : "a0db3475b9fcc11e",
      "status" : "passed",
      "time" : {
        "start" : 1602222384307,
        "stop" : 1602222420980,
        "duration" : 36673
      }
    }, {
      "uid" : "91be541a087cc303",
      "status" : "broken",
      "statusDetails" : "selenium.common.exceptions.NoSuchElementException: Message: no such element: Unable to locate element: {\"method\":\"css selector\",\"selector\":\"body > div:nth-child(6) > div > div.ant-modal-wrap > div > div.ant-modal-content > div.ant-modal-body > form > div:nth-child(1) > div > div > div.ant-col.ant-col-14.ant-form-item-control-wrapper > div > span > input\"}\n  (Session info: chrome=74.0.3729.108)\n  (Driver info: chromedriver=74.0.3729.6 (255758eccf3d244491b8a1317aa76e1ce10d57e9-refs/branch-heads/3729@{#29}),platform=Windows NT 10.0.18362 x86_64)",
      "time" : {
        "start" : 1602222226151,
        "stop" : 1602222241580,
        "duration" : 15429
      }
    }, {
      "uid" : "a6d665abb96e9bbb",
      "status" : "passed",
      "time" : {
        "start" : 1602221608514,
        "stop" : 1602221645250,
        "duration" : 36736
      }
    }, {
      "uid" : "142b06714c2e57e6",
      "status" : "broken",
      "statusDetails" : "selenium.common.exceptions.TimeoutException: Message:",
      "time" : {
        "start" : 1602220908702,
        "stop" : 1602220953099,
        "duration" : 44397
      }
    }, {
      "uid" : "614d2c74873be55e",
      "status" : "broken",
      "statusDetails" : "selenium.common.exceptions.TimeoutException: Message:",
      "time" : {
        "start" : 1602220751298,
        "stop" : 1602220795714,
        "duration" : 44416
      }
    }, {
      "uid" : "9baef2ff5f926ef2",
      "status" : "passed",
      "time" : {
        "start" : 1602220286338,
        "stop" : 1602220322992,
        "duration" : 36654
      }
    }, {
      "uid" : "a1e67aef51064c6b",
      "status" : "broken",
      "statusDetails" : "selenium.common.exceptions.ElementClickInterceptedException: Message: element click intercepted: Element <li role=\"option\" unselectable=\"on\" class=\"ant-select-dropdown-menu-item ant-select-dropdown-menu-item-active\" aria-disabled=\"false\" aria-selected=\"false\" style=\"user-select: none;\">...</li> is not clickable at point (1011, 431). Other element would receive the click: <div class=\"ant-col ant-col-24\">...</div>\n  (Session info: chrome=74.0.3729.108)\n  (Driver info: chromedriver=74.0.3729.6 (255758eccf3d244491b8a1317aa76e1ce10d57e9-refs/branch-heads/3729@{#29}),platform=Windows NT 10.0.18362 x86_64)",
      "time" : {
        "start" : 1602219830824,
        "stop" : 1602219855225,
        "duration" : 24401
      }
    }, {
      "uid" : "2f47e66864b6b2a8",
      "status" : "passed",
      "time" : {
        "start" : 1602215580262,
        "stop" : 1602215616836,
        "duration" : 36574
      }
    }, {
      "uid" : "25ce77158e260cc0",
      "status" : "passed",
      "time" : {
        "start" : 1602215171082,
        "stop" : 1602215207792,
        "duration" : 36710
      }
    }, {
      "uid" : "93e804e8b91062b8",
      "status" : "passed",
      "time" : {
        "start" : 1602213150765,
        "stop" : 1602213187540,
        "duration" : 36775
      }
    }, {
      "uid" : "3493c22263a7a465",
      "status" : "passed",
      "time" : {
        "start" : 1602212638830,
        "stop" : 1602212675507,
        "duration" : 36677
      }
    }, {
      "uid" : "aadcdf9e4b0abfc0",
      "status" : "passed",
      "time" : {
        "start" : 1602211125740,
        "stop" : 1602211162651,
        "duration" : 36911
      }
    }, {
      "uid" : "39e390207d00e30a",
      "status" : "broken",
      "statusDetails" : "selenium.common.exceptions.NoSuchElementException: Message: no such element: Unable to locate element: {\"method\":\"xpath\",\"selector\":\"//*[@id='root']/section/section/main/div/div/div/div[2]/table/tbody//*[text() = 'AutoTest_Bank1006']/..//*[text()= '创建账号']\"}\n  (Session info: chrome=74.0.3729.108)\n  (Driver info: chromedriver=74.0.3729.6 (255758eccf3d244491b8a1317aa76e1ce10d57e9-refs/branch-heads/3729@{#29}),platform=Windows NT 10.0.18362 x86_64)",
      "time" : {
        "start" : 1602210775703,
        "stop" : 1602210806746,
        "duration" : 31043
      }
    }, {
      "uid" : "8b2e09333588ce7e",
      "status" : "broken",
      "statusDetails" : "selenium.common.exceptions.WebDriverException: Message: chrome not reachable\n  (Session info: chrome=74.0.3729.108)\n  (Driver info: chromedriver=74.0.3729.6 (255758eccf3d244491b8a1317aa76e1ce10d57e9-refs/branch-heads/3729@{#29}),platform=Windows NT 10.0.18362 x86_64)",
      "time" : {
        "start" : 1602210521212,
        "stop" : 1602210552010,
        "duration" : 30798
      }
    } ],
    "categories" : [ ],
    "tags" : [ "run(order=5)" ]
  },
  "source" : "314c21feb34900de.json",
  "parameterValues" : [ ]
}