{
  "uid" : "31d76379893be951",
  "name" : "test_Tripartite_interaction",
  "fullName" : "test_flow.test_Tripartite_interaction.test_Tripartite_interaction#test_Tripartite_interaction",
  "historyId" : "d91e7b4392163e0b46289a9f8b97b16c",
  "time" : {
    "start" : 1600245276749,
    "stop" : 1600245324787,
    "duration" : 48038
  },
  "description" : "测试 http://10.10.128.152:10052/#/account/login 三方（企业，银行，前端）交互",
  "descriptionHtml" : "<p>测试 http://10.10.128.152:10052/#/account/login 三方（企业，银行，前端）交互</p>\n",
  "status" : "broken",
  "statusMessage" : "selenium.common.exceptions.TimeoutException: Message:",
  "statusTrace" : "@pytest.mark.run(order=-1)\n    @allure.severity(\"blocker\")\n    @allure.description(\"测试 http://10.10.128.152:10052/#/account/login 三方（企业，银行，前端）交互\")\n    @allure.testcase(\"http://10.10.128.152:10052/#/account/login\", \"三方（企业，银行，前端）交互 \uD83D\uDC47\")\n    def test_Tripartite_interaction():\n        def_name = sys._getframe().f_code.co_name\n        logger.info(\"开始执行脚本%s:\\n\", def_name)\n    \n        # # 前端账户授信申请\n        driver_forward = webdriver.Chrome()\n        driver_forward.maximize_window()\n        driver_forward.get(url_forward)\n        logger.info('前端账户登录授信申请')\n        login(driver_forward)\n>       creditExtension(driver_forward)\n\ntest_flow\\test_Tripartite_interaction\\test_Tripartite_interaction.py:145: \n_ _ _ _ _ _ _ _ _ _ _ _ _ _ _ _ _ _ _ _ _ _ _ _ _ _ _ _ _ _ _ _ _ _ _ _ _ _ _ _\ntest_flow\\test_Tripartite_interaction\\test_Tripartite_interaction.py:228: in creditExtension\n    waitUntilClick(driver_forward, path_Tripartite_interaction.btn_next2_css.value)\ncommon\\BaseFunction.py:24: in waitUntilClick\n    WebDriverWait(driver, 30).until(EC.element_to_be_clickable((By.CSS_SELECTOR, ByCss)))\n_ _ _ _ _ _ _ _ _ _ _ _ _ _ _ _ _ _ _ _ _ _ _ _ _ _ _ _ _ _ _ _ _ _ _ _ _ _ _ _\n\nself = <selenium.webdriver.support.wait.WebDriverWait (session=\"5691bde0b6e847df3feed0d54787f0fb\")>\nmethod = <selenium.webdriver.support.expected_conditions.element_to_be_clickable object at 0x0000015863E0E760>\nmessage = ''\n\n    def until(self, method, message=''):\n        \"\"\"Calls the method provided with the driver as an argument until the \\\n        return value is not False.\"\"\"\n        screen = None\n        stacktrace = None\n    \n        end_time = time.time() + self._timeout\n        while True:\n            try:\n                value = method(self._driver)\n                if value:\n                    return value\n            except self._ignored_exceptions as exc:\n                screen = getattr(exc, 'screen', None)\n                stacktrace = getattr(exc, 'stacktrace', None)\n            time.sleep(self._poll)\n            if time.time() > end_time:\n                break\n>       raise TimeoutException(message, screen, stacktrace)\nE       selenium.common.exceptions.TimeoutException: Message:\n\n..\\venv\\lib\\site-packages\\selenium\\webdriver\\support\\wait.py:80: TimeoutException",
  "flaky" : false,
  "newFailed" : false,
  "beforeStages" : [ ],
  "testStage" : {
    "description" : "测试 http://10.10.128.152:10052/#/account/login 三方（企业，银行，前端）交互",
    "status" : "broken",
    "statusMessage" : "selenium.common.exceptions.TimeoutException: Message:",
    "statusTrace" : "@pytest.mark.run(order=-1)\n    @allure.severity(\"blocker\")\n    @allure.description(\"测试 http://10.10.128.152:10052/#/account/login 三方（企业，银行，前端）交互\")\n    @allure.testcase(\"http://10.10.128.152:10052/#/account/login\", \"三方（企业，银行，前端）交互 \uD83D\uDC47\")\n    def test_Tripartite_interaction():\n        def_name = sys._getframe().f_code.co_name\n        logger.info(\"开始执行脚本%s:\\n\", def_name)\n    \n        # # 前端账户授信申请\n        driver_forward = webdriver.Chrome()\n        driver_forward.maximize_window()\n        driver_forward.get(url_forward)\n        logger.info('前端账户登录授信申请')\n        login(driver_forward)\n>       creditExtension(driver_forward)\n\ntest_flow\\test_Tripartite_interaction\\test_Tripartite_interaction.py:145: \n_ _ _ _ _ _ _ _ _ _ _ _ _ _ _ _ _ _ _ _ _ _ _ _ _ _ _ _ _ _ _ _ _ _ _ _ _ _ _ _\ntest_flow\\test_Tripartite_interaction\\test_Tripartite_interaction.py:228: in creditExtension\n    waitUntilClick(driver_forward, path_Tripartite_interaction.btn_next2_css.value)\ncommon\\BaseFunction.py:24: in waitUntilClick\n    WebDriverWait(driver, 30).until(EC.element_to_be_clickable((By.CSS_SELECTOR, ByCss)))\n_ _ _ _ _ _ _ _ _ _ _ _ _ _ _ _ _ _ _ _ _ _ _ _ _ _ _ _ _ _ _ _ _ _ _ _ _ _ _ _\n\nself = <selenium.webdriver.support.wait.WebDriverWait (session=\"5691bde0b6e847df3feed0d54787f0fb\")>\nmethod = <selenium.webdriver.support.expected_conditions.element_to_be_clickable object at 0x0000015863E0E760>\nmessage = ''\n\n    def until(self, method, message=''):\n        \"\"\"Calls the method provided with the driver as an argument until the \\\n        return value is not False.\"\"\"\n        screen = None\n        stacktrace = None\n    \n        end_time = time.time() + self._timeout\n        while True:\n            try:\n                value = method(self._driver)\n                if value:\n                    return value\n            except self._ignored_exceptions as exc:\n                screen = getattr(exc, 'screen', None)\n                stacktrace = getattr(exc, 'stacktrace', None)\n            time.sleep(self._poll)\n            if time.time() > end_time:\n                break\n>       raise TimeoutException(message, screen, stacktrace)\nE       selenium.common.exceptions.TimeoutException: Message:\n\n..\\venv\\lib\\site-packages\\selenium\\webdriver\\support\\wait.py:80: TimeoutException",
    "steps" : [ ],
    "attachments" : [ {
      "uid" : "8e5c541e4c6790c9",
      "name" : "log",
      "source" : "8e5c541e4c6790c9.txt",
      "type" : "text/plain",
      "size" : 772
    }, {
      "uid" : "9bb83df00032869e",
      "name" : "stderr",
      "source" : "9bb83df00032869e.txt",
      "type" : "text/plain",
      "size" : 1133
    } ],
    "parameters" : [ ],
    "hasContent" : true,
    "stepsCount" : 0,
    "attachmentsCount" : 2,
    "shouldDisplayMessage" : true
  },
  "afterStages" : [ ],
  "labels" : [ {
    "name" : "severity",
    "value" : "blocker"
  }, {
    "name" : "tag",
    "value" : "run(order=-1)"
  }, {
    "name" : "parentSuite",
    "value" : "test_flow.test_Tripartite_interaction"
  }, {
    "name" : "suite",
    "value" : "test_Tripartite_interaction"
  }, {
    "name" : "host",
    "value" : "A02-03-00033"
  }, {
    "name" : "thread",
    "value" : "28008-MainThread"
  }, {
    "name" : "framework",
    "value" : "pytest"
  }, {
    "name" : "language",
    "value" : "cpython3"
  }, {
    "name" : "package",
    "value" : "test_flow.test_Tripartite_interaction.test_Tripartite_interaction"
  }, {
    "name" : "resultFormat",
    "value" : "allure2"
  } ],
  "parameters" : [ ],
  "links" : [ {
    "name" : "三方（企业，银行，前端）交互 \uD83D\uDC47",
    "url" : "http://10.10.128.152:10052/#/account/login",
    "type" : "test_case"
  } ],
  "hidden" : false,
  "retry" : false,
  "extra" : {
    "severity" : "blocker",
    "retries" : [ {
      "uid" : "b3c3415e6c821651",
      "status" : "passed",
      "time" : {
        "start" : 1600243684324,
        "stop" : 1600243809236,
        "duration" : 124912
      }
    }, {
      "uid" : "9e6956c668522b2a",
      "status" : "passed",
      "time" : {
        "start" : 1600240587696,
        "stop" : 1600240764989,
        "duration" : 177293
      }
    }, {
      "uid" : "7bd3a4b6742f303e",
      "status" : "broken",
      "statusDetails" : "selenium.common.exceptions.WebDriverException: Message: chrome not reachable\n  (Session info: chrome=74.0.3729.108)\n  (Driver info: chromedriver=74.0.3729.6 (255758eccf3d244491b8a1317aa76e1ce10d57e9-refs/branch-heads/3729@{#29}),platform=Windows NT 10.0.18362 x86_64)",
      "time" : {
        "start" : 1600240143313,
        "stop" : 1600240182609,
        "duration" : 39296
      }
    }, {
      "uid" : "a705d40a7c479db",
      "status" : "passed",
      "time" : {
        "start" : 1600237564176,
        "stop" : 1600237692477,
        "duration" : 128301
      }
    }, {
      "uid" : "363d03aeee6b94d3",
      "status" : "broken",
      "statusDetails" : "selenium.common.exceptions.TimeoutException: Message:",
      "time" : {
        "start" : 1600236967506,
        "stop" : 1600237081241,
        "duration" : 113735
      }
    }, {
      "uid" : "ee906823629eb7c4",
      "status" : "broken",
      "statusDetails" : "selenium.common.exceptions.WebDriverException: Message: chrome not reachable\n  (Session info: chrome=74.0.3729.108)\n  (Driver info: chromedriver=74.0.3729.6 (255758eccf3d244491b8a1317aa76e1ce10d57e9-refs/branch-heads/3729@{#29}),platform=Windows NT 10.0.18362 x86_64)",
      "time" : {
        "start" : 1600236627592,
        "stop" : 1600236660562,
        "duration" : 32970
      }
    }, {
      "uid" : "2fa43c9b4b5df55",
      "status" : "broken",
      "statusDetails" : "selenium.common.exceptions.WebDriverException: Message: chrome not reachable\n  (Session info: chrome=74.0.3729.108)\n  (Driver info: chromedriver=74.0.3729.6 (255758eccf3d244491b8a1317aa76e1ce10d57e9-refs/branch-heads/3729@{#29}),platform=Windows NT 10.0.18362 x86_64)",
      "time" : {
        "start" : 1600224634421,
        "stop" : 1600224662490,
        "duration" : 28069
      }
    }, {
      "uid" : "b2940994129fd199",
      "status" : "broken",
      "statusDetails" : "selenium.common.exceptions.WebDriverException: Message: chrome not reachable\n  (Session info: chrome=74.0.3729.108)\n  (Driver info: chromedriver=74.0.3729.6 (255758eccf3d244491b8a1317aa76e1ce10d57e9-refs/branch-heads/3729@{#29}),platform=Windows NT 10.0.18362 x86_64)",
      "time" : {
        "start" : 1600159126263,
        "stop" : 1600159157238,
        "duration" : 30975
      }
    }, {
      "uid" : "ac45a714a11afce4",
      "status" : "broken",
      "statusDetails" : "selenium.common.exceptions.SessionNotCreatedException: Message: session not created\nfrom chrome not reachable\n  (Session info: chrome=74.0.3729.108)\n  (Driver info: chromedriver=74.0.3729.6 (255758eccf3d244491b8a1317aa76e1ce10d57e9-refs/branch-heads/3729@{#29}),platform=Windows NT 10.0.18362 x86_64)",
      "time" : {
        "start" : 1600139536677,
        "stop" : 1600139554432,
        "duration" : 17755
      }
    }, {
      "uid" : "b76e1ec94150a9ec",
      "status" : "broken",
      "statusDetails" : "selenium.common.exceptions.WebDriverException: Message: chrome not reachable\n  (Session info: chrome=74.0.3729.108)\n  (Driver info: chromedriver=74.0.3729.6 (255758eccf3d244491b8a1317aa76e1ce10d57e9-refs/branch-heads/3729@{#29}),platform=Windows NT 10.0.18362 x86_64)",
      "time" : {
        "start" : 1600138420974,
        "stop" : 1600138451357,
        "duration" : 30383
      }
    }, {
      "uid" : "592e130dacb57bd3",
      "status" : "broken",
      "statusDetails" : "selenium.common.exceptions.WebDriverException: Message: chrome not reachable\n  (Session info: chrome=74.0.3729.108)\n  (Driver info: chromedriver=74.0.3729.6 (255758eccf3d244491b8a1317aa76e1ce10d57e9-refs/branch-heads/3729@{#29}),platform=Windows NT 10.0.18362 x86_64)",
      "time" : {
        "start" : 1600138380713,
        "stop" : 1600138413742,
        "duration" : 33029
      }
    }, {
      "uid" : "1047a153543a064f",
      "status" : "broken",
      "statusDetails" : "selenium.common.exceptions.TimeoutException: Message:",
      "time" : {
        "start" : 1600137782712,
        "stop" : 1600137825464,
        "duration" : 42752
      }
    }, {
      "uid" : "c24689c198a437f0",
      "status" : "passed",
      "time" : {
        "start" : 1599814168418,
        "stop" : 1599814299916,
        "duration" : 131498
      }
    }, {
      "uid" : "2750afffe2268036",
      "status" : "broken",
      "statusDetails" : "selenium.common.exceptions.WebDriverException: Message: chrome not reachable\n  (Session info: chrome=74.0.3729.108)\n  (Driver info: chromedriver=74.0.3729.6 (255758eccf3d244491b8a1317aa76e1ce10d57e9-refs/branch-heads/3729@{#29}),platform=Windows NT 10.0.18362 x86_64)",
      "time" : {
        "start" : 1599813718640,
        "stop" : 1599813747697,
        "duration" : 29057
      }
    }, {
      "uid" : "19ee190a5ee88def",
      "status" : "broken",
      "statusDetails" : "selenium.common.exceptions.WebDriverException: Message: chrome not reachable\n  (Session info: chrome=74.0.3729.108)\n  (Driver info: chromedriver=74.0.3729.6 (255758eccf3d244491b8a1317aa76e1ce10d57e9-refs/branch-heads/3729@{#29}),platform=Windows NT 10.0.18362 x86_64)",
      "time" : {
        "start" : 1599813267505,
        "stop" : 1599813299150,
        "duration" : 31645
      }
    }, {
      "uid" : "c2d1fcd8b257b70e",
      "status" : "passed",
      "time" : {
        "start" : 1599811910644,
        "stop" : 1599812023945,
        "duration" : 113301
      }
    }, {
      "uid" : "472c0623c1fb9c01",
      "status" : "passed",
      "time" : {
        "start" : 1599811453302,
        "stop" : 1599811566955,
        "duration" : 113653
      }
    }, {
      "uid" : "482361ccecc209d5",
      "status" : "passed",
      "time" : {
        "start" : 1599808451379,
        "stop" : 1599808563825,
        "duration" : 112446
      }
    }, {
      "uid" : "22cd70e8af4b86bd",
      "status" : "passed",
      "time" : {
        "start" : 1599807895528,
        "stop" : 1599808017589,
        "duration" : 122061
      }
    }, {
      "uid" : "c1084e418155ab7a",
      "status" : "passed",
      "time" : {
        "start" : 1599806953965,
        "stop" : 1599807066617,
        "duration" : 112652
      }
    }, {
      "uid" : "ba74ee961853365e",
      "status" : "broken",
      "statusDetails" : "selenium.common.exceptions.NoSuchElementException: Message: no such element: Unable to locate element: {\"method\":\"css selector\",\"selector\":\"#root > div > div.content___17Zvm > div > div > div > div > div.section___207eM.feature___Y1g27 > div.feature-main___3NXLZ > button\"}\n  (Session info: chrome=74.0.3729.108)\n  (Driver info: chromedriver=74.0.3729.6 (255758eccf3d244491b8a1317aa76e1ce10d57e9-refs/branch-heads/3729@{#29}),platform=Windows NT 10.0.18362 x86_64)",
      "time" : {
        "start" : 1599806349954,
        "stop" : 1599806363488,
        "duration" : 13534
      }
    }, {
      "uid" : "7242c8832145942f",
      "status" : "broken",
      "statusDetails" : "selenium.common.exceptions.TimeoutException: Message:",
      "time" : {
        "start" : 1599804715379,
        "stop" : 1599804845704,
        "duration" : 130325
      }
    }, {
      "uid" : "1be7af5f7026b783",
      "status" : "passed",
      "time" : {
        "start" : 1599803824861,
        "stop" : 1599803976263,
        "duration" : 151402
      }
    }, {
      "uid" : "ae1a2090d49c975e",
      "status" : "passed",
      "time" : {
        "start" : 1599802331371,
        "stop" : 1599802442589,
        "duration" : 111218
      }
    }, {
      "uid" : "e22f0ba59e115169",
      "status" : "passed",
      "time" : {
        "start" : 1599801888648,
        "stop" : 1599802000985,
        "duration" : 112337
      }
    }, {
      "uid" : "3d48287c14be2771",
      "status" : "passed",
      "time" : {
        "start" : 1599801211941,
        "stop" : 1599801363623,
        "duration" : 151682
      }
    }, {
      "uid" : "a9dd571aad35b9a1",
      "status" : "passed",
      "time" : {
        "start" : 1599800631632,
        "stop" : 1599800765317,
        "duration" : 133685
      }
    } ],
    "categories" : [ {
      "name" : "Test defects",
      "matchedStatuses" : [ ],
      "flaky" : false
    } ],
    "tags" : [ "run(order=-1)" ]
  },
  "source" : "31d76379893be951.json",
  "parameterValues" : [ ]
}