{
  "uid" : "452fbec2fc071265",
  "name" : "test_businessInforReg",
  "fullName" : "test_flow.test_Authentication.test_businessInfoReg#test_businessInforReg",
  "historyId" : "673c6cf796d54f5cbc2e9852ef4f69c7",
  "time" : {
    "start" : 1608086085140,
    "stop" : 1608086122632,
    "duration" : 37492
  },
  "description" : "测试 http://10.10.128.152:10053/personal/baseinfo 企业认证",
  "descriptionHtml" : "<p>测试 http://10.10.128.152:10053/personal/baseinfo 企业认证</p>\n",
  "status" : "broken",
  "statusMessage" : "selenium.common.exceptions.NoSuchElementException: Message: no such element: Unable to locate element: {\"method\":\"xpath\",\"selector\":\"//*[@id=\"root\"]/div/div[2]/div/div[2]/div/div/div/div[2]/div/div/span\"}\n  (Session info: chrome=74.0.3729.108)\n  (Driver info: chromedriver=74.0.3729.6 (255758eccf3d244491b8a1317aa76e1ce10d57e9-refs/branch-heads/3729@{#29}),platform=Windows NT 10.0.18363 x86_64)",
  "statusTrace" : "@pytest.mark.run(order=3)\n    @allure.severity(\"blocker\")\n    @allure.description(\"测试 http://10.10.128.152:10053/personal/baseinfo 企业认证\")\n    @allure.testcase(\"http://10.10.128.152:10053/personal/baseinfo\", \"企业认证 \uD83D\uDC47\")\n    def test_businessInforReg():\n        if runMode == 'UI':\n            def_name = sys._getframe().f_code.co_name\n            test_Assert = Assert.Assertions(def_name)\n            logger.info(\"开始执行脚本%s:\\n\", def_name)\n            if jenkins:\n                option = webdriver.ChromeOptions()\n                option.add_argument('headless')  # 浏览器不提供可视化页面\n                option.add_argument('no-sandbox')  # 以最高权限运行\n                option.add_argument('--start-maximized')  # 最大化运行（全屏窗口）设置元素定位比较准确\n                option.add_argument('--disable-gpu')  # 谷歌文档提到需要加上这个属性来规避bug\n                option.add_argument('--window-size=1920,1080')  # 设置浏览器分辨率（窗口大小）\n                driver = webdriver.Chrome(options=option)\n            else:\n                driver = webdriver.Chrome(executable_path=driverPath)\n            driver.maximize_window()\n            driver.get(url_forward)\n    \n            # 登陆页面\n            login(driver)\n            waitUntilDisplay(driver, path_businessInfoReg.txt_aut_css.value)\n            txt_auTitle = driver.find_element_by_css_selector(path_businessInfoReg.txt_aut_css.value).text\n            test_Assert.assert_text_ui(txt_auTitle, '企业基本资料')\n            logger.info(\"企业基本资料画面正常显示\")\n    \n            # 企业证件\n            el = driver.find_element_by_css_selector(path_businessInfoReg.input_companyName_css.value)\n            el.send_keys('诚泰融资租赁（上海）有限公司')\n            waitUntilDisplay_xpath(driver, path_businessInfoReg.display_name_xpath.value)\n            el.send_keys(Keys.ENTER)\n            sleep(1)\n    \n            driver.find_element_by_css_selector(path_businessInfoReg.input_legalIdCard_css.value).send_keys(\n                idNum)\n    \n            driver.find_element_by_css_selector(path_businessInfoReg.input_legalPhone_css.value).send_keys(\n                \"17621198933\")\n    \n            while True:\n                try:\n                    driver.find_element_by_css_selector(path_businessInfoReg.sel_province_css.value).click()\n                    sleep(0.5)\n                    driver.find_element_by_xpath(\"//*[text() = '河北省']\").click()\n                    break\n                except:\n                    continue\n            sleep(0.5)\n    \n            while True:\n                try:\n                    driver.find_element_by_css_selector(path_businessInfoReg.sel_city_css.value).click()\n                    sleep(0.5)\n                    driver.find_element_by_xpath(\"//*[text() = '邯郸市']\").click()\n                    break\n                except:\n                    continue\n            sleep(0.5)\n    \n            while True:\n                try:\n                    driver.find_element_by_css_selector(path_businessInfoReg.sel_area_css.value).click()\n                    sleep(0.5)\n                    driver.find_element_by_xpath(\"//*[text() = '复兴区']\").click()\n                    break\n                except:\n                    continue\n            sleep(1)\n            driver.find_element_by_css_selector(path_businessInfoReg.input_contractAddress_css.value).send_keys(\n                \"金砖大厦10楼\")\n    \n            driver.find_element_by_css_selector(path_businessInfoReg.input_legalPersonPostCode_css.value).send_keys(\n                \"200120\")\n    \n            picture_dir = os.getcwd() + '\\\\test_data\\\\picture\\\\id_3.jpg'\n            driver.find_element_by_css_selector(path_businessInfoReg.upload_legalPersonCertificate_css.value).send_keys(\n                picture_dir)\n            # 生成随机银行号码\n            bankNO = random.randint(0, 99999999999999)\n            driver.find_element_by_css_selector(path_businessInfoReg.upload_legalPersonBankNo_css.value).send_keys(\n                str(bankNO))\n            sleep(0.5)\n            while True:\n                try:\n                    driver.find_element_by_css_selector(path_businessInfoReg.sel_bankName_css.value).click()\n                    sleep(0.5)\n                    driver.find_element_by_xpath(\"/html/body/div[6]/div/div/div/div[2]/div[1]/div/div/div[3]\").click()\n                    break\n                except:\n                    continue\n            sleep(0.5)\n            while True:\n                try:\n                    # 法定代表人信息\n                    driver.find_element_by_css_selector(path_businessInfoReg.sel_country_css.value).click()\n                    sleep(1)\n                    driver.find_element_by_xpath(\"/html/body/div[7]/div/div/div/div[2]/div[1]/div/div/div[2]\").click()\n                    break\n                except:\n                    continue\n    \n            sleep(0.5)\n            picture_dir2 = os.getcwd() + '\\\\test_data\\\\picture\\\\id_1.jpg'\n            picture_dir3 = os.getcwd() + '\\\\test_data\\\\picture\\\\id_2.jpg'\n            picture_dir4 = os.getcwd() + '\\\\test_data\\\\picture\\\\id_4.jpg'\n    \n            driver.find_element_by_css_selector(path_businessInfoReg.sel_idCard1_css.value).send_keys(\n                picture_dir2)\n            driver.find_element_by_css_selector(path_businessInfoReg.sel_idCard2_css.value).send_keys(\n                picture_dir3)\n    \n            # 实际控制人信息\n            sleep(1)\n            driver.find_element_by_css_selector(path_businessInfoReg.radio_controlPerson_css.value).click()\n            driver.find_element_by_css_selector(path_businessInfoReg.upload_controlPersonId1_css.value).send_keys(\n                picture_dir2)\n            driver.find_element_by_css_selector(path_businessInfoReg.upload_controlPersonId2_css.value).send_keys(\n                picture_dir3)\n            driver.find_element_by_css_selector(path_businessInfoReg.upload_controlPersonFamPic_css.value).send_keys(\n                picture_dir4)\n            sleep(1)\n            driver.find_element_by_css_selector(path_businessInfoReg.radio_legalPerson_css.value).click()\n            waitUntilClick(driver, path_businessInfoReg.bth_submit_css.value)\n            driver.find_element_by_css_selector(path_businessInfoReg.bth_submit_css.value).click()\n    \n            waitUntilDisplay(driver, path_businessInfoReg.text_atCof_css.value)\n            txt_startAuTitle = driver.find_element_by_css_selector(path_businessInfoReg.text_atCof_css.value).text\n            test_Assert.assert_text_ui(txt_startAuTitle, '请确认协议内容')\n            logger.info(\"协议确认画面正常显示\")\n            waitUntilClick_xpath(driver, '//*[@id=\"root\"]/div/div[2]/div/div[2]/div/div/div/div[1]/div/button')\n            sleep(2)\n>           driver.find_element_by_xpath(path_businessInfoReg.checkBox_agree_xpath.value).click()\n\ntest_flow\\test_Authentication\\test_businessInfoReg.py:163: \n_ _ _ _ _ _ _ _ _ _ _ _ _ _ _ _ _ _ _ _ _ _ _ _ _ _ _ _ _ _ _ _ _ _ _ _ _ _ _ _\n..\\..\\..\\AppData\\Local\\Programs\\Python\\Python36\\lib\\site-packages\\selenium\\webdriver\\remote\\webdriver.py:394: in find_element_by_xpath\n    return self.find_element(by=By.XPATH, value=xpath)\n..\\..\\..\\AppData\\Local\\Programs\\Python\\Python36\\lib\\site-packages\\selenium\\webdriver\\remote\\webdriver.py:978: in find_element\n    'value': value})['value']\n..\\..\\..\\AppData\\Local\\Programs\\Python\\Python36\\lib\\site-packages\\selenium\\webdriver\\remote\\webdriver.py:321: in execute\n    self.error_handler.check_response(response)\n_ _ _ _ _ _ _ _ _ _ _ _ _ _ _ _ _ _ _ _ _ _ _ _ _ _ _ _ _ _ _ _ _ _ _ _ _ _ _ _\n\nself = <selenium.webdriver.remote.errorhandler.ErrorHandler object at 0x000002467F4C8D30>\nresponse = {'sessionId': 'f35898f3210ea1035121552a80d49d20', 'status': 7, 'value': {'message': 'no such element: Unable to locate...729.6 (255758eccf3d244491b8a1317aa76e1ce10d57e9-refs/branch-heads/3729@{#29}),platform=Windows NT 10.0.18363 x86_64)'}}\n\n    def check_response(self, response):\n        \"\"\"\n        Checks that a JSON response from the WebDriver does not have an error.\n    \n        :Args:\n         - response - The JSON response from the WebDriver server as a dictionary\n           object.\n    \n        :Raises: If the response contains an error message.\n        \"\"\"\n        status = response.get('status', None)\n        if status is None or status == ErrorCode.SUCCESS:\n            return\n        value = None\n        message = response.get(\"message\", \"\")\n        screen = response.get(\"screen\", \"\")\n        stacktrace = None\n        if isinstance(status, int):\n            value_json = response.get('value', None)\n            if value_json and isinstance(value_json, basestring):\n                import json\n                try:\n                    value = json.loads(value_json)\n                    if len(value.keys()) == 1:\n                        value = value['value']\n                    status = value.get('error', None)\n                    if status is None:\n                        status = value[\"status\"]\n                        message = value[\"value\"]\n                        if not isinstance(message, basestring):\n                            value = message\n                            message = message.get('message')\n                    else:\n                        message = value.get('message', None)\n                except ValueError:\n                    pass\n    \n        exception_class = ErrorInResponseException\n        if status in ErrorCode.NO_SUCH_ELEMENT:\n            exception_class = NoSuchElementException\n        elif status in ErrorCode.NO_SUCH_FRAME:\n            exception_class = NoSuchFrameException\n        elif status in ErrorCode.NO_SUCH_WINDOW:\n            exception_class = NoSuchWindowException\n        elif status in ErrorCode.STALE_ELEMENT_REFERENCE:\n            exception_class = StaleElementReferenceException\n        elif status in ErrorCode.ELEMENT_NOT_VISIBLE:\n            exception_class = ElementNotVisibleException\n        elif status in ErrorCode.INVALID_ELEMENT_STATE:\n            exception_class = InvalidElementStateException\n        elif status in ErrorCode.INVALID_SELECTOR \\\n                or status in ErrorCode.INVALID_XPATH_SELECTOR \\\n                or status in ErrorCode.INVALID_XPATH_SELECTOR_RETURN_TYPER:\n            exception_class = InvalidSelectorException\n        elif status in ErrorCode.ELEMENT_IS_NOT_SELECTABLE:\n            exception_class = ElementNotSelectableException\n        elif status in ErrorCode.ELEMENT_NOT_INTERACTABLE:\n            exception_class = ElementNotInteractableException\n        elif status in ErrorCode.INVALID_COOKIE_DOMAIN:\n            exception_class = InvalidCookieDomainException\n        elif status in ErrorCode.UNABLE_TO_SET_COOKIE:\n            exception_class = UnableToSetCookieException\n        elif status in ErrorCode.TIMEOUT:\n            exception_class = TimeoutException\n        elif status in ErrorCode.SCRIPT_TIMEOUT:\n            exception_class = TimeoutException\n        elif status in ErrorCode.UNKNOWN_ERROR:\n            exception_class = WebDriverException\n        elif status in ErrorCode.UNEXPECTED_ALERT_OPEN:\n            exception_class = UnexpectedAlertPresentException\n        elif status in ErrorCode.NO_ALERT_OPEN:\n            exception_class = NoAlertPresentException\n        elif status in ErrorCode.IME_NOT_AVAILABLE:\n            exception_class = ImeNotAvailableException\n        elif status in ErrorCode.IME_ENGINE_ACTIVATION_FAILED:\n            exception_class = ImeActivationFailedException\n        elif status in ErrorCode.MOVE_TARGET_OUT_OF_BOUNDS:\n            exception_class = MoveTargetOutOfBoundsException\n        elif status in ErrorCode.JAVASCRIPT_ERROR:\n            exception_class = JavascriptException\n        elif status in ErrorCode.SESSION_NOT_CREATED:\n            exception_class = SessionNotCreatedException\n        elif status in ErrorCode.INVALID_ARGUMENT:\n            exception_class = InvalidArgumentException\n        elif status in ErrorCode.NO_SUCH_COOKIE:\n            exception_class = NoSuchCookieException\n        elif status in ErrorCode.UNABLE_TO_CAPTURE_SCREEN:\n            exception_class = ScreenshotException\n        elif status in ErrorCode.ELEMENT_CLICK_INTERCEPTED:\n            exception_class = ElementClickInterceptedException\n        elif status in ErrorCode.INSECURE_CERTIFICATE:\n            exception_class = InsecureCertificateException\n        elif status in ErrorCode.INVALID_COORDINATES:\n            exception_class = InvalidCoordinatesException\n        elif status in ErrorCode.INVALID_SESSION_ID:\n            exception_class = InvalidSessionIdException\n        elif status in ErrorCode.UNKNOWN_METHOD:\n            exception_class = UnknownMethodException\n        else:\n            exception_class = WebDriverException\n        if value == '' or value is None:\n            value = response['value']\n        if isinstance(value, basestring):\n            if exception_class == ErrorInResponseException:\n                raise exception_class(response, value)\n            raise exception_class(value)\n        if message == \"\" and 'message' in value:\n            message = value['message']\n    \n        screen = None\n        if 'screen' in value:\n            screen = value['screen']\n    \n        stacktrace = None\n        if 'stackTrace' in value and value['stackTrace']:\n            stacktrace = []\n            try:\n                for frame in value['stackTrace']:\n                    line = self._value_or_default(frame, 'lineNumber', '')\n                    file = self._value_or_default(frame, 'fileName', '<anonymous>')\n                    if line:\n                        file = \"%s:%s\" % (file, line)\n                    meth = self._value_or_default(frame, 'methodName', '<anonymous>')\n                    if 'className' in frame:\n                        meth = \"%s.%s\" % (frame['className'], meth)\n                    msg = \"    at %s (%s)\"\n                    msg = msg % (meth, file)\n                    stacktrace.append(msg)\n            except TypeError:\n                pass\n        if exception_class == ErrorInResponseException:\n            raise exception_class(response, message)\n        elif exception_class == UnexpectedAlertPresentException:\n            alert_text = None\n            if 'data' in value:\n                alert_text = value['data'].get('text')\n            elif 'alert' in value:\n                alert_text = value['alert'].get('text')\n            raise exception_class(message, screen, stacktrace, alert_text)\n>       raise exception_class(message, screen, stacktrace)\nE       selenium.common.exceptions.NoSuchElementException: Message: no such element: Unable to locate element: {\"method\":\"xpath\",\"selector\":\"//*[@id=\"root\"]/div/div[2]/div/div[2]/div/div/div/div[2]/div/div/span\"}\nE         (Session info: chrome=74.0.3729.108)\nE         (Driver info: chromedriver=74.0.3729.6 (255758eccf3d244491b8a1317aa76e1ce10d57e9-refs/branch-heads/3729@{#29}),platform=Windows NT 10.0.18363 x86_64)\n\n..\\..\\..\\AppData\\Local\\Programs\\Python\\Python36\\lib\\site-packages\\selenium\\webdriver\\remote\\errorhandler.py:242: NoSuchElementException",
  "flaky" : false,
  "newFailed" : false,
  "beforeStages" : [ {
    "name" : "_session_faker",
    "time" : {
      "start" : 1608086028226,
      "stop" : 1608086028308,
      "duration" : 82
    },
    "status" : "passed",
    "steps" : [ ],
    "attachments" : [ ],
    "parameters" : [ ],
    "hasContent" : false,
    "stepsCount" : 0,
    "shouldDisplayMessage" : false,
    "attachmentsCount" : 0
  } ],
  "testStage" : {
    "description" : "测试 http://10.10.128.152:10053/personal/baseinfo 企业认证",
    "status" : "broken",
    "statusMessage" : "selenium.common.exceptions.NoSuchElementException: Message: no such element: Unable to locate element: {\"method\":\"xpath\",\"selector\":\"//*[@id=\"root\"]/div/div[2]/div/div[2]/div/div/div/div[2]/div/div/span\"}\n  (Session info: chrome=74.0.3729.108)\n  (Driver info: chromedriver=74.0.3729.6 (255758eccf3d244491b8a1317aa76e1ce10d57e9-refs/branch-heads/3729@{#29}),platform=Windows NT 10.0.18363 x86_64)",
    "statusTrace" : "@pytest.mark.run(order=3)\n    @allure.severity(\"blocker\")\n    @allure.description(\"测试 http://10.10.128.152:10053/personal/baseinfo 企业认证\")\n    @allure.testcase(\"http://10.10.128.152:10053/personal/baseinfo\", \"企业认证 \uD83D\uDC47\")\n    def test_businessInforReg():\n        if runMode == 'UI':\n            def_name = sys._getframe().f_code.co_name\n            test_Assert = Assert.Assertions(def_name)\n            logger.info(\"开始执行脚本%s:\\n\", def_name)\n            if jenkins:\n                option = webdriver.ChromeOptions()\n                option.add_argument('headless')  # 浏览器不提供可视化页面\n                option.add_argument('no-sandbox')  # 以最高权限运行\n                option.add_argument('--start-maximized')  # 最大化运行（全屏窗口）设置元素定位比较准确\n                option.add_argument('--disable-gpu')  # 谷歌文档提到需要加上这个属性来规避bug\n                option.add_argument('--window-size=1920,1080')  # 设置浏览器分辨率（窗口大小）\n                driver = webdriver.Chrome(options=option)\n            else:\n                driver = webdriver.Chrome(executable_path=driverPath)\n            driver.maximize_window()\n            driver.get(url_forward)\n    \n            # 登陆页面\n            login(driver)\n            waitUntilDisplay(driver, path_businessInfoReg.txt_aut_css.value)\n            txt_auTitle = driver.find_element_by_css_selector(path_businessInfoReg.txt_aut_css.value).text\n            test_Assert.assert_text_ui(txt_auTitle, '企业基本资料')\n            logger.info(\"企业基本资料画面正常显示\")\n    \n            # 企业证件\n            el = driver.find_element_by_css_selector(path_businessInfoReg.input_companyName_css.value)\n            el.send_keys('诚泰融资租赁（上海）有限公司')\n            waitUntilDisplay_xpath(driver, path_businessInfoReg.display_name_xpath.value)\n            el.send_keys(Keys.ENTER)\n            sleep(1)\n    \n            driver.find_element_by_css_selector(path_businessInfoReg.input_legalIdCard_css.value).send_keys(\n                idNum)\n    \n            driver.find_element_by_css_selector(path_businessInfoReg.input_legalPhone_css.value).send_keys(\n                \"17621198933\")\n    \n            while True:\n                try:\n                    driver.find_element_by_css_selector(path_businessInfoReg.sel_province_css.value).click()\n                    sleep(0.5)\n                    driver.find_element_by_xpath(\"//*[text() = '河北省']\").click()\n                    break\n                except:\n                    continue\n            sleep(0.5)\n    \n            while True:\n                try:\n                    driver.find_element_by_css_selector(path_businessInfoReg.sel_city_css.value).click()\n                    sleep(0.5)\n                    driver.find_element_by_xpath(\"//*[text() = '邯郸市']\").click()\n                    break\n                except:\n                    continue\n            sleep(0.5)\n    \n            while True:\n                try:\n                    driver.find_element_by_css_selector(path_businessInfoReg.sel_area_css.value).click()\n                    sleep(0.5)\n                    driver.find_element_by_xpath(\"//*[text() = '复兴区']\").click()\n                    break\n                except:\n                    continue\n            sleep(1)\n            driver.find_element_by_css_selector(path_businessInfoReg.input_contractAddress_css.value).send_keys(\n                \"金砖大厦10楼\")\n    \n            driver.find_element_by_css_selector(path_businessInfoReg.input_legalPersonPostCode_css.value).send_keys(\n                \"200120\")\n    \n            picture_dir = os.getcwd() + '\\\\test_data\\\\picture\\\\id_3.jpg'\n            driver.find_element_by_css_selector(path_businessInfoReg.upload_legalPersonCertificate_css.value).send_keys(\n                picture_dir)\n            # 生成随机银行号码\n            bankNO = random.randint(0, 99999999999999)\n            driver.find_element_by_css_selector(path_businessInfoReg.upload_legalPersonBankNo_css.value).send_keys(\n                str(bankNO))\n            sleep(0.5)\n            while True:\n                try:\n                    driver.find_element_by_css_selector(path_businessInfoReg.sel_bankName_css.value).click()\n                    sleep(0.5)\n                    driver.find_element_by_xpath(\"/html/body/div[6]/div/div/div/div[2]/div[1]/div/div/div[3]\").click()\n                    break\n                except:\n                    continue\n            sleep(0.5)\n            while True:\n                try:\n                    # 法定代表人信息\n                    driver.find_element_by_css_selector(path_businessInfoReg.sel_country_css.value).click()\n                    sleep(1)\n                    driver.find_element_by_xpath(\"/html/body/div[7]/div/div/div/div[2]/div[1]/div/div/div[2]\").click()\n                    break\n                except:\n                    continue\n    \n            sleep(0.5)\n            picture_dir2 = os.getcwd() + '\\\\test_data\\\\picture\\\\id_1.jpg'\n            picture_dir3 = os.getcwd() + '\\\\test_data\\\\picture\\\\id_2.jpg'\n            picture_dir4 = os.getcwd() + '\\\\test_data\\\\picture\\\\id_4.jpg'\n    \n            driver.find_element_by_css_selector(path_businessInfoReg.sel_idCard1_css.value).send_keys(\n                picture_dir2)\n            driver.find_element_by_css_selector(path_businessInfoReg.sel_idCard2_css.value).send_keys(\n                picture_dir3)\n    \n            # 实际控制人信息\n            sleep(1)\n            driver.find_element_by_css_selector(path_businessInfoReg.radio_controlPerson_css.value).click()\n            driver.find_element_by_css_selector(path_businessInfoReg.upload_controlPersonId1_css.value).send_keys(\n                picture_dir2)\n            driver.find_element_by_css_selector(path_businessInfoReg.upload_controlPersonId2_css.value).send_keys(\n                picture_dir3)\n            driver.find_element_by_css_selector(path_businessInfoReg.upload_controlPersonFamPic_css.value).send_keys(\n                picture_dir4)\n            sleep(1)\n            driver.find_element_by_css_selector(path_businessInfoReg.radio_legalPerson_css.value).click()\n            waitUntilClick(driver, path_businessInfoReg.bth_submit_css.value)\n            driver.find_element_by_css_selector(path_businessInfoReg.bth_submit_css.value).click()\n    \n            waitUntilDisplay(driver, path_businessInfoReg.text_atCof_css.value)\n            txt_startAuTitle = driver.find_element_by_css_selector(path_businessInfoReg.text_atCof_css.value).text\n            test_Assert.assert_text_ui(txt_startAuTitle, '请确认协议内容')\n            logger.info(\"协议确认画面正常显示\")\n            waitUntilClick_xpath(driver, '//*[@id=\"root\"]/div/div[2]/div/div[2]/div/div/div/div[1]/div/button')\n            sleep(2)\n>           driver.find_element_by_xpath(path_businessInfoReg.checkBox_agree_xpath.value).click()\n\ntest_flow\\test_Authentication\\test_businessInfoReg.py:163: \n_ _ _ _ _ _ _ _ _ _ _ _ _ _ _ _ _ _ _ _ _ _ _ _ _ _ _ _ _ _ _ _ _ _ _ _ _ _ _ _\n..\\..\\..\\AppData\\Local\\Programs\\Python\\Python36\\lib\\site-packages\\selenium\\webdriver\\remote\\webdriver.py:394: in find_element_by_xpath\n    return self.find_element(by=By.XPATH, value=xpath)\n..\\..\\..\\AppData\\Local\\Programs\\Python\\Python36\\lib\\site-packages\\selenium\\webdriver\\remote\\webdriver.py:978: in find_element\n    'value': value})['value']\n..\\..\\..\\AppData\\Local\\Programs\\Python\\Python36\\lib\\site-packages\\selenium\\webdriver\\remote\\webdriver.py:321: in execute\n    self.error_handler.check_response(response)\n_ _ _ _ _ _ _ _ _ _ _ _ _ _ _ _ _ _ _ _ _ _ _ _ _ _ _ _ _ _ _ _ _ _ _ _ _ _ _ _\n\nself = <selenium.webdriver.remote.errorhandler.ErrorHandler object at 0x000002467F4C8D30>\nresponse = {'sessionId': 'f35898f3210ea1035121552a80d49d20', 'status': 7, 'value': {'message': 'no such element: Unable to locate...729.6 (255758eccf3d244491b8a1317aa76e1ce10d57e9-refs/branch-heads/3729@{#29}),platform=Windows NT 10.0.18363 x86_64)'}}\n\n    def check_response(self, response):\n        \"\"\"\n        Checks that a JSON response from the WebDriver does not have an error.\n    \n        :Args:\n         - response - The JSON response from the WebDriver server as a dictionary\n           object.\n    \n        :Raises: If the response contains an error message.\n        \"\"\"\n        status = response.get('status', None)\n        if status is None or status == ErrorCode.SUCCESS:\n            return\n        value = None\n        message = response.get(\"message\", \"\")\n        screen = response.get(\"screen\", \"\")\n        stacktrace = None\n        if isinstance(status, int):\n            value_json = response.get('value', None)\n            if value_json and isinstance(value_json, basestring):\n                import json\n                try:\n                    value = json.loads(value_json)\n                    if len(value.keys()) == 1:\n                        value = value['value']\n                    status = value.get('error', None)\n                    if status is None:\n                        status = value[\"status\"]\n                        message = value[\"value\"]\n                        if not isinstance(message, basestring):\n                            value = message\n                            message = message.get('message')\n                    else:\n                        message = value.get('message', None)\n                except ValueError:\n                    pass\n    \n        exception_class = ErrorInResponseException\n        if status in ErrorCode.NO_SUCH_ELEMENT:\n            exception_class = NoSuchElementException\n        elif status in ErrorCode.NO_SUCH_FRAME:\n            exception_class = NoSuchFrameException\n        elif status in ErrorCode.NO_SUCH_WINDOW:\n            exception_class = NoSuchWindowException\n        elif status in ErrorCode.STALE_ELEMENT_REFERENCE:\n            exception_class = StaleElementReferenceException\n        elif status in ErrorCode.ELEMENT_NOT_VISIBLE:\n            exception_class = ElementNotVisibleException\n        elif status in ErrorCode.INVALID_ELEMENT_STATE:\n            exception_class = InvalidElementStateException\n        elif status in ErrorCode.INVALID_SELECTOR \\\n                or status in ErrorCode.INVALID_XPATH_SELECTOR \\\n                or status in ErrorCode.INVALID_XPATH_SELECTOR_RETURN_TYPER:\n            exception_class = InvalidSelectorException\n        elif status in ErrorCode.ELEMENT_IS_NOT_SELECTABLE:\n            exception_class = ElementNotSelectableException\n        elif status in ErrorCode.ELEMENT_NOT_INTERACTABLE:\n            exception_class = ElementNotInteractableException\n        elif status in ErrorCode.INVALID_COOKIE_DOMAIN:\n            exception_class = InvalidCookieDomainException\n        elif status in ErrorCode.UNABLE_TO_SET_COOKIE:\n            exception_class = UnableToSetCookieException\n        elif status in ErrorCode.TIMEOUT:\n            exception_class = TimeoutException\n        elif status in ErrorCode.SCRIPT_TIMEOUT:\n            exception_class = TimeoutException\n        elif status in ErrorCode.UNKNOWN_ERROR:\n            exception_class = WebDriverException\n        elif status in ErrorCode.UNEXPECTED_ALERT_OPEN:\n            exception_class = UnexpectedAlertPresentException\n        elif status in ErrorCode.NO_ALERT_OPEN:\n            exception_class = NoAlertPresentException\n        elif status in ErrorCode.IME_NOT_AVAILABLE:\n            exception_class = ImeNotAvailableException\n        elif status in ErrorCode.IME_ENGINE_ACTIVATION_FAILED:\n            exception_class = ImeActivationFailedException\n        elif status in ErrorCode.MOVE_TARGET_OUT_OF_BOUNDS:\n            exception_class = MoveTargetOutOfBoundsException\n        elif status in ErrorCode.JAVASCRIPT_ERROR:\n            exception_class = JavascriptException\n        elif status in ErrorCode.SESSION_NOT_CREATED:\n            exception_class = SessionNotCreatedException\n        elif status in ErrorCode.INVALID_ARGUMENT:\n            exception_class = InvalidArgumentException\n        elif status in ErrorCode.NO_SUCH_COOKIE:\n            exception_class = NoSuchCookieException\n        elif status in ErrorCode.UNABLE_TO_CAPTURE_SCREEN:\n            exception_class = ScreenshotException\n        elif status in ErrorCode.ELEMENT_CLICK_INTERCEPTED:\n            exception_class = ElementClickInterceptedException\n        elif status in ErrorCode.INSECURE_CERTIFICATE:\n            exception_class = InsecureCertificateException\n        elif status in ErrorCode.INVALID_COORDINATES:\n            exception_class = InvalidCoordinatesException\n        elif status in ErrorCode.INVALID_SESSION_ID:\n            exception_class = InvalidSessionIdException\n        elif status in ErrorCode.UNKNOWN_METHOD:\n            exception_class = UnknownMethodException\n        else:\n            exception_class = WebDriverException\n        if value == '' or value is None:\n            value = response['value']\n        if isinstance(value, basestring):\n            if exception_class == ErrorInResponseException:\n                raise exception_class(response, value)\n            raise exception_class(value)\n        if message == \"\" and 'message' in value:\n            message = value['message']\n    \n        screen = None\n        if 'screen' in value:\n            screen = value['screen']\n    \n        stacktrace = None\n        if 'stackTrace' in value and value['stackTrace']:\n            stacktrace = []\n            try:\n                for frame in value['stackTrace']:\n                    line = self._value_or_default(frame, 'lineNumber', '')\n                    file = self._value_or_default(frame, 'fileName', '<anonymous>')\n                    if line:\n                        file = \"%s:%s\" % (file, line)\n                    meth = self._value_or_default(frame, 'methodName', '<anonymous>')\n                    if 'className' in frame:\n                        meth = \"%s.%s\" % (frame['className'], meth)\n                    msg = \"    at %s (%s)\"\n                    msg = msg % (meth, file)\n                    stacktrace.append(msg)\n            except TypeError:\n                pass\n        if exception_class == ErrorInResponseException:\n            raise exception_class(response, message)\n        elif exception_class == UnexpectedAlertPresentException:\n            alert_text = None\n            if 'data' in value:\n                alert_text = value['data'].get('text')\n            elif 'alert' in value:\n                alert_text = value['alert'].get('text')\n            raise exception_class(message, screen, stacktrace, alert_text)\n>       raise exception_class(message, screen, stacktrace)\nE       selenium.common.exceptions.NoSuchElementException: Message: no such element: Unable to locate element: {\"method\":\"xpath\",\"selector\":\"//*[@id=\"root\"]/div/div[2]/div/div[2]/div/div/div/div[2]/div/div/span\"}\nE         (Session info: chrome=74.0.3729.108)\nE         (Driver info: chromedriver=74.0.3729.6 (255758eccf3d244491b8a1317aa76e1ce10d57e9-refs/branch-heads/3729@{#29}),platform=Windows NT 10.0.18363 x86_64)\n\n..\\..\\..\\AppData\\Local\\Programs\\Python\\Python36\\lib\\site-packages\\selenium\\webdriver\\remote\\errorhandler.py:242: NoSuchElementException",
    "steps" : [ ],
    "attachments" : [ {
      "uid" : "e0807f897d79b80e",
      "name" : "log",
      "source" : "e0807f897d79b80e.txt",
      "type" : "text/plain",
      "size" : 566
    }, {
      "uid" : "d0f15a2e94955f12",
      "name" : "stderr",
      "source" : "d0f15a2e94955f12.txt",
      "type" : "text/plain",
      "size" : 792
    } ],
    "parameters" : [ ],
    "hasContent" : true,
    "stepsCount" : 0,
    "shouldDisplayMessage" : true,
    "attachmentsCount" : 2
  },
  "afterStages" : [ ],
  "labels" : [ {
    "name" : "severity",
    "value" : "blocker"
  }, {
    "name" : "tag",
    "value" : "run(order=3)"
  }, {
    "name" : "parentSuite",
    "value" : "test_flow.test_Authentication"
  }, {
    "name" : "suite",
    "value" : "test_businessInfoReg"
  }, {
    "name" : "host",
    "value" : "A02-03-00033"
  }, {
    "name" : "thread",
    "value" : "13764-MainThread"
  }, {
    "name" : "framework",
    "value" : "pytest"
  }, {
    "name" : "language",
    "value" : "cpython3"
  }, {
    "name" : "package",
    "value" : "test_flow.test_Authentication.test_businessInfoReg"
  }, {
    "name" : "resultFormat",
    "value" : "allure2"
  } ],
  "parameters" : [ ],
  "links" : [ {
    "name" : "企业认证 \uD83D\uDC47",
    "url" : "http://10.10.128.152:10053/personal/baseinfo",
    "type" : "test_case"
  } ],
  "hidden" : false,
  "retry" : false,
  "extra" : {
    "severity" : "blocker",
    "retries" : [ {
      "uid" : "f7451a78ef5a1964",
      "status" : "broken",
      "statusDetails" : "selenium.common.exceptions.NoSuchElementException: Message: no such element: Unable to locate element: {\"method\":\"xpath\",\"selector\":\"//*[@id=\"root\"]/div/div[2]/div/div[2]/div/div/div/div[2]/div/div/span\"}\n  (Session info: chrome=74.0.3729.108)\n  (Driver info: chromedriver=74.0.3729.6 (255758eccf3d244491b8a1317aa76e1ce10d57e9-refs/branch-heads/3729@{#29}),platform=Windows NT 10.0.18363 x86_64)",
      "time" : {
        "start" : 1608085591966,
        "stop" : 1608085632683,
        "duration" : 40717
      }
    }, {
      "uid" : "e3c99a18581e1657",
      "status" : "broken",
      "statusDetails" : "selenium.common.exceptions.WebDriverException: Message: chrome not reachable\n  (Session info: chrome=74.0.3729.108)\n  (Driver info: chromedriver=74.0.3729.6 (255758eccf3d244491b8a1317aa76e1ce10d57e9-refs/branch-heads/3729@{#29}),platform=Windows NT 10.0.18363 x86_64)",
      "time" : {
        "start" : 1608084252045,
        "stop" : 1608084295516,
        "duration" : 43471
      }
    }, {
      "uid" : "1cb72bdb15627bad",
      "status" : "broken",
      "statusDetails" : "selenium.common.exceptions.NoSuchElementException: Message: no such element: Unable to locate element: {\"method\":\"xpath\",\"selector\":\"//*[@id=\"root\"]/div/div[2]/div/div[2]/div/div/div/div[2]/div/div/span\"}\n  (Session info: chrome=74.0.3729.108)\n  (Driver info: chromedriver=74.0.3729.6 (255758eccf3d244491b8a1317aa76e1ce10d57e9-refs/branch-heads/3729@{#29}),platform=Windows NT 10.0.18363 x86_64)",
      "time" : {
        "start" : 1608082010842,
        "stop" : 1608082048977,
        "duration" : 38135
      }
    }, {
      "uid" : "6aac3b2ac87d853a",
      "status" : "broken",
      "statusDetails" : "selenium.common.exceptions.NoSuchElementException: Message: no such element: Unable to locate element: {\"method\":\"xpath\",\"selector\":\"//*[@id=\"root\"]/div/div[2]/div/div[2]/div/div/div/div[2]/div/div/span\"}\n  (Session info: chrome=74.0.3729.108)\n  (Driver info: chromedriver=74.0.3729.6 (255758eccf3d244491b8a1317aa76e1ce10d57e9-refs/branch-heads/3729@{#29}),platform=Windows NT 10.0.18363 x86_64)",
      "time" : {
        "start" : 1608081797659,
        "stop" : 1608081837464,
        "duration" : 39805
      }
    }, {
      "uid" : "d377836322a31b13",
      "status" : "broken",
      "statusDetails" : "selenium.common.exceptions.NoSuchElementException: Message: no such element: Unable to locate element: {\"method\":\"xpath\",\"selector\":\"//*[@id=\"root\"]/div/div[2]/div/div[2]/div/div/div/div[2]/div/div/span\"}\n  (Session info: chrome=74.0.3729.108)\n  (Driver info: chromedriver=74.0.3729.6 (255758eccf3d244491b8a1317aa76e1ce10d57e9-refs/branch-heads/3729@{#29}),platform=Windows NT 10.0.18363 x86_64)",
      "time" : {
        "start" : 1608081599837,
        "stop" : 1608081636199,
        "duration" : 36362
      }
    }, {
      "uid" : "be273527dde2edaf",
      "status" : "passed",
      "time" : {
        "start" : 1608022579904,
        "stop" : 1608022636806,
        "duration" : 56902
      }
    }, {
      "uid" : "1b855b1838a556cb",
      "status" : "passed",
      "time" : {
        "start" : 1608021272080,
        "stop" : 1608021330154,
        "duration" : 58074
      }
    }, {
      "uid" : "4a044279cbc750f1",
      "status" : "passed",
      "time" : {
        "start" : 1608017271166,
        "stop" : 1608017346231,
        "duration" : 75065
      }
    }, {
      "uid" : "31263a57154efd6b",
      "status" : "broken",
      "statusDetails" : "selenium.common.exceptions.TimeoutException: Message:",
      "time" : {
        "start" : 1608017082234,
        "stop" : 1608017122838,
        "duration" : 40604
      }
    }, {
      "uid" : "8ba0b814ba043059",
      "status" : "passed",
      "time" : {
        "start" : 1608008157286,
        "stop" : 1608008214248,
        "duration" : 56962
      }
    }, {
      "uid" : "343d35b863bbde7b",
      "status" : "passed",
      "time" : {
        "start" : 1608002183029,
        "stop" : 1608002247219,
        "duration" : 64190
      }
    }, {
      "uid" : "15c464e43e083db7",
      "status" : "broken",
      "statusDetails" : "selenium.common.exceptions.NoSuchElementException: Message: no such element: Unable to locate element: {\"method\":\"xpath\",\"selector\":\"//*[@id=\"root\"]/div/div[2]/div/div[2]/div/div/div/div[3]/div/div/span\"}\n  (Session info: chrome=74.0.3729.108)\n  (Driver info: chromedriver=74.0.3729.6 (255758eccf3d244491b8a1317aa76e1ce10d57e9-refs/branch-heads/3729@{#29}),platform=Windows NT 10.0.18363 x86_64)",
      "time" : {
        "start" : 1608002038739,
        "stop" : 1608002067949,
        "duration" : 29210
      }
    }, {
      "uid" : "237f8b7a2a01f332",
      "status" : "broken",
      "statusDetails" : "selenium.common.exceptions.TimeoutException: Message:",
      "time" : {
        "start" : 1608001508243,
        "stop" : 1608001565868,
        "duration" : 57625
      }
    }, {
      "uid" : "27f6c84a30450a3e",
      "status" : "broken",
      "statusDetails" : "selenium.common.exceptions.TimeoutException: Message:",
      "time" : {
        "start" : 1607998324965,
        "stop" : 1607998384008,
        "duration" : 59043
      }
    }, {
      "uid" : "786ebe2f318ef03c",
      "status" : "broken",
      "statusDetails" : "selenium.common.exceptions.TimeoutException: Message:",
      "time" : {
        "start" : 1607997954361,
        "stop" : 1607998013962,
        "duration" : 59601
      }
    }, {
      "uid" : "e559086460b16777",
      "status" : "passed",
      "time" : {
        "start" : 1607943126978,
        "stop" : 1607943190819,
        "duration" : 63841
      }
    }, {
      "uid" : "406d72037b8a4b46",
      "status" : "passed",
      "time" : {
        "start" : 1607940547131,
        "stop" : 1607940608063,
        "duration" : 60932
      }
    }, {
      "uid" : "d1401d81aaf6422c",
      "status" : "passed",
      "time" : {
        "start" : 1607940036835,
        "stop" : 1607940094359,
        "duration" : 57524
      }
    }, {
      "uid" : "d81326d1886d8c8e",
      "status" : "passed",
      "time" : {
        "start" : 1607939337381,
        "stop" : 1607939407870,
        "duration" : 70489
      }
    }, {
      "uid" : "d945fb10334186b0",
      "status" : "passed",
      "time" : {
        "start" : 1607927345167,
        "stop" : 1607927408817,
        "duration" : 63650
      }
    }, {
      "uid" : "8a34db33bb9febb8",
      "status" : "passed",
      "time" : {
        "start" : 1607926813992,
        "stop" : 1607926875749,
        "duration" : 61757
      }
    }, {
      "uid" : "abe77c4f14fc0aed",
      "status" : "broken",
      "statusDetails" : "selenium.common.exceptions.TimeoutException: Message:",
      "time" : {
        "start" : 1607926608992,
        "stop" : 1607926668515,
        "duration" : 59523
      }
    }, {
      "uid" : "b999ab7bf04ff489",
      "status" : "broken",
      "statusDetails" : "selenium.common.exceptions.TimeoutException: Message:",
      "time" : {
        "start" : 1607926473050,
        "stop" : 1607926529390,
        "duration" : 56340
      }
    }, {
      "uid" : "58c9f647af74d212",
      "status" : "broken",
      "statusDetails" : "selenium.common.exceptions.TimeoutException: Message:",
      "time" : {
        "start" : 1607926191989,
        "stop" : 1607926249131,
        "duration" : 57142
      }
    }, {
      "uid" : "5c71ec6c87356863",
      "status" : "broken",
      "statusDetails" : "selenium.common.exceptions.TimeoutException: Message:",
      "time" : {
        "start" : 1607926052535,
        "stop" : 1607926111125,
        "duration" : 58590
      }
    }, {
      "uid" : "5e1694fc05b637ba",
      "status" : "broken",
      "statusDetails" : "selenium.common.exceptions.TimeoutException: Message:",
      "time" : {
        "start" : 1607923754292,
        "stop" : 1607923813483,
        "duration" : 59191
      }
    }, {
      "uid" : "b58759f291b23b7b",
      "status" : "broken",
      "statusDetails" : "selenium.common.exceptions.TimeoutException: Message:",
      "time" : {
        "start" : 1607923133841,
        "stop" : 1607923193903,
        "duration" : 60062
      }
    }, {
      "uid" : "a71a7d2f7f3b7a4a",
      "status" : "broken",
      "statusDetails" : "selenium.common.exceptions.TimeoutException: Message:",
      "time" : {
        "start" : 1607922369706,
        "stop" : 1607922425332,
        "duration" : 55626
      }
    }, {
      "uid" : "20976db0afe952cd",
      "status" : "broken",
      "statusDetails" : "selenium.common.exceptions.InvalidSelectorException: Message: invalid selector: An invalid or illegal selector was specified\n  (Session info: chrome=74.0.3729.108)\n  (Driver info: chromedriver=74.0.3729.6 (255758eccf3d244491b8a1317aa76e1ce10d57e9-refs/branch-heads/3729@{#29}),platform=Windows NT 10.0.18363 x86_64)",
      "time" : {
        "start" : 1607912738235,
        "stop" : 1607912756439,
        "duration" : 18204
      }
    }, {
      "uid" : "ac7eb153db98bcf8",
      "status" : "broken",
      "statusDetails" : "selenium.common.exceptions.SessionNotCreatedException: Message: session not created\nfrom chrome not reachable\n  (Session info: chrome=74.0.3729.108)\n  (Driver info: chromedriver=74.0.3729.6 (255758eccf3d244491b8a1317aa76e1ce10d57e9-refs/branch-heads/3729@{#29}),platform=Windows NT 10.0.18363 x86_64)",
      "time" : {
        "start" : 1607906032959,
        "stop" : 1607906050462,
        "duration" : 17503
      }
    }, {
      "uid" : "36a21c0d6ab81f70",
      "status" : "broken",
      "statusDetails" : "selenium.common.exceptions.TimeoutException: Message:",
      "time" : {
        "start" : 1606280082528,
        "stop" : 1606280123005,
        "duration" : 40477
      }
    }, {
      "uid" : "fdc5bf9e948e07a7",
      "status" : "broken",
      "statusDetails" : "selenium.common.exceptions.WebDriverException: Message: chrome not reachable\n  (Session info: chrome=74.0.3729.108)\n  (Driver info: chromedriver=74.0.3729.6 (255758eccf3d244491b8a1317aa76e1ce10d57e9-refs/branch-heads/3729@{#29}),platform=Windows NT 10.0.18363 x86_64)",
      "time" : {
        "start" : 1606099134769,
        "stop" : 1606099181772,
        "duration" : 47003
      }
    }, {
      "uid" : "ce8953af1c0812d9",
      "status" : "broken",
      "statusDetails" : "selenium.common.exceptions.WebDriverException: Message: 'chromedriver.exe' executable needs to be in PATH. Please see https://sites.google.com/a/chromium.org/chromedriver/home",
      "time" : {
        "start" : 1605852542906,
        "stop" : 1605852542906,
        "duration" : 0
      }
    }, {
      "uid" : "202299b6a2143495",
      "status" : "broken",
      "statusDetails" : "selenium.common.exceptions.WebDriverException: Message: 'chromedriver.exe' executable needs to be in PATH. Please see https://sites.google.com/a/chromium.org/chromedriver/home",
      "time" : {
        "start" : 1605852508964,
        "stop" : 1605852508964,
        "duration" : 0
      }
    }, {
      "uid" : "d7991920d55836c5",
      "status" : "broken",
      "statusDetails" : "selenium.common.exceptions.WebDriverException: Message: 'chromedriver.exe' executable needs to be in PATH. Please see https://sites.google.com/a/chromium.org/chromedriver/home",
      "time" : {
        "start" : 1605852453284,
        "stop" : 1605852453284,
        "duration" : 0
      }
    }, {
      "uid" : "a4128b9f43c692ac",
      "status" : "broken",
      "statusDetails" : "selenium.common.exceptions.TimeoutException: Message:",
      "time" : {
        "start" : 1605157537835,
        "stop" : 1605157591670,
        "duration" : 53835
      }
    } ],
    "categories" : [ {
      "name" : "Test defects",
      "matchedStatuses" : [ ],
      "flaky" : false
    } ],
    "tags" : [ "run(order=3)" ]
  },
  "source" : "452fbec2fc071265.json",
  "parameterValues" : [ ]
}