{
  "uid" : "46db846200fd6b15",
  "name" : "test_businessInforReg",
  "fullName" : "test_flow.test_Authentication.test_businessInfoReg#test_businessInforReg",
  "historyId" : "673c6cf796d54f5cbc2e9852ef4f69c7",
  "time" : {
    "start" : 1606280082528,
    "stop" : 1606280123005,
    "duration" : 40477
  },
  "description" : "测试 http://10.10.128.152:10053/personal/baseinfo 企业认证",
  "descriptionHtml" : "<p>测试 http://10.10.128.152:10053/personal/baseinfo 企业认证</p>\n",
  "status" : "broken",
  "statusMessage" : "selenium.common.exceptions.TimeoutException: Message:",
  "statusTrace" : "@pytest.mark.run(order=3)\n    @allure.severity(\"blocker\")\n    @allure.description(\"测试 http://10.10.128.152:10053/personal/baseinfo 企业认证\")\n    @allure.testcase(\"http://10.10.128.152:10053/personal/baseinfo\", \"企业认证 \uD83D\uDC47\")\n    def test_businessInforReg():\n        if runMode == 'UI':\n            def_name = sys._getframe().f_code.co_name\n            test_Assert = Assert.Assertions(def_name)\n            logger.info(\"开始执行脚本%s:\\n\", def_name)\n    \n            driver = webdriver.Chrome(executable_path=driverPath)\n            driver.maximize_window()\n            driver.get(url_forward)\n    \n            # 登陆页面\n            login(driver)\n>           waitUntilDisplay(driver, path_businessInfoReg.txt_aut_css.value)\n\ntest_flow\\test_Authentication\\test_businessInfoReg.py:46: \n_ _ _ _ _ _ _ _ _ _ _ _ _ _ _ _ _ _ _ _ _ _ _ _ _ _ _ _ _ _ _ _ _ _ _ _ _ _ _ _\ncommon\\BaseFunction.py:23: in waitUntilDisplay\n    WebDriverWait(driver, 30).until(EC.visibility_of_element_located((By.CSS_SELECTOR, ByCss)))\n_ _ _ _ _ _ _ _ _ _ _ _ _ _ _ _ _ _ _ _ _ _ _ _ _ _ _ _ _ _ _ _ _ _ _ _ _ _ _ _\n\nself = <selenium.webdriver.support.wait.WebDriverWait (session=\"4170463885aa977d319b383f1a8b0372\")>\nmethod = <selenium.webdriver.support.expected_conditions.visibility_of_element_located object at 0x000001F1BC620828>\nmessage = ''\n\n    def until(self, method, message=''):\n        \"\"\"Calls the method provided with the driver as an argument until the \\\n        return value is not False.\"\"\"\n        screen = None\n        stacktrace = None\n    \n        end_time = time.time() + self._timeout\n        while True:\n            try:\n                value = method(self._driver)\n                if value:\n                    return value\n            except self._ignored_exceptions as exc:\n                screen = getattr(exc, 'screen', None)\n                stacktrace = getattr(exc, 'stacktrace', None)\n            time.sleep(self._poll)\n            if time.time() > end_time:\n                break\n>       raise TimeoutException(message, screen, stacktrace)\nE       selenium.common.exceptions.TimeoutException: Message:\n\n..\\..\\..\\AppData\\Local\\Programs\\Python\\Python36\\lib\\site-packages\\selenium\\webdriver\\support\\wait.py:80: TimeoutException",
  "flaky" : false,
  "newFailed" : false,
  "beforeStages" : [ {
    "name" : "_session_faker",
    "time" : {
      "start" : 1606280018091,
      "stop" : 1606280018153,
      "duration" : 62
    },
    "status" : "passed",
    "steps" : [ ],
    "attachments" : [ ],
    "parameters" : [ ],
    "stepsCount" : 0,
    "hasContent" : false,
    "attachmentsCount" : 0,
    "shouldDisplayMessage" : false
  } ],
  "testStage" : {
    "description" : "测试 http://10.10.128.152:10053/personal/baseinfo 企业认证",
    "status" : "broken",
    "statusMessage" : "selenium.common.exceptions.TimeoutException: Message:",
    "statusTrace" : "@pytest.mark.run(order=3)\n    @allure.severity(\"blocker\")\n    @allure.description(\"测试 http://10.10.128.152:10053/personal/baseinfo 企业认证\")\n    @allure.testcase(\"http://10.10.128.152:10053/personal/baseinfo\", \"企业认证 \uD83D\uDC47\")\n    def test_businessInforReg():\n        if runMode == 'UI':\n            def_name = sys._getframe().f_code.co_name\n            test_Assert = Assert.Assertions(def_name)\n            logger.info(\"开始执行脚本%s:\\n\", def_name)\n    \n            driver = webdriver.Chrome(executable_path=driverPath)\n            driver.maximize_window()\n            driver.get(url_forward)\n    \n            # 登陆页面\n            login(driver)\n>           waitUntilDisplay(driver, path_businessInfoReg.txt_aut_css.value)\n\ntest_flow\\test_Authentication\\test_businessInfoReg.py:46: \n_ _ _ _ _ _ _ _ _ _ _ _ _ _ _ _ _ _ _ _ _ _ _ _ _ _ _ _ _ _ _ _ _ _ _ _ _ _ _ _\ncommon\\BaseFunction.py:23: in waitUntilDisplay\n    WebDriverWait(driver, 30).until(EC.visibility_of_element_located((By.CSS_SELECTOR, ByCss)))\n_ _ _ _ _ _ _ _ _ _ _ _ _ _ _ _ _ _ _ _ _ _ _ _ _ _ _ _ _ _ _ _ _ _ _ _ _ _ _ _\n\nself = <selenium.webdriver.support.wait.WebDriverWait (session=\"4170463885aa977d319b383f1a8b0372\")>\nmethod = <selenium.webdriver.support.expected_conditions.visibility_of_element_located object at 0x000001F1BC620828>\nmessage = ''\n\n    def until(self, method, message=''):\n        \"\"\"Calls the method provided with the driver as an argument until the \\\n        return value is not False.\"\"\"\n        screen = None\n        stacktrace = None\n    \n        end_time = time.time() + self._timeout\n        while True:\n            try:\n                value = method(self._driver)\n                if value:\n                    return value\n            except self._ignored_exceptions as exc:\n                screen = getattr(exc, 'screen', None)\n                stacktrace = getattr(exc, 'stacktrace', None)\n            time.sleep(self._poll)\n            if time.time() > end_time:\n                break\n>       raise TimeoutException(message, screen, stacktrace)\nE       selenium.common.exceptions.TimeoutException: Message:\n\n..\\..\\..\\AppData\\Local\\Programs\\Python\\Python36\\lib\\site-packages\\selenium\\webdriver\\support\\wait.py:80: TimeoutException",
    "steps" : [ ],
    "attachments" : [ {
      "uid" : "1c8d6916efb76be5",
      "name" : "log",
      "source" : "1c8d6916efb76be5.txt",
      "type" : "text/plain",
      "size" : 92
    }, {
      "uid" : "d6dcbdd559c5e194",
      "name" : "stderr",
      "source" : "d6dcbdd559c5e194.txt",
      "type" : "text/plain",
      "size" : 139
    } ],
    "parameters" : [ ],
    "stepsCount" : 0,
    "hasContent" : true,
    "attachmentsCount" : 2,
    "shouldDisplayMessage" : true
  },
  "afterStages" : [ ],
  "labels" : [ {
    "name" : "severity",
    "value" : "blocker"
  }, {
    "name" : "tag",
    "value" : "run(order=3)"
  }, {
    "name" : "parentSuite",
    "value" : "test_flow.test_Authentication"
  }, {
    "name" : "suite",
    "value" : "test_businessInfoReg"
  }, {
    "name" : "host",
    "value" : "A02-03-00033"
  }, {
    "name" : "thread",
    "value" : "6072-MainThread"
  }, {
    "name" : "framework",
    "value" : "pytest"
  }, {
    "name" : "language",
    "value" : "cpython3"
  }, {
    "name" : "package",
    "value" : "test_flow.test_Authentication.test_businessInfoReg"
  }, {
    "name" : "resultFormat",
    "value" : "allure2"
  } ],
  "parameters" : [ ],
  "links" : [ {
    "name" : "企业认证 \uD83D\uDC47",
    "url" : "http://10.10.128.152:10053/personal/baseinfo",
    "type" : "test_case"
  } ],
  "hidden" : false,
  "retry" : false,
  "extra" : {
    "severity" : "blocker",
    "retries" : [ {
      "uid" : "9b6d61faea2b0de4",
      "status" : "broken",
      "statusDetails" : "selenium.common.exceptions.WebDriverException: Message: chrome not reachable\n  (Session info: chrome=74.0.3729.108)\n  (Driver info: chromedriver=74.0.3729.6 (255758eccf3d244491b8a1317aa76e1ce10d57e9-refs/branch-heads/3729@{#29}),platform=Windows NT 10.0.18363 x86_64)",
      "time" : {
        "start" : 1606099134769,
        "stop" : 1606099181772,
        "duration" : 47003
      }
    }, {
      "uid" : "90b76c2656481763",
      "status" : "broken",
      "statusDetails" : "selenium.common.exceptions.WebDriverException: Message: 'chromedriver.exe' executable needs to be in PATH. Please see https://sites.google.com/a/chromium.org/chromedriver/home",
      "time" : {
        "start" : 1605852542906,
        "stop" : 1605852542906,
        "duration" : 0
      }
    }, {
      "uid" : "40f820cc80b7381a",
      "status" : "broken",
      "statusDetails" : "selenium.common.exceptions.WebDriverException: Message: 'chromedriver.exe' executable needs to be in PATH. Please see https://sites.google.com/a/chromium.org/chromedriver/home",
      "time" : {
        "start" : 1605852508964,
        "stop" : 1605852508964,
        "duration" : 0
      }
    }, {
      "uid" : "35ca5427a429a021",
      "status" : "broken",
      "statusDetails" : "selenium.common.exceptions.WebDriverException: Message: 'chromedriver.exe' executable needs to be in PATH. Please see https://sites.google.com/a/chromium.org/chromedriver/home",
      "time" : {
        "start" : 1605852453284,
        "stop" : 1605852453284,
        "duration" : 0
      }
    }, {
      "uid" : "c5e7e7d93ce2913a",
      "status" : "broken",
      "statusDetails" : "selenium.common.exceptions.TimeoutException: Message:",
      "time" : {
        "start" : 1605157537835,
        "stop" : 1605157591670,
        "duration" : 53835
      }
    } ],
    "categories" : [ {
      "name" : "Test defects",
      "matchedStatuses" : [ ],
      "flaky" : false
    } ],
    "tags" : [ "run(order=3)" ]
  },
  "source" : "46db846200fd6b15.json",
  "parameterValues" : [ ]
}