{
  "uid" : "5a42626848680b5b",
  "name" : "test_infoReg",
  "fullName" : "test_flow.test_Authentication.test_personalInfoReg#test_infoReg",
  "historyId" : "28dda5313ff182aeade3becf47df4372",
  "time" : {
    "start" : 1608084209497,
    "stop" : 1608084251966,
    "duration" : 42469
  },
  "description" : "测试 http://10.10.128.152:10053/personal/set/certification 个人实名认证",
  "descriptionHtml" : "<p>测试 http://10.10.128.152:10053/personal/set/certification 个人实名认证</p>\n",
  "status" : "broken",
  "statusMessage" : "selenium.common.exceptions.TimeoutException: Message:",
  "statusTrace" : "@pytest.mark.run(order=2)\n    @allure.severity(\"blocker\")\n    @allure.description(\"测试 http://10.10.128.152:10053/personal/set/certification 个人实名认证\")\n    @allure.testcase(\"http://10.10.128.152:10053/personal/set/certification\", \"个人实名认证 \uD83D\uDC47\")\n    def test_infoReg():\n        if runMode == 'UI':\n            def_name = sys._getframe().f_code.co_name\n            test_Assert = Assert.Assertions(def_name)\n            logger.info(\"开始执行脚本%s:\\n\", def_name)\n    \n            # 对个人信息企业信息进行删除操作\n            deletePerInforAndComInfor()\n            logger.info(\"对个人信息企业信息进行删除操作\")\n            if jenkins:\n                option = webdriver.ChromeOptions()\n                option.add_argument('headless')  # 浏览器不提供可视化页面\n                option.add_argument('no-sandbox')  # 以最高权限运行\n                option.add_argument('--start-maximized')  # 最大化运行（全屏窗口）设置元素定位比较准确\n                option.add_argument('--disable-gpu')  # 谷歌文档提到需要加上这个属性来规避bug\n                option.add_argument('--window-size=1920,1080')  # 设置浏览器分辨率（窗口大小）\n                driver = webdriver.Chrome(options=option)\n            else:\n                driver = webdriver.Chrome(executable_path=driverPath)\n            driver.maximize_window()\n            driver.get(url_forward)\n    \n            # 登陆页面\n            login(driver)\n    \n            waitUntilDisplay(driver, loginOn.link_home_css.value)\n            sleep(1)\n            homeText = driver.find_element_by_css_selector(loginOn.link_home_css.value)\n    \n            test_Assert.assert_text_ui(homeText.text, '首页')\n            logger.info(\"进入登陆页面\")\n    \n            name = yamldict['test_personalInfoRegList']['name']\n            idNum = yamldict['test_personalInfoRegList']['id_card']\n    \n>           BaseFunction.waitUntilClick(driver, path_personalInfoReg.btn_aut_css.value)\n\ntest_flow\\test_Authentication\\test_personalInfoReg.py:65: \n_ _ _ _ _ _ _ _ _ _ _ _ _ _ _ _ _ _ _ _ _ _ _ _ _ _ _ _ _ _ _ _ _ _ _ _ _ _ _ _\ncommon\\BaseFunction.py:33: in waitUntilClick\n    WebDriverWait(driver, 30).until(EC.element_to_be_clickable((By.CSS_SELECTOR, ByCss)))\n_ _ _ _ _ _ _ _ _ _ _ _ _ _ _ _ _ _ _ _ _ _ _ _ _ _ _ _ _ _ _ _ _ _ _ _ _ _ _ _\n\nself = <selenium.webdriver.support.wait.WebDriverWait (session=\"8dfcc27bec9e902cb8b2ed7475278501\")>\nmethod = <selenium.webdriver.support.expected_conditions.element_to_be_clickable object at 0x0000024F4D9CD7F0>\nmessage = ''\n\n    def until(self, method, message=''):\n        \"\"\"Calls the method provided with the driver as an argument until the \\\n        return value is not False.\"\"\"\n        screen = None\n        stacktrace = None\n    \n        end_time = time.time() + self._timeout\n        while True:\n            try:\n                value = method(self._driver)\n                if value:\n                    return value\n            except self._ignored_exceptions as exc:\n                screen = getattr(exc, 'screen', None)\n                stacktrace = getattr(exc, 'stacktrace', None)\n            time.sleep(self._poll)\n            if time.time() > end_time:\n                break\n>       raise TimeoutException(message, screen, stacktrace)\nE       selenium.common.exceptions.TimeoutException: Message:\n\n..\\..\\..\\AppData\\Local\\Programs\\Python\\Python36\\lib\\site-packages\\selenium\\webdriver\\support\\wait.py:80: TimeoutException",
  "flaky" : false,
  "newFailed" : false,
  "beforeStages" : [ ],
  "testStage" : {
    "description" : "测试 http://10.10.128.152:10053/personal/set/certification 个人实名认证",
    "status" : "broken",
    "statusMessage" : "selenium.common.exceptions.TimeoutException: Message:",
    "statusTrace" : "@pytest.mark.run(order=2)\n    @allure.severity(\"blocker\")\n    @allure.description(\"测试 http://10.10.128.152:10053/personal/set/certification 个人实名认证\")\n    @allure.testcase(\"http://10.10.128.152:10053/personal/set/certification\", \"个人实名认证 \uD83D\uDC47\")\n    def test_infoReg():\n        if runMode == 'UI':\n            def_name = sys._getframe().f_code.co_name\n            test_Assert = Assert.Assertions(def_name)\n            logger.info(\"开始执行脚本%s:\\n\", def_name)\n    \n            # 对个人信息企业信息进行删除操作\n            deletePerInforAndComInfor()\n            logger.info(\"对个人信息企业信息进行删除操作\")\n            if jenkins:\n                option = webdriver.ChromeOptions()\n                option.add_argument('headless')  # 浏览器不提供可视化页面\n                option.add_argument('no-sandbox')  # 以最高权限运行\n                option.add_argument('--start-maximized')  # 最大化运行（全屏窗口）设置元素定位比较准确\n                option.add_argument('--disable-gpu')  # 谷歌文档提到需要加上这个属性来规避bug\n                option.add_argument('--window-size=1920,1080')  # 设置浏览器分辨率（窗口大小）\n                driver = webdriver.Chrome(options=option)\n            else:\n                driver = webdriver.Chrome(executable_path=driverPath)\n            driver.maximize_window()\n            driver.get(url_forward)\n    \n            # 登陆页面\n            login(driver)\n    \n            waitUntilDisplay(driver, loginOn.link_home_css.value)\n            sleep(1)\n            homeText = driver.find_element_by_css_selector(loginOn.link_home_css.value)\n    \n            test_Assert.assert_text_ui(homeText.text, '首页')\n            logger.info(\"进入登陆页面\")\n    \n            name = yamldict['test_personalInfoRegList']['name']\n            idNum = yamldict['test_personalInfoRegList']['id_card']\n    \n>           BaseFunction.waitUntilClick(driver, path_personalInfoReg.btn_aut_css.value)\n\ntest_flow\\test_Authentication\\test_personalInfoReg.py:65: \n_ _ _ _ _ _ _ _ _ _ _ _ _ _ _ _ _ _ _ _ _ _ _ _ _ _ _ _ _ _ _ _ _ _ _ _ _ _ _ _\ncommon\\BaseFunction.py:33: in waitUntilClick\n    WebDriverWait(driver, 30).until(EC.element_to_be_clickable((By.CSS_SELECTOR, ByCss)))\n_ _ _ _ _ _ _ _ _ _ _ _ _ _ _ _ _ _ _ _ _ _ _ _ _ _ _ _ _ _ _ _ _ _ _ _ _ _ _ _\n\nself = <selenium.webdriver.support.wait.WebDriverWait (session=\"8dfcc27bec9e902cb8b2ed7475278501\")>\nmethod = <selenium.webdriver.support.expected_conditions.element_to_be_clickable object at 0x0000024F4D9CD7F0>\nmessage = ''\n\n    def until(self, method, message=''):\n        \"\"\"Calls the method provided with the driver as an argument until the \\\n        return value is not False.\"\"\"\n        screen = None\n        stacktrace = None\n    \n        end_time = time.time() + self._timeout\n        while True:\n            try:\n                value = method(self._driver)\n                if value:\n                    return value\n            except self._ignored_exceptions as exc:\n                screen = getattr(exc, 'screen', None)\n                stacktrace = getattr(exc, 'stacktrace', None)\n            time.sleep(self._poll)\n            if time.time() > end_time:\n                break\n>       raise TimeoutException(message, screen, stacktrace)\nE       selenium.common.exceptions.TimeoutException: Message:\n\n..\\..\\..\\AppData\\Local\\Programs\\Python\\Python36\\lib\\site-packages\\selenium\\webdriver\\support\\wait.py:80: TimeoutException",
    "steps" : [ ],
    "attachments" : [ {
      "uid" : "e6589e9843eb92a9",
      "name" : "log",
      "source" : "e6589e9843eb92a9.txt",
      "type" : "text/plain",
      "size" : 367
    }, {
      "uid" : "ffb9cbd32ae32127",
      "name" : "stdout",
      "source" : "ffb9cbd32ae32127.txt",
      "type" : "text/plain",
      "size" : 242
    }, {
      "uid" : "a3d606b0620b3c59",
      "name" : "stderr",
      "source" : "a3d606b0620b3c59.txt",
      "type" : "text/plain",
      "size" : 548
    } ],
    "parameters" : [ ],
    "hasContent" : true,
    "stepsCount" : 0,
    "shouldDisplayMessage" : true,
    "attachmentsCount" : 3
  },
  "afterStages" : [ ],
  "labels" : [ {
    "name" : "severity",
    "value" : "blocker"
  }, {
    "name" : "tag",
    "value" : "run(order=2)"
  }, {
    "name" : "parentSuite",
    "value" : "test_flow.test_Authentication"
  }, {
    "name" : "suite",
    "value" : "test_personalInfoReg"
  }, {
    "name" : "host",
    "value" : "A02-03-00033"
  }, {
    "name" : "thread",
    "value" : "9864-MainThread"
  }, {
    "name" : "framework",
    "value" : "pytest"
  }, {
    "name" : "language",
    "value" : "cpython3"
  }, {
    "name" : "package",
    "value" : "test_flow.test_Authentication.test_personalInfoReg"
  }, {
    "name" : "resultFormat",
    "value" : "allure2"
  } ],
  "parameters" : [ ],
  "links" : [ {
    "name" : "个人实名认证 \uD83D\uDC47",
    "url" : "http://10.10.128.152:10053/personal/set/certification",
    "type" : "test_case"
  } ],
  "hidden" : true,
  "retry" : true,
  "extra" : {
    "categories" : [ ],
    "tags" : [ "run(order=2)" ]
  },
  "source" : "5a42626848680b5b.json",
  "parameterValues" : [ ]
}