{
  "uid" : "67ed800472f0f410",
  "name" : "test_backStageActCreate",
  "fullName" : "test_flow.test_Authentication.test_backStage_authentication#test_backStageActCreate",
  "historyId" : "d85ebd52118862a52004a5c4faaac530",
  "time" : {
    "start" : 1607928771012,
    "stop" : 1607928815532,
    "duration" : 44520
  },
  "description" : "http://10.10.128.152:10052/#/authority/mechanism 后台机构创建",
  "descriptionHtml" : "<p>http://10.10.128.152:10052/#/authority/mechanism 后台机构创建</p>\n",
  "status" : "broken",
  "statusMessage" : "selenium.common.exceptions.TimeoutException: Message:",
  "statusTrace" : "@pytest.mark.run(order=5)\n    @allure.severity(\"blocker\")\n    @allure.description(\"http://10.10.128.152:10052/#/authority/mechanism 后台机构创建\")\n    @allure.testcase(\"http://10.10.128.152:10052/#/authority/mechanism\", \"后台机构创建 \uD83D\uDC47\")\n    def test_backStageActCreate():\n        def_name = sys._getframe().f_code.co_name\n        logger.info(\"开始执行脚本%s:\\n\", def_name)\n        if jenkins:\n            option = webdriver.ChromeOptions()\n            option.add_argument('headless')  # 浏览器不提供可视化页面\n            option.add_argument('no-sandbox')  # 以最高权限运行\n            option.add_argument('--start-maximized')  # 最大化运行（全屏窗口）设置元素定位比较准确\n            option.add_argument('--disable-gpu')  # 谷歌文档提到需要加上这个属性来规避bug\n            option.add_argument('--window-size=1920,1080')  # 设置浏览器分辨率（窗口大小）\n            driver = webdriver.Chrome(options=option)\n        else:\n            driver = webdriver.Chrome(executable_path=driverPath)\n        driver.maximize_window()\n        driver.get(url_back)\n    \n        # 登陆页面\n        backStageLogin(driver, act, pwd, 0)\n        if delete_flag == 0:\n            deleteOrgInfor()\n            logger.info('机构信息DB删除')\n        sleep(2)\n        driver.find_element_by_xpath(path_backStage_authentication.btn_jurisdiction_xpath.value).click()\n        sleep(1)\n        el = driver.find_element_by_xpath(path_backStage_authentication.btn_mechanism_xpath.value)\n        actionChainsClick(driver, el)\n    \n>       waitUntilClick(driver, path_backStage_authentication.btn_addMechanism_css.value)\n\ntest_flow\\test_Authentication\\test_backStage_authentication.py:198: \n_ _ _ _ _ _ _ _ _ _ _ _ _ _ _ _ _ _ _ _ _ _ _ _ _ _ _ _ _ _ _ _ _ _ _ _ _ _ _ _\ncommon\\BaseFunction.py:33: in waitUntilClick\n    WebDriverWait(driver, 30).until(EC.element_to_be_clickable((By.CSS_SELECTOR, ByCss)))\n_ _ _ _ _ _ _ _ _ _ _ _ _ _ _ _ _ _ _ _ _ _ _ _ _ _ _ _ _ _ _ _ _ _ _ _ _ _ _ _\n\nself = <selenium.webdriver.support.wait.WebDriverWait (session=\"b1b81ea1f7fe64a995820f46725ce6c0\")>\nmethod = <selenium.webdriver.support.expected_conditions.element_to_be_clickable object at 0x0000015A7F5E1240>\nmessage = ''\n\n    def until(self, method, message=''):\n        \"\"\"Calls the method provided with the driver as an argument until the \\\n        return value is not False.\"\"\"\n        screen = None\n        stacktrace = None\n    \n        end_time = time.time() + self._timeout\n        while True:\n            try:\n                value = method(self._driver)\n                if value:\n                    return value\n            except self._ignored_exceptions as exc:\n                screen = getattr(exc, 'screen', None)\n                stacktrace = getattr(exc, 'stacktrace', None)\n            time.sleep(self._poll)\n            if time.time() > end_time:\n                break\n>       raise TimeoutException(message, screen, stacktrace)\nE       selenium.common.exceptions.TimeoutException: Message:\n\n..\\..\\..\\AppData\\Local\\Programs\\Python\\Python36\\lib\\site-packages\\selenium\\webdriver\\support\\wait.py:80: TimeoutException",
  "flaky" : false,
  "newFailed" : false,
  "beforeStages" : [ ],
  "testStage" : {
    "description" : "http://10.10.128.152:10052/#/authority/mechanism 后台机构创建",
    "status" : "broken",
    "statusMessage" : "selenium.common.exceptions.TimeoutException: Message:",
    "statusTrace" : "@pytest.mark.run(order=5)\n    @allure.severity(\"blocker\")\n    @allure.description(\"http://10.10.128.152:10052/#/authority/mechanism 后台机构创建\")\n    @allure.testcase(\"http://10.10.128.152:10052/#/authority/mechanism\", \"后台机构创建 \uD83D\uDC47\")\n    def test_backStageActCreate():\n        def_name = sys._getframe().f_code.co_name\n        logger.info(\"开始执行脚本%s:\\n\", def_name)\n        if jenkins:\n            option = webdriver.ChromeOptions()\n            option.add_argument('headless')  # 浏览器不提供可视化页面\n            option.add_argument('no-sandbox')  # 以最高权限运行\n            option.add_argument('--start-maximized')  # 最大化运行（全屏窗口）设置元素定位比较准确\n            option.add_argument('--disable-gpu')  # 谷歌文档提到需要加上这个属性来规避bug\n            option.add_argument('--window-size=1920,1080')  # 设置浏览器分辨率（窗口大小）\n            driver = webdriver.Chrome(options=option)\n        else:\n            driver = webdriver.Chrome(executable_path=driverPath)\n        driver.maximize_window()\n        driver.get(url_back)\n    \n        # 登陆页面\n        backStageLogin(driver, act, pwd, 0)\n        if delete_flag == 0:\n            deleteOrgInfor()\n            logger.info('机构信息DB删除')\n        sleep(2)\n        driver.find_element_by_xpath(path_backStage_authentication.btn_jurisdiction_xpath.value).click()\n        sleep(1)\n        el = driver.find_element_by_xpath(path_backStage_authentication.btn_mechanism_xpath.value)\n        actionChainsClick(driver, el)\n    \n>       waitUntilClick(driver, path_backStage_authentication.btn_addMechanism_css.value)\n\ntest_flow\\test_Authentication\\test_backStage_authentication.py:198: \n_ _ _ _ _ _ _ _ _ _ _ _ _ _ _ _ _ _ _ _ _ _ _ _ _ _ _ _ _ _ _ _ _ _ _ _ _ _ _ _\ncommon\\BaseFunction.py:33: in waitUntilClick\n    WebDriverWait(driver, 30).until(EC.element_to_be_clickable((By.CSS_SELECTOR, ByCss)))\n_ _ _ _ _ _ _ _ _ _ _ _ _ _ _ _ _ _ _ _ _ _ _ _ _ _ _ _ _ _ _ _ _ _ _ _ _ _ _ _\n\nself = <selenium.webdriver.support.wait.WebDriverWait (session=\"b1b81ea1f7fe64a995820f46725ce6c0\")>\nmethod = <selenium.webdriver.support.expected_conditions.element_to_be_clickable object at 0x0000015A7F5E1240>\nmessage = ''\n\n    def until(self, method, message=''):\n        \"\"\"Calls the method provided with the driver as an argument until the \\\n        return value is not False.\"\"\"\n        screen = None\n        stacktrace = None\n    \n        end_time = time.time() + self._timeout\n        while True:\n            try:\n                value = method(self._driver)\n                if value:\n                    return value\n            except self._ignored_exceptions as exc:\n                screen = getattr(exc, 'screen', None)\n                stacktrace = getattr(exc, 'stacktrace', None)\n            time.sleep(self._poll)\n            if time.time() > end_time:\n                break\n>       raise TimeoutException(message, screen, stacktrace)\nE       selenium.common.exceptions.TimeoutException: Message:\n\n..\\..\\..\\AppData\\Local\\Programs\\Python\\Python36\\lib\\site-packages\\selenium\\webdriver\\support\\wait.py:80: TimeoutException",
    "steps" : [ ],
    "attachments" : [ {
      "uid" : "5cf696d4242cf3b0",
      "name" : "log",
      "source" : "5cf696d4242cf3b0.txt",
      "type" : "text/plain",
      "size" : 267
    }, {
      "uid" : "9f32e7e1e2fc9f3d",
      "name" : "stdout",
      "source" : "9f32e7e1e2fc9f3d.txt",
      "type" : "text/plain",
      "size" : 977
    }, {
      "uid" : "1695e64f22b5697e",
      "name" : "stderr",
      "source" : "1695e64f22b5697e.txt",
      "type" : "text/plain",
      "size" : 403
    } ],
    "parameters" : [ ],
    "hasContent" : true,
    "stepsCount" : 0,
    "shouldDisplayMessage" : true,
    "attachmentsCount" : 3
  },
  "afterStages" : [ ],
  "labels" : [ {
    "name" : "severity",
    "value" : "blocker"
  }, {
    "name" : "tag",
    "value" : "run(order=5)"
  }, {
    "name" : "parentSuite",
    "value" : "test_flow.test_Authentication"
  }, {
    "name" : "suite",
    "value" : "test_backStage_authentication"
  }, {
    "name" : "host",
    "value" : "A02-03-00033"
  }, {
    "name" : "thread",
    "value" : "7972-MainThread"
  }, {
    "name" : "framework",
    "value" : "pytest"
  }, {
    "name" : "language",
    "value" : "cpython3"
  }, {
    "name" : "package",
    "value" : "test_flow.test_Authentication.test_backStage_authentication"
  }, {
    "name" : "resultFormat",
    "value" : "allure2"
  } ],
  "parameters" : [ ],
  "links" : [ {
    "name" : "后台机构创建 \uD83D\uDC47",
    "url" : "http://10.10.128.152:10052/#/authority/mechanism",
    "type" : "test_case"
  } ],
  "hidden" : true,
  "retry" : true,
  "extra" : {
    "categories" : [ ],
    "tags" : [ "run(order=5)" ]
  },
  "source" : "67ed800472f0f410.json",
  "parameterValues" : [ ]
}