{
  "uid" : "6eadefa7f024d0c",
  "name" : "test_infoReg",
  "fullName" : "test_flow.test_Authentication.test_personalInfoReg#test_infoReg",
  "historyId" : "28dda5313ff182aeade3becf47df4372",
  "time" : {
    "start" : 1600765901417,
    "stop" : 1600765942785,
    "duration" : 41368
  },
  "description" : "测试 http://10.10.128.152:10053/personal/set/certification 个人实名认证",
  "descriptionHtml" : "<p>测试 http://10.10.128.152:10053/personal/set/certification 个人实名认证</p>\n",
  "status" : "broken",
  "statusMessage" : "selenium.common.exceptions.TimeoutException: Message:",
  "statusTrace" : "@pytest.mark.run(order=2)\n    @allure.severity(\"blocker\")\n    @allure.description(\"测试 http://10.10.128.152:10053/personal/set/certification 个人实名认证\")\n    @allure.testcase(\"http://10.10.128.152:10053/personal/set/certification\", \"个人实名认证 \uD83D\uDC47\")\n    def test_infoReg():\n        def_name = sys._getframe().f_code.co_name\n        test_Assert = Assert.Assertions(def_name)\n        logger.info(\"开始执行脚本%s:\\n\", def_name)\n    \n        # 对个人信息企业信息进行删除操作\n        deletePerInforAndComInfor()\n        logger.info(\"对个人信息企业信息进行删除操作\")\n    \n        driver = webdriver.Chrome()\n        driver.maximize_window()\n        driver.get(url_forward)\n    \n        # 登陆页面\n        login(driver)\n    \n        waitUntilDisplay(driver, loginOn.link_home_css.value)\n        sleep(1)\n        homeText = driver.find_element_by_css_selector(loginOn.link_home_css.value)\n    \n        test_Assert.assert_text_ui(homeText.text, '首页')\n        logger.info(\"进入登陆页面\")\n    \n>       waitUntilDisplay(driver, path_personalInfoReg.txt_aut_css.value)\n\ntest_flow\\test_Authentication\\test_personalInfoReg.py:53: \n_ _ _ _ _ _ _ _ _ _ _ _ _ _ _ _ _ _ _ _ _ _ _ _ _ _ _ _ _ _ _ _ _ _ _ _ _ _ _ _\ncommon\\BaseFunction.py:14: in waitUntilDisplay\n    WebDriverWait(driver, 30).until(EC.visibility_of_element_located((By.CSS_SELECTOR, ByCss)))\n_ _ _ _ _ _ _ _ _ _ _ _ _ _ _ _ _ _ _ _ _ _ _ _ _ _ _ _ _ _ _ _ _ _ _ _ _ _ _ _\n\nself = <selenium.webdriver.support.wait.WebDriverWait (session=\"b2cc63adcab2b277092be84fc5881dcb\")>\nmethod = <selenium.webdriver.support.expected_conditions.visibility_of_element_located object at 0x0000029D773FC358>\nmessage = ''\n\n    def until(self, method, message=''):\n        \"\"\"Calls the method provided with the driver as an argument until the \\\n        return value is not False.\"\"\"\n        screen = None\n        stacktrace = None\n    \n        end_time = time.time() + self._timeout\n        while True:\n            try:\n                value = method(self._driver)\n                if value:\n                    return value\n            except self._ignored_exceptions as exc:\n                screen = getattr(exc, 'screen', None)\n                stacktrace = getattr(exc, 'stacktrace', None)\n            time.sleep(self._poll)\n            if time.time() > end_time:\n                break\n>       raise TimeoutException(message, screen, stacktrace)\nE       selenium.common.exceptions.TimeoutException: Message:\n\n..\\..\\..\\AppData\\Local\\Programs\\Python\\Python36\\lib\\site-packages\\selenium\\webdriver\\support\\wait.py:80: TimeoutException",
  "flaky" : false,
  "newFailed" : false,
  "beforeStages" : [ ],
  "testStage" : {
    "description" : "测试 http://10.10.128.152:10053/personal/set/certification 个人实名认证",
    "status" : "broken",
    "statusMessage" : "selenium.common.exceptions.TimeoutException: Message:",
    "statusTrace" : "@pytest.mark.run(order=2)\n    @allure.severity(\"blocker\")\n    @allure.description(\"测试 http://10.10.128.152:10053/personal/set/certification 个人实名认证\")\n    @allure.testcase(\"http://10.10.128.152:10053/personal/set/certification\", \"个人实名认证 \uD83D\uDC47\")\n    def test_infoReg():\n        def_name = sys._getframe().f_code.co_name\n        test_Assert = Assert.Assertions(def_name)\n        logger.info(\"开始执行脚本%s:\\n\", def_name)\n    \n        # 对个人信息企业信息进行删除操作\n        deletePerInforAndComInfor()\n        logger.info(\"对个人信息企业信息进行删除操作\")\n    \n        driver = webdriver.Chrome()\n        driver.maximize_window()\n        driver.get(url_forward)\n    \n        # 登陆页面\n        login(driver)\n    \n        waitUntilDisplay(driver, loginOn.link_home_css.value)\n        sleep(1)\n        homeText = driver.find_element_by_css_selector(loginOn.link_home_css.value)\n    \n        test_Assert.assert_text_ui(homeText.text, '首页')\n        logger.info(\"进入登陆页面\")\n    \n>       waitUntilDisplay(driver, path_personalInfoReg.txt_aut_css.value)\n\ntest_flow\\test_Authentication\\test_personalInfoReg.py:53: \n_ _ _ _ _ _ _ _ _ _ _ _ _ _ _ _ _ _ _ _ _ _ _ _ _ _ _ _ _ _ _ _ _ _ _ _ _ _ _ _\ncommon\\BaseFunction.py:14: in waitUntilDisplay\n    WebDriverWait(driver, 30).until(EC.visibility_of_element_located((By.CSS_SELECTOR, ByCss)))\n_ _ _ _ _ _ _ _ _ _ _ _ _ _ _ _ _ _ _ _ _ _ _ _ _ _ _ _ _ _ _ _ _ _ _ _ _ _ _ _\n\nself = <selenium.webdriver.support.wait.WebDriverWait (session=\"b2cc63adcab2b277092be84fc5881dcb\")>\nmethod = <selenium.webdriver.support.expected_conditions.visibility_of_element_located object at 0x0000029D773FC358>\nmessage = ''\n\n    def until(self, method, message=''):\n        \"\"\"Calls the method provided with the driver as an argument until the \\\n        return value is not False.\"\"\"\n        screen = None\n        stacktrace = None\n    \n        end_time = time.time() + self._timeout\n        while True:\n            try:\n                value = method(self._driver)\n                if value:\n                    return value\n            except self._ignored_exceptions as exc:\n                screen = getattr(exc, 'screen', None)\n                stacktrace = getattr(exc, 'stacktrace', None)\n            time.sleep(self._poll)\n            if time.time() > end_time:\n                break\n>       raise TimeoutException(message, screen, stacktrace)\nE       selenium.common.exceptions.TimeoutException: Message:\n\n..\\..\\..\\AppData\\Local\\Programs\\Python\\Python36\\lib\\site-packages\\selenium\\webdriver\\support\\wait.py:80: TimeoutException",
    "steps" : [ ],
    "attachments" : [ {
      "uid" : "6f1706012aa5e7c9",
      "name" : "log",
      "source" : "6f1706012aa5e7c9.txt",
      "type" : "text/plain",
      "size" : 367
    }, {
      "uid" : "e049a5399f8d85ef",
      "name" : "stdout",
      "source" : "e049a5399f8d85ef.txt",
      "type" : "text/plain",
      "size" : 248
    }, {
      "uid" : "28bcd79f35cc401a",
      "name" : "stderr",
      "source" : "28bcd79f35cc401a.txt",
      "type" : "text/plain",
      "size" : 548
    } ],
    "parameters" : [ ],
    "shouldDisplayMessage" : true,
    "attachmentsCount" : 3,
    "hasContent" : true,
    "stepsCount" : 0
  },
  "afterStages" : [ ],
  "labels" : [ {
    "name" : "severity",
    "value" : "blocker"
  }, {
    "name" : "tag",
    "value" : "run(order=2)"
  }, {
    "name" : "parentSuite",
    "value" : "test_flow.test_Authentication"
  }, {
    "name" : "suite",
    "value" : "test_personalInfoReg"
  }, {
    "name" : "host",
    "value" : "A02-03-00033"
  }, {
    "name" : "thread",
    "value" : "19264-MainThread"
  }, {
    "name" : "framework",
    "value" : "pytest"
  }, {
    "name" : "language",
    "value" : "cpython3"
  }, {
    "name" : "package",
    "value" : "test_flow.test_Authentication.test_personalInfoReg"
  }, {
    "name" : "resultFormat",
    "value" : "allure2"
  } ],
  "parameters" : [ ],
  "links" : [ {
    "name" : "个人实名认证 \uD83D\uDC47",
    "url" : "http://10.10.128.152:10053/personal/set/certification",
    "type" : "test_case"
  } ],
  "hidden" : true,
  "retry" : true,
  "extra" : {
    "categories" : [ ],
    "tags" : [ "run(order=2)" ]
  },
  "source" : "6eadefa7f024d0c.json",
  "parameterValues" : [ ]
}