{
  "uid" : "701a8bffd7f44ef3",
  "name" : "test_backStageActCreate",
  "fullName" : "test_flow.test_Authentication.test_backStage_authentication#test_backStageActCreate",
  "historyId" : "d85ebd52118862a52004a5c4faaac530",
  "time" : {
    "start" : 1600656352400,
    "stop" : 1600656367611,
    "duration" : 15211
  },
  "description" : "http://10.10.128.152:10052/#/authority/mechanism 后台机构创建",
  "descriptionHtml" : "<p>http://10.10.128.152:10052/#/authority/mechanism 后台机构创建</p>\n",
  "status" : "broken",
  "statusMessage" : "selenium.common.exceptions.NoSuchElementException: Message: no such element: Unable to locate element: {\"method\":\"css selector\",\"selector\":\"body > div:nth-child(6) > div > div.ant-modal-wrap > div > div.ant-modal-content > div.ant-modal-body > form > div:nth-child(1) > div > div > div.ant-col.ant-col-14.ant-form-item-control-wrapper > div > span > input\"}\n  (Session info: chrome=74.0.3729.108)\n  (Driver info: chromedriver=74.0.3729.6 (255758eccf3d244491b8a1317aa76e1ce10d57e9-refs/branch-heads/3729@{#29}),platform=Windows NT 10.0.18362 x86_64)",
  "statusTrace" : "@pytest.mark.run(order=5)\n    @allure.severity(\"blocker\")\n    @allure.description(\"http://10.10.128.152:10052/#/authority/mechanism 后台机构创建\")\n    @allure.testcase(\"http://10.10.128.152:10052/#/authority/mechanism\", \"后台机构创建 \uD83D\uDC47\")\n    def test_backStageActCreate():\n        def_name = sys._getframe().f_code.co_name\n        logger.info(\"开始执行脚本%s:\\n\", def_name)\n    \n        driver = webdriver.Chrome()\n        driver.maximize_window()\n        driver.get(url_back)\n    \n        # 登陆页面\n        backStageLogin(driver, act, pwd, 0)\n        if delete_flag == 0:\n            deleteOrgInfor()\n            logger.info('机构信息DB删除')\n        sleep(2)\n        driver.find_element_by_xpath(path_backStage_authentication.btn_jurisdiction_xpath.value).click()\n        sleep(1)\n        el = driver.find_element_by_xpath(path_backStage_authentication.btn_mechanism_xpath.value)\n        actionChainsClick(driver, el)\n    \n        waitUntilClick(driver, path_backStage_authentication.btn_addMechanism_css.value)\n    \n        # 创建担保公司机构\n>       createInstitutions(driver, autoTest_RiskName, 0)\n\ntest_flow\\test_Authentication\\test_backStage_authentication.py:189: \n_ _ _ _ _ _ _ _ _ _ _ _ _ _ _ _ _ _ _ _ _ _ _ _ _ _ _ _ _ _ _ _ _ _ _ _ _ _ _ _\ntest_flow\\test_Authentication\\test_backStage_authentication.py:304: in createInstitutions\n    driver.find_element_by_css_selector(path_backStage_authentication.input_MechanismName_css.value).send_keys(\n..\\venv\\lib\\site-packages\\selenium\\webdriver\\remote\\webdriver.py:598: in find_element_by_css_selector\n    return self.find_element(by=By.CSS_SELECTOR, value=css_selector)\n..\\venv\\lib\\site-packages\\selenium\\webdriver\\remote\\webdriver.py:976: in find_element\n    return self.execute(Command.FIND_ELEMENT, {\n..\\venv\\lib\\site-packages\\selenium\\webdriver\\remote\\webdriver.py:321: in execute\n    self.error_handler.check_response(response)\n_ _ _ _ _ _ _ _ _ _ _ _ _ _ _ _ _ _ _ _ _ _ _ _ _ _ _ _ _ _ _ _ _ _ _ _ _ _ _ _\n\nself = <selenium.webdriver.remote.errorhandler.ErrorHandler object at 0x0000013B4CCA20D0>\nresponse = {'sessionId': 'a984119e7523bc5e35bdb4bf3a690f09', 'status': 7, 'value': {'message': 'no such element: Unable to locate...729.6 (255758eccf3d244491b8a1317aa76e1ce10d57e9-refs/branch-heads/3729@{#29}),platform=Windows NT 10.0.18362 x86_64)'}}\n\n    def check_response(self, response):\n        \"\"\"\n        Checks that a JSON response from the WebDriver does not have an error.\n    \n        :Args:\n         - response - The JSON response from the WebDriver server as a dictionary\n           object.\n    \n        :Raises: If the response contains an error message.\n        \"\"\"\n        status = response.get('status', None)\n        if status is None or status == ErrorCode.SUCCESS:\n            return\n        value = None\n        message = response.get(\"message\", \"\")\n        screen = response.get(\"screen\", \"\")\n        stacktrace = None\n        if isinstance(status, int):\n            value_json = response.get('value', None)\n            if value_json and isinstance(value_json, basestring):\n                import json\n                try:\n                    value = json.loads(value_json)\n                    if len(value.keys()) == 1:\n                        value = value['value']\n                    status = value.get('error', None)\n                    if status is None:\n                        status = value[\"status\"]\n                        message = value[\"value\"]\n                        if not isinstance(message, basestring):\n                            value = message\n                            message = message.get('message')\n                    else:\n                        message = value.get('message', None)\n                except ValueError:\n                    pass\n    \n        exception_class = ErrorInResponseException\n        if status in ErrorCode.NO_SUCH_ELEMENT:\n            exception_class = NoSuchElementException\n        elif status in ErrorCode.NO_SUCH_FRAME:\n            exception_class = NoSuchFrameException\n        elif status in ErrorCode.NO_SUCH_WINDOW:\n            exception_class = NoSuchWindowException\n        elif status in ErrorCode.STALE_ELEMENT_REFERENCE:\n            exception_class = StaleElementReferenceException\n        elif status in ErrorCode.ELEMENT_NOT_VISIBLE:\n            exception_class = ElementNotVisibleException\n        elif status in ErrorCode.INVALID_ELEMENT_STATE:\n            exception_class = InvalidElementStateException\n        elif status in ErrorCode.INVALID_SELECTOR \\\n                or status in ErrorCode.INVALID_XPATH_SELECTOR \\\n                or status in ErrorCode.INVALID_XPATH_SELECTOR_RETURN_TYPER:\n            exception_class = InvalidSelectorException\n        elif status in ErrorCode.ELEMENT_IS_NOT_SELECTABLE:\n            exception_class = ElementNotSelectableException\n        elif status in ErrorCode.ELEMENT_NOT_INTERACTABLE:\n            exception_class = ElementNotInteractableException\n        elif status in ErrorCode.INVALID_COOKIE_DOMAIN:\n            exception_class = InvalidCookieDomainException\n        elif status in ErrorCode.UNABLE_TO_SET_COOKIE:\n            exception_class = UnableToSetCookieException\n        elif status in ErrorCode.TIMEOUT:\n            exception_class = TimeoutException\n        elif status in ErrorCode.SCRIPT_TIMEOUT:\n            exception_class = TimeoutException\n        elif status in ErrorCode.UNKNOWN_ERROR:\n            exception_class = WebDriverException\n        elif status in ErrorCode.UNEXPECTED_ALERT_OPEN:\n            exception_class = UnexpectedAlertPresentException\n        elif status in ErrorCode.NO_ALERT_OPEN:\n            exception_class = NoAlertPresentException\n        elif status in ErrorCode.IME_NOT_AVAILABLE:\n            exception_class = ImeNotAvailableException\n        elif status in ErrorCode.IME_ENGINE_ACTIVATION_FAILED:\n            exception_class = ImeActivationFailedException\n        elif status in ErrorCode.MOVE_TARGET_OUT_OF_BOUNDS:\n            exception_class = MoveTargetOutOfBoundsException\n        elif status in ErrorCode.JAVASCRIPT_ERROR:\n            exception_class = JavascriptException\n        elif status in ErrorCode.SESSION_NOT_CREATED:\n            exception_class = SessionNotCreatedException\n        elif status in ErrorCode.INVALID_ARGUMENT:\n            exception_class = InvalidArgumentException\n        elif status in ErrorCode.NO_SUCH_COOKIE:\n            exception_class = NoSuchCookieException\n        elif status in ErrorCode.UNABLE_TO_CAPTURE_SCREEN:\n            exception_class = ScreenshotException\n        elif status in ErrorCode.ELEMENT_CLICK_INTERCEPTED:\n            exception_class = ElementClickInterceptedException\n        elif status in ErrorCode.INSECURE_CERTIFICATE:\n            exception_class = InsecureCertificateException\n        elif status in ErrorCode.INVALID_COORDINATES:\n            exception_class = InvalidCoordinatesException\n        elif status in ErrorCode.INVALID_SESSION_ID:\n            exception_class = InvalidSessionIdException\n        elif status in ErrorCode.UNKNOWN_METHOD:\n            exception_class = UnknownMethodException\n        else:\n            exception_class = WebDriverException\n        if value == '' or value is None:\n            value = response['value']\n        if isinstance(value, basestring):\n            if exception_class == ErrorInResponseException:\n                raise exception_class(response, value)\n            raise exception_class(value)\n        if message == \"\" and 'message' in value:\n            message = value['message']\n    \n        screen = None\n        if 'screen' in value:\n            screen = value['screen']\n    \n        stacktrace = None\n        if 'stackTrace' in value and value['stackTrace']:\n            stacktrace = []\n            try:\n                for frame in value['stackTrace']:\n                    line = self._value_or_default(frame, 'lineNumber', '')\n                    file = self._value_or_default(frame, 'fileName', '<anonymous>')\n                    if line:\n                        file = \"%s:%s\" % (file, line)\n                    meth = self._value_or_default(frame, 'methodName', '<anonymous>')\n                    if 'className' in frame:\n                        meth = \"%s.%s\" % (frame['className'], meth)\n                    msg = \"    at %s (%s)\"\n                    msg = msg % (meth, file)\n                    stacktrace.append(msg)\n            except TypeError:\n                pass\n        if exception_class == ErrorInResponseException:\n            raise exception_class(response, message)\n        elif exception_class == UnexpectedAlertPresentException:\n            alert_text = None\n            if 'data' in value:\n                alert_text = value['data'].get('text')\n            elif 'alert' in value:\n                alert_text = value['alert'].get('text')\n            raise exception_class(message, screen, stacktrace, alert_text)\n>       raise exception_class(message, screen, stacktrace)\nE       selenium.common.exceptions.NoSuchElementException: Message: no such element: Unable to locate element: {\"method\":\"css selector\",\"selector\":\"body > div:nth-child(6) > div > div.ant-modal-wrap > div > div.ant-modal-content > div.ant-modal-body > form > div:nth-child(1) > div > div > div.ant-col.ant-col-14.ant-form-item-control-wrapper > div > span > input\"}\nE         (Session info: chrome=74.0.3729.108)\nE         (Driver info: chromedriver=74.0.3729.6 (255758eccf3d244491b8a1317aa76e1ce10d57e9-refs/branch-heads/3729@{#29}),platform=Windows NT 10.0.18362 x86_64)\n\n..\\venv\\lib\\site-packages\\selenium\\webdriver\\remote\\errorhandler.py:242: NoSuchElementException",
  "flaky" : false,
  "newFailed" : false,
  "beforeStages" : [ ],
  "testStage" : {
    "description" : "http://10.10.128.152:10052/#/authority/mechanism 后台机构创建",
    "status" : "broken",
    "statusMessage" : "selenium.common.exceptions.NoSuchElementException: Message: no such element: Unable to locate element: {\"method\":\"css selector\",\"selector\":\"body > div:nth-child(6) > div > div.ant-modal-wrap > div > div.ant-modal-content > div.ant-modal-body > form > div:nth-child(1) > div > div > div.ant-col.ant-col-14.ant-form-item-control-wrapper > div > span > input\"}\n  (Session info: chrome=74.0.3729.108)\n  (Driver info: chromedriver=74.0.3729.6 (255758eccf3d244491b8a1317aa76e1ce10d57e9-refs/branch-heads/3729@{#29}),platform=Windows NT 10.0.18362 x86_64)",
    "statusTrace" : "@pytest.mark.run(order=5)\n    @allure.severity(\"blocker\")\n    @allure.description(\"http://10.10.128.152:10052/#/authority/mechanism 后台机构创建\")\n    @allure.testcase(\"http://10.10.128.152:10052/#/authority/mechanism\", \"后台机构创建 \uD83D\uDC47\")\n    def test_backStageActCreate():\n        def_name = sys._getframe().f_code.co_name\n        logger.info(\"开始执行脚本%s:\\n\", def_name)\n    \n        driver = webdriver.Chrome()\n        driver.maximize_window()\n        driver.get(url_back)\n    \n        # 登陆页面\n        backStageLogin(driver, act, pwd, 0)\n        if delete_flag == 0:\n            deleteOrgInfor()\n            logger.info('机构信息DB删除')\n        sleep(2)\n        driver.find_element_by_xpath(path_backStage_authentication.btn_jurisdiction_xpath.value).click()\n        sleep(1)\n        el = driver.find_element_by_xpath(path_backStage_authentication.btn_mechanism_xpath.value)\n        actionChainsClick(driver, el)\n    \n        waitUntilClick(driver, path_backStage_authentication.btn_addMechanism_css.value)\n    \n        # 创建担保公司机构\n>       createInstitutions(driver, autoTest_RiskName, 0)\n\ntest_flow\\test_Authentication\\test_backStage_authentication.py:189: \n_ _ _ _ _ _ _ _ _ _ _ _ _ _ _ _ _ _ _ _ _ _ _ _ _ _ _ _ _ _ _ _ _ _ _ _ _ _ _ _\ntest_flow\\test_Authentication\\test_backStage_authentication.py:304: in createInstitutions\n    driver.find_element_by_css_selector(path_backStage_authentication.input_MechanismName_css.value).send_keys(\n..\\venv\\lib\\site-packages\\selenium\\webdriver\\remote\\webdriver.py:598: in find_element_by_css_selector\n    return self.find_element(by=By.CSS_SELECTOR, value=css_selector)\n..\\venv\\lib\\site-packages\\selenium\\webdriver\\remote\\webdriver.py:976: in find_element\n    return self.execute(Command.FIND_ELEMENT, {\n..\\venv\\lib\\site-packages\\selenium\\webdriver\\remote\\webdriver.py:321: in execute\n    self.error_handler.check_response(response)\n_ _ _ _ _ _ _ _ _ _ _ _ _ _ _ _ _ _ _ _ _ _ _ _ _ _ _ _ _ _ _ _ _ _ _ _ _ _ _ _\n\nself = <selenium.webdriver.remote.errorhandler.ErrorHandler object at 0x0000013B4CCA20D0>\nresponse = {'sessionId': 'a984119e7523bc5e35bdb4bf3a690f09', 'status': 7, 'value': {'message': 'no such element: Unable to locate...729.6 (255758eccf3d244491b8a1317aa76e1ce10d57e9-refs/branch-heads/3729@{#29}),platform=Windows NT 10.0.18362 x86_64)'}}\n\n    def check_response(self, response):\n        \"\"\"\n        Checks that a JSON response from the WebDriver does not have an error.\n    \n        :Args:\n         - response - The JSON response from the WebDriver server as a dictionary\n           object.\n    \n        :Raises: If the response contains an error message.\n        \"\"\"\n        status = response.get('status', None)\n        if status is None or status == ErrorCode.SUCCESS:\n            return\n        value = None\n        message = response.get(\"message\", \"\")\n        screen = response.get(\"screen\", \"\")\n        stacktrace = None\n        if isinstance(status, int):\n            value_json = response.get('value', None)\n            if value_json and isinstance(value_json, basestring):\n                import json\n                try:\n                    value = json.loads(value_json)\n                    if len(value.keys()) == 1:\n                        value = value['value']\n                    status = value.get('error', None)\n                    if status is None:\n                        status = value[\"status\"]\n                        message = value[\"value\"]\n                        if not isinstance(message, basestring):\n                            value = message\n                            message = message.get('message')\n                    else:\n                        message = value.get('message', None)\n                except ValueError:\n                    pass\n    \n        exception_class = ErrorInResponseException\n        if status in ErrorCode.NO_SUCH_ELEMENT:\n            exception_class = NoSuchElementException\n        elif status in ErrorCode.NO_SUCH_FRAME:\n            exception_class = NoSuchFrameException\n        elif status in ErrorCode.NO_SUCH_WINDOW:\n            exception_class = NoSuchWindowException\n        elif status in ErrorCode.STALE_ELEMENT_REFERENCE:\n            exception_class = StaleElementReferenceException\n        elif status in ErrorCode.ELEMENT_NOT_VISIBLE:\n            exception_class = ElementNotVisibleException\n        elif status in ErrorCode.INVALID_ELEMENT_STATE:\n            exception_class = InvalidElementStateException\n        elif status in ErrorCode.INVALID_SELECTOR \\\n                or status in ErrorCode.INVALID_XPATH_SELECTOR \\\n                or status in ErrorCode.INVALID_XPATH_SELECTOR_RETURN_TYPER:\n            exception_class = InvalidSelectorException\n        elif status in ErrorCode.ELEMENT_IS_NOT_SELECTABLE:\n            exception_class = ElementNotSelectableException\n        elif status in ErrorCode.ELEMENT_NOT_INTERACTABLE:\n            exception_class = ElementNotInteractableException\n        elif status in ErrorCode.INVALID_COOKIE_DOMAIN:\n            exception_class = InvalidCookieDomainException\n        elif status in ErrorCode.UNABLE_TO_SET_COOKIE:\n            exception_class = UnableToSetCookieException\n        elif status in ErrorCode.TIMEOUT:\n            exception_class = TimeoutException\n        elif status in ErrorCode.SCRIPT_TIMEOUT:\n            exception_class = TimeoutException\n        elif status in ErrorCode.UNKNOWN_ERROR:\n            exception_class = WebDriverException\n        elif status in ErrorCode.UNEXPECTED_ALERT_OPEN:\n            exception_class = UnexpectedAlertPresentException\n        elif status in ErrorCode.NO_ALERT_OPEN:\n            exception_class = NoAlertPresentException\n        elif status in ErrorCode.IME_NOT_AVAILABLE:\n            exception_class = ImeNotAvailableException\n        elif status in ErrorCode.IME_ENGINE_ACTIVATION_FAILED:\n            exception_class = ImeActivationFailedException\n        elif status in ErrorCode.MOVE_TARGET_OUT_OF_BOUNDS:\n            exception_class = MoveTargetOutOfBoundsException\n        elif status in ErrorCode.JAVASCRIPT_ERROR:\n            exception_class = JavascriptException\n        elif status in ErrorCode.SESSION_NOT_CREATED:\n            exception_class = SessionNotCreatedException\n        elif status in ErrorCode.INVALID_ARGUMENT:\n            exception_class = InvalidArgumentException\n        elif status in ErrorCode.NO_SUCH_COOKIE:\n            exception_class = NoSuchCookieException\n        elif status in ErrorCode.UNABLE_TO_CAPTURE_SCREEN:\n            exception_class = ScreenshotException\n        elif status in ErrorCode.ELEMENT_CLICK_INTERCEPTED:\n            exception_class = ElementClickInterceptedException\n        elif status in ErrorCode.INSECURE_CERTIFICATE:\n            exception_class = InsecureCertificateException\n        elif status in ErrorCode.INVALID_COORDINATES:\n            exception_class = InvalidCoordinatesException\n        elif status in ErrorCode.INVALID_SESSION_ID:\n            exception_class = InvalidSessionIdException\n        elif status in ErrorCode.UNKNOWN_METHOD:\n            exception_class = UnknownMethodException\n        else:\n            exception_class = WebDriverException\n        if value == '' or value is None:\n            value = response['value']\n        if isinstance(value, basestring):\n            if exception_class == ErrorInResponseException:\n                raise exception_class(response, value)\n            raise exception_class(value)\n        if message == \"\" and 'message' in value:\n            message = value['message']\n    \n        screen = None\n        if 'screen' in value:\n            screen = value['screen']\n    \n        stacktrace = None\n        if 'stackTrace' in value and value['stackTrace']:\n            stacktrace = []\n            try:\n                for frame in value['stackTrace']:\n                    line = self._value_or_default(frame, 'lineNumber', '')\n                    file = self._value_or_default(frame, 'fileName', '<anonymous>')\n                    if line:\n                        file = \"%s:%s\" % (file, line)\n                    meth = self._value_or_default(frame, 'methodName', '<anonymous>')\n                    if 'className' in frame:\n                        meth = \"%s.%s\" % (frame['className'], meth)\n                    msg = \"    at %s (%s)\"\n                    msg = msg % (meth, file)\n                    stacktrace.append(msg)\n            except TypeError:\n                pass\n        if exception_class == ErrorInResponseException:\n            raise exception_class(response, message)\n        elif exception_class == UnexpectedAlertPresentException:\n            alert_text = None\n            if 'data' in value:\n                alert_text = value['data'].get('text')\n            elif 'alert' in value:\n                alert_text = value['alert'].get('text')\n            raise exception_class(message, screen, stacktrace, alert_text)\n>       raise exception_class(message, screen, stacktrace)\nE       selenium.common.exceptions.NoSuchElementException: Message: no such element: Unable to locate element: {\"method\":\"css selector\",\"selector\":\"body > div:nth-child(6) > div > div.ant-modal-wrap > div > div.ant-modal-content > div.ant-modal-body > form > div:nth-child(1) > div > div > div.ant-col.ant-col-14.ant-form-item-control-wrapper > div > span > input\"}\nE         (Session info: chrome=74.0.3729.108)\nE         (Driver info: chromedriver=74.0.3729.6 (255758eccf3d244491b8a1317aa76e1ce10d57e9-refs/branch-heads/3729@{#29}),platform=Windows NT 10.0.18362 x86_64)\n\n..\\venv\\lib\\site-packages\\selenium\\webdriver\\remote\\errorhandler.py:242: NoSuchElementException",
    "steps" : [ ],
    "attachments" : [ {
      "uid" : "1aea17abe08a7779",
      "name" : "log",
      "source" : "1aea17abe08a7779.txt",
      "type" : "text/plain",
      "size" : 267
    }, {
      "uid" : "757a21bf489d45ac",
      "name" : "stdout",
      "source" : "757a21bf489d45ac.txt",
      "type" : "text/plain",
      "size" : 975
    }, {
      "uid" : "928ad5ec54a684d0",
      "name" : "stderr",
      "source" : "928ad5ec54a684d0.txt",
      "type" : "text/plain",
      "size" : 403
    } ],
    "parameters" : [ ],
    "hasContent" : true,
    "stepsCount" : 0,
    "shouldDisplayMessage" : true,
    "attachmentsCount" : 3
  },
  "afterStages" : [ ],
  "labels" : [ {
    "name" : "severity",
    "value" : "blocker"
  }, {
    "name" : "tag",
    "value" : "run(order=5)"
  }, {
    "name" : "parentSuite",
    "value" : "test_flow.test_Authentication"
  }, {
    "name" : "suite",
    "value" : "test_backStage_authentication"
  }, {
    "name" : "host",
    "value" : "A02-03-00033"
  }, {
    "name" : "thread",
    "value" : "4176-MainThread"
  }, {
    "name" : "framework",
    "value" : "pytest"
  }, {
    "name" : "language",
    "value" : "cpython3"
  }, {
    "name" : "package",
    "value" : "test_flow.test_Authentication.test_backStage_authentication"
  }, {
    "name" : "resultFormat",
    "value" : "allure2"
  } ],
  "parameters" : [ ],
  "links" : [ {
    "name" : "后台机构创建 \uD83D\uDC47",
    "url" : "http://10.10.128.152:10052/#/authority/mechanism",
    "type" : "test_case"
  } ],
  "hidden" : false,
  "retry" : false,
  "extra" : {
    "severity" : "blocker",
    "retries" : [ {
      "uid" : "ea41e6cf5da0a8da",
      "status" : "broken",
      "statusDetails" : "selenium.common.exceptions.NoSuchElementException: Message: no such element: Unable to locate element: {\"method\":\"css selector\",\"selector\":\"body > div:nth-child(6) > div > div.ant-modal-wrap > div > div.ant-modal-content > div.ant-modal-body > form > div:nth-child(1) > div > div > div.ant-col.ant-col-14.ant-form-item-control-wrapper > div > span > input\"}\n  (Session info: chrome=74.0.3729.108)\n  (Driver info: chromedriver=74.0.3729.6 (255758eccf3d244491b8a1317aa76e1ce10d57e9-refs/branch-heads/3729@{#29}),platform=Windows NT 10.0.18362 x86_64)",
      "time" : {
        "start" : 1600421550924,
        "stop" : 1600421566128,
        "duration" : 15204
      }
    }, {
      "uid" : "57999b81bb4fae9c",
      "status" : "broken",
      "statusDetails" : "selenium.common.exceptions.NoSuchElementException: Message: no such element: Unable to locate element: {\"method\":\"css selector\",\"selector\":\"body > div:nth-child(6) > div > div.ant-modal-wrap > div > div.ant-modal-content > div.ant-modal-body > form > div:nth-child(1) > div > div > div.ant-col.ant-col-14.ant-form-item-control-wrapper > div > span > input\"}\n  (Session info: chrome=74.0.3729.108)\n  (Driver info: chromedriver=74.0.3729.6 (255758eccf3d244491b8a1317aa76e1ce10d57e9-refs/branch-heads/3729@{#29}),platform=Windows NT 10.0.18362 x86_64)",
      "time" : {
        "start" : 1600421198717,
        "stop" : 1600421214009,
        "duration" : 15292
      }
    }, {
      "uid" : "6dbcf9d1f4366b3c",
      "status" : "broken",
      "statusDetails" : "selenium.common.exceptions.NoSuchElementException: Message: no such element: Unable to locate element: {\"method\":\"css selector\",\"selector\":\"body > div:nth-child(6) > div > div.ant-modal-wrap > div > div.ant-modal-content > div.ant-modal-body > form > div:nth-child(1) > div > div > div.ant-col.ant-col-14.ant-form-item-control-wrapper > div > span > input\"}\n  (Session info: chrome=74.0.3729.108)\n  (Driver info: chromedriver=74.0.3729.6 (255758eccf3d244491b8a1317aa76e1ce10d57e9-refs/branch-heads/3729@{#29}),platform=Windows NT 10.0.18362 x86_64)",
      "time" : {
        "start" : 1600420512403,
        "stop" : 1600420527745,
        "duration" : 15342
      }
    }, {
      "uid" : "b7f61539c1ac76eb",
      "status" : "broken",
      "statusDetails" : "selenium.common.exceptions.NoSuchElementException: Message: no such element: Unable to locate element: {\"method\":\"css selector\",\"selector\":\"body > div:nth-child(6) > div > div.ant-modal-wrap > div > div.ant-modal-content > div.ant-modal-body > form > div:nth-child(1) > div > div > div.ant-col.ant-col-14.ant-form-item-control-wrapper > div > span > input\"}\n  (Session info: chrome=74.0.3729.108)\n  (Driver info: chromedriver=74.0.3729.6 (255758eccf3d244491b8a1317aa76e1ce10d57e9-refs/branch-heads/3729@{#29}),platform=Windows NT 10.0.18362 x86_64)",
      "time" : {
        "start" : 1600418970345,
        "stop" : 1600418985703,
        "duration" : 15358
      }
    }, {
      "uid" : "c515160fca283a18",
      "status" : "broken",
      "statusDetails" : "selenium.common.exceptions.NoSuchElementException: Message: no such element: Unable to locate element: {\"method\":\"css selector\",\"selector\":\"body > div:nth-child(6) > div > div.ant-modal-wrap > div > div.ant-modal-content > div.ant-modal-body > form > div:nth-child(1) > div > div > div.ant-col.ant-col-14.ant-form-item-control-wrapper > div > span > input\"}\n  (Session info: chrome=74.0.3729.108)\n  (Driver info: chromedriver=74.0.3729.6 (255758eccf3d244491b8a1317aa76e1ce10d57e9-refs/branch-heads/3729@{#29}),platform=Windows NT 10.0.18362 x86_64)",
      "time" : {
        "start" : 1600417989173,
        "stop" : 1600418004496,
        "duration" : 15323
      }
    }, {
      "uid" : "8bb4159df817f442",
      "status" : "passed",
      "time" : {
        "start" : 1600415670106,
        "stop" : 1600415706973,
        "duration" : 36867
      }
    }, {
      "uid" : "a83c8fe44590c1ae",
      "status" : "passed",
      "time" : {
        "start" : 1600415191707,
        "stop" : 1600415228405,
        "duration" : 36698
      }
    }, {
      "uid" : "d853e8c0afe42406",
      "status" : "passed",
      "time" : {
        "start" : 1600409451559,
        "stop" : 1600409488837,
        "duration" : 37278
      }
    }, {
      "uid" : "8dd8c4fdd097f098",
      "status" : "passed",
      "time" : {
        "start" : 1600407315347,
        "stop" : 1600407352231,
        "duration" : 36884
      }
    }, {
      "uid" : "f9562d62642bda87",
      "status" : "passed",
      "time" : {
        "start" : 1600405718759,
        "stop" : 1600405755923,
        "duration" : 37164
      }
    }, {
      "uid" : "e5de8a01aa031cb4",
      "status" : "passed",
      "time" : {
        "start" : 1600393558246,
        "stop" : 1600393595443,
        "duration" : 37197
      }
    }, {
      "uid" : "1ed0c947c003e7e7",
      "status" : "passed",
      "time" : {
        "start" : 1600333491630,
        "stop" : 1600333528468,
        "duration" : 36838
      }
    }, {
      "uid" : "e8badf5b51c616dd",
      "status" : "broken",
      "statusDetails" : "selenium.common.exceptions.NoSuchElementException: Message: no such element: Unable to locate element: {\"method\":\"css selector\",\"selector\":\"body > div:nth-child(6) > div > div.ant-modal-wrap > div > div.ant-modal-content > div.ant-modal-body > div > button\"}\n  (Session info: chrome=74.0.3729.108)\n  (Driver info: chromedriver=74.0.3729.6 (255758eccf3d244491b8a1317aa76e1ce10d57e9-refs/branch-heads/3729@{#29}),platform=Windows NT 10.0.18362 x86_64)",
      "time" : {
        "start" : 1600332891460,
        "stop" : 1600332927365,
        "duration" : 35905
      }
    }, {
      "uid" : "cf98f3228a8bb126",
      "status" : "broken",
      "statusDetails" : "selenium.common.exceptions.NoSuchElementException: Message: no such element: Unable to locate element: {\"method\":\"css selector\",\"selector\":\"path_backStage_authentication.select_bankAct_css.value\"}\n  (Session info: chrome=74.0.3729.108)\n  (Driver info: chromedriver=74.0.3729.6 (255758eccf3d244491b8a1317aa76e1ce10d57e9-refs/branch-heads/3729@{#29}),platform=Windows NT 10.0.18362 x86_64)",
      "time" : {
        "start" : 1600332579833,
        "stop" : 1600332605113,
        "duration" : 25280
      }
    }, {
      "uid" : "ae12c4b1a7154d98",
      "status" : "broken",
      "statusDetails" : "selenium.common.exceptions.InvalidSelectorException: Message: invalid selector: An invalid or illegal selector was specified\n  (Session info: chrome=74.0.3729.108)\n  (Driver info: chromedriver=74.0.3729.6 (255758eccf3d244491b8a1317aa76e1ce10d57e9-refs/branch-heads/3729@{#29}),platform=Windows NT 10.0.18362 x86_64)",
      "time" : {
        "start" : 1600332392764,
        "stop" : 1600332417941,
        "duration" : 25177
      }
    }, {
      "uid" : "2f4e54e8320445fc",
      "status" : "broken",
      "statusDetails" : "selenium.common.exceptions.ElementNotVisibleException: Message: element not interactable\n  (Session info: chrome=74.0.3729.108)\n  (Driver info: chromedriver=74.0.3729.6 (255758eccf3d244491b8a1317aa76e1ce10d57e9-refs/branch-heads/3729@{#29}),platform=Windows NT 10.0.18362 x86_64)",
      "time" : {
        "start" : 1600332169729,
        "stop" : 1600332216261,
        "duration" : 46532
      }
    }, {
      "uid" : "c7e46a2a5dcc7fd0",
      "status" : "broken",
      "statusDetails" : "selenium.common.exceptions.ElementClickInterceptedException: Message: element click intercepted: Element <button type=\"button\" class=\"ant-btn ant-btn-primary\">...</button> is not clickable at point (1828, 100). Other element would receive the click: <div class=\"ant-spin ant-spin-spinning ant-spin-show-text\">...</div>\n  (Session info: chrome=74.0.3729.108)\n  (Driver info: chromedriver=74.0.3729.6 (255758eccf3d244491b8a1317aa76e1ce10d57e9-refs/branch-heads/3729@{#29}),platform=Windows NT 10.0.18362 x86_64)",
      "time" : {
        "start" : 1600332026773,
        "stop" : 1600332041140,
        "duration" : 14367
      }
    }, {
      "uid" : "5e8c76ff6d0533d2",
      "status" : "broken",
      "statusDetails" : "selenium.common.exceptions.ElementClickInterceptedException: Message: element click intercepted: Element <button type=\"button\" class=\"ant-btn ant-btn-primary\">...</button> is not clickable at point (1828, 100). Other element would receive the click: <div class=\"ant-spin ant-spin-spinning ant-spin-show-text\">...</div>\n  (Session info: chrome=74.0.3729.108)\n  (Driver info: chromedriver=74.0.3729.6 (255758eccf3d244491b8a1317aa76e1ce10d57e9-refs/branch-heads/3729@{#29}),platform=Windows NT 10.0.18362 x86_64)",
      "time" : {
        "start" : 1600331909817,
        "stop" : 1600331924358,
        "duration" : 14541
      }
    }, {
      "uid" : "6066647fe1f2ad92",
      "status" : "passed",
      "time" : {
        "start" : 1600319895743,
        "stop" : 1600319929152,
        "duration" : 33409
      }
    }, {
      "uid" : "27319ee6e73adc76",
      "status" : "passed",
      "time" : {
        "start" : 1600305342233,
        "stop" : 1600305375429,
        "duration" : 33196
      }
    }, {
      "uid" : "573f0e07d0ea155a",
      "status" : "broken",
      "statusDetails" : "selenium.common.exceptions.NoSuchElementException: Message: no such element: Unable to locate element: {\"method\":\"xpath\",\"selector\":\"//*[@id='root']/section/section/main/div/div/div/div[2]/table/tbody//*[text() = 'AutoTest_Bank0054']/..//*[text()= '创建账号']\"}\n  (Session info: chrome=74.0.3729.108)\n  (Driver info: chromedriver=74.0.3729.6 (255758eccf3d244491b8a1317aa76e1ce10d57e9-refs/branch-heads/3729@{#29}),platform=Windows NT 10.0.18362 x86_64)",
      "time" : {
        "start" : 1600305052195,
        "stop" : 1600305078661,
        "duration" : 26466
      }
    }, {
      "uid" : "b3ec9dc63be2de08",
      "status" : "broken",
      "statusDetails" : "selenium.common.exceptions.ElementClickInterceptedException: Message: element click intercepted: Element <button type=\"button\" class=\"ant-btn ant-btn-primary\">...</button> is not clickable at point (1828, 100). Other element would receive the click: <div class=\"ant-spin ant-spin-spinning ant-spin-show-text\">...</div>\n  (Session info: chrome=74.0.3729.108)\n  (Driver info: chromedriver=74.0.3729.6 (255758eccf3d244491b8a1317aa76e1ce10d57e9-refs/branch-heads/3729@{#29}),platform=Windows NT 10.0.18362 x86_64)",
      "time" : {
        "start" : 1600304851348,
        "stop" : 1600304866565,
        "duration" : 15217
      }
    }, {
      "uid" : "75e8a427fe8783e7",
      "status" : "broken",
      "statusDetails" : "selenium.common.exceptions.ElementClickInterceptedException: Message: element click intercepted: Element <button type=\"button\" class=\"ant-btn ant-btn-primary\">...</button> is not clickable at point (1828, 100). Other element would receive the click: <div class=\"ant-spin ant-spin-spinning ant-spin-show-text\">...</div>\n  (Session info: chrome=74.0.3729.108)\n  (Driver info: chromedriver=74.0.3729.6 (255758eccf3d244491b8a1317aa76e1ce10d57e9-refs/branch-heads/3729@{#29}),platform=Windows NT 10.0.18362 x86_64)",
      "time" : {
        "start" : 1600304675499,
        "stop" : 1600304690164,
        "duration" : 14665
      }
    }, {
      "uid" : "a5dd9a3417b96e90",
      "status" : "passed",
      "time" : {
        "start" : 1600248188377,
        "stop" : 1600248219424,
        "duration" : 31047
      }
    }, {
      "uid" : "d578b5816627a014",
      "status" : "passed",
      "time" : {
        "start" : 1600247489314,
        "stop" : 1600247520222,
        "duration" : 30908
      }
    }, {
      "uid" : "c86c83e929a80489",
      "status" : "passed",
      "time" : {
        "start" : 1600247090530,
        "stop" : 1600247121413,
        "duration" : 30883
      }
    }, {
      "uid" : "dcaf6c633db30ca1",
      "status" : "passed",
      "time" : {
        "start" : 1600246295433,
        "stop" : 1600246326246,
        "duration" : 30813
      }
    }, {
      "uid" : "a2b092f217c21c5c",
      "status" : "passed",
      "time" : {
        "start" : 1600245929284,
        "stop" : 1600245960119,
        "duration" : 30835
      }
    }, {
      "uid" : "a4f05bfa890d57b3",
      "status" : "passed",
      "time" : {
        "start" : 1600245629925,
        "stop" : 1600245660914,
        "duration" : 30989
      }
    }, {
      "uid" : "ef7b11f4f312ba89",
      "status" : "passed",
      "time" : {
        "start" : 1600245149177,
        "stop" : 1600245180054,
        "duration" : 30877
      }
    }, {
      "uid" : "e9c1c9169280869",
      "status" : "passed",
      "time" : {
        "start" : 1600244848647,
        "stop" : 1600244879522,
        "duration" : 30875
      }
    }, {
      "uid" : "8b3ec848e184cadd",
      "status" : "passed",
      "time" : {
        "start" : 1600243551171,
        "stop" : 1600243581911,
        "duration" : 30740
      }
    }, {
      "uid" : "466c0bcb015e4703",
      "status" : "passed",
      "time" : {
        "start" : 1600242449145,
        "stop" : 1600242480057,
        "duration" : 30912
      }
    }, {
      "uid" : "8628a115a87ad66f",
      "status" : "broken",
      "statusDetails" : "selenium.common.exceptions.SessionNotCreatedException: Message: session not created\nfrom chrome not reachable\n  (Session info: chrome=74.0.3729.108)\n  (Driver info: chromedriver=74.0.3729.6 (255758eccf3d244491b8a1317aa76e1ce10d57e9-refs/branch-heads/3729@{#29}),platform=Windows NT 10.0.18362 x86_64)",
      "time" : {
        "start" : 1600241218832,
        "stop" : 1600241236309,
        "duration" : 17477
      }
    }, {
      "uid" : "85d8821c249f1058",
      "status" : "passed",
      "time" : {
        "start" : 1600240449712,
        "stop" : 1600240480651,
        "duration" : 30939
      }
    }, {
      "uid" : "93f6d0abf977a125",
      "status" : "passed",
      "time" : {
        "start" : 1600240016168,
        "stop" : 1600240047128,
        "duration" : 30960
      }
    }, {
      "uid" : "82d9d8a5d1992fb7",
      "status" : "passed",
      "time" : {
        "start" : 1600237430629,
        "stop" : 1600237461556,
        "duration" : 30927
      }
    }, {
      "uid" : "80cae8243d1df047",
      "status" : "passed",
      "time" : {
        "start" : 1600236839652,
        "stop" : 1600236870676,
        "duration" : 31024
      }
    }, {
      "uid" : "feabfec97e3ab14f",
      "status" : "passed",
      "time" : {
        "start" : 1600236529917,
        "stop" : 1600236560860,
        "duration" : 30943
      }
    }, {
      "uid" : "828cabb9417ed00f",
      "status" : "passed",
      "time" : {
        "start" : 1600236346411,
        "stop" : 1600236377565,
        "duration" : 31154
      }
    }, {
      "uid" : "8d7268a310ca67ef",
      "status" : "passed",
      "time" : {
        "start" : 1600234868100,
        "stop" : 1600234898990,
        "duration" : 30890
      }
    }, {
      "uid" : "2c70271bbe3b8b5a",
      "status" : "passed",
      "time" : {
        "start" : 1600234698629,
        "stop" : 1600234729475,
        "duration" : 30846
      }
    }, {
      "uid" : "97e376e6a8188324",
      "status" : "broken",
      "statusDetails" : "selenium.common.exceptions.NoSuchElementException: Message: no such element: Unable to locate element: {\"method\":\"xpath\",\"selector\":\"//*[@id='root']/section/section/main/div/div/div/div[2]/table/tbody//*[text() = 'AutoTest_Bank0053']/..//*[text()= '创建账号']\"}\n  (Session info: chrome=74.0.3729.108)\n  (Driver info: chromedriver=74.0.3729.6 (255758eccf3d244491b8a1317aa76e1ce10d57e9-refs/branch-heads/3729@{#29}),platform=Windows NT 10.0.18362 x86_64)",
      "time" : {
        "start" : 1600234650824,
        "stop" : 1600234677072,
        "duration" : 26248
      }
    }, {
      "uid" : "c630f0abfd81593d",
      "status" : "passed",
      "time" : {
        "start" : 1600233672881,
        "stop" : 1600233703877,
        "duration" : 30996
      }
    }, {
      "uid" : "c8ffd973432470b8",
      "status" : "passed",
      "time" : {
        "start" : 1600233552865,
        "stop" : 1600233583801,
        "duration" : 30936
      }
    }, {
      "uid" : "525dc07e3b5f36fc",
      "status" : "passed",
      "time" : {
        "start" : 1600232899209,
        "stop" : 1600232929995,
        "duration" : 30786
      }
    }, {
      "uid" : "9b8bc6040b72c9bb",
      "status" : "passed",
      "time" : {
        "start" : 1600232792821,
        "stop" : 1600232823617,
        "duration" : 30796
      }
    }, {
      "uid" : "5608c6ca44fe9142",
      "status" : "passed",
      "time" : {
        "start" : 1600232483857,
        "stop" : 1600232514735,
        "duration" : 30878
      }
    }, {
      "uid" : "4e21eadb61b9313d",
      "status" : "passed",
      "time" : {
        "start" : 1600232319962,
        "stop" : 1600232350979,
        "duration" : 31017
      }
    }, {
      "uid" : "32edd21414482cfb",
      "status" : "passed",
      "time" : {
        "start" : 1600232173647,
        "stop" : 1600232204517,
        "duration" : 30870
      }
    }, {
      "uid" : "a9ca346dac7efe2d",
      "status" : "passed",
      "time" : {
        "start" : 1600232094576,
        "stop" : 1600232125460,
        "duration" : 30884
      }
    }, {
      "uid" : "837d1732645d6f7d",
      "status" : "passed",
      "time" : {
        "start" : 1600231803669,
        "stop" : 1600231834531,
        "duration" : 30862
      }
    }, {
      "uid" : "c036a4cfe8ff04d",
      "status" : "passed",
      "time" : {
        "start" : 1600225099391,
        "stop" : 1600225130305,
        "duration" : 30914
      }
    }, {
      "uid" : "fba2c864f4a15802",
      "status" : "broken",
      "statusDetails" : "selenium.common.exceptions.ElementClickInterceptedException: Message: element click intercepted: Element <button type=\"button\" class=\"ant-btn ant-btn-primary\" ant-click-animating-without-extra-node=\"false\">...</button> is not clickable at point (1829, 100). Other element would receive the click: <div tabindex=\"-1\" class=\"ant-modal-wrap \" role=\"dialog\" aria-labelledby=\"rcDialogTitle0\">...</div>\n  (Session info: chrome=74.0.3729.108)\n  (Driver info: chromedriver=74.0.3729.6 (255758eccf3d244491b8a1317aa76e1ce10d57e9-refs/branch-heads/3729@{#29}),platform=Windows NT 10.0.18362 x86_64)",
      "time" : {
        "start" : 1600224568185,
        "stop" : 1600224587190,
        "duration" : 19005
      }
    }, {
      "uid" : "d311287360a5a84f",
      "status" : "broken",
      "statusDetails" : "selenium.common.exceptions.ElementClickInterceptedException: Message: element click intercepted: Element <button type=\"button\" class=\"ant-btn ant-btn-primary\" ant-click-animating-without-extra-node=\"false\">...</button> is not clickable at point (1829, 100). Other element would receive the click: <div tabindex=\"-1\" class=\"ant-modal-wrap \" role=\"dialog\" aria-labelledby=\"rcDialogTitle0\">...</div>\n  (Session info: chrome=74.0.3729.108)\n  (Driver info: chromedriver=74.0.3729.6 (255758eccf3d244491b8a1317aa76e1ce10d57e9-refs/branch-heads/3729@{#29}),platform=Windows NT 10.0.18362 x86_64)",
      "time" : {
        "start" : 1600223882715,
        "stop" : 1600223901735,
        "duration" : 19020
      }
    }, {
      "uid" : "f031b37018a3033",
      "status" : "broken",
      "statusDetails" : "selenium.common.exceptions.ElementClickInterceptedException: Message: element click intercepted: Element <button type=\"button\" class=\"ant-btn ant-btn-primary\">...</button> is not clickable at point (1828, 100). Other element would receive the click: <div class=\"ant-spin ant-spin-spinning ant-spin-show-text\">...</div>\n  (Session info: chrome=74.0.3729.108)\n  (Driver info: chromedriver=74.0.3729.6 (255758eccf3d244491b8a1317aa76e1ce10d57e9-refs/branch-heads/3729@{#29}),platform=Windows NT 10.0.18362 x86_64)",
      "time" : {
        "start" : 1600223650832,
        "stop" : 1600223665137,
        "duration" : 14305
      }
    }, {
      "uid" : "86ec44b4ed5085e0",
      "status" : "broken",
      "statusDetails" : "selenium.common.exceptions.ElementClickInterceptedException: Message: element click intercepted: Element <button type=\"button\" class=\"ant-btn ant-btn-primary\" ant-click-animating-without-extra-node=\"false\">...</button> is not clickable at point (1829, 100). Other element would receive the click: <div tabindex=\"-1\" class=\"ant-modal-wrap \" role=\"dialog\" aria-labelledby=\"rcDialogTitle0\">...</div>\n  (Session info: chrome=74.0.3729.108)\n  (Driver info: chromedriver=74.0.3729.6 (255758eccf3d244491b8a1317aa76e1ce10d57e9-refs/branch-heads/3729@{#29}),platform=Windows NT 10.0.18362 x86_64)",
      "time" : {
        "start" : 1600222822596,
        "stop" : 1600222845149,
        "duration" : 22553
      }
    }, {
      "uid" : "7893e3ad0e3f8e2e",
      "status" : "passed",
      "time" : {
        "start" : 1600222082131,
        "stop" : 1600222113081,
        "duration" : 30950
      }
    }, {
      "uid" : "59b2537671c8fa6d",
      "status" : "broken",
      "statusDetails" : "selenium.common.exceptions.WebDriverException: Message: chrome not reachable\n  (Session info: chrome=74.0.3729.108)\n  (Driver info: chromedriver=74.0.3729.6 (255758eccf3d244491b8a1317aa76e1ce10d57e9-refs/branch-heads/3729@{#29}),platform=Windows NT 10.0.18362 x86_64)",
      "time" : {
        "start" : 1600220647228,
        "stop" : 1600220674032,
        "duration" : 26804
      }
    }, {
      "uid" : "17fa8b590639aacc",
      "status" : "broken",
      "statusDetails" : "selenium.common.exceptions.SessionNotCreatedException: Message: session not created\nfrom chrome not reachable\n  (Session info: chrome=74.0.3729.108)\n  (Driver info: chromedriver=74.0.3729.6 (255758eccf3d244491b8a1317aa76e1ce10d57e9-refs/branch-heads/3729@{#29}),platform=Windows NT 10.0.18362 x86_64)",
      "time" : {
        "start" : 1600159090967,
        "stop" : 1600159108556,
        "duration" : 17589
      }
    }, {
      "uid" : "1f4defdea88aff9f",
      "status" : "passed",
      "time" : {
        "start" : 1600147583130,
        "stop" : 1600147613941,
        "duration" : 30811
      }
    }, {
      "uid" : "3d07b5fe0da190c7",
      "status" : "broken",
      "statusDetails" : "selenium.common.exceptions.NoSuchElementException: Message: no such element: Unable to locate element: {\"method\":\"xpath\",\"selector\":\"//*[@id='root']/section/section/main/div/div/div/div[2]/table/tbody//*[text() = 'AutoTest_Bank0051']/..//*[text()= '创建账号']\"}\n  (Session info: chrome=74.0.3729.108)\n  (Driver info: chromedriver=74.0.3729.6 (255758eccf3d244491b8a1317aa76e1ce10d57e9-refs/branch-heads/3729@{#29}),platform=Windows NT 10.0.18362 x86_64)",
      "time" : {
        "start" : 1600147315953,
        "stop" : 1600147342245,
        "duration" : 26292
      }
    }, {
      "uid" : "13b3c2315a100da5",
      "status" : "broken",
      "statusDetails" : "selenium.common.exceptions.ElementClickInterceptedException: Message: element click intercepted: Element <button type=\"button\" class=\"ant-btn ant-btn-primary\" ant-click-animating-without-extra-node=\"false\">...</button> is not clickable at point (1829, 100). Other element would receive the click: <div tabindex=\"-1\" class=\"ant-modal-wrap \" role=\"dialog\" aria-labelledby=\"rcDialogTitle0\">...</div>\n  (Session info: chrome=74.0.3729.108)\n  (Driver info: chromedriver=74.0.3729.6 (255758eccf3d244491b8a1317aa76e1ce10d57e9-refs/branch-heads/3729@{#29}),platform=Windows NT 10.0.18362 x86_64)",
      "time" : {
        "start" : 1600146877690,
        "stop" : 1600146896721,
        "duration" : 19031
      }
    }, {
      "uid" : "9afb0a03c6461930",
      "status" : "broken",
      "statusDetails" : "selenium.common.exceptions.NoSuchElementException: Message: no such element: Unable to locate element: {\"method\":\"xpath\",\"selector\":\"//*[@id='root']/section/section/main/div/div/div/div[2]/table/tbody//*[text() = 'AutoTest_Bank0051']/..//*[text()= '创建账号']\"}\n  (Session info: chrome=74.0.3729.108)\n  (Driver info: chromedriver=74.0.3729.6 (255758eccf3d244491b8a1317aa76e1ce10d57e9-refs/branch-heads/3729@{#29}),platform=Windows NT 10.0.18362 x86_64)",
      "time" : {
        "start" : 1600145935808,
        "stop" : 1600145962091,
        "duration" : 26283
      }
    }, {
      "uid" : "4f96077b431e661e",
      "status" : "broken",
      "statusDetails" : "selenium.common.exceptions.ElementClickInterceptedException: Message: element click intercepted: Element <button type=\"button\" class=\"ant-btn ant-btn-primary\" ant-click-animating-without-extra-node=\"false\">...</button> is not clickable at point (1829, 100). Other element would receive the click: <div tabindex=\"-1\" class=\"ant-modal-wrap \" role=\"dialog\" aria-labelledby=\"rcDialogTitle0\">...</div>\n  (Session info: chrome=74.0.3729.108)\n  (Driver info: chromedriver=74.0.3729.6 (255758eccf3d244491b8a1317aa76e1ce10d57e9-refs/branch-heads/3729@{#29}),platform=Windows NT 10.0.18362 x86_64)",
      "time" : {
        "start" : 1600145682368,
        "stop" : 1600145701402,
        "duration" : 19034
      }
    }, {
      "uid" : "985d96d13cd86b26",
      "status" : "broken",
      "statusDetails" : "selenium.common.exceptions.ElementNotInteractableException: Message: element not interactable\n  (Session info: chrome=74.0.3729.108)\n  (Driver info: chromedriver=74.0.3729.6 (255758eccf3d244491b8a1317aa76e1ce10d57e9-refs/branch-heads/3729@{#29}),platform=Windows NT 10.0.18362 x86_64)",
      "time" : {
        "start" : 1600139464353,
        "stop" : 1600139489654,
        "duration" : 25301
      }
    }, {
      "uid" : "195a296837624065",
      "status" : "broken",
      "statusDetails" : "selenium.common.exceptions.ElementClickInterceptedException: Message: element click intercepted: Element <button type=\"button\" class=\"ant-btn ant-btn-primary\" ant-click-animating-without-extra-node=\"false\">...</button> is not clickable at point (1829, 100). Other element would receive the click: <div tabindex=\"-1\" class=\"ant-modal-wrap \" role=\"dialog\" aria-labelledby=\"rcDialogTitle0\">...</div>\n  (Session info: chrome=74.0.3729.108)\n  (Driver info: chromedriver=74.0.3729.6 (255758eccf3d244491b8a1317aa76e1ce10d57e9-refs/branch-heads/3729@{#29}),platform=Windows NT 10.0.18362 x86_64)",
      "time" : {
        "start" : 1600138309309,
        "stop" : 1600138332346,
        "duration" : 23037
      }
    }, {
      "uid" : "abcb0da4094acea",
      "status" : "broken",
      "statusDetails" : "selenium.common.exceptions.ElementNotInteractableException: Message: element not interactable\n  (Session info: chrome=74.0.3729.108)\n  (Driver info: chromedriver=74.0.3729.6 (255758eccf3d244491b8a1317aa76e1ce10d57e9-refs/branch-heads/3729@{#29}),platform=Windows NT 10.0.18362 x86_64)",
      "time" : {
        "start" : 1600137710358,
        "stop" : 1600137735506,
        "duration" : 25148
      }
    }, {
      "uid" : "2277d7fc6f4b80b8",
      "status" : "broken",
      "statusDetails" : "selenium.common.exceptions.TimeoutException: Message:",
      "time" : {
        "start" : 1600135653591,
        "stop" : 1600135693726,
        "duration" : 40135
      }
    }, {
      "uid" : "d409e5e9438c9858",
      "status" : "broken",
      "statusDetails" : "selenium.common.exceptions.TimeoutException: Message:",
      "time" : {
        "start" : 1600066195236,
        "stop" : 1600066235728,
        "duration" : 40492
      }
    }, {
      "uid" : "24a3af381f4e4532",
      "status" : "passed",
      "time" : {
        "start" : 1600045685239,
        "stop" : 1600045716570,
        "duration" : 31331
      }
    }, {
      "uid" : "c8de882af67f70ff",
      "status" : "broken",
      "statusDetails" : "selenium.common.exceptions.ElementClickInterceptedException: Message: element click intercepted: Element <li role=\"option\" unselectable=\"on\" class=\"ant-select-dropdown-menu-item ant-select-dropdown-menu-item-active\" aria-disabled=\"false\" aria-selected=\"false\" style=\"user-select: none;\">...</li> is not clickable at point (1011, 431). Other element would receive the click: <div class=\"ant-col ant-col-24\">...</div>\n  (Session info: chrome=74.0.3729.108)\n  (Driver info: chromedriver=74.0.3729.6 (255758eccf3d244491b8a1317aa76e1ce10d57e9-refs/branch-heads/3729@{#29}),platform=Windows NT 10.0.18362 x86_64)",
      "time" : {
        "start" : 1599816543157,
        "stop" : 1599816560433,
        "duration" : 17276
      }
    }, {
      "uid" : "75a18e2fa2baee40",
      "status" : "passed",
      "time" : {
        "start" : 1599813987446,
        "stop" : 1599814018831,
        "duration" : 31385
      }
    }, {
      "uid" : "7dcb97d3d65dff2f",
      "status" : "broken",
      "statusDetails" : "selenium.common.exceptions.WebDriverException: Message: chrome not reachable\n  (Session info: chrome=74.0.3729.108)\n  (Driver info: chromedriver=74.0.3729.6 (255758eccf3d244491b8a1317aa76e1ce10d57e9-refs/branch-heads/3729@{#29}),platform=Windows NT 10.0.18362 x86_64)",
      "time" : {
        "start" : 1599813673601,
        "stop" : 1599813704943,
        "duration" : 31342
      }
    }, {
      "uid" : "1083a7c6f070d9dc",
      "status" : "broken",
      "statusDetails" : "selenium.common.exceptions.ElementClickInterceptedException: Message: element click intercepted: Element <button type=\"button\" class=\"ant-btn ant-btn-primary\" ant-click-animating-without-extra-node=\"false\">...</button> is not clickable at point (1829, 100). Other element would receive the click: <div tabindex=\"-1\" class=\"ant-modal-wrap \" role=\"dialog\" aria-labelledby=\"rcDialogTitle0\">...</div>\n  (Session info: chrome=74.0.3729.108)\n  (Driver info: chromedriver=74.0.3729.6 (255758eccf3d244491b8a1317aa76e1ce10d57e9-refs/branch-heads/3729@{#29}),platform=Windows NT 10.0.18362 x86_64)",
      "time" : {
        "start" : 1599813194920,
        "stop" : 1599813213846,
        "duration" : 18926
      }
    }, {
      "uid" : "69f7547b8b3a6d3c",
      "status" : "passed",
      "time" : {
        "start" : 1599811768048,
        "stop" : 1599811799393,
        "duration" : 31345
      }
    }, {
      "uid" : "73fed4c9c951d6c2",
      "status" : "passed",
      "time" : {
        "start" : 1599811287051,
        "stop" : 1599811318446,
        "duration" : 31395
      }
    }, {
      "uid" : "1469a28781739410",
      "status" : "passed",
      "time" : {
        "start" : 1599808309306,
        "stop" : 1599808340893,
        "duration" : 31587
      }
    }, {
      "uid" : "b41851e26697f204",
      "status" : "passed",
      "time" : {
        "start" : 1599807747649,
        "stop" : 1599807779194,
        "duration" : 31545
      }
    }, {
      "uid" : "dae84a2f124122d0",
      "status" : "passed",
      "time" : {
        "start" : 1599806792164,
        "stop" : 1599806823725,
        "duration" : 31561
      }
    }, {
      "uid" : "4efd10a1069048a0",
      "status" : "passed",
      "time" : {
        "start" : 1599806208399,
        "stop" : 1599806239524,
        "duration" : 31125
      }
    }, {
      "uid" : "c80de094104f5e97",
      "status" : "passed",
      "time" : {
        "start" : 1599805274323,
        "stop" : 1599805305604,
        "duration" : 31281
      }
    }, {
      "uid" : "6e6e0ff974307782",
      "status" : "passed",
      "time" : {
        "start" : 1599804568631,
        "stop" : 1599804599869,
        "duration" : 31238
      }
    }, {
      "uid" : "7db1697e787e869b",
      "status" : "passed",
      "time" : {
        "start" : 1599803677533,
        "stop" : 1599803709156,
        "duration" : 31623
      }
    }, {
      "uid" : "1209798b9d15d557",
      "status" : "broken",
      "statusDetails" : "selenium.common.exceptions.ElementNotVisibleException: Message: element not interactable\n  (Session info: chrome=74.0.3729.108)\n  (Driver info: chromedriver=74.0.3729.6 (255758eccf3d244491b8a1317aa76e1ce10d57e9-refs/branch-heads/3729@{#29}),platform=Windows NT 10.0.18362 x86_64)",
      "time" : {
        "start" : 1599802707769,
        "stop" : 1599802730069,
        "duration" : 22300
      }
    }, {
      "uid" : "238c34845daab44c",
      "status" : "passed",
      "time" : {
        "start" : 1599802179733,
        "stop" : 1599802211175,
        "duration" : 31442
      }
    }, {
      "uid" : "488f393f25601f30",
      "status" : "passed",
      "time" : {
        "start" : 1599801736426,
        "stop" : 1599801767742,
        "duration" : 31316
      }
    }, {
      "uid" : "c01f2ff1f73ee83b",
      "status" : "passed",
      "time" : {
        "start" : 1599801054008,
        "stop" : 1599801085222,
        "duration" : 31214
      }
    }, {
      "uid" : "ab08028e85e91a4a",
      "status" : "passed",
      "time" : {
        "start" : 1599800453483,
        "stop" : 1599800484734,
        "duration" : 31251
      }
    } ],
    "categories" : [ {
      "name" : "Test defects",
      "matchedStatuses" : [ ],
      "flaky" : false
    } ],
    "tags" : [ "run(order=5)" ]
  },
  "source" : "701a8bffd7f44ef3.json",
  "parameterValues" : [ ]
}