{
  "uid" : "731ea6000fb025d5",
  "name" : "test_Tripartite_interaction",
  "fullName" : "test_flow.test_Tripartite_interaction.test_Tripartite_interaction#test_Tripartite_interaction",
  "historyId" : "d91e7b4392163e0b46289a9f8b97b16c",
  "time" : {
    "start" : 1604459728106,
    "stop" : 1604459812110,
    "duration" : 84004
  },
  "description" : "测试 http://10.10.128.152:10052/#/account/login 三方（企业，银行，前端）交互",
  "descriptionHtml" : "<p>测试 http://10.10.128.152:10052/#/account/login 三方（企业，银行，前端）交互</p>\n",
  "status" : "broken",
  "statusMessage" : "selenium.common.exceptions.TimeoutException: Message:",
  "statusTrace" : "@pytest.mark.run(order=-1)\n    @allure.severity(\"blocker\")\n    @allure.description(\"测试 http://10.10.128.152:10052/#/account/login 三方（企业，银行，前端）交互\")\n    @allure.testcase(\"http://10.10.128.152:10052/#/account/login\", \"三方（企业，银行，前端）交互 \uD83D\uDC47\")\n    def test_Tripartite_interaction():\n        def_name = sys._getframe().f_code.co_name\n        logger.info(\"开始执行脚本%s:\\n\", def_name)\n    \n        # 前端账户授信申请\n        if runMode == 'UI':\n            driver_forward = webdriver.Chrome()\n            driver_forward.maximize_window()\n            driver_forward.get(url_forward)\n            logger.info('前端账户登录授信申请')\n            login(driver_forward)\n            sleep(2)\n            creditExtension(driver_forward)\n        else:\n            waiteForClick(mobileDriver(text='产品服务'))\n            el = mobileDriver(text='我的', name='android.view.View', type='android.view.View')\n            dragUntilTextAppear(el, '产品服务', product_name)\n            waiteForClick(mobileDriver(text=product_name))\n            waiteForClick(mobileDriver(text='立即申请'))\n    \n            logger.info('授信采购信息画面')\n            waiteForClick(mobileDriver(text='请输入银行账号'))\n            text('123456789012')\n            mobileDriver(text='分支行').click()\n            waiteForClick(mobileDriver(text='请选择项目'))\n            waiteForClick(mobileDriver(text='请输入项目名称').parent().parent().parent().child()[2])\n            waiteForClick(mobileDriver(text='下一步'))\n    \n            logger.info('授信基本资料页面')\n            waiteForClick(mobileDriver(text='下一步'))\n    \n            logger.info('授信页面')\n            sleep(2)\n            mobileDriver(text='企业经营场所照片').drag_to(mobileDriver(text='业务申请'), 0.5)\n            mobileDriver(text='企业征信').drag_to(mobileDriver(text='业务申请'), 0.5)\n            mobileDriver(text='财务证明资料').drag_to(mobileDriver(text='业务申请'), 0.5)\n            waiteForClick(mobileDriver(text='我已阅读并同意提交资料', type='android.widget.CheckBox').child().child())\n            waiteForClick(mobileDriver(text='提交授信'))\n            # 活体认证欺诈性校验\n            getVerification()\n            while True:\n                flg = mobileDriver(text='安全认证中').exists()\n                if flg:\n                    sleep(1)\n                    break\n                else:\n                    continue\n    \n            while True:\n                flg = mobileDriver(text='安全认证中').exists()\n                if flg:\n                    continue\n                else:\n                    sleep(1)\n                    break\n    \n            sleep(1)\n            picture_dir = os.getcwd() + '\\\\test_data\\\\picture\\\\id_7.png'\n            touch(Template(picture_dir))\n            touch(Template(picture_dir))\n            touch(Template(picture_dir))\n            sleep(2)\n            picture_dir1 = os.getcwd() + '\\\\test_data\\\\picture\\\\id_8.png'\n            touch(Template(picture_dir1))\n            logger.info('授信完成页面')\n        # 银行授信审核\n        driver_bank = webdriver.Chrome()\n        driver_bank.maximize_window()\n        driver_bank.get(url_back)\n        logger.info('银行授信审核')\n        backStageLogin(driver_bank, company_bank, company_bank_pass, 0)\n>       CreditAudit_Bank(driver_bank)\n\ntest_flow\\test_Tripartite_interaction\\test_Tripartite_interaction.py:213: \n_ _ _ _ _ _ _ _ _ _ _ _ _ _ _ _ _ _ _ _ _ _ _ _ _ _ _ _ _ _ _ _ _ _ _ _ _ _ _ _\ntest_flow\\test_Tripartite_interaction\\test_Tripartite_interaction.py:438: in CreditAudit_Bank\n    waitUntilClick(driver_bank, path_Tripartite_interaction.btn_Check_css.value)\ncommon\\BaseFunction.py:31: in waitUntilClick\n    WebDriverWait(driver, 30).until(EC.element_to_be_clickable((By.CSS_SELECTOR, ByCss)))\n_ _ _ _ _ _ _ _ _ _ _ _ _ _ _ _ _ _ _ _ _ _ _ _ _ _ _ _ _ _ _ _ _ _ _ _ _ _ _ _\n\nself = <selenium.webdriver.support.wait.WebDriverWait (session=\"8e130526cf88159984ea760cd3e9fc53\")>\nmethod = <selenium.webdriver.support.expected_conditions.element_to_be_clickable object at 0x000001C5F37E6390>\nmessage = ''\n\n    def until(self, method, message=''):\n        \"\"\"Calls the method provided with the driver as an argument until the \\\n        return value is not False.\"\"\"\n        screen = None\n        stacktrace = None\n    \n        end_time = time.time() + self._timeout\n        while True:\n            try:\n                value = method(self._driver)\n                if value:\n                    return value\n            except self._ignored_exceptions as exc:\n                screen = getattr(exc, 'screen', None)\n                stacktrace = getattr(exc, 'stacktrace', None)\n            time.sleep(self._poll)\n            if time.time() > end_time:\n                break\n>       raise TimeoutException(message, screen, stacktrace)\nE       selenium.common.exceptions.TimeoutException: Message:\n\n..\\..\\..\\AppData\\Local\\Programs\\Python\\Python36\\lib\\site-packages\\selenium\\webdriver\\support\\wait.py:80: TimeoutException",
  "flaky" : false,
  "newFailed" : false,
  "beforeStages" : [ ],
  "testStage" : {
    "description" : "测试 http://10.10.128.152:10052/#/account/login 三方（企业，银行，前端）交互",
    "status" : "broken",
    "statusMessage" : "selenium.common.exceptions.TimeoutException: Message:",
    "statusTrace" : "@pytest.mark.run(order=-1)\n    @allure.severity(\"blocker\")\n    @allure.description(\"测试 http://10.10.128.152:10052/#/account/login 三方（企业，银行，前端）交互\")\n    @allure.testcase(\"http://10.10.128.152:10052/#/account/login\", \"三方（企业，银行，前端）交互 \uD83D\uDC47\")\n    def test_Tripartite_interaction():\n        def_name = sys._getframe().f_code.co_name\n        logger.info(\"开始执行脚本%s:\\n\", def_name)\n    \n        # 前端账户授信申请\n        if runMode == 'UI':\n            driver_forward = webdriver.Chrome()\n            driver_forward.maximize_window()\n            driver_forward.get(url_forward)\n            logger.info('前端账户登录授信申请')\n            login(driver_forward)\n            sleep(2)\n            creditExtension(driver_forward)\n        else:\n            waiteForClick(mobileDriver(text='产品服务'))\n            el = mobileDriver(text='我的', name='android.view.View', type='android.view.View')\n            dragUntilTextAppear(el, '产品服务', product_name)\n            waiteForClick(mobileDriver(text=product_name))\n            waiteForClick(mobileDriver(text='立即申请'))\n    \n            logger.info('授信采购信息画面')\n            waiteForClick(mobileDriver(text='请输入银行账号'))\n            text('123456789012')\n            mobileDriver(text='分支行').click()\n            waiteForClick(mobileDriver(text='请选择项目'))\n            waiteForClick(mobileDriver(text='请输入项目名称').parent().parent().parent().child()[2])\n            waiteForClick(mobileDriver(text='下一步'))\n    \n            logger.info('授信基本资料页面')\n            waiteForClick(mobileDriver(text='下一步'))\n    \n            logger.info('授信页面')\n            sleep(2)\n            mobileDriver(text='企业经营场所照片').drag_to(mobileDriver(text='业务申请'), 0.5)\n            mobileDriver(text='企业征信').drag_to(mobileDriver(text='业务申请'), 0.5)\n            mobileDriver(text='财务证明资料').drag_to(mobileDriver(text='业务申请'), 0.5)\n            waiteForClick(mobileDriver(text='我已阅读并同意提交资料', type='android.widget.CheckBox').child().child())\n            waiteForClick(mobileDriver(text='提交授信'))\n            # 活体认证欺诈性校验\n            getVerification()\n            while True:\n                flg = mobileDriver(text='安全认证中').exists()\n                if flg:\n                    sleep(1)\n                    break\n                else:\n                    continue\n    \n            while True:\n                flg = mobileDriver(text='安全认证中').exists()\n                if flg:\n                    continue\n                else:\n                    sleep(1)\n                    break\n    \n            sleep(1)\n            picture_dir = os.getcwd() + '\\\\test_data\\\\picture\\\\id_7.png'\n            touch(Template(picture_dir))\n            touch(Template(picture_dir))\n            touch(Template(picture_dir))\n            sleep(2)\n            picture_dir1 = os.getcwd() + '\\\\test_data\\\\picture\\\\id_8.png'\n            touch(Template(picture_dir1))\n            logger.info('授信完成页面')\n        # 银行授信审核\n        driver_bank = webdriver.Chrome()\n        driver_bank.maximize_window()\n        driver_bank.get(url_back)\n        logger.info('银行授信审核')\n        backStageLogin(driver_bank, company_bank, company_bank_pass, 0)\n>       CreditAudit_Bank(driver_bank)\n\ntest_flow\\test_Tripartite_interaction\\test_Tripartite_interaction.py:213: \n_ _ _ _ _ _ _ _ _ _ _ _ _ _ _ _ _ _ _ _ _ _ _ _ _ _ _ _ _ _ _ _ _ _ _ _ _ _ _ _\ntest_flow\\test_Tripartite_interaction\\test_Tripartite_interaction.py:438: in CreditAudit_Bank\n    waitUntilClick(driver_bank, path_Tripartite_interaction.btn_Check_css.value)\ncommon\\BaseFunction.py:31: in waitUntilClick\n    WebDriverWait(driver, 30).until(EC.element_to_be_clickable((By.CSS_SELECTOR, ByCss)))\n_ _ _ _ _ _ _ _ _ _ _ _ _ _ _ _ _ _ _ _ _ _ _ _ _ _ _ _ _ _ _ _ _ _ _ _ _ _ _ _\n\nself = <selenium.webdriver.support.wait.WebDriverWait (session=\"8e130526cf88159984ea760cd3e9fc53\")>\nmethod = <selenium.webdriver.support.expected_conditions.element_to_be_clickable object at 0x000001C5F37E6390>\nmessage = ''\n\n    def until(self, method, message=''):\n        \"\"\"Calls the method provided with the driver as an argument until the \\\n        return value is not False.\"\"\"\n        screen = None\n        stacktrace = None\n    \n        end_time = time.time() + self._timeout\n        while True:\n            try:\n                value = method(self._driver)\n                if value:\n                    return value\n            except self._ignored_exceptions as exc:\n                screen = getattr(exc, 'screen', None)\n                stacktrace = getattr(exc, 'stacktrace', None)\n            time.sleep(self._poll)\n            if time.time() > end_time:\n                break\n>       raise TimeoutException(message, screen, stacktrace)\nE       selenium.common.exceptions.TimeoutException: Message:\n\n..\\..\\..\\AppData\\Local\\Programs\\Python\\Python36\\lib\\site-packages\\selenium\\webdriver\\support\\wait.py:80: TimeoutException",
    "steps" : [ ],
    "attachments" : [ {
      "uid" : "fe5cf7da50e5f7f0",
      "name" : "log",
      "source" : "fe5cf7da50e5f7f0.txt",
      "type" : "text/plain",
      "size" : 1342
    }, {
      "uid" : "f569a17f888a8fda",
      "name" : "stdout",
      "source" : "f569a17f888a8fda.txt",
      "type" : "text/plain",
      "size" : 4
    }, {
      "uid" : "73126d79f89cea57",
      "name" : "stderr",
      "source" : "73126d79f89cea57.txt",
      "type" : "text/plain",
      "size" : 2018
    } ],
    "parameters" : [ ],
    "attachmentsCount" : 3,
    "shouldDisplayMessage" : true,
    "stepsCount" : 0,
    "hasContent" : true
  },
  "afterStages" : [ ],
  "labels" : [ {
    "name" : "severity",
    "value" : "blocker"
  }, {
    "name" : "tag",
    "value" : "run(order=-1)"
  }, {
    "name" : "parentSuite",
    "value" : "test_flow.test_Tripartite_interaction"
  }, {
    "name" : "suite",
    "value" : "test_Tripartite_interaction"
  }, {
    "name" : "host",
    "value" : "A02-03-00033"
  }, {
    "name" : "thread",
    "value" : "9496-MainThread"
  }, {
    "name" : "framework",
    "value" : "pytest"
  }, {
    "name" : "language",
    "value" : "cpython3"
  }, {
    "name" : "package",
    "value" : "test_flow.test_Tripartite_interaction.test_Tripartite_interaction"
  }, {
    "name" : "resultFormat",
    "value" : "allure2"
  } ],
  "parameters" : [ ],
  "links" : [ {
    "name" : "三方（企业，银行，前端）交互 \uD83D\uDC47",
    "url" : "http://10.10.128.152:10052/#/account/login",
    "type" : "test_case"
  } ],
  "hidden" : false,
  "retry" : false,
  "extra" : {
    "severity" : "blocker",
    "retries" : [ {
      "uid" : "7c47559c0dbbc64f",
      "status" : "broken",
      "statusDetails" : "selenium.common.exceptions.TimeoutException: Message:",
      "time" : {
        "start" : 1604400925233,
        "stop" : 1604401008549,
        "duration" : 83316
      }
    }, {
      "uid" : "89063e28dc9aa5bf",
      "status" : "passed",
      "time" : {
        "start" : 1603851751346,
        "stop" : 1603852050154,
        "duration" : 298808
      }
    }, {
      "uid" : "8a56144e6ded802f",
      "status" : "broken",
      "statusDetails" : "airtest.core.error.TargetNotFoundError: 'Picture Template(C:\\\\Users\\\\shaojunshuai\\\\PycharmProjects\\\\AutoTest-python\\\\Auto_Test\\\\test_data\\\\picture\\\\id_7.png) not found in screen'",
      "time" : {
        "start" : 1603849738835,
        "stop" : 1603849871035,
        "duration" : 132200
      }
    }, {
      "uid" : "95e4dff14c6f8277",
      "status" : "broken",
      "statusDetails" : "airtest.core.error.TargetNotFoundError: 'Picture Template(C:\\\\Users\\\\shaojunshuai\\\\PycharmProjects\\\\AutoTest-python\\\\Auto_Test\\\\test_data\\\\picture\\\\id_8.png) not found in screen'",
      "time" : {
        "start" : 1603847447913,
        "stop" : 1603847531980,
        "duration" : 84067
      }
    }, {
      "uid" : "87ee195976ecc396",
      "status" : "broken",
      "statusDetails" : "airtest.core.error.TargetNotFoundError: 'Picture Template(C:\\\\Users\\\\shaojunshuai\\\\PycharmProjects\\\\AutoTest-python\\\\Auto_Test\\\\test_data\\\\picture\\\\id_8.png) not found in screen'",
      "time" : {
        "start" : 1603846749257,
        "stop" : 1603846992737,
        "duration" : 243480
      }
    }, {
      "uid" : "e827e6e8752f9651",
      "status" : "passed",
      "time" : {
        "start" : 1603789593057,
        "stop" : 1603789878172,
        "duration" : 285115
      }
    }, {
      "uid" : "f7fac8dded7c951d",
      "status" : "passed",
      "time" : {
        "start" : 1603788373224,
        "stop" : 1603788657553,
        "duration" : 284329
      }
    }, {
      "uid" : "eff64b221aea2254",
      "status" : "broken",
      "statusDetails" : "selenium.common.exceptions.TimeoutException: Message:",
      "time" : {
        "start" : 1603787505318,
        "stop" : 1603787860699,
        "duration" : 355381
      }
    }, {
      "uid" : "4f5de26f8db3d3dc",
      "status" : "broken",
      "statusDetails" : "poco.exceptions.PocoNoSuchNodeException: Cannot find any visible node by query UIObjectProxy of \"text=财务证明资料\"",
      "time" : {
        "start" : 1603785189965,
        "stop" : 1603785224851,
        "duration" : 34886
      }
    }, {
      "uid" : "c6cd3c0177aa39ab",
      "status" : "broken",
      "statusDetails" : "poco.exceptions.PocoNoSuchNodeException: Cannot find any visible node by query UIObjectProxy of \"text=我的&type=android.view.View&android.view.View\"",
      "time" : {
        "start" : 1603783777860,
        "stop" : 1603783972183,
        "duration" : 194323
      }
    }, {
      "uid" : "d1adae0080bc9d7a",
      "status" : "broken",
      "statusDetails" : "selenium.common.exceptions.SessionNotCreatedException: Message: session not created\nfrom chrome not reachable\n  (Session info: chrome=74.0.3729.108)\n  (Driver info: chromedriver=74.0.3729.6 (255758eccf3d244491b8a1317aa76e1ce10d57e9-refs/branch-heads/3729@{#29}),platform=Windows NT 10.0.18362 x86_64)",
      "time" : {
        "start" : 1603782787334,
        "stop" : 1603782888013,
        "duration" : 100679
      }
    }, {
      "uid" : "a75f0d49f9b4bb9d",
      "status" : "broken",
      "statusDetails" : "airtest.core.error.TargetNotFoundError: 'Picture Template(C:\\\\Users\\\\shaojunshuai\\\\PycharmProjects\\\\AutoTest-python\\\\Auto_Test\\\\test_data\\\\picture\\\\id_8.png) not found in screen'",
      "time" : {
        "start" : 1603779358309,
        "stop" : 1603779431707,
        "duration" : 73398
      }
    }, {
      "uid" : "e5087efbcfe6d011",
      "status" : "broken",
      "statusDetails" : "AttributeError: 'NoneType' object has no attribute 'is_displayed'",
      "time" : {
        "start" : 1603778244808,
        "stop" : 1603778529132,
        "duration" : 284324
      }
    }, {
      "uid" : "34b9d6307467e3fa",
      "status" : "broken",
      "statusDetails" : "poco.exceptions.PocoNoSuchNodeException: Cannot find any visible node by query UIObjectProxy of \"android.widget.LinearLayout>com.tencent.mm:id/dm6/com.tencent.mm:id/f4b\"",
      "time" : {
        "start" : 1603777497196,
        "stop" : 1603777758169,
        "duration" : 260973
      }
    }, {
      "uid" : "31232b329de0ec1f",
      "status" : "broken",
      "statusDetails" : "poco.exceptions.PocoNoSuchNodeException: Cannot find any visible node by query UIObjectProxy of \"text=产品服务\"",
      "time" : {
        "start" : 1603776940571,
        "stop" : 1603776997326,
        "duration" : 56755
      }
    }, {
      "uid" : "d162eb44f754fdc8",
      "status" : "broken",
      "statusDetails" : "selenium.common.exceptions.ElementNotVisibleException: Message: element not interactable\n  (Session info: chrome=74.0.3729.108)\n  (Driver info: chromedriver=74.0.3729.6 (255758eccf3d244491b8a1317aa76e1ce10d57e9-refs/branch-heads/3729@{#29}),platform=Windows NT 10.0.18362 x86_64)",
      "time" : {
        "start" : 1603776358451,
        "stop" : 1603776421460,
        "duration" : 63009
      }
    }, {
      "uid" : "45283d3857e62b0d",
      "status" : "broken",
      "statusDetails" : "selenium.common.exceptions.TimeoutException: Message:",
      "time" : {
        "start" : 1603775777284,
        "stop" : 1603775867960,
        "duration" : 90676
      }
    }, {
      "uid" : "7f5ab13d7de0a3f",
      "status" : "broken",
      "statusDetails" : "airtest.core.error.TargetNotFoundError: 'Picture Template(C:\\\\Users\\\\shaojunshuai\\\\PycharmProjects\\\\AutoTest-python\\\\Auto_Test\\\\test_data\\\\picture\\\\id_7.png) not found in screen'",
      "time" : {
        "start" : 1603775242280,
        "stop" : 1603775318478,
        "duration" : 76198
      }
    }, {
      "uid" : "4544ec178f7c26f6",
      "status" : "broken",
      "statusDetails" : "poco.exceptions.PocoNoSuchNodeException: Cannot find any visible node by query UIObjectProxy of \"text=缴费凭证\"",
      "time" : {
        "start" : 1603766627036,
        "stop" : 1603766886035,
        "duration" : 258999
      }
    }, {
      "uid" : "ef715595c2991ac0",
      "status" : "broken",
      "statusDetails" : "poco.exceptions.PocoNoSuchNodeException: Cannot find any visible node by query UIObjectProxy of \"android.widget.LinearLayout>com.tencent.mm:id/dm6/com.tencent.mm:id/f4b\"",
      "time" : {
        "start" : 1603765905981,
        "stop" : 1603766158340,
        "duration" : 252359
      }
    }, {
      "uid" : "3d23425105381fde",
      "status" : "broken",
      "statusDetails" : "poco.exceptions.PocoNoSuchNodeException: Cannot find any visible node by query UIObjectProxy of \"text=企业经营场所照片\"",
      "time" : {
        "start" : 1603764246676,
        "stop" : 1603764294115,
        "duration" : 47439
      }
    }, {
      "uid" : "7538830d42cd9ae0",
      "status" : "broken",
      "statusDetails" : "selenium.common.exceptions.StaleElementReferenceException: Message: stale element reference: element is not attached to the page document\n  (Session info: chrome=74.0.3729.108)\n  (Driver info: chromedriver=74.0.3729.6 (255758eccf3d244491b8a1317aa76e1ce10d57e9-refs/branch-heads/3729@{#29}),platform=Windows NT 10.0.18362 x86_64)",
      "time" : {
        "start" : 1603761958247,
        "stop" : 1603762171978,
        "duration" : 213731
      }
    }, {
      "uid" : "c724354d9870bdce",
      "status" : "broken",
      "statusDetails" : "poco.exceptions.PocoNoSuchNodeException: Cannot find any visible node by query UIObjectProxy of \"android.widget.LinearLayout>com.tencent.mm:id/dm6/com.tencent.mm:id/f4b\"",
      "time" : {
        "start" : 1603760830912,
        "stop" : 1603761143260,
        "duration" : 312348
      }
    }, {
      "uid" : "baa6e1e9efd3ad1d",
      "status" : "broken",
      "statusDetails" : "selenium.common.exceptions.TimeoutException: Message:",
      "time" : {
        "start" : 1603698721682,
        "stop" : 1603698820853,
        "duration" : 99171
      }
    }, {
      "uid" : "6110ef4e4abccf01",
      "status" : "broken",
      "statusDetails" : "selenium.common.exceptions.TimeoutException: Message:",
      "time" : {
        "start" : 1603696786989,
        "stop" : 1603696934516,
        "duration" : 147527
      }
    }, {
      "uid" : "69ba206efc6de5bd",
      "status" : "broken",
      "statusDetails" : "poco.exceptions.PocoNoSuchNodeException: Cannot find any visible node by query UIObjectProxy of \"android.widget.LinearLayout>com.tencent.mm:id/dm6/com.tencent.mm:id/f4b\"",
      "time" : {
        "start" : 1603673873682,
        "stop" : 1603673901487,
        "duration" : 27805
      }
    }, {
      "uid" : "b9a1342d8e6d16cf",
      "status" : "broken",
      "statusDetails" : "poco.exceptions.PocoNoSuchNodeException: Cannot find any visible node by query UIObjectProxy of \"text=缴费凭证\"",
      "time" : {
        "start" : 1603444548618,
        "stop" : 1603444752518,
        "duration" : 203900
      }
    }, {
      "uid" : "5d0974fd4d8b094f",
      "status" : "broken",
      "statusDetails" : "poco.exceptions.PocoNoSuchNodeException: Cannot find any visible node by query UIObjectProxy of \"text=企业经营场所照片\"",
      "time" : {
        "start" : 1603440790396,
        "stop" : 1603440820782,
        "duration" : 30386
      }
    }, {
      "uid" : "e435b4b6ca49f5b3",
      "status" : "broken",
      "statusDetails" : "poco.exceptions.PocoNoSuchNodeException: Cannot find any visible node by query UIObjectProxy of \"text=缴费凭证\"",
      "time" : {
        "start" : 1603438041776,
        "stop" : 1603438051820,
        "duration" : 10044
      }
    }, {
      "uid" : "a227e41d26f4a3f2",
      "status" : "passed",
      "time" : {
        "start" : 1603436647543,
        "stop" : 1603436838802,
        "duration" : 191259
      }
    }, {
      "uid" : "b8ae002b36a6ce85",
      "status" : "broken",
      "statusDetails" : "selenium.common.exceptions.ElementClickInterceptedException: Message: element click intercepted: Element <div class=\"ant-select-item-option-content\">...</div> is not clickable at point (951, 594). Other element would receive the click: <textarea placeholder=\"请输入借款理由\" autocomplete=\"off\" maxlength=\"50\" id=\"reason\" class=\"ant-input\"></textarea>\n  (Session info: chrome=74.0.3729.108)\n  (Driver info: chromedriver=74.0.3729.6 (255758eccf3d244491b8a1317aa76e1ce10d57e9-refs/branch-heads/3729@{#29}),platform=Windows NT 10.0.18362 x86_64)",
      "time" : {
        "start" : 1603436204490,
        "stop" : 1603436288633,
        "duration" : 84143
      }
    }, {
      "uid" : "277ecae61e675cb9",
      "status" : "passed",
      "time" : {
        "start" : 1603435569353,
        "stop" : 1603435757988,
        "duration" : 188635
      }
    }, {
      "uid" : "c4099915e882dddf",
      "status" : "broken",
      "statusDetails" : "selenium.common.exceptions.StaleElementReferenceException: Message: stale element reference: element is not attached to the page document\n  (Session info: chrome=74.0.3729.108)\n  (Driver info: chromedriver=74.0.3729.6 (255758eccf3d244491b8a1317aa76e1ce10d57e9-refs/branch-heads/3729@{#29}),platform=Windows NT 10.0.18362 x86_64)",
      "time" : {
        "start" : 1603432849934,
        "stop" : 1603433840234,
        "duration" : 990300
      }
    }, {
      "uid" : "fd88e2b16858ce5a",
      "status" : "broken",
      "statusDetails" : "requests.exceptions.ChunkedEncodingError: (\"Connection broken: ConnectionResetError(10054, '远程主机强迫关闭了一个现有的连接。', None, 10054, None)\", ConnectionResetError(10054, '远程主机强迫关闭了一个现有的连接。', None, 10054, None))",
      "time" : {
        "start" : 1603431643896,
        "stop" : 1603431707484,
        "duration" : 63588
      }
    }, {
      "uid" : "a148009345676b7f",
      "status" : "broken",
      "statusDetails" : "selenium.common.exceptions.WebDriverException: Message: chrome not reachable\n  (Session info: chrome=74.0.3729.108)\n  (Driver info: chromedriver=74.0.3729.6 (255758eccf3d244491b8a1317aa76e1ce10d57e9-refs/branch-heads/3729@{#29}),platform=Windows NT 10.0.18362 x86_64)",
      "time" : {
        "start" : 1603431542329,
        "stop" : 1603431589342,
        "duration" : 47013
      }
    }, {
      "uid" : "436a22230ba3137d",
      "status" : "broken",
      "statusDetails" : "requests.exceptions.ChunkedEncodingError: (\"Connection broken: ConnectionResetError(10054, '远程主机强迫关闭了一个现有的连接。', None, 10054, None)\", ConnectionResetError(10054, '远程主机强迫关闭了一个现有的连接。', None, 10054, None))",
      "time" : {
        "start" : 1603431093467,
        "stop" : 1603431120455,
        "duration" : 26988
      }
    }, {
      "uid" : "1030aab89783b973",
      "status" : "broken",
      "statusDetails" : "requests.exceptions.ChunkedEncodingError: (\"Connection broken: ConnectionResetError(10054, '远程主机强迫关闭了一个现有的连接。', None, 10054, None)\", ConnectionResetError(10054, '远程主机强迫关闭了一个现有的连接。', None, 10054, None))",
      "time" : {
        "start" : 1603430620200,
        "stop" : 1603430662419,
        "duration" : 42219
      }
    }, {
      "uid" : "870db37422f0f821",
      "status" : "broken",
      "statusDetails" : "selenium.common.exceptions.NoSuchElementException: Message: no such element: Unable to locate element: {\"method\":\"css selector\",\"selector\":\"body > div:nth-child(7) > div > div > div > div:nth-child(2) > div > div\"}\n  (Session info: chrome=74.0.3729.108)\n  (Driver info: chromedriver=74.0.3729.6 (255758eccf3d244491b8a1317aa76e1ce10d57e9-refs/branch-heads/3729@{#29}),platform=Windows NT 10.0.18362 x86_64)",
      "time" : {
        "start" : 1603428802254,
        "stop" : 1603428876016,
        "duration" : 73762
      }
    }, {
      "uid" : "ebf635ee2b030f7e",
      "status" : "broken",
      "statusDetails" : "selenium.common.exceptions.ElementClickInterceptedException: Message: element click intercepted: Element <div class=\"ant-select-item-option-content\">...</div> is not clickable at point (630, 630). Other element would receive the click: <h6 class=\"title___3reRJ\">...</h6>\n  (Session info: chrome=74.0.3729.108)\n  (Driver info: chromedriver=74.0.3729.6 (255758eccf3d244491b8a1317aa76e1ce10d57e9-refs/branch-heads/3729@{#29}),platform=Windows NT 10.0.18362 x86_64)",
      "time" : {
        "start" : 1603422652990,
        "stop" : 1603422672828,
        "duration" : 19838
      }
    }, {
      "uid" : "3a411fcedbdf3586",
      "status" : "broken",
      "statusDetails" : "selenium.common.exceptions.ElementClickInterceptedException: Message: element click intercepted: Element <div class=\"ant-select-item-option-content\">...</div> is not clickable at point (794, 476). Other element would receive the click: <input autocomplete=\"off\" type=\"text\" placeholder=\"请输入所属支行\" id=\"branchBank\" class=\"ant-input\" value=\"AutoTest_Bank1008\">\n  (Session info: chrome=74.0.3729.108)\n  (Driver info: chromedriver=74.0.3729.6 (255758eccf3d244491b8a1317aa76e1ce10d57e9-refs/branch-heads/3729@{#29}),platform=Windows NT 10.0.18362 x86_64)",
      "time" : {
        "start" : 1603422530922,
        "stop" : 1603422551857,
        "duration" : 20935
      }
    }, {
      "uid" : "4a80ae27bf08bf77",
      "status" : "broken",
      "statusDetails" : "selenium.common.exceptions.NoSuchElementException: Message: no such element: Unable to locate element: {\"method\":\"css selector\",\"selector\":\"body > div:nth-child(7) > div > div > div > div:nth-child(2) > div > div\"}\n  (Session info: chrome=74.0.3729.108)\n  (Driver info: chromedriver=74.0.3729.6 (255758eccf3d244491b8a1317aa76e1ce10d57e9-refs/branch-heads/3729@{#29}),platform=Windows NT 10.0.18362 x86_64)",
      "time" : {
        "start" : 1603422121387,
        "stop" : 1603422192329,
        "duration" : 70942
      }
    }, {
      "uid" : "712dd0edfcfb8265",
      "status" : "broken",
      "statusDetails" : "AttributeError: 'bytes' object has no attribute 'presence_of_element_located'",
      "time" : {
        "start" : 1603421251632,
        "stop" : 1603421287341,
        "duration" : 35709
      }
    }, {
      "uid" : "3d922681091c8d6e",
      "status" : "broken",
      "statusDetails" : "AttributeError: 'bytes' object has no attribute 'presence_of_element_located'",
      "time" : {
        "start" : 1603421086474,
        "stop" : 1603421114362,
        "duration" : 27888
      }
    }, {
      "uid" : "e4b5a5ecabd0afba",
      "status" : "broken",
      "statusDetails" : "selenium.common.exceptions.SessionNotCreatedException: Message: session not created\nfrom chrome not reachable\n  (Session info: chrome=74.0.3729.108)\n  (Driver info: chromedriver=74.0.3729.6 (255758eccf3d244491b8a1317aa76e1ce10d57e9-refs/branch-heads/3729@{#29}),platform=Windows NT 10.0.18362 x86_64)",
      "time" : {
        "start" : 1603355793255,
        "stop" : 1603355810791,
        "duration" : 17536
      }
    }, {
      "uid" : "73983272e3bb8d6f",
      "status" : "broken",
      "statusDetails" : "selenium.common.exceptions.ElementClickInterceptedException: Message: element click intercepted: Element <div class=\"ant-select-item-option-content\">...</div> is not clickable at point (630, 630). Other element would receive the click: <h6 class=\"title___3reRJ\">...</h6>\n  (Session info: chrome=74.0.3729.108)\n  (Driver info: chromedriver=74.0.3729.6 (255758eccf3d244491b8a1317aa76e1ce10d57e9-refs/branch-heads/3729@{#29}),platform=Windows NT 10.0.18362 x86_64)",
      "time" : {
        "start" : 1603354900771,
        "stop" : 1603354924276,
        "duration" : 23505
      }
    }, {
      "uid" : "b331d69495e43608",
      "status" : "broken",
      "statusDetails" : "selenium.common.exceptions.ElementClickInterceptedException: Message: element click intercepted: Element <div class=\"ant-select-item-option-content\">...</div> is not clickable at point (630, 630). Other element would receive the click: <h6 class=\"title___3reRJ\">...</h6>\n  (Session info: chrome=74.0.3729.108)\n  (Driver info: chromedriver=74.0.3729.6 (255758eccf3d244491b8a1317aa76e1ce10d57e9-refs/branch-heads/3729@{#29}),platform=Windows NT 10.0.18362 x86_64)",
      "time" : {
        "start" : 1603354772535,
        "stop" : 1603354791352,
        "duration" : 18817
      }
    }, {
      "uid" : "a15fb73b3572a34a",
      "status" : "broken",
      "statusDetails" : "selenium.common.exceptions.ElementClickInterceptedException: Message: element click intercepted: Element <div class=\"ant-select-item-option-content\">...</div> is not clickable at point (630, 630). Other element would receive the click: <h6 class=\"title___3reRJ\">...</h6>\n  (Session info: chrome=74.0.3729.108)\n  (Driver info: chromedriver=74.0.3729.6 (255758eccf3d244491b8a1317aa76e1ce10d57e9-refs/branch-heads/3729@{#29}),platform=Windows NT 10.0.18362 x86_64)",
      "time" : {
        "start" : 1603354694647,
        "stop" : 1603354714487,
        "duration" : 19840
      }
    }, {
      "uid" : "a0ef5e7182e0f656",
      "status" : "broken",
      "statusDetails" : "AttributeError: 'bytes' object has no attribute 'presence_of_element_located'",
      "time" : {
        "start" : 1603354498567,
        "stop" : 1603354523749,
        "duration" : 25182
      }
    }, {
      "uid" : "d1af3a46d0688b4d",
      "status" : "broken",
      "statusDetails" : "selenium.common.exceptions.TimeoutException: Message:",
      "time" : {
        "start" : 1603353984282,
        "stop" : 1603354039606,
        "duration" : 55324
      }
    }, {
      "uid" : "f05c20a97d675bd4",
      "status" : "broken",
      "statusDetails" : "selenium.common.exceptions.TimeoutException: Message:",
      "time" : {
        "start" : 1603343036122,
        "stop" : 1603343091555,
        "duration" : 55433
      }
    }, {
      "uid" : "f85309b0ee4bbcdc",
      "status" : "broken",
      "statusDetails" : "selenium.common.exceptions.WebDriverException: Message: chrome not reachable\n  (Session info: chrome=74.0.3729.108)\n  (Driver info: chromedriver=74.0.3729.6 (255758eccf3d244491b8a1317aa76e1ce10d57e9-refs/branch-heads/3729@{#29}),platform=Windows NT 10.0.18362 x86_64)",
      "time" : {
        "start" : 1603334839152,
        "stop" : 1603335037605,
        "duration" : 198453
      }
    }, {
      "uid" : "1d5ff52adeb335fa",
      "status" : "broken",
      "statusDetails" : "selenium.common.exceptions.ElementClickInterceptedException: Message: element click intercepted: Element <div class=\"ant-select-item-option-content\">...</div> is not clickable at point (630, 572). Other element would receive the click: <h6 class=\"title___3reRJ\">...</h6>\n  (Session info: chrome=74.0.3729.108)\n  (Driver info: chromedriver=74.0.3729.6 (255758eccf3d244491b8a1317aa76e1ce10d57e9-refs/branch-heads/3729@{#29}),platform=Windows NT 10.0.18362 x86_64)",
      "time" : {
        "start" : 1603334779260,
        "stop" : 1603334798222,
        "duration" : 18962
      }
    }, {
      "uid" : "bbf855c3b8b45456",
      "status" : "broken",
      "statusDetails" : "selenium.common.exceptions.ElementClickInterceptedException: Message: element click intercepted: Element <div class=\"ant-select-item-option-content\">...</div> is not clickable at point (794, 476). Other element would receive the click: <input autocomplete=\"off\" type=\"text\" placeholder=\"请输入所属支行\" id=\"branchBank\" class=\"ant-input\" value=\"AutoTest_Bank1008\">\n  (Session info: chrome=74.0.3729.108)\n  (Driver info: chromedriver=74.0.3729.6 (255758eccf3d244491b8a1317aa76e1ce10d57e9-refs/branch-heads/3729@{#29}),platform=Windows NT 10.0.18362 x86_64)",
      "time" : {
        "start" : 1603334551775,
        "stop" : 1603334571821,
        "duration" : 20046
      }
    }, {
      "uid" : "6c5c1bfa2af9caed",
      "status" : "broken",
      "statusDetails" : "selenium.common.exceptions.ElementClickInterceptedException: Message: element click intercepted: Element <div class=\"ant-select-item-option-content\">...</div> is not clickable at point (794, 476). Other element would receive the click: <input autocomplete=\"off\" type=\"text\" placeholder=\"请输入所属支行\" id=\"branchBank\" class=\"ant-input\" value=\"AutoTest_Bank1008\">\n  (Session info: chrome=74.0.3729.108)\n  (Driver info: chromedriver=74.0.3729.6 (255758eccf3d244491b8a1317aa76e1ce10d57e9-refs/branch-heads/3729@{#29}),platform=Windows NT 10.0.18362 x86_64)",
      "time" : {
        "start" : 1603334497577,
        "stop" : 1603334516652,
        "duration" : 19075
      }
    }, {
      "uid" : "a71c513bd42f3538",
      "status" : "broken",
      "statusDetails" : "selenium.common.exceptions.TimeoutException: Message:",
      "time" : {
        "start" : 1603334388383,
        "stop" : 1603334433133,
        "duration" : 44750
      }
    }, {
      "uid" : "a3e1eaa74556c1e4",
      "status" : "broken",
      "statusDetails" : "selenium.common.exceptions.TimeoutException: Message:",
      "time" : {
        "start" : 1603332225227,
        "stop" : 1603332276761,
        "duration" : 51534
      }
    }, {
      "uid" : "1b6861a7f0703dfa",
      "status" : "broken",
      "statusDetails" : "selenium.common.exceptions.NoSuchElementException: Message: no such element: Unable to locate element: {\"method\":\"css selector\",\"selector\":\"#root > div > div.content___17Zvm > div > div > div > div > div.section___207eM.feature___Y1g27 > div.feature-main___3NXLZ > button\"}\n  (Session info: chrome=74.0.3729.108)\n  (Driver info: chromedriver=74.0.3729.6 (255758eccf3d244491b8a1317aa76e1ce10d57e9-refs/branch-heads/3729@{#29}),platform=Windows NT 10.0.18362 x86_64)",
      "time" : {
        "start" : 1603332155172,
        "stop" : 1603332170193,
        "duration" : 15021
      }
    }, {
      "uid" : "ef7c4af2716f7ff3",
      "status" : "broken",
      "statusDetails" : "selenium.common.exceptions.TimeoutException: Message:",
      "time" : {
        "start" : 1603331843019,
        "stop" : 1603331893425,
        "duration" : 50406
      }
    }, {
      "uid" : "c6c7a816ed0705c3",
      "status" : "broken",
      "statusDetails" : "selenium.common.exceptions.ElementClickInterceptedException: Message: element click intercepted: Element <div class=\"ant-select-item-option-content\">...</div> is not clickable at point (630, 630). Other element would receive the click: <h6 class=\"title___3reRJ\">...</h6>\n  (Session info: chrome=74.0.3729.108)\n  (Driver info: chromedriver=74.0.3729.6 (255758eccf3d244491b8a1317aa76e1ce10d57e9-refs/branch-heads/3729@{#29}),platform=Windows NT 10.0.18362 x86_64)",
      "time" : {
        "start" : 1603331770996,
        "stop" : 1603331794544,
        "duration" : 23548
      }
    }, {
      "uid" : "21f68f04578cf3cd",
      "status" : "broken",
      "statusDetails" : "selenium.common.exceptions.WebDriverException: Message: chrome not reachable\n  (Session info: chrome=74.0.3729.108)\n  (Driver info: chromedriver=74.0.3729.6 (255758eccf3d244491b8a1317aa76e1ce10d57e9-refs/branch-heads/3729@{#29}),platform=Windows NT 10.0.18362 x86_64)",
      "time" : {
        "start" : 1603331610942,
        "stop" : 1603331662796,
        "duration" : 51854
      }
    }, {
      "uid" : "5d12a83c516bb7c2",
      "status" : "broken",
      "statusDetails" : "selenium.common.exceptions.ElementClickInterceptedException: Message: element click intercepted: Element <div class=\"ant-select-item-option-content\">...</div> is not clickable at point (630, 572). Other element would receive the click: <h6 class=\"title___3reRJ\">...</h6>\n  (Session info: chrome=74.0.3729.108)\n  (Driver info: chromedriver=74.0.3729.6 (255758eccf3d244491b8a1317aa76e1ce10d57e9-refs/branch-heads/3729@{#29}),platform=Windows NT 10.0.18362 x86_64)",
      "time" : {
        "start" : 1603331516323,
        "stop" : 1603331542144,
        "duration" : 25821
      }
    }, {
      "uid" : "9b0d4763595faec0",
      "status" : "broken",
      "statusDetails" : "IndexError: list index out of range",
      "time" : {
        "start" : 1602827679053,
        "stop" : 1602827679349,
        "duration" : 296
      }
    }, {
      "uid" : "4116422dd29ac03d",
      "status" : "broken",
      "statusDetails" : "poco.exceptions.PocoNoSuchNodeException: Cannot find any visible node by query UIObjectProxy of \"text=企业经营场所照片\"",
      "time" : {
        "start" : 1602826673718,
        "stop" : 1602826720972,
        "duration" : 47254
      }
    }, {
      "uid" : "48ed2f02f5ded2d9",
      "status" : "broken",
      "statusDetails" : "AttributeError: 'NoneType' object has no attribute 'is_displayed'",
      "time" : {
        "start" : 1602826499168,
        "stop" : 1602826546570,
        "duration" : 47402
      }
    }, {
      "uid" : "c51cf4f4c85fcf5c",
      "status" : "broken",
      "statusDetails" : "selenium.common.exceptions.TimeoutException: Message:",
      "time" : {
        "start" : 1602825353332,
        "stop" : 1602825396862,
        "duration" : 43530
      }
    }, {
      "uid" : "bc089c975c13bbf9",
      "status" : "broken",
      "statusDetails" : "selenium.common.exceptions.TimeoutException: Message:",
      "time" : {
        "start" : 1602819194979,
        "stop" : 1602819238844,
        "duration" : 43865
      }
    }, {
      "uid" : "2d5beb5579a20814",
      "status" : "broken",
      "statusDetails" : "poco.exceptions.PocoNoSuchNodeException: Cannot find any visible node by query UIObjectProxy of \"text=企业经营场所照片\"",
      "time" : {
        "start" : 1602749037189,
        "stop" : 1602749168061,
        "duration" : 130872
      }
    }, {
      "uid" : "96d75eb3a14df1df",
      "status" : "broken",
      "statusDetails" : "TypeError: Unsupported focus type <class 'float'>. Only \"anchor/center\" or 2-list/2-tuple available.",
      "time" : {
        "start" : 1602745561658,
        "stop" : 1602745563516,
        "duration" : 1858
      }
    }, {
      "uid" : "958cb3215177c933",
      "status" : "broken",
      "statusDetails" : "TypeError: Unsupported focus type <class 'float'>. Only \"anchor/center\" or 2-list/2-tuple available.",
      "time" : {
        "start" : 1602745492718,
        "stop" : 1602745498507,
        "duration" : 5789
      }
    }, {
      "uid" : "3720c27be5d1193a",
      "status" : "broken",
      "statusDetails" : "TypeError: Unsupported focus type <class 'float'>. Only \"anchor/center\" or 2-list/2-tuple available.",
      "time" : {
        "start" : 1602745461631,
        "stop" : 1602745461633,
        "duration" : 2
      }
    }, {
      "uid" : "ac329d96e2796f87",
      "status" : "broken",
      "statusDetails" : "IndexError: list index out of range",
      "time" : {
        "start" : 1602744600269,
        "stop" : 1602744600573,
        "duration" : 304
      }
    }, {
      "uid" : "d0086274c6c45474",
      "status" : "broken",
      "statusDetails" : "poco.exceptions.InvalidOperationException: Swipe origin out of screen. [0.16666666666666666, 2.6375]",
      "time" : {
        "start" : 1602743105304,
        "stop" : 1602743118408,
        "duration" : 13104
      }
    }, {
      "uid" : "97cf0f10783cfc93",
      "status" : "broken",
      "statusDetails" : "poco.exceptions.PocoNoSuchNodeException: Cannot find any visible node by query UIObjectProxy of \"text=请输入项目名称's parent's parent's parent/\"",
      "time" : {
        "start" : 1602742751185,
        "stop" : 1602742827201,
        "duration" : 76016
      }
    }, {
      "uid" : "93e913fa3c2dac0f",
      "status" : "broken",
      "statusDetails" : "poco.exceptions.PocoNoSuchNodeException: Cannot find any visible node by query UIObjectProxy of \"text=请输入项目名称's parent's parent's parent\"",
      "time" : {
        "start" : 1602742014273,
        "stop" : 1602742014443,
        "duration" : 170
      }
    }, {
      "uid" : "dd5094229fcdc0dd",
      "status" : "broken",
      "statusDetails" : "poco.exceptions.PocoNoSuchNodeException: Cannot find any visible node by query UIObjectProxy of \"text=请输入项目名称's parent's parent's parent\"",
      "time" : {
        "start" : 1602741969950,
        "stop" : 1602741970142,
        "duration" : 192
      }
    }, {
      "uid" : "1f1d60aace530e63",
      "status" : "broken",
      "statusDetails" : "poco.exceptions.PocoNoSuchNodeException: Cannot find any visible node by query UIObjectProxy of \"text=请输入项目名称's parent's parent's parent\"",
      "time" : {
        "start" : 1602741939332,
        "stop" : 1602741939530,
        "duration" : 198
      }
    }, {
      "uid" : "e05f525a1bb96a1a",
      "status" : "broken",
      "statusDetails" : "poco.exceptions.PocoNoSuchNodeException: Cannot find any visible node by query UIObjectProxy of \"text=我的\"",
      "time" : {
        "start" : 1602740594114,
        "stop" : 1602740601863,
        "duration" : 7749
      }
    }, {
      "uid" : "b821077ff39cd244",
      "status" : "broken",
      "statusDetails" : "poco.exceptions.PocoNoSuchNodeException: Cannot find any visible node by query UIObjectProxy of \"text=我的\"",
      "time" : {
        "start" : 1602740563678,
        "stop" : 1602740571122,
        "duration" : 7444
      }
    }, {
      "uid" : "ac8a603479fa5501",
      "status" : "broken",
      "statusDetails" : "poco.exceptions.PocoNoSuchNodeException: Cannot find any visible node by query UIObjectProxy of \"text=我的\"",
      "time" : {
        "start" : 1602740292718,
        "stop" : 1602740300191,
        "duration" : 7473
      }
    }, {
      "uid" : "dd84d3844a100a2a",
      "status" : "broken",
      "statusDetails" : "TypeError: Unsupported direction type <class 'poco.proxy.UIObjectProxy'>. Only \"up/down/left/right\" or 2-list/2-tuple available.",
      "time" : {
        "start" : 1602740191751,
        "stop" : 1602740198998,
        "duration" : 7247
      }
    }, {
      "uid" : "83f3a039efd8105a",
      "status" : "broken",
      "statusDetails" : "poco.exceptions.InvalidOperationException: Swipe origin out of screen. [0.16666666666666666, 1.93984375]",
      "time" : {
        "start" : 1602739781230,
        "stop" : 1602739809055,
        "duration" : 27825
      }
    }, {
      "uid" : "7fa6e8529729e864",
      "status" : "broken",
      "statusDetails" : "poco.exceptions.InvalidOperationException: Swipe origin out of screen. [0.16666666666666666, 1.93984375]",
      "time" : {
        "start" : 1602739732387,
        "stop" : 1602739751580,
        "duration" : 19193
      }
    }, {
      "uid" : "c3e3d931f284a164",
      "status" : "broken",
      "statusDetails" : "poco.exceptions.InvalidOperationException: Swipe origin out of screen. [0.16666666666666666, 1.93984375]",
      "time" : {
        "start" : 1602739530186,
        "stop" : 1602739544965,
        "duration" : 14779
      }
    }, {
      "uid" : "cf3f91c4c861b629",
      "status" : "broken",
      "statusDetails" : "poco.exceptions.PocoNoSuchNodeException: Cannot find any visible node by query UIObjectProxy of \"text=首页\"",
      "time" : {
        "start" : 1602739454376,
        "stop" : 1602739467715,
        "duration" : 13339
      }
    }, {
      "uid" : "e54679cf2c053dcf",
      "status" : "broken",
      "statusDetails" : "poco.exceptions.InvalidOperationException: Swipe origin out of screen. [0.16666666666666666, 1.93984375]",
      "time" : {
        "start" : 1602739369299,
        "stop" : 1602739378670,
        "duration" : 9371
      }
    }, {
      "uid" : "30bc7ab4c63a3836",
      "status" : "broken",
      "statusDetails" : "selenium.common.exceptions.TimeoutException: Message:",
      "time" : {
        "start" : 1602731718878,
        "stop" : 1602731762567,
        "duration" : 43689
      }
    }, {
      "uid" : "a6869027471fc183",
      "status" : "broken",
      "statusDetails" : "selenium.common.exceptions.TimeoutException: Message:",
      "time" : {
        "start" : 1602721718990,
        "stop" : 1602721762450,
        "duration" : 43460
      }
    }, {
      "uid" : "d77a6911745f332f",
      "status" : "broken",
      "statusDetails" : "selenium.common.exceptions.TimeoutException: Message:",
      "time" : {
        "start" : 1602668018777,
        "stop" : 1602668062543,
        "duration" : 43766
      }
    }, {
      "uid" : "d48bbb4cb3179dea",
      "status" : "broken",
      "statusDetails" : "selenium.common.exceptions.TimeoutException: Message:",
      "time" : {
        "start" : 1602667464735,
        "stop" : 1602667508617,
        "duration" : 43882
      }
    }, {
      "uid" : "12f95cb657927147",
      "status" : "broken",
      "statusDetails" : "selenium.common.exceptions.TimeoutException: Message:",
      "time" : {
        "start" : 1602666697984,
        "stop" : 1602666742026,
        "duration" : 44042
      }
    }, {
      "uid" : "13e18b8da0563d8e",
      "status" : "passed",
      "time" : {
        "start" : 1602222926041,
        "stop" : 1602223067461,
        "duration" : 141420
      }
    }, {
      "uid" : "bcdd5a8ecdbcb8ea",
      "status" : "broken",
      "statusDetails" : "selenium.common.exceptions.NoSuchElementException: Message: no such element: Unable to locate element: {\"method\":\"css selector\",\"selector\":\"#root > div > div.content___17Zvm > div > div > div > div > div.section___207eM.feature___Y1g27 > div.feature-main___3NXLZ > button\"}\n  (Session info: chrome=74.0.3729.108)\n  (Driver info: chromedriver=74.0.3729.6 (255758eccf3d244491b8a1317aa76e1ce10d57e9-refs/branch-heads/3729@{#29}),platform=Windows NT 10.0.18362 x86_64)",
      "time" : {
        "start" : 1602222519007,
        "stop" : 1602222533144,
        "duration" : 14137
      }
    }, {
      "uid" : "793460b659e69bfd",
      "status" : "broken",
      "statusDetails" : "selenium.common.exceptions.TimeoutException: Message:",
      "time" : {
        "start" : 1602221002087,
        "stop" : 1602221045827,
        "duration" : 43740
      }
    }, {
      "uid" : "29a90bb54565ea7e",
      "status" : "passed",
      "time" : {
        "start" : 1602220425295,
        "stop" : 1602220565691,
        "duration" : 140396
      }
    }, {
      "uid" : "4548d19fc41002d1",
      "status" : "broken",
      "statusDetails" : "selenium.common.exceptions.TimeoutException: Message:",
      "time" : {
        "start" : 1602215718069,
        "stop" : 1602215894319,
        "duration" : 176250
      }
    }, {
      "uid" : "36d517ae1c9585cb",
      "status" : "broken",
      "statusDetails" : "selenium.common.exceptions.TimeoutException: Message:",
      "time" : {
        "start" : 1602215303919,
        "stop" : 1602215353313,
        "duration" : 49394
      }
    }, {
      "uid" : "7ef017bc13403424",
      "status" : "broken",
      "statusDetails" : "selenium.common.exceptions.TimeoutException: Message:",
      "time" : {
        "start" : 1602213283616,
        "stop" : 1602213332505,
        "duration" : 48889
      }
    }, {
      "uid" : "944ec9416dcd2553",
      "status" : "broken",
      "statusDetails" : "selenium.common.exceptions.TimeoutException: Message:",
      "time" : {
        "start" : 1602212783329,
        "stop" : 1602212829757,
        "duration" : 46428
      }
    }, {
      "uid" : "9e98fab95574f5d",
      "status" : "broken",
      "statusDetails" : "selenium.common.exceptions.TimeoutException: Message:",
      "time" : {
        "start" : 1602211260127,
        "stop" : 1602211413201,
        "duration" : 153074
      }
    } ],
    "categories" : [ {
      "name" : "Test defects",
      "matchedStatuses" : [ ],
      "flaky" : false
    } ],
    "tags" : [ "run(order=-1)" ]
  },
  "source" : "731ea6000fb025d5.json",
  "parameterValues" : [ ]
}