{
  "uid" : "7343656c46b65abc",
  "name" : "test_Tripartite_interaction",
  "fullName" : "test_flow.test_Tripartite_interaction.test_Tripartite_interaction#test_Tripartite_interaction",
  "historyId" : "d91e7b4392163e0b46289a9f8b97b16c",
  "time" : {
    "start" : 1605074486826,
    "stop" : 1605074486827,
    "duration" : 1
  },
  "description" : "测试 http://10.10.128.152:10052/#/account/login 三方（企业，银行，前端）交互",
  "descriptionHtml" : "<p>测试 http://10.10.128.152:10052/#/account/login 三方（企业，银行，前端）交互</p>\n",
  "status" : "broken",
  "statusMessage" : "selenium.common.exceptions.WebDriverException: Message: 'Auto_Testchromedriver.exe' executable needs to be in PATH. Please see https://sites.google.com/a/chromium.org/chromedriver/home",
  "statusTrace" : "self = <selenium.webdriver.chrome.service.Service object at 0x000001C1F237BDD8>\n\n    def start(self):\n        \"\"\"\n        Starts the Service.\n    \n        :Exceptions:\n         - WebDriverException : Raised either when it can't start the service\n           or when it can't connect to the service\n        \"\"\"\n        try:\n            cmd = [self.path]\n            cmd.extend(self.command_line_args())\n            self.process = subprocess.Popen(cmd, env=self.env,\n                                            close_fds=platform.system() != 'Windows',\n                                            stdout=self.log_file,\n                                            stderr=self.log_file,\n>                                           stdin=PIPE)\n\n..\\..\\..\\AppData\\Local\\Programs\\Python\\Python36\\lib\\site-packages\\selenium\\webdriver\\common\\service.py:76: \n_ _ _ _ _ _ _ _ _ _ _ _ _ _ _ _ _ _ _ _ _ _ _ _ _ _ _ _ _ _ _ _ _ _ _ _ _ _ _ _\n\nself = <subprocess.Popen object at 0x000001C1F237BBE0>\nargs = ['C:\\\\Users\\\\shaojunshuai\\\\PycharmProjects\\\\AutoTest-python\\\\Auto_Testchromedriver.exe', '--port=53316']\nbufsize = -1, executable = None, stdin = -1, stdout = -3, stderr = -3\npreexec_fn = None, close_fds = False, shell = False, cwd = None\nenv = environ({'ALLUSERSPROFILE': 'C:\\\\ProgramData', 'APPDATA': 'C:\\\\Users\\\\shaojunshuai\\\\AppData\\\\Roaming', 'CLASSPATH': '....ENT_TEST': 'test_flow/test_Tripartite_interaction/test_Tripartite_interaction.py::test_Tripartite_interaction (call)'})\nuniversal_newlines = False, startupinfo = None, creationflags = 0\nrestore_signals = True, start_new_session = False, pass_fds = ()\n\n    def __init__(self, args, bufsize=-1, executable=None,\n                 stdin=None, stdout=None, stderr=None,\n                 preexec_fn=None, close_fds=_PLATFORM_DEFAULT_CLOSE_FDS,\n                 shell=False, cwd=None, env=None, universal_newlines=False,\n                 startupinfo=None, creationflags=0,\n                 restore_signals=True, start_new_session=False,\n                 pass_fds=(), *, encoding=None, errors=None):\n        \"\"\"Create new Popen instance.\"\"\"\n        _cleanup()\n        # Held while anything is calling waitpid before returncode has been\n        # updated to prevent clobbering returncode if wait() or poll() are\n        # called from multiple threads at once.  After acquiring the lock,\n        # code must re-check self.returncode to see if another thread just\n        # finished a waitpid() call.\n        self._waitpid_lock = threading.Lock()\n    \n        self._input = None\n        self._communication_started = False\n        if bufsize is None:\n            bufsize = -1  # Restore default\n        if not isinstance(bufsize, int):\n            raise TypeError(\"bufsize must be an integer\")\n    \n        if _mswindows:\n            if preexec_fn is not None:\n                raise ValueError(\"preexec_fn is not supported on Windows \"\n                                 \"platforms\")\n            any_stdio_set = (stdin is not None or stdout is not None or\n                             stderr is not None)\n            if close_fds is _PLATFORM_DEFAULT_CLOSE_FDS:\n                if any_stdio_set:\n                    close_fds = False\n                else:\n                    close_fds = True\n            elif close_fds and any_stdio_set:\n                raise ValueError(\n                        \"close_fds is not supported on Windows platforms\"\n                        \" if you redirect stdin/stdout/stderr\")\n        else:\n            # POSIX\n            if close_fds is _PLATFORM_DEFAULT_CLOSE_FDS:\n                close_fds = True\n            if pass_fds and not close_fds:\n                warnings.warn(\"pass_fds overriding close_fds.\", RuntimeWarning)\n                close_fds = True\n            if startupinfo is not None:\n                raise ValueError(\"startupinfo is only supported on Windows \"\n                                 \"platforms\")\n            if creationflags != 0:\n                raise ValueError(\"creationflags is only supported on Windows \"\n                                 \"platforms\")\n    \n        self.args = args\n        self.stdin = None\n        self.stdout = None\n        self.stderr = None\n        self.pid = None\n        self.returncode = None\n        self.universal_newlines = universal_newlines\n        self.encoding = encoding\n        self.errors = errors\n    \n        # Input and output objects. The general principle is like\n        # this:\n        #\n        # Parent                   Child\n        # ------                   -----\n        # p2cwrite   ---stdin--->  p2cread\n        # c2pread    <--stdout---  c2pwrite\n        # errread    <--stderr---  errwrite\n        #\n        # On POSIX, the child objects are file descriptors.  On\n        # Windows, these are Windows file handles.  The parent objects\n        # are file descriptors on both platforms.  The parent objects\n        # are -1 when not using PIPEs. The child objects are -1\n        # when not redirecting.\n    \n        (p2cread, p2cwrite,\n         c2pread, c2pwrite,\n         errread, errwrite) = self._get_handles(stdin, stdout, stderr)\n    \n        # We wrap OS handles *before* launching the child, otherwise a\n        # quickly terminating child could make our fds unwrappable\n        # (see #8458).\n    \n        if _mswindows:\n            if p2cwrite != -1:\n                p2cwrite = msvcrt.open_osfhandle(p2cwrite.Detach(), 0)\n            if c2pread != -1:\n                c2pread = msvcrt.open_osfhandle(c2pread.Detach(), 0)\n            if errread != -1:\n                errread = msvcrt.open_osfhandle(errread.Detach(), 0)\n    \n        text_mode = encoding or errors or universal_newlines\n    \n        self._closed_child_pipe_fds = False\n    \n        try:\n            if p2cwrite != -1:\n                self.stdin = io.open(p2cwrite, 'wb', bufsize)\n                if text_mode:\n                    self.stdin = io.TextIOWrapper(self.stdin, write_through=True,\n                            line_buffering=(bufsize == 1),\n                            encoding=encoding, errors=errors)\n            if c2pread != -1:\n                self.stdout = io.open(c2pread, 'rb', bufsize)\n                if text_mode:\n                    self.stdout = io.TextIOWrapper(self.stdout,\n                            encoding=encoding, errors=errors)\n            if errread != -1:\n                self.stderr = io.open(errread, 'rb', bufsize)\n                if text_mode:\n                    self.stderr = io.TextIOWrapper(self.stderr,\n                            encoding=encoding, errors=errors)\n    \n            self._execute_child(args, executable, preexec_fn, close_fds,\n                                pass_fds, cwd, env,\n                                startupinfo, creationflags, shell,\n                                p2cread, p2cwrite,\n                                c2pread, c2pwrite,\n                                errread, errwrite,\n>                               restore_signals, start_new_session)\n\n..\\..\\..\\AppData\\Local\\Programs\\Python\\Python36\\lib\\subprocess.py:709: \n_ _ _ _ _ _ _ _ _ _ _ _ _ _ _ _ _ _ _ _ _ _ _ _ _ _ _ _ _ _ _ _ _ _ _ _ _ _ _ _\n\nself = <subprocess.Popen object at 0x000001C1F237BBE0>\nargs = 'C:\\\\Users\\\\shaojunshuai\\\\PycharmProjects\\\\AutoTest-python\\\\Auto_Testchromedriver.exe --port=53316'\nexecutable = None, preexec_fn = None, close_fds = False, pass_fds = ()\ncwd = None\nenv = environ({'ALLUSERSPROFILE': 'C:\\\\ProgramData', 'APPDATA': 'C:\\\\Users\\\\shaojunshuai\\\\AppData\\\\Roaming', 'CLASSPATH': '....ENT_TEST': 'test_flow/test_Tripartite_interaction/test_Tripartite_interaction.py::test_Tripartite_interaction (call)'})\nstartupinfo = <subprocess.STARTUPINFO object at 0x000001C1F237BF28>\ncreationflags = 0, shell = False, p2cread = Handle(1476), p2cwrite = 13\nc2pread = -1, c2pwrite = Handle(1488), errread = -1, errwrite = Handle(1472)\nunused_restore_signals = True, unused_start_new_session = False\n\n    def _execute_child(self, args, executable, preexec_fn, close_fds,\n                       pass_fds, cwd, env,\n                       startupinfo, creationflags, shell,\n                       p2cread, p2cwrite,\n                       c2pread, c2pwrite,\n                       errread, errwrite,\n                       unused_restore_signals, unused_start_new_session):\n        \"\"\"Execute program (MS Windows version)\"\"\"\n    \n        assert not pass_fds, \"pass_fds not supported on Windows.\"\n    \n        if not isinstance(args, str):\n            args = list2cmdline(args)\n    \n        # Process startup details\n        if startupinfo is None:\n            startupinfo = STARTUPINFO()\n        if -1 not in (p2cread, c2pwrite, errwrite):\n            startupinfo.dwFlags |= _winapi.STARTF_USESTDHANDLES\n            startupinfo.hStdInput = p2cread\n            startupinfo.hStdOutput = c2pwrite\n            startupinfo.hStdError = errwrite\n    \n        if shell:\n            startupinfo.dwFlags |= _winapi.STARTF_USESHOWWINDOW\n            startupinfo.wShowWindow = _winapi.SW_HIDE\n            comspec = os.environ.get(\"COMSPEC\", \"cmd.exe\")\n            args = '{} /c \"{}\"'.format (comspec, args)\n    \n        # Start the process\n        try:\n            hp, ht, pid, tid = _winapi.CreateProcess(executable, args,\n                                     # no special security\n                                     None, None,\n                                     int(not close_fds),\n                                     creationflags,\n                                     env,\n                                     os.fspath(cwd) if cwd is not None else None,\n>                                    startupinfo)\nE                                    FileNotFoundError: [WinError 2] 系统找不到指定的文件。\n\n..\\..\\..\\AppData\\Local\\Programs\\Python\\Python36\\lib\\subprocess.py:997: FileNotFoundError\n\nDuring handling of the above exception, another exception occurred:\n\n    @pytest.mark.run(order=-1)\n    @allure.severity(\"blocker\")\n    @allure.description(\"测试 http://10.10.128.152:10052/#/account/login 三方（企业，银行，前端）交互\")\n    @allure.testcase(\"http://10.10.128.152:10052/#/account/login\", \"三方（企业，银行，前端）交互 \uD83D\uDC47\")\n    def test_Tripartite_interaction():\n        def_name = sys._getframe().f_code.co_name\n        logger.info(\"开始执行脚本%s:\\n\", def_name)\n    \n        # 前端账户授信申请\n        if runMode == 'UI':\n>           driver_forward = webdriver.Chrome(executable_path=driverPath)\n\ntest_flow\\test_Tripartite_interaction\\test_Tripartite_interaction.py:148: \n_ _ _ _ _ _ _ _ _ _ _ _ _ _ _ _ _ _ _ _ _ _ _ _ _ _ _ _ _ _ _ _ _ _ _ _ _ _ _ _\n..\\..\\..\\AppData\\Local\\Programs\\Python\\Python36\\lib\\site-packages\\selenium\\webdriver\\chrome\\webdriver.py:73: in __init__\n    self.service.start()\n_ _ _ _ _ _ _ _ _ _ _ _ _ _ _ _ _ _ _ _ _ _ _ _ _ _ _ _ _ _ _ _ _ _ _ _ _ _ _ _\n\nself = <selenium.webdriver.chrome.service.Service object at 0x000001C1F237BDD8>\n\n    def start(self):\n        \"\"\"\n        Starts the Service.\n    \n        :Exceptions:\n         - WebDriverException : Raised either when it can't start the service\n           or when it can't connect to the service\n        \"\"\"\n        try:\n            cmd = [self.path]\n            cmd.extend(self.command_line_args())\n            self.process = subprocess.Popen(cmd, env=self.env,\n                                            close_fds=platform.system() != 'Windows',\n                                            stdout=self.log_file,\n                                            stderr=self.log_file,\n                                            stdin=PIPE)\n        except TypeError:\n            raise\n        except OSError as err:\n            if err.errno == errno.ENOENT:\n                raise WebDriverException(\n                    \"'%s' executable needs to be in PATH. %s\" % (\n>                       os.path.basename(self.path), self.start_error_message)\nE                       selenium.common.exceptions.WebDriverException: Message: 'Auto_Testchromedriver.exe' executable needs to be in PATH. Please see https://sites.google.com/a/chromium.org/chromedriver/home\n\n..\\..\\..\\AppData\\Local\\Programs\\Python\\Python36\\lib\\site-packages\\selenium\\webdriver\\common\\service.py:83: WebDriverException",
  "flaky" : false,
  "newFailed" : false,
  "beforeStages" : [ ],
  "testStage" : {
    "description" : "测试 http://10.10.128.152:10052/#/account/login 三方（企业，银行，前端）交互",
    "status" : "broken",
    "statusMessage" : "selenium.common.exceptions.WebDriverException: Message: 'Auto_Testchromedriver.exe' executable needs to be in PATH. Please see https://sites.google.com/a/chromium.org/chromedriver/home",
    "statusTrace" : "self = <selenium.webdriver.chrome.service.Service object at 0x000001C1F237BDD8>\n\n    def start(self):\n        \"\"\"\n        Starts the Service.\n    \n        :Exceptions:\n         - WebDriverException : Raised either when it can't start the service\n           or when it can't connect to the service\n        \"\"\"\n        try:\n            cmd = [self.path]\n            cmd.extend(self.command_line_args())\n            self.process = subprocess.Popen(cmd, env=self.env,\n                                            close_fds=platform.system() != 'Windows',\n                                            stdout=self.log_file,\n                                            stderr=self.log_file,\n>                                           stdin=PIPE)\n\n..\\..\\..\\AppData\\Local\\Programs\\Python\\Python36\\lib\\site-packages\\selenium\\webdriver\\common\\service.py:76: \n_ _ _ _ _ _ _ _ _ _ _ _ _ _ _ _ _ _ _ _ _ _ _ _ _ _ _ _ _ _ _ _ _ _ _ _ _ _ _ _\n\nself = <subprocess.Popen object at 0x000001C1F237BBE0>\nargs = ['C:\\\\Users\\\\shaojunshuai\\\\PycharmProjects\\\\AutoTest-python\\\\Auto_Testchromedriver.exe', '--port=53316']\nbufsize = -1, executable = None, stdin = -1, stdout = -3, stderr = -3\npreexec_fn = None, close_fds = False, shell = False, cwd = None\nenv = environ({'ALLUSERSPROFILE': 'C:\\\\ProgramData', 'APPDATA': 'C:\\\\Users\\\\shaojunshuai\\\\AppData\\\\Roaming', 'CLASSPATH': '....ENT_TEST': 'test_flow/test_Tripartite_interaction/test_Tripartite_interaction.py::test_Tripartite_interaction (call)'})\nuniversal_newlines = False, startupinfo = None, creationflags = 0\nrestore_signals = True, start_new_session = False, pass_fds = ()\n\n    def __init__(self, args, bufsize=-1, executable=None,\n                 stdin=None, stdout=None, stderr=None,\n                 preexec_fn=None, close_fds=_PLATFORM_DEFAULT_CLOSE_FDS,\n                 shell=False, cwd=None, env=None, universal_newlines=False,\n                 startupinfo=None, creationflags=0,\n                 restore_signals=True, start_new_session=False,\n                 pass_fds=(), *, encoding=None, errors=None):\n        \"\"\"Create new Popen instance.\"\"\"\n        _cleanup()\n        # Held while anything is calling waitpid before returncode has been\n        # updated to prevent clobbering returncode if wait() or poll() are\n        # called from multiple threads at once.  After acquiring the lock,\n        # code must re-check self.returncode to see if another thread just\n        # finished a waitpid() call.\n        self._waitpid_lock = threading.Lock()\n    \n        self._input = None\n        self._communication_started = False\n        if bufsize is None:\n            bufsize = -1  # Restore default\n        if not isinstance(bufsize, int):\n            raise TypeError(\"bufsize must be an integer\")\n    \n        if _mswindows:\n            if preexec_fn is not None:\n                raise ValueError(\"preexec_fn is not supported on Windows \"\n                                 \"platforms\")\n            any_stdio_set = (stdin is not None or stdout is not None or\n                             stderr is not None)\n            if close_fds is _PLATFORM_DEFAULT_CLOSE_FDS:\n                if any_stdio_set:\n                    close_fds = False\n                else:\n                    close_fds = True\n            elif close_fds and any_stdio_set:\n                raise ValueError(\n                        \"close_fds is not supported on Windows platforms\"\n                        \" if you redirect stdin/stdout/stderr\")\n        else:\n            # POSIX\n            if close_fds is _PLATFORM_DEFAULT_CLOSE_FDS:\n                close_fds = True\n            if pass_fds and not close_fds:\n                warnings.warn(\"pass_fds overriding close_fds.\", RuntimeWarning)\n                close_fds = True\n            if startupinfo is not None:\n                raise ValueError(\"startupinfo is only supported on Windows \"\n                                 \"platforms\")\n            if creationflags != 0:\n                raise ValueError(\"creationflags is only supported on Windows \"\n                                 \"platforms\")\n    \n        self.args = args\n        self.stdin = None\n        self.stdout = None\n        self.stderr = None\n        self.pid = None\n        self.returncode = None\n        self.universal_newlines = universal_newlines\n        self.encoding = encoding\n        self.errors = errors\n    \n        # Input and output objects. The general principle is like\n        # this:\n        #\n        # Parent                   Child\n        # ------                   -----\n        # p2cwrite   ---stdin--->  p2cread\n        # c2pread    <--stdout---  c2pwrite\n        # errread    <--stderr---  errwrite\n        #\n        # On POSIX, the child objects are file descriptors.  On\n        # Windows, these are Windows file handles.  The parent objects\n        # are file descriptors on both platforms.  The parent objects\n        # are -1 when not using PIPEs. The child objects are -1\n        # when not redirecting.\n    \n        (p2cread, p2cwrite,\n         c2pread, c2pwrite,\n         errread, errwrite) = self._get_handles(stdin, stdout, stderr)\n    \n        # We wrap OS handles *before* launching the child, otherwise a\n        # quickly terminating child could make our fds unwrappable\n        # (see #8458).\n    \n        if _mswindows:\n            if p2cwrite != -1:\n                p2cwrite = msvcrt.open_osfhandle(p2cwrite.Detach(), 0)\n            if c2pread != -1:\n                c2pread = msvcrt.open_osfhandle(c2pread.Detach(), 0)\n            if errread != -1:\n                errread = msvcrt.open_osfhandle(errread.Detach(), 0)\n    \n        text_mode = encoding or errors or universal_newlines\n    \n        self._closed_child_pipe_fds = False\n    \n        try:\n            if p2cwrite != -1:\n                self.stdin = io.open(p2cwrite, 'wb', bufsize)\n                if text_mode:\n                    self.stdin = io.TextIOWrapper(self.stdin, write_through=True,\n                            line_buffering=(bufsize == 1),\n                            encoding=encoding, errors=errors)\n            if c2pread != -1:\n                self.stdout = io.open(c2pread, 'rb', bufsize)\n                if text_mode:\n                    self.stdout = io.TextIOWrapper(self.stdout,\n                            encoding=encoding, errors=errors)\n            if errread != -1:\n                self.stderr = io.open(errread, 'rb', bufsize)\n                if text_mode:\n                    self.stderr = io.TextIOWrapper(self.stderr,\n                            encoding=encoding, errors=errors)\n    \n            self._execute_child(args, executable, preexec_fn, close_fds,\n                                pass_fds, cwd, env,\n                                startupinfo, creationflags, shell,\n                                p2cread, p2cwrite,\n                                c2pread, c2pwrite,\n                                errread, errwrite,\n>                               restore_signals, start_new_session)\n\n..\\..\\..\\AppData\\Local\\Programs\\Python\\Python36\\lib\\subprocess.py:709: \n_ _ _ _ _ _ _ _ _ _ _ _ _ _ _ _ _ _ _ _ _ _ _ _ _ _ _ _ _ _ _ _ _ _ _ _ _ _ _ _\n\nself = <subprocess.Popen object at 0x000001C1F237BBE0>\nargs = 'C:\\\\Users\\\\shaojunshuai\\\\PycharmProjects\\\\AutoTest-python\\\\Auto_Testchromedriver.exe --port=53316'\nexecutable = None, preexec_fn = None, close_fds = False, pass_fds = ()\ncwd = None\nenv = environ({'ALLUSERSPROFILE': 'C:\\\\ProgramData', 'APPDATA': 'C:\\\\Users\\\\shaojunshuai\\\\AppData\\\\Roaming', 'CLASSPATH': '....ENT_TEST': 'test_flow/test_Tripartite_interaction/test_Tripartite_interaction.py::test_Tripartite_interaction (call)'})\nstartupinfo = <subprocess.STARTUPINFO object at 0x000001C1F237BF28>\ncreationflags = 0, shell = False, p2cread = Handle(1476), p2cwrite = 13\nc2pread = -1, c2pwrite = Handle(1488), errread = -1, errwrite = Handle(1472)\nunused_restore_signals = True, unused_start_new_session = False\n\n    def _execute_child(self, args, executable, preexec_fn, close_fds,\n                       pass_fds, cwd, env,\n                       startupinfo, creationflags, shell,\n                       p2cread, p2cwrite,\n                       c2pread, c2pwrite,\n                       errread, errwrite,\n                       unused_restore_signals, unused_start_new_session):\n        \"\"\"Execute program (MS Windows version)\"\"\"\n    \n        assert not pass_fds, \"pass_fds not supported on Windows.\"\n    \n        if not isinstance(args, str):\n            args = list2cmdline(args)\n    \n        # Process startup details\n        if startupinfo is None:\n            startupinfo = STARTUPINFO()\n        if -1 not in (p2cread, c2pwrite, errwrite):\n            startupinfo.dwFlags |= _winapi.STARTF_USESTDHANDLES\n            startupinfo.hStdInput = p2cread\n            startupinfo.hStdOutput = c2pwrite\n            startupinfo.hStdError = errwrite\n    \n        if shell:\n            startupinfo.dwFlags |= _winapi.STARTF_USESHOWWINDOW\n            startupinfo.wShowWindow = _winapi.SW_HIDE\n            comspec = os.environ.get(\"COMSPEC\", \"cmd.exe\")\n            args = '{} /c \"{}\"'.format (comspec, args)\n    \n        # Start the process\n        try:\n            hp, ht, pid, tid = _winapi.CreateProcess(executable, args,\n                                     # no special security\n                                     None, None,\n                                     int(not close_fds),\n                                     creationflags,\n                                     env,\n                                     os.fspath(cwd) if cwd is not None else None,\n>                                    startupinfo)\nE                                    FileNotFoundError: [WinError 2] 系统找不到指定的文件。\n\n..\\..\\..\\AppData\\Local\\Programs\\Python\\Python36\\lib\\subprocess.py:997: FileNotFoundError\n\nDuring handling of the above exception, another exception occurred:\n\n    @pytest.mark.run(order=-1)\n    @allure.severity(\"blocker\")\n    @allure.description(\"测试 http://10.10.128.152:10052/#/account/login 三方（企业，银行，前端）交互\")\n    @allure.testcase(\"http://10.10.128.152:10052/#/account/login\", \"三方（企业，银行，前端）交互 \uD83D\uDC47\")\n    def test_Tripartite_interaction():\n        def_name = sys._getframe().f_code.co_name\n        logger.info(\"开始执行脚本%s:\\n\", def_name)\n    \n        # 前端账户授信申请\n        if runMode == 'UI':\n>           driver_forward = webdriver.Chrome(executable_path=driverPath)\n\ntest_flow\\test_Tripartite_interaction\\test_Tripartite_interaction.py:148: \n_ _ _ _ _ _ _ _ _ _ _ _ _ _ _ _ _ _ _ _ _ _ _ _ _ _ _ _ _ _ _ _ _ _ _ _ _ _ _ _\n..\\..\\..\\AppData\\Local\\Programs\\Python\\Python36\\lib\\site-packages\\selenium\\webdriver\\chrome\\webdriver.py:73: in __init__\n    self.service.start()\n_ _ _ _ _ _ _ _ _ _ _ _ _ _ _ _ _ _ _ _ _ _ _ _ _ _ _ _ _ _ _ _ _ _ _ _ _ _ _ _\n\nself = <selenium.webdriver.chrome.service.Service object at 0x000001C1F237BDD8>\n\n    def start(self):\n        \"\"\"\n        Starts the Service.\n    \n        :Exceptions:\n         - WebDriverException : Raised either when it can't start the service\n           or when it can't connect to the service\n        \"\"\"\n        try:\n            cmd = [self.path]\n            cmd.extend(self.command_line_args())\n            self.process = subprocess.Popen(cmd, env=self.env,\n                                            close_fds=platform.system() != 'Windows',\n                                            stdout=self.log_file,\n                                            stderr=self.log_file,\n                                            stdin=PIPE)\n        except TypeError:\n            raise\n        except OSError as err:\n            if err.errno == errno.ENOENT:\n                raise WebDriverException(\n                    \"'%s' executable needs to be in PATH. %s\" % (\n>                       os.path.basename(self.path), self.start_error_message)\nE                       selenium.common.exceptions.WebDriverException: Message: 'Auto_Testchromedriver.exe' executable needs to be in PATH. Please see https://sites.google.com/a/chromium.org/chromedriver/home\n\n..\\..\\..\\AppData\\Local\\Programs\\Python\\Python36\\lib\\site-packages\\selenium\\webdriver\\common\\service.py:83: WebDriverException",
    "steps" : [ ],
    "attachments" : [ {
      "uid" : "9a5df68c467c0fce",
      "name" : "log",
      "source" : "9a5df68c467c0fce.txt",
      "type" : "text/plain",
      "size" : 106
    }, {
      "uid" : "22833af2d85817f6",
      "name" : "stderr",
      "source" : "22833af2d85817f6.txt",
      "type" : "text/plain",
      "size" : 153
    } ],
    "parameters" : [ ],
    "attachmentsCount" : 2,
    "shouldDisplayMessage" : true,
    "stepsCount" : 0,
    "hasContent" : true
  },
  "afterStages" : [ ],
  "labels" : [ {
    "name" : "severity",
    "value" : "blocker"
  }, {
    "name" : "tag",
    "value" : "run(order=-1)"
  }, {
    "name" : "parentSuite",
    "value" : "test_flow.test_Tripartite_interaction"
  }, {
    "name" : "suite",
    "value" : "test_Tripartite_interaction"
  }, {
    "name" : "host",
    "value" : "A02-03-00033"
  }, {
    "name" : "thread",
    "value" : "9632-MainThread"
  }, {
    "name" : "framework",
    "value" : "pytest"
  }, {
    "name" : "language",
    "value" : "cpython3"
  }, {
    "name" : "package",
    "value" : "test_flow.test_Tripartite_interaction.test_Tripartite_interaction"
  }, {
    "name" : "resultFormat",
    "value" : "allure2"
  } ],
  "parameters" : [ ],
  "links" : [ {
    "name" : "三方（企业，银行，前端）交互 \uD83D\uDC47",
    "url" : "http://10.10.128.152:10052/#/account/login",
    "type" : "test_case"
  } ],
  "hidden" : false,
  "retry" : false,
  "extra" : {
    "severity" : "blocker",
    "retries" : [ {
      "uid" : "9429c5ae998b5260",
      "status" : "broken",
      "statusDetails" : "selenium.common.exceptions.WebDriverException: Message: 'Auto_Testchromedriver.exe' executable needs to be in PATH. Please see https://sites.google.com/a/chromium.org/chromedriver/home",
      "time" : {
        "start" : 1605074175957,
        "stop" : 1605074175958,
        "duration" : 1
      }
    }, {
      "uid" : "cd0898cd67392929",
      "status" : "broken",
      "statusDetails" : "selenium.common.exceptions.TimeoutException: Message:",
      "time" : {
        "start" : 1604459728106,
        "stop" : 1604459812110,
        "duration" : 84004
      }
    }, {
      "uid" : "62e653a1f09756a3",
      "status" : "broken",
      "statusDetails" : "selenium.common.exceptions.TimeoutException: Message:",
      "time" : {
        "start" : 1604400925233,
        "stop" : 1604401008549,
        "duration" : 83316
      }
    }, {
      "uid" : "8198444d965929db",
      "status" : "passed",
      "time" : {
        "start" : 1603851751346,
        "stop" : 1603852050154,
        "duration" : 298808
      }
    }, {
      "uid" : "9d7f1325acacf9f3",
      "status" : "broken",
      "statusDetails" : "airtest.core.error.TargetNotFoundError: 'Picture Template(C:\\\\Users\\\\shaojunshuai\\\\PycharmProjects\\\\AutoTest-python\\\\Auto_Test\\\\test_data\\\\picture\\\\id_7.png) not found in screen'",
      "time" : {
        "start" : 1603849738835,
        "stop" : 1603849871035,
        "duration" : 132200
      }
    }, {
      "uid" : "546305254cb765f9",
      "status" : "broken",
      "statusDetails" : "airtest.core.error.TargetNotFoundError: 'Picture Template(C:\\\\Users\\\\shaojunshuai\\\\PycharmProjects\\\\AutoTest-python\\\\Auto_Test\\\\test_data\\\\picture\\\\id_8.png) not found in screen'",
      "time" : {
        "start" : 1603847447913,
        "stop" : 1603847531980,
        "duration" : 84067
      }
    }, {
      "uid" : "14dbc313c964d4d4",
      "status" : "broken",
      "statusDetails" : "airtest.core.error.TargetNotFoundError: 'Picture Template(C:\\\\Users\\\\shaojunshuai\\\\PycharmProjects\\\\AutoTest-python\\\\Auto_Test\\\\test_data\\\\picture\\\\id_8.png) not found in screen'",
      "time" : {
        "start" : 1603846749257,
        "stop" : 1603846992737,
        "duration" : 243480
      }
    }, {
      "uid" : "8155e67277ccb706",
      "status" : "passed",
      "time" : {
        "start" : 1603789593057,
        "stop" : 1603789878172,
        "duration" : 285115
      }
    }, {
      "uid" : "1738deac96f87cfe",
      "status" : "passed",
      "time" : {
        "start" : 1603788373224,
        "stop" : 1603788657553,
        "duration" : 284329
      }
    }, {
      "uid" : "26e2c917da9f6858",
      "status" : "broken",
      "statusDetails" : "selenium.common.exceptions.TimeoutException: Message:",
      "time" : {
        "start" : 1603787505318,
        "stop" : 1603787860699,
        "duration" : 355381
      }
    }, {
      "uid" : "f058e47f18ad8f4e",
      "status" : "broken",
      "statusDetails" : "poco.exceptions.PocoNoSuchNodeException: Cannot find any visible node by query UIObjectProxy of \"text=财务证明资料\"",
      "time" : {
        "start" : 1603785189965,
        "stop" : 1603785224851,
        "duration" : 34886
      }
    }, {
      "uid" : "34a1f9d45659cbd1",
      "status" : "broken",
      "statusDetails" : "poco.exceptions.PocoNoSuchNodeException: Cannot find any visible node by query UIObjectProxy of \"text=我的&type=android.view.View&android.view.View\"",
      "time" : {
        "start" : 1603783777860,
        "stop" : 1603783972183,
        "duration" : 194323
      }
    }, {
      "uid" : "3390208632b46bc4",
      "status" : "broken",
      "statusDetails" : "selenium.common.exceptions.SessionNotCreatedException: Message: session not created\nfrom chrome not reachable\n  (Session info: chrome=74.0.3729.108)\n  (Driver info: chromedriver=74.0.3729.6 (255758eccf3d244491b8a1317aa76e1ce10d57e9-refs/branch-heads/3729@{#29}),platform=Windows NT 10.0.18362 x86_64)",
      "time" : {
        "start" : 1603782787334,
        "stop" : 1603782888013,
        "duration" : 100679
      }
    }, {
      "uid" : "308bf8920f83afa9",
      "status" : "broken",
      "statusDetails" : "airtest.core.error.TargetNotFoundError: 'Picture Template(C:\\\\Users\\\\shaojunshuai\\\\PycharmProjects\\\\AutoTest-python\\\\Auto_Test\\\\test_data\\\\picture\\\\id_8.png) not found in screen'",
      "time" : {
        "start" : 1603779358309,
        "stop" : 1603779431707,
        "duration" : 73398
      }
    }, {
      "uid" : "a53b041086aef93d",
      "status" : "broken",
      "statusDetails" : "AttributeError: 'NoneType' object has no attribute 'is_displayed'",
      "time" : {
        "start" : 1603778244808,
        "stop" : 1603778529132,
        "duration" : 284324
      }
    }, {
      "uid" : "468e4301e12db68d",
      "status" : "broken",
      "statusDetails" : "poco.exceptions.PocoNoSuchNodeException: Cannot find any visible node by query UIObjectProxy of \"android.widget.LinearLayout>com.tencent.mm:id/dm6/com.tencent.mm:id/f4b\"",
      "time" : {
        "start" : 1603777497196,
        "stop" : 1603777758169,
        "duration" : 260973
      }
    }, {
      "uid" : "12dab8aa9f0c9df8",
      "status" : "broken",
      "statusDetails" : "poco.exceptions.PocoNoSuchNodeException: Cannot find any visible node by query UIObjectProxy of \"text=产品服务\"",
      "time" : {
        "start" : 1603776940571,
        "stop" : 1603776997326,
        "duration" : 56755
      }
    }, {
      "uid" : "eb9c1ddfacef143c",
      "status" : "broken",
      "statusDetails" : "selenium.common.exceptions.ElementNotVisibleException: Message: element not interactable\n  (Session info: chrome=74.0.3729.108)\n  (Driver info: chromedriver=74.0.3729.6 (255758eccf3d244491b8a1317aa76e1ce10d57e9-refs/branch-heads/3729@{#29}),platform=Windows NT 10.0.18362 x86_64)",
      "time" : {
        "start" : 1603776358451,
        "stop" : 1603776421460,
        "duration" : 63009
      }
    }, {
      "uid" : "d783d18bfb037a50",
      "status" : "broken",
      "statusDetails" : "selenium.common.exceptions.TimeoutException: Message:",
      "time" : {
        "start" : 1603775777284,
        "stop" : 1603775867960,
        "duration" : 90676
      }
    }, {
      "uid" : "d32b49d93ca79ac0",
      "status" : "broken",
      "statusDetails" : "airtest.core.error.TargetNotFoundError: 'Picture Template(C:\\\\Users\\\\shaojunshuai\\\\PycharmProjects\\\\AutoTest-python\\\\Auto_Test\\\\test_data\\\\picture\\\\id_7.png) not found in screen'",
      "time" : {
        "start" : 1603775242280,
        "stop" : 1603775318478,
        "duration" : 76198
      }
    }, {
      "uid" : "7d8456ad3c035c87",
      "status" : "broken",
      "statusDetails" : "poco.exceptions.PocoNoSuchNodeException: Cannot find any visible node by query UIObjectProxy of \"text=缴费凭证\"",
      "time" : {
        "start" : 1603766627036,
        "stop" : 1603766886035,
        "duration" : 258999
      }
    }, {
      "uid" : "c3641de267f9785f",
      "status" : "broken",
      "statusDetails" : "poco.exceptions.PocoNoSuchNodeException: Cannot find any visible node by query UIObjectProxy of \"android.widget.LinearLayout>com.tencent.mm:id/dm6/com.tencent.mm:id/f4b\"",
      "time" : {
        "start" : 1603765905981,
        "stop" : 1603766158340,
        "duration" : 252359
      }
    }, {
      "uid" : "475a9dd056a80c15",
      "status" : "broken",
      "statusDetails" : "poco.exceptions.PocoNoSuchNodeException: Cannot find any visible node by query UIObjectProxy of \"text=企业经营场所照片\"",
      "time" : {
        "start" : 1603764246676,
        "stop" : 1603764294115,
        "duration" : 47439
      }
    }, {
      "uid" : "a5dca9958ef0a5b9",
      "status" : "broken",
      "statusDetails" : "selenium.common.exceptions.StaleElementReferenceException: Message: stale element reference: element is not attached to the page document\n  (Session info: chrome=74.0.3729.108)\n  (Driver info: chromedriver=74.0.3729.6 (255758eccf3d244491b8a1317aa76e1ce10d57e9-refs/branch-heads/3729@{#29}),platform=Windows NT 10.0.18362 x86_64)",
      "time" : {
        "start" : 1603761958247,
        "stop" : 1603762171978,
        "duration" : 213731
      }
    }, {
      "uid" : "f0fb87b9ef2286cf",
      "status" : "broken",
      "statusDetails" : "poco.exceptions.PocoNoSuchNodeException: Cannot find any visible node by query UIObjectProxy of \"android.widget.LinearLayout>com.tencent.mm:id/dm6/com.tencent.mm:id/f4b\"",
      "time" : {
        "start" : 1603760830912,
        "stop" : 1603761143260,
        "duration" : 312348
      }
    }, {
      "uid" : "b326e4fcabcf5ba2",
      "status" : "broken",
      "statusDetails" : "selenium.common.exceptions.TimeoutException: Message:",
      "time" : {
        "start" : 1603698721682,
        "stop" : 1603698820853,
        "duration" : 99171
      }
    }, {
      "uid" : "e37e2c7136771ac4",
      "status" : "broken",
      "statusDetails" : "selenium.common.exceptions.TimeoutException: Message:",
      "time" : {
        "start" : 1603696786989,
        "stop" : 1603696934516,
        "duration" : 147527
      }
    }, {
      "uid" : "17e81143aeb2ac59",
      "status" : "broken",
      "statusDetails" : "poco.exceptions.PocoNoSuchNodeException: Cannot find any visible node by query UIObjectProxy of \"android.widget.LinearLayout>com.tencent.mm:id/dm6/com.tencent.mm:id/f4b\"",
      "time" : {
        "start" : 1603673873682,
        "stop" : 1603673901487,
        "duration" : 27805
      }
    }, {
      "uid" : "94db230e0677303d",
      "status" : "broken",
      "statusDetails" : "poco.exceptions.PocoNoSuchNodeException: Cannot find any visible node by query UIObjectProxy of \"text=缴费凭证\"",
      "time" : {
        "start" : 1603444548618,
        "stop" : 1603444752518,
        "duration" : 203900
      }
    }, {
      "uid" : "a7a02201e918b561",
      "status" : "broken",
      "statusDetails" : "poco.exceptions.PocoNoSuchNodeException: Cannot find any visible node by query UIObjectProxy of \"text=企业经营场所照片\"",
      "time" : {
        "start" : 1603440790396,
        "stop" : 1603440820782,
        "duration" : 30386
      }
    }, {
      "uid" : "2a0b31dca6c0e8ca",
      "status" : "broken",
      "statusDetails" : "poco.exceptions.PocoNoSuchNodeException: Cannot find any visible node by query UIObjectProxy of \"text=缴费凭证\"",
      "time" : {
        "start" : 1603438041776,
        "stop" : 1603438051820,
        "duration" : 10044
      }
    }, {
      "uid" : "6cd81231df1bfb80",
      "status" : "passed",
      "time" : {
        "start" : 1603436647543,
        "stop" : 1603436838802,
        "duration" : 191259
      }
    }, {
      "uid" : "c8bac77c8f5fd894",
      "status" : "broken",
      "statusDetails" : "selenium.common.exceptions.ElementClickInterceptedException: Message: element click intercepted: Element <div class=\"ant-select-item-option-content\">...</div> is not clickable at point (951, 594). Other element would receive the click: <textarea placeholder=\"请输入借款理由\" autocomplete=\"off\" maxlength=\"50\" id=\"reason\" class=\"ant-input\"></textarea>\n  (Session info: chrome=74.0.3729.108)\n  (Driver info: chromedriver=74.0.3729.6 (255758eccf3d244491b8a1317aa76e1ce10d57e9-refs/branch-heads/3729@{#29}),platform=Windows NT 10.0.18362 x86_64)",
      "time" : {
        "start" : 1603436204490,
        "stop" : 1603436288633,
        "duration" : 84143
      }
    }, {
      "uid" : "65d8ff0e086c164b",
      "status" : "passed",
      "time" : {
        "start" : 1603435569353,
        "stop" : 1603435757988,
        "duration" : 188635
      }
    }, {
      "uid" : "48954d8b07c30c44",
      "status" : "broken",
      "statusDetails" : "selenium.common.exceptions.StaleElementReferenceException: Message: stale element reference: element is not attached to the page document\n  (Session info: chrome=74.0.3729.108)\n  (Driver info: chromedriver=74.0.3729.6 (255758eccf3d244491b8a1317aa76e1ce10d57e9-refs/branch-heads/3729@{#29}),platform=Windows NT 10.0.18362 x86_64)",
      "time" : {
        "start" : 1603432849934,
        "stop" : 1603433840234,
        "duration" : 990300
      }
    }, {
      "uid" : "3de142ef1921bdae",
      "status" : "broken",
      "statusDetails" : "requests.exceptions.ChunkedEncodingError: (\"Connection broken: ConnectionResetError(10054, '远程主机强迫关闭了一个现有的连接。', None, 10054, None)\", ConnectionResetError(10054, '远程主机强迫关闭了一个现有的连接。', None, 10054, None))",
      "time" : {
        "start" : 1603431643896,
        "stop" : 1603431707484,
        "duration" : 63588
      }
    }, {
      "uid" : "af432fac7b83b5b",
      "status" : "broken",
      "statusDetails" : "selenium.common.exceptions.WebDriverException: Message: chrome not reachable\n  (Session info: chrome=74.0.3729.108)\n  (Driver info: chromedriver=74.0.3729.6 (255758eccf3d244491b8a1317aa76e1ce10d57e9-refs/branch-heads/3729@{#29}),platform=Windows NT 10.0.18362 x86_64)",
      "time" : {
        "start" : 1603431542329,
        "stop" : 1603431589342,
        "duration" : 47013
      }
    }, {
      "uid" : "3f79557cddbc0554",
      "status" : "broken",
      "statusDetails" : "requests.exceptions.ChunkedEncodingError: (\"Connection broken: ConnectionResetError(10054, '远程主机强迫关闭了一个现有的连接。', None, 10054, None)\", ConnectionResetError(10054, '远程主机强迫关闭了一个现有的连接。', None, 10054, None))",
      "time" : {
        "start" : 1603431093467,
        "stop" : 1603431120455,
        "duration" : 26988
      }
    }, {
      "uid" : "bcac88ebc503552a",
      "status" : "broken",
      "statusDetails" : "requests.exceptions.ChunkedEncodingError: (\"Connection broken: ConnectionResetError(10054, '远程主机强迫关闭了一个现有的连接。', None, 10054, None)\", ConnectionResetError(10054, '远程主机强迫关闭了一个现有的连接。', None, 10054, None))",
      "time" : {
        "start" : 1603430620200,
        "stop" : 1603430662419,
        "duration" : 42219
      }
    }, {
      "uid" : "30217e33628b4207",
      "status" : "broken",
      "statusDetails" : "selenium.common.exceptions.NoSuchElementException: Message: no such element: Unable to locate element: {\"method\":\"css selector\",\"selector\":\"body > div:nth-child(7) > div > div > div > div:nth-child(2) > div > div\"}\n  (Session info: chrome=74.0.3729.108)\n  (Driver info: chromedriver=74.0.3729.6 (255758eccf3d244491b8a1317aa76e1ce10d57e9-refs/branch-heads/3729@{#29}),platform=Windows NT 10.0.18362 x86_64)",
      "time" : {
        "start" : 1603428802254,
        "stop" : 1603428876016,
        "duration" : 73762
      }
    }, {
      "uid" : "107ec78e8ff72b2a",
      "status" : "broken",
      "statusDetails" : "selenium.common.exceptions.ElementClickInterceptedException: Message: element click intercepted: Element <div class=\"ant-select-item-option-content\">...</div> is not clickable at point (630, 630). Other element would receive the click: <h6 class=\"title___3reRJ\">...</h6>\n  (Session info: chrome=74.0.3729.108)\n  (Driver info: chromedriver=74.0.3729.6 (255758eccf3d244491b8a1317aa76e1ce10d57e9-refs/branch-heads/3729@{#29}),platform=Windows NT 10.0.18362 x86_64)",
      "time" : {
        "start" : 1603422652990,
        "stop" : 1603422672828,
        "duration" : 19838
      }
    }, {
      "uid" : "114070960c05bf33",
      "status" : "broken",
      "statusDetails" : "selenium.common.exceptions.ElementClickInterceptedException: Message: element click intercepted: Element <div class=\"ant-select-item-option-content\">...</div> is not clickable at point (794, 476). Other element would receive the click: <input autocomplete=\"off\" type=\"text\" placeholder=\"请输入所属支行\" id=\"branchBank\" class=\"ant-input\" value=\"AutoTest_Bank1008\">\n  (Session info: chrome=74.0.3729.108)\n  (Driver info: chromedriver=74.0.3729.6 (255758eccf3d244491b8a1317aa76e1ce10d57e9-refs/branch-heads/3729@{#29}),platform=Windows NT 10.0.18362 x86_64)",
      "time" : {
        "start" : 1603422530922,
        "stop" : 1603422551857,
        "duration" : 20935
      }
    }, {
      "uid" : "9f0409df3dddf7c0",
      "status" : "broken",
      "statusDetails" : "selenium.common.exceptions.NoSuchElementException: Message: no such element: Unable to locate element: {\"method\":\"css selector\",\"selector\":\"body > div:nth-child(7) > div > div > div > div:nth-child(2) > div > div\"}\n  (Session info: chrome=74.0.3729.108)\n  (Driver info: chromedriver=74.0.3729.6 (255758eccf3d244491b8a1317aa76e1ce10d57e9-refs/branch-heads/3729@{#29}),platform=Windows NT 10.0.18362 x86_64)",
      "time" : {
        "start" : 1603422121387,
        "stop" : 1603422192329,
        "duration" : 70942
      }
    }, {
      "uid" : "f6f4765fe4cf8e5c",
      "status" : "broken",
      "statusDetails" : "AttributeError: 'bytes' object has no attribute 'presence_of_element_located'",
      "time" : {
        "start" : 1603421251632,
        "stop" : 1603421287341,
        "duration" : 35709
      }
    }, {
      "uid" : "1eb266b28966c43a",
      "status" : "broken",
      "statusDetails" : "AttributeError: 'bytes' object has no attribute 'presence_of_element_located'",
      "time" : {
        "start" : 1603421086474,
        "stop" : 1603421114362,
        "duration" : 27888
      }
    }, {
      "uid" : "79bf3eb68c45c33e",
      "status" : "broken",
      "statusDetails" : "selenium.common.exceptions.SessionNotCreatedException: Message: session not created\nfrom chrome not reachable\n  (Session info: chrome=74.0.3729.108)\n  (Driver info: chromedriver=74.0.3729.6 (255758eccf3d244491b8a1317aa76e1ce10d57e9-refs/branch-heads/3729@{#29}),platform=Windows NT 10.0.18362 x86_64)",
      "time" : {
        "start" : 1603355793255,
        "stop" : 1603355810791,
        "duration" : 17536
      }
    }, {
      "uid" : "2568f4b20ba50ce6",
      "status" : "broken",
      "statusDetails" : "selenium.common.exceptions.ElementClickInterceptedException: Message: element click intercepted: Element <div class=\"ant-select-item-option-content\">...</div> is not clickable at point (630, 630). Other element would receive the click: <h6 class=\"title___3reRJ\">...</h6>\n  (Session info: chrome=74.0.3729.108)\n  (Driver info: chromedriver=74.0.3729.6 (255758eccf3d244491b8a1317aa76e1ce10d57e9-refs/branch-heads/3729@{#29}),platform=Windows NT 10.0.18362 x86_64)",
      "time" : {
        "start" : 1603354900771,
        "stop" : 1603354924276,
        "duration" : 23505
      }
    }, {
      "uid" : "c3056ce86f8b0f5e",
      "status" : "broken",
      "statusDetails" : "selenium.common.exceptions.ElementClickInterceptedException: Message: element click intercepted: Element <div class=\"ant-select-item-option-content\">...</div> is not clickable at point (630, 630). Other element would receive the click: <h6 class=\"title___3reRJ\">...</h6>\n  (Session info: chrome=74.0.3729.108)\n  (Driver info: chromedriver=74.0.3729.6 (255758eccf3d244491b8a1317aa76e1ce10d57e9-refs/branch-heads/3729@{#29}),platform=Windows NT 10.0.18362 x86_64)",
      "time" : {
        "start" : 1603354772535,
        "stop" : 1603354791352,
        "duration" : 18817
      }
    }, {
      "uid" : "7b949f8cc0b58fcb",
      "status" : "broken",
      "statusDetails" : "selenium.common.exceptions.ElementClickInterceptedException: Message: element click intercepted: Element <div class=\"ant-select-item-option-content\">...</div> is not clickable at point (630, 630). Other element would receive the click: <h6 class=\"title___3reRJ\">...</h6>\n  (Session info: chrome=74.0.3729.108)\n  (Driver info: chromedriver=74.0.3729.6 (255758eccf3d244491b8a1317aa76e1ce10d57e9-refs/branch-heads/3729@{#29}),platform=Windows NT 10.0.18362 x86_64)",
      "time" : {
        "start" : 1603354694647,
        "stop" : 1603354714487,
        "duration" : 19840
      }
    }, {
      "uid" : "2620d4e79e225e63",
      "status" : "broken",
      "statusDetails" : "AttributeError: 'bytes' object has no attribute 'presence_of_element_located'",
      "time" : {
        "start" : 1603354498567,
        "stop" : 1603354523749,
        "duration" : 25182
      }
    }, {
      "uid" : "53ccf7ceef841007",
      "status" : "broken",
      "statusDetails" : "selenium.common.exceptions.TimeoutException: Message:",
      "time" : {
        "start" : 1603353984282,
        "stop" : 1603354039606,
        "duration" : 55324
      }
    }, {
      "uid" : "db1f66a9d5cce099",
      "status" : "broken",
      "statusDetails" : "selenium.common.exceptions.TimeoutException: Message:",
      "time" : {
        "start" : 1603343036122,
        "stop" : 1603343091555,
        "duration" : 55433
      }
    }, {
      "uid" : "89feaa8d41d8d113",
      "status" : "broken",
      "statusDetails" : "selenium.common.exceptions.WebDriverException: Message: chrome not reachable\n  (Session info: chrome=74.0.3729.108)\n  (Driver info: chromedriver=74.0.3729.6 (255758eccf3d244491b8a1317aa76e1ce10d57e9-refs/branch-heads/3729@{#29}),platform=Windows NT 10.0.18362 x86_64)",
      "time" : {
        "start" : 1603334839152,
        "stop" : 1603335037605,
        "duration" : 198453
      }
    }, {
      "uid" : "e03e741a851b5846",
      "status" : "broken",
      "statusDetails" : "selenium.common.exceptions.ElementClickInterceptedException: Message: element click intercepted: Element <div class=\"ant-select-item-option-content\">...</div> is not clickable at point (630, 572). Other element would receive the click: <h6 class=\"title___3reRJ\">...</h6>\n  (Session info: chrome=74.0.3729.108)\n  (Driver info: chromedriver=74.0.3729.6 (255758eccf3d244491b8a1317aa76e1ce10d57e9-refs/branch-heads/3729@{#29}),platform=Windows NT 10.0.18362 x86_64)",
      "time" : {
        "start" : 1603334779260,
        "stop" : 1603334798222,
        "duration" : 18962
      }
    }, {
      "uid" : "34a5c06f0c01d512",
      "status" : "broken",
      "statusDetails" : "selenium.common.exceptions.ElementClickInterceptedException: Message: element click intercepted: Element <div class=\"ant-select-item-option-content\">...</div> is not clickable at point (794, 476). Other element would receive the click: <input autocomplete=\"off\" type=\"text\" placeholder=\"请输入所属支行\" id=\"branchBank\" class=\"ant-input\" value=\"AutoTest_Bank1008\">\n  (Session info: chrome=74.0.3729.108)\n  (Driver info: chromedriver=74.0.3729.6 (255758eccf3d244491b8a1317aa76e1ce10d57e9-refs/branch-heads/3729@{#29}),platform=Windows NT 10.0.18362 x86_64)",
      "time" : {
        "start" : 1603334551775,
        "stop" : 1603334571821,
        "duration" : 20046
      }
    }, {
      "uid" : "468e6f1b43393c9",
      "status" : "broken",
      "statusDetails" : "selenium.common.exceptions.ElementClickInterceptedException: Message: element click intercepted: Element <div class=\"ant-select-item-option-content\">...</div> is not clickable at point (794, 476). Other element would receive the click: <input autocomplete=\"off\" type=\"text\" placeholder=\"请输入所属支行\" id=\"branchBank\" class=\"ant-input\" value=\"AutoTest_Bank1008\">\n  (Session info: chrome=74.0.3729.108)\n  (Driver info: chromedriver=74.0.3729.6 (255758eccf3d244491b8a1317aa76e1ce10d57e9-refs/branch-heads/3729@{#29}),platform=Windows NT 10.0.18362 x86_64)",
      "time" : {
        "start" : 1603334497577,
        "stop" : 1603334516652,
        "duration" : 19075
      }
    }, {
      "uid" : "c258606162237152",
      "status" : "broken",
      "statusDetails" : "selenium.common.exceptions.TimeoutException: Message:",
      "time" : {
        "start" : 1603334388383,
        "stop" : 1603334433133,
        "duration" : 44750
      }
    }, {
      "uid" : "cdb5ca9eefbb6531",
      "status" : "broken",
      "statusDetails" : "selenium.common.exceptions.TimeoutException: Message:",
      "time" : {
        "start" : 1603332225227,
        "stop" : 1603332276761,
        "duration" : 51534
      }
    }, {
      "uid" : "e2b653a8ca2f6888",
      "status" : "broken",
      "statusDetails" : "selenium.common.exceptions.NoSuchElementException: Message: no such element: Unable to locate element: {\"method\":\"css selector\",\"selector\":\"#root > div > div.content___17Zvm > div > div > div > div > div.section___207eM.feature___Y1g27 > div.feature-main___3NXLZ > button\"}\n  (Session info: chrome=74.0.3729.108)\n  (Driver info: chromedriver=74.0.3729.6 (255758eccf3d244491b8a1317aa76e1ce10d57e9-refs/branch-heads/3729@{#29}),platform=Windows NT 10.0.18362 x86_64)",
      "time" : {
        "start" : 1603332155172,
        "stop" : 1603332170193,
        "duration" : 15021
      }
    }, {
      "uid" : "8ff5e3bafc6766b5",
      "status" : "broken",
      "statusDetails" : "selenium.common.exceptions.TimeoutException: Message:",
      "time" : {
        "start" : 1603331843019,
        "stop" : 1603331893425,
        "duration" : 50406
      }
    }, {
      "uid" : "13117a880cd44cbc",
      "status" : "broken",
      "statusDetails" : "selenium.common.exceptions.ElementClickInterceptedException: Message: element click intercepted: Element <div class=\"ant-select-item-option-content\">...</div> is not clickable at point (630, 630). Other element would receive the click: <h6 class=\"title___3reRJ\">...</h6>\n  (Session info: chrome=74.0.3729.108)\n  (Driver info: chromedriver=74.0.3729.6 (255758eccf3d244491b8a1317aa76e1ce10d57e9-refs/branch-heads/3729@{#29}),platform=Windows NT 10.0.18362 x86_64)",
      "time" : {
        "start" : 1603331770996,
        "stop" : 1603331794544,
        "duration" : 23548
      }
    }, {
      "uid" : "e03ec0164a396cb",
      "status" : "broken",
      "statusDetails" : "selenium.common.exceptions.WebDriverException: Message: chrome not reachable\n  (Session info: chrome=74.0.3729.108)\n  (Driver info: chromedriver=74.0.3729.6 (255758eccf3d244491b8a1317aa76e1ce10d57e9-refs/branch-heads/3729@{#29}),platform=Windows NT 10.0.18362 x86_64)",
      "time" : {
        "start" : 1603331610942,
        "stop" : 1603331662796,
        "duration" : 51854
      }
    }, {
      "uid" : "9102ab62e8d3f120",
      "status" : "broken",
      "statusDetails" : "selenium.common.exceptions.ElementClickInterceptedException: Message: element click intercepted: Element <div class=\"ant-select-item-option-content\">...</div> is not clickable at point (630, 572). Other element would receive the click: <h6 class=\"title___3reRJ\">...</h6>\n  (Session info: chrome=74.0.3729.108)\n  (Driver info: chromedriver=74.0.3729.6 (255758eccf3d244491b8a1317aa76e1ce10d57e9-refs/branch-heads/3729@{#29}),platform=Windows NT 10.0.18362 x86_64)",
      "time" : {
        "start" : 1603331516323,
        "stop" : 1603331542144,
        "duration" : 25821
      }
    }, {
      "uid" : "ba9ddb7d86eb807",
      "status" : "broken",
      "statusDetails" : "IndexError: list index out of range",
      "time" : {
        "start" : 1602827679053,
        "stop" : 1602827679349,
        "duration" : 296
      }
    }, {
      "uid" : "d0c5dad559cd19aa",
      "status" : "broken",
      "statusDetails" : "poco.exceptions.PocoNoSuchNodeException: Cannot find any visible node by query UIObjectProxy of \"text=企业经营场所照片\"",
      "time" : {
        "start" : 1602826673718,
        "stop" : 1602826720972,
        "duration" : 47254
      }
    }, {
      "uid" : "7e7aa2ac38a11946",
      "status" : "broken",
      "statusDetails" : "AttributeError: 'NoneType' object has no attribute 'is_displayed'",
      "time" : {
        "start" : 1602826499168,
        "stop" : 1602826546570,
        "duration" : 47402
      }
    }, {
      "uid" : "6d260851f738c6e2",
      "status" : "broken",
      "statusDetails" : "selenium.common.exceptions.TimeoutException: Message:",
      "time" : {
        "start" : 1602825353332,
        "stop" : 1602825396862,
        "duration" : 43530
      }
    }, {
      "uid" : "b834cfb65ce2cc18",
      "status" : "broken",
      "statusDetails" : "selenium.common.exceptions.TimeoutException: Message:",
      "time" : {
        "start" : 1602819194979,
        "stop" : 1602819238844,
        "duration" : 43865
      }
    }, {
      "uid" : "8b8727b0df4590a3",
      "status" : "broken",
      "statusDetails" : "poco.exceptions.PocoNoSuchNodeException: Cannot find any visible node by query UIObjectProxy of \"text=企业经营场所照片\"",
      "time" : {
        "start" : 1602749037189,
        "stop" : 1602749168061,
        "duration" : 130872
      }
    }, {
      "uid" : "cfa14ebf4d160cbd",
      "status" : "broken",
      "statusDetails" : "TypeError: Unsupported focus type <class 'float'>. Only \"anchor/center\" or 2-list/2-tuple available.",
      "time" : {
        "start" : 1602745561658,
        "stop" : 1602745563516,
        "duration" : 1858
      }
    }, {
      "uid" : "35d57f8d1180b60c",
      "status" : "broken",
      "statusDetails" : "TypeError: Unsupported focus type <class 'float'>. Only \"anchor/center\" or 2-list/2-tuple available.",
      "time" : {
        "start" : 1602745492718,
        "stop" : 1602745498507,
        "duration" : 5789
      }
    }, {
      "uid" : "7119bb9e028d0ea7",
      "status" : "broken",
      "statusDetails" : "TypeError: Unsupported focus type <class 'float'>. Only \"anchor/center\" or 2-list/2-tuple available.",
      "time" : {
        "start" : 1602745461631,
        "stop" : 1602745461633,
        "duration" : 2
      }
    }, {
      "uid" : "fc0acfc375a12027",
      "status" : "broken",
      "statusDetails" : "IndexError: list index out of range",
      "time" : {
        "start" : 1602744600269,
        "stop" : 1602744600573,
        "duration" : 304
      }
    }, {
      "uid" : "140d30cf5b6873a1",
      "status" : "broken",
      "statusDetails" : "poco.exceptions.InvalidOperationException: Swipe origin out of screen. [0.16666666666666666, 2.6375]",
      "time" : {
        "start" : 1602743105304,
        "stop" : 1602743118408,
        "duration" : 13104
      }
    }, {
      "uid" : "692abaa76429e33e",
      "status" : "broken",
      "statusDetails" : "poco.exceptions.PocoNoSuchNodeException: Cannot find any visible node by query UIObjectProxy of \"text=请输入项目名称's parent's parent's parent/\"",
      "time" : {
        "start" : 1602742751185,
        "stop" : 1602742827201,
        "duration" : 76016
      }
    }, {
      "uid" : "1de2c686d3607ab3",
      "status" : "broken",
      "statusDetails" : "poco.exceptions.PocoNoSuchNodeException: Cannot find any visible node by query UIObjectProxy of \"text=请输入项目名称's parent's parent's parent\"",
      "time" : {
        "start" : 1602742014273,
        "stop" : 1602742014443,
        "duration" : 170
      }
    }, {
      "uid" : "c5fef419aa0228d7",
      "status" : "broken",
      "statusDetails" : "poco.exceptions.PocoNoSuchNodeException: Cannot find any visible node by query UIObjectProxy of \"text=请输入项目名称's parent's parent's parent\"",
      "time" : {
        "start" : 1602741969950,
        "stop" : 1602741970142,
        "duration" : 192
      }
    }, {
      "uid" : "ecc2e6eef728fb8c",
      "status" : "broken",
      "statusDetails" : "poco.exceptions.PocoNoSuchNodeException: Cannot find any visible node by query UIObjectProxy of \"text=请输入项目名称's parent's parent's parent\"",
      "time" : {
        "start" : 1602741939332,
        "stop" : 1602741939530,
        "duration" : 198
      }
    }, {
      "uid" : "f88107dc47cd0ca4",
      "status" : "broken",
      "statusDetails" : "poco.exceptions.PocoNoSuchNodeException: Cannot find any visible node by query UIObjectProxy of \"text=我的\"",
      "time" : {
        "start" : 1602740594114,
        "stop" : 1602740601863,
        "duration" : 7749
      }
    }, {
      "uid" : "6d214c943750782e",
      "status" : "broken",
      "statusDetails" : "poco.exceptions.PocoNoSuchNodeException: Cannot find any visible node by query UIObjectProxy of \"text=我的\"",
      "time" : {
        "start" : 1602740563678,
        "stop" : 1602740571122,
        "duration" : 7444
      }
    }, {
      "uid" : "f3ac2fe4b5eb1cf",
      "status" : "broken",
      "statusDetails" : "poco.exceptions.PocoNoSuchNodeException: Cannot find any visible node by query UIObjectProxy of \"text=我的\"",
      "time" : {
        "start" : 1602740292718,
        "stop" : 1602740300191,
        "duration" : 7473
      }
    }, {
      "uid" : "f6bd756a583785aa",
      "status" : "broken",
      "statusDetails" : "TypeError: Unsupported direction type <class 'poco.proxy.UIObjectProxy'>. Only \"up/down/left/right\" or 2-list/2-tuple available.",
      "time" : {
        "start" : 1602740191751,
        "stop" : 1602740198998,
        "duration" : 7247
      }
    }, {
      "uid" : "2461f8e193a940b2",
      "status" : "broken",
      "statusDetails" : "poco.exceptions.InvalidOperationException: Swipe origin out of screen. [0.16666666666666666, 1.93984375]",
      "time" : {
        "start" : 1602739781230,
        "stop" : 1602739809055,
        "duration" : 27825
      }
    }, {
      "uid" : "c26f9d97a72160f1",
      "status" : "broken",
      "statusDetails" : "poco.exceptions.InvalidOperationException: Swipe origin out of screen. [0.16666666666666666, 1.93984375]",
      "time" : {
        "start" : 1602739732387,
        "stop" : 1602739751580,
        "duration" : 19193
      }
    }, {
      "uid" : "cd945221faa79a0e",
      "status" : "broken",
      "statusDetails" : "poco.exceptions.InvalidOperationException: Swipe origin out of screen. [0.16666666666666666, 1.93984375]",
      "time" : {
        "start" : 1602739530186,
        "stop" : 1602739544965,
        "duration" : 14779
      }
    }, {
      "uid" : "9c50bd3080bc3693",
      "status" : "broken",
      "statusDetails" : "poco.exceptions.PocoNoSuchNodeException: Cannot find any visible node by query UIObjectProxy of \"text=首页\"",
      "time" : {
        "start" : 1602739454376,
        "stop" : 1602739467715,
        "duration" : 13339
      }
    }, {
      "uid" : "93854df12079757b",
      "status" : "broken",
      "statusDetails" : "poco.exceptions.InvalidOperationException: Swipe origin out of screen. [0.16666666666666666, 1.93984375]",
      "time" : {
        "start" : 1602739369299,
        "stop" : 1602739378670,
        "duration" : 9371
      }
    }, {
      "uid" : "9920dc9c06669c0d",
      "status" : "broken",
      "statusDetails" : "selenium.common.exceptions.TimeoutException: Message:",
      "time" : {
        "start" : 1602731718878,
        "stop" : 1602731762567,
        "duration" : 43689
      }
    }, {
      "uid" : "f220d873549f6a84",
      "status" : "broken",
      "statusDetails" : "selenium.common.exceptions.TimeoutException: Message:",
      "time" : {
        "start" : 1602721718990,
        "stop" : 1602721762450,
        "duration" : 43460
      }
    }, {
      "uid" : "2b47d354bb9b425e",
      "status" : "broken",
      "statusDetails" : "selenium.common.exceptions.TimeoutException: Message:",
      "time" : {
        "start" : 1602668018777,
        "stop" : 1602668062543,
        "duration" : 43766
      }
    }, {
      "uid" : "56293b49e6601e61",
      "status" : "broken",
      "statusDetails" : "selenium.common.exceptions.TimeoutException: Message:",
      "time" : {
        "start" : 1602667464735,
        "stop" : 1602667508617,
        "duration" : 43882
      }
    }, {
      "uid" : "ceb4c8aca6850aef",
      "status" : "broken",
      "statusDetails" : "selenium.common.exceptions.TimeoutException: Message:",
      "time" : {
        "start" : 1602666697984,
        "stop" : 1602666742026,
        "duration" : 44042
      }
    }, {
      "uid" : "6206f40953596c66",
      "status" : "passed",
      "time" : {
        "start" : 1602222926041,
        "stop" : 1602223067461,
        "duration" : 141420
      }
    }, {
      "uid" : "87da0ffc9f0c8ae4",
      "status" : "broken",
      "statusDetails" : "selenium.common.exceptions.NoSuchElementException: Message: no such element: Unable to locate element: {\"method\":\"css selector\",\"selector\":\"#root > div > div.content___17Zvm > div > div > div > div > div.section___207eM.feature___Y1g27 > div.feature-main___3NXLZ > button\"}\n  (Session info: chrome=74.0.3729.108)\n  (Driver info: chromedriver=74.0.3729.6 (255758eccf3d244491b8a1317aa76e1ce10d57e9-refs/branch-heads/3729@{#29}),platform=Windows NT 10.0.18362 x86_64)",
      "time" : {
        "start" : 1602222519007,
        "stop" : 1602222533144,
        "duration" : 14137
      }
    }, {
      "uid" : "4ec5564cd3378ce4",
      "status" : "broken",
      "statusDetails" : "selenium.common.exceptions.TimeoutException: Message:",
      "time" : {
        "start" : 1602221002087,
        "stop" : 1602221045827,
        "duration" : 43740
      }
    }, {
      "uid" : "93fb3ec51019075d",
      "status" : "passed",
      "time" : {
        "start" : 1602220425295,
        "stop" : 1602220565691,
        "duration" : 140396
      }
    }, {
      "uid" : "77dfe28c6d870f47",
      "status" : "broken",
      "statusDetails" : "selenium.common.exceptions.TimeoutException: Message:",
      "time" : {
        "start" : 1602215718069,
        "stop" : 1602215894319,
        "duration" : 176250
      }
    }, {
      "uid" : "a16f197ce485ef06",
      "status" : "broken",
      "statusDetails" : "selenium.common.exceptions.TimeoutException: Message:",
      "time" : {
        "start" : 1602215303919,
        "stop" : 1602215353313,
        "duration" : 49394
      }
    }, {
      "uid" : "2dde83cffb55593",
      "status" : "broken",
      "statusDetails" : "selenium.common.exceptions.TimeoutException: Message:",
      "time" : {
        "start" : 1602213283616,
        "stop" : 1602213332505,
        "duration" : 48889
      }
    }, {
      "uid" : "c55a4dc1c68c1bd9",
      "status" : "broken",
      "statusDetails" : "selenium.common.exceptions.TimeoutException: Message:",
      "time" : {
        "start" : 1602212783329,
        "stop" : 1602212829757,
        "duration" : 46428
      }
    }, {
      "uid" : "9689d9c3742894d7",
      "status" : "broken",
      "statusDetails" : "selenium.common.exceptions.TimeoutException: Message:",
      "time" : {
        "start" : 1602211260127,
        "stop" : 1602211413201,
        "duration" : 153074
      }
    } ],
    "categories" : [ {
      "name" : "Test defects",
      "matchedStatuses" : [ ],
      "flaky" : false
    } ],
    "tags" : [ "run(order=-1)" ]
  },
  "source" : "7343656c46b65abc.json",
  "parameterValues" : [ ]
}