{
  "uid" : "9b23882b751df419",
  "name" : "test_infoReg",
  "fullName" : "test_flow.test_Authentication.test_personalInfoReg#test_infoReg",
  "historyId" : "28dda5313ff182aeade3becf47df4372",
  "time" : {
    "start" : 1596690270510,
    "stop" : 1596690302090,
    "duration" : 31580
  },
  "description" : "测试 http://10.10.128.152:10053/personal/set/certification 个人实名认证",
  "descriptionHtml" : "<p>测试 http://10.10.128.152:10053/personal/set/certification 个人实名认证</p>\n",
  "status" : "broken",
  "statusMessage" : "selenium.common.exceptions.TimeoutException: Message:",
  "statusTrace" : "@pytest.mark.run(order=1)\n    @allure.severity(\"blocker\")\n    @allure.description(\"测试 http://10.10.128.152:10053/personal/set/certification 个人实名认证\")\n    @allure.testcase(\"http://10.10.128.152:10053/personal/set/certification\", \"个人实名认证 \uD83D\uDC47\")\n    def test_infoReg():\n        def_name = sys._getframe().f_code.co_name\n        test_Assert = Assert.Assertions(def_name)\n        logger.info(\"开始执行脚本%s:\\n\", def_name)\n    \n        # 对个人信息企业信息进行删除操作\n        deletePerInforAndComInfor()\n        logger.info(\"对个人信息企业信息进行删除操作\")\n    \n        driver = webdriver.Chrome()\n        driver.maximize_window()\n        driver.get(\"http://10.10.128.152:10053/user/login\")\n    \n        # 登陆页面\n        login(driver)\n    \n        waitUntilDisplay(driver, loginOn.link_home_css.value)\n        homeText = driver.find_element_by_css_selector(loginOn.link_home_css.value)\n    \n        test_Assert.assert_text_ui(homeText.text, '首页')\n        logger.info(\"进入登陆页面\")\n    \n        waitUntilDisplay(driver, path_personalInfoReg.txt_aut_css.value)\n        titleText = driver.find_element_by_css_selector(path_personalInfoReg.txt_aut_css.value)\n        test_Assert.assert_text_ui(titleText.text, '实名认证')\n        logger.info(\"实名认证画面成功显示\")\n    \n        name = yamldict['test_personalInfoRegList']['name']\n        idNum = yamldict['test_personalInfoRegList']['id_card']\n    \n        driver.find_element_by_css_selector(path_personalInfoReg.input_name_css.value).send_keys(name)\n        driver.find_element_by_css_selector(path_personalInfoReg.input_idNum_css.value).send_keys(idNum)\n        BaseFunction.waitUntilClick(driver, path_personalInfoReg.btn_phoneNum_css.value)\n        driver.find_element_by_css_selector(path_personalInfoReg.btn_phoneNum_css.value).click()\n    \n        # sleep(20)\n    \n        picture_dir = os.getcwd()\n        pcture_dirOne = '\\\\test_data\\\\picture\\\\id_1.jpg'\n        pcture_dirTwo = '\\\\test_data\\\\picture\\\\id_2.jpg'\n        driver.find_element_by_css_selector(path_personalInfoReg.file_idPicture1_css.value).send_keys(\n            picture_dir + pcture_dirOne)\n>       waitUntilClick(driver, path_personalInfoReg.btn_deletePicture1_css.value)  # 等待直到图片可被删除\n\ntest_flow\\test_Authentication\\test_personalInfoReg.py:67: \n_ _ _ _ _ _ _ _ _ _ _ _ _ _ _ _ _ _ _ _ _ _ _ _ _ _ _ _ _ _ _ _ _ _ _ _ _ _ _ _\ncommon\\BaseFunction.py:15: in waitUntilClick\n    WebDriverWait(driver, 20).until(EC.element_to_be_clickable((By.CSS_SELECTOR, ByCss)))\n_ _ _ _ _ _ _ _ _ _ _ _ _ _ _ _ _ _ _ _ _ _ _ _ _ _ _ _ _ _ _ _ _ _ _ _ _ _ _ _\n\nself = <selenium.webdriver.support.wait.WebDriverWait (session=\"0776b6b553274638c0c8a1b3d142bf5a\")>\nmethod = <selenium.webdriver.support.expected_conditions.element_to_be_clickable object at 0x000001C9ABF29B50>\nmessage = ''\n\n    def until(self, method, message=''):\n        \"\"\"Calls the method provided with the driver as an argument until the \\\n        return value is not False.\"\"\"\n        screen = None\n        stacktrace = None\n    \n        end_time = time.time() + self._timeout\n        while True:\n            try:\n                value = method(self._driver)\n                if value:\n                    return value\n            except self._ignored_exceptions as exc:\n                screen = getattr(exc, 'screen', None)\n                stacktrace = getattr(exc, 'stacktrace', None)\n            time.sleep(self._poll)\n            if time.time() > end_time:\n                break\n>       raise TimeoutException(message, screen, stacktrace)\nE       selenium.common.exceptions.TimeoutException: Message:\n\n..\\venv\\lib\\site-packages\\selenium\\webdriver\\support\\wait.py:80: TimeoutException",
  "flaky" : false,
  "newFailed" : false,
  "beforeStages" : [ ],
  "testStage" : {
    "description" : "测试 http://10.10.128.152:10053/personal/set/certification 个人实名认证",
    "status" : "broken",
    "statusMessage" : "selenium.common.exceptions.TimeoutException: Message:",
    "statusTrace" : "@pytest.mark.run(order=1)\n    @allure.severity(\"blocker\")\n    @allure.description(\"测试 http://10.10.128.152:10053/personal/set/certification 个人实名认证\")\n    @allure.testcase(\"http://10.10.128.152:10053/personal/set/certification\", \"个人实名认证 \uD83D\uDC47\")\n    def test_infoReg():\n        def_name = sys._getframe().f_code.co_name\n        test_Assert = Assert.Assertions(def_name)\n        logger.info(\"开始执行脚本%s:\\n\", def_name)\n    \n        # 对个人信息企业信息进行删除操作\n        deletePerInforAndComInfor()\n        logger.info(\"对个人信息企业信息进行删除操作\")\n    \n        driver = webdriver.Chrome()\n        driver.maximize_window()\n        driver.get(\"http://10.10.128.152:10053/user/login\")\n    \n        # 登陆页面\n        login(driver)\n    \n        waitUntilDisplay(driver, loginOn.link_home_css.value)\n        homeText = driver.find_element_by_css_selector(loginOn.link_home_css.value)\n    \n        test_Assert.assert_text_ui(homeText.text, '首页')\n        logger.info(\"进入登陆页面\")\n    \n        waitUntilDisplay(driver, path_personalInfoReg.txt_aut_css.value)\n        titleText = driver.find_element_by_css_selector(path_personalInfoReg.txt_aut_css.value)\n        test_Assert.assert_text_ui(titleText.text, '实名认证')\n        logger.info(\"实名认证画面成功显示\")\n    \n        name = yamldict['test_personalInfoRegList']['name']\n        idNum = yamldict['test_personalInfoRegList']['id_card']\n    \n        driver.find_element_by_css_selector(path_personalInfoReg.input_name_css.value).send_keys(name)\n        driver.find_element_by_css_selector(path_personalInfoReg.input_idNum_css.value).send_keys(idNum)\n        BaseFunction.waitUntilClick(driver, path_personalInfoReg.btn_phoneNum_css.value)\n        driver.find_element_by_css_selector(path_personalInfoReg.btn_phoneNum_css.value).click()\n    \n        # sleep(20)\n    \n        picture_dir = os.getcwd()\n        pcture_dirOne = '\\\\test_data\\\\picture\\\\id_1.jpg'\n        pcture_dirTwo = '\\\\test_data\\\\picture\\\\id_2.jpg'\n        driver.find_element_by_css_selector(path_personalInfoReg.file_idPicture1_css.value).send_keys(\n            picture_dir + pcture_dirOne)\n>       waitUntilClick(driver, path_personalInfoReg.btn_deletePicture1_css.value)  # 等待直到图片可被删除\n\ntest_flow\\test_Authentication\\test_personalInfoReg.py:67: \n_ _ _ _ _ _ _ _ _ _ _ _ _ _ _ _ _ _ _ _ _ _ _ _ _ _ _ _ _ _ _ _ _ _ _ _ _ _ _ _\ncommon\\BaseFunction.py:15: in waitUntilClick\n    WebDriverWait(driver, 20).until(EC.element_to_be_clickable((By.CSS_SELECTOR, ByCss)))\n_ _ _ _ _ _ _ _ _ _ _ _ _ _ _ _ _ _ _ _ _ _ _ _ _ _ _ _ _ _ _ _ _ _ _ _ _ _ _ _\n\nself = <selenium.webdriver.support.wait.WebDriverWait (session=\"0776b6b553274638c0c8a1b3d142bf5a\")>\nmethod = <selenium.webdriver.support.expected_conditions.element_to_be_clickable object at 0x000001C9ABF29B50>\nmessage = ''\n\n    def until(self, method, message=''):\n        \"\"\"Calls the method provided with the driver as an argument until the \\\n        return value is not False.\"\"\"\n        screen = None\n        stacktrace = None\n    \n        end_time = time.time() + self._timeout\n        while True:\n            try:\n                value = method(self._driver)\n                if value:\n                    return value\n            except self._ignored_exceptions as exc:\n                screen = getattr(exc, 'screen', None)\n                stacktrace = getattr(exc, 'stacktrace', None)\n            time.sleep(self._poll)\n            if time.time() > end_time:\n                break\n>       raise TimeoutException(message, screen, stacktrace)\nE       selenium.common.exceptions.TimeoutException: Message:\n\n..\\venv\\lib\\site-packages\\selenium\\webdriver\\support\\wait.py:80: TimeoutException",
    "steps" : [ ],
    "attachments" : [ {
      "uid" : "7dfa29a994ed3997",
      "name" : "log",
      "source" : "7dfa29a994ed3997.txt",
      "type" : "text/plain",
      "size" : 584
    }, {
      "uid" : "21da6eaa89ce8631",
      "name" : "stdout",
      "source" : "21da6eaa89ce8631.txt",
      "type" : "text/plain",
      "size" : 335
    }, {
      "uid" : "29ef137484683404",
      "name" : "stderr",
      "source" : "29ef137484683404.txt",
      "type" : "text/plain",
      "size" : 855
    } ],
    "parameters" : [ ],
    "stepsCount" : 0,
    "hasContent" : true,
    "shouldDisplayMessage" : true,
    "attachmentsCount" : 3
  },
  "afterStages" : [ ],
  "labels" : [ {
    "name" : "severity",
    "value" : "blocker"
  }, {
    "name" : "tag",
    "value" : "run(order=1)"
  }, {
    "name" : "parentSuite",
    "value" : "test_flow.test_Authentication"
  }, {
    "name" : "suite",
    "value" : "test_personalInfoReg"
  }, {
    "name" : "host",
    "value" : "A02-03-00033"
  }, {
    "name" : "thread",
    "value" : "14836-MainThread"
  }, {
    "name" : "framework",
    "value" : "pytest"
  }, {
    "name" : "language",
    "value" : "cpython3"
  }, {
    "name" : "package",
    "value" : "test_flow.test_Authentication.test_personalInfoReg"
  }, {
    "name" : "resultFormat",
    "value" : "allure2"
  } ],
  "parameters" : [ ],
  "links" : [ {
    "name" : "个人实名认证 \uD83D\uDC47",
    "url" : "http://10.10.128.152:10053/personal/set/certification",
    "type" : "test_case"
  } ],
  "hidden" : true,
  "retry" : true,
  "extra" : {
    "categories" : [ ],
    "tags" : [ "run(order=1)" ]
  },
  "source" : "9b23882b751df419.json",
  "parameterValues" : [ ]
}