{
  "uid" : "ad17d0e359989196",
  "name" : "test_backStage_authentication",
  "fullName" : "test_flow.test_Authentication.test_backStage_authentication#test_backStage_authentication",
  "historyId" : "a55d1468f36f1b2cdddeddca0f290d7d",
  "time" : {
    "start" : 1600407352245,
    "stop" : 1600407446512,
    "duration" : 94267
  },
  "description" : "http://10.10.128.152:10052/#/authority/mechanism 后台账户认证",
  "descriptionHtml" : "<p>http://10.10.128.152:10052/#/authority/mechanism 后台账户认证</p>\n",
  "status" : "broken",
  "statusMessage" : "selenium.common.exceptions.ElementClickInterceptedException: Message: element click intercepted: Element <button type=\"button\" class=\"ant-btn ant-btn-danger\">...</button> is not clickable at point (1083, 387). Other element would receive the click: <div tabindex=\"-1\" class=\"ant-modal-wrap \" role=\"dialog\" aria-labelledby=\"rcDialogTitle0\">...</div>\n  (Session info: chrome=74.0.3729.108)\n  (Driver info: chromedriver=74.0.3729.6 (255758eccf3d244491b8a1317aa76e1ce10d57e9-refs/branch-heads/3729@{#29}),platform=Windows NT 10.0.18362 x86_64)",
  "statusTrace" : "@pytest.mark.run(order=6)\n    @allure.severity(\"blocker\")\n    @allure.description(\"http://10.10.128.152:10052/#/authority/mechanism 后台账户认证\")\n    @allure.testcase(\"http://10.10.128.152:10052/#/authority/mechanism\", \"后台账户认证 \uD83D\uDC47\")\n    def test_backStage_authentication():\n        def_name = sys._getframe().f_code.co_name\n        logger.info(\"开始执行脚本%s:\\n\", def_name)\n    \n        def_name = sys._getframe().f_code.co_name\n        logger.info(\"开始执行脚本%s:\\n\", def_name)\n    \n        driver = webdriver.Chrome()\n        driver.maximize_window()\n        driver.get(url_back)\n        # 银行密码修改\n        companyPassForget(driver, company_bank, 1)\n        # 担保公司密码修改\n        companyPassForget(driver, company_Guarantee, 0)\n        # 银行认证\n        authentication(driver, 0)\n    \n        driver_bank = webdriver.Chrome()\n        driver_bank.maximize_window()\n        driver_bank.get(url_back)\n        authentication(driver_bank, 1)\n        # 创建产品\n>       createProduct(driver_bank)\n\ntest_flow\\test_Authentication\\test_backStage_authentication.py:294: \n_ _ _ _ _ _ _ _ _ _ _ _ _ _ _ _ _ _ _ _ _ _ _ _ _ _ _ _ _ _ _ _ _ _ _ _ _ _ _ _\ntest_flow\\test_Authentication\\test_backStage_authentication.py:148: in createProduct\n    driver.find_element_by_xpath(path_backStage_authentication.btn_next2_xpath.value).click()\n..\\venv\\lib\\site-packages\\selenium\\webdriver\\remote\\webelement.py:80: in click\n    self._execute(Command.CLICK_ELEMENT)\n..\\venv\\lib\\site-packages\\selenium\\webdriver\\remote\\webelement.py:633: in _execute\n    return self._parent.execute(command, params)\n..\\venv\\lib\\site-packages\\selenium\\webdriver\\remote\\webdriver.py:321: in execute\n    self.error_handler.check_response(response)\n_ _ _ _ _ _ _ _ _ _ _ _ _ _ _ _ _ _ _ _ _ _ _ _ _ _ _ _ _ _ _ _ _ _ _ _ _ _ _ _\n\nself = <selenium.webdriver.remote.errorhandler.ErrorHandler object at 0x0000020A5EEA69A0>\nresponse = {'sessionId': '8a97b180426377c91abe3a84aab6f885', 'status': 64, 'value': {'message': 'element click intercepted: Eleme...729.6 (255758eccf3d244491b8a1317aa76e1ce10d57e9-refs/branch-heads/3729@{#29}),platform=Windows NT 10.0.18362 x86_64)'}}\n\n    def check_response(self, response):\n        \"\"\"\n        Checks that a JSON response from the WebDriver does not have an error.\n    \n        :Args:\n         - response - The JSON response from the WebDriver server as a dictionary\n           object.\n    \n        :Raises: If the response contains an error message.\n        \"\"\"\n        status = response.get('status', None)\n        if status is None or status == ErrorCode.SUCCESS:\n            return\n        value = None\n        message = response.get(\"message\", \"\")\n        screen = response.get(\"screen\", \"\")\n        stacktrace = None\n        if isinstance(status, int):\n            value_json = response.get('value', None)\n            if value_json and isinstance(value_json, basestring):\n                import json\n                try:\n                    value = json.loads(value_json)\n                    if len(value.keys()) == 1:\n                        value = value['value']\n                    status = value.get('error', None)\n                    if status is None:\n                        status = value[\"status\"]\n                        message = value[\"value\"]\n                        if not isinstance(message, basestring):\n                            value = message\n                            message = message.get('message')\n                    else:\n                        message = value.get('message', None)\n                except ValueError:\n                    pass\n    \n        exception_class = ErrorInResponseException\n        if status in ErrorCode.NO_SUCH_ELEMENT:\n            exception_class = NoSuchElementException\n        elif status in ErrorCode.NO_SUCH_FRAME:\n            exception_class = NoSuchFrameException\n        elif status in ErrorCode.NO_SUCH_WINDOW:\n            exception_class = NoSuchWindowException\n        elif status in ErrorCode.STALE_ELEMENT_REFERENCE:\n            exception_class = StaleElementReferenceException\n        elif status in ErrorCode.ELEMENT_NOT_VISIBLE:\n            exception_class = ElementNotVisibleException\n        elif status in ErrorCode.INVALID_ELEMENT_STATE:\n            exception_class = InvalidElementStateException\n        elif status in ErrorCode.INVALID_SELECTOR \\\n                or status in ErrorCode.INVALID_XPATH_SELECTOR \\\n                or status in ErrorCode.INVALID_XPATH_SELECTOR_RETURN_TYPER:\n            exception_class = InvalidSelectorException\n        elif status in ErrorCode.ELEMENT_IS_NOT_SELECTABLE:\n            exception_class = ElementNotSelectableException\n        elif status in ErrorCode.ELEMENT_NOT_INTERACTABLE:\n            exception_class = ElementNotInteractableException\n        elif status in ErrorCode.INVALID_COOKIE_DOMAIN:\n            exception_class = InvalidCookieDomainException\n        elif status in ErrorCode.UNABLE_TO_SET_COOKIE:\n            exception_class = UnableToSetCookieException\n        elif status in ErrorCode.TIMEOUT:\n            exception_class = TimeoutException\n        elif status in ErrorCode.SCRIPT_TIMEOUT:\n            exception_class = TimeoutException\n        elif status in ErrorCode.UNKNOWN_ERROR:\n            exception_class = WebDriverException\n        elif status in ErrorCode.UNEXPECTED_ALERT_OPEN:\n            exception_class = UnexpectedAlertPresentException\n        elif status in ErrorCode.NO_ALERT_OPEN:\n            exception_class = NoAlertPresentException\n        elif status in ErrorCode.IME_NOT_AVAILABLE:\n            exception_class = ImeNotAvailableException\n        elif status in ErrorCode.IME_ENGINE_ACTIVATION_FAILED:\n            exception_class = ImeActivationFailedException\n        elif status in ErrorCode.MOVE_TARGET_OUT_OF_BOUNDS:\n            exception_class = MoveTargetOutOfBoundsException\n        elif status in ErrorCode.JAVASCRIPT_ERROR:\n            exception_class = JavascriptException\n        elif status in ErrorCode.SESSION_NOT_CREATED:\n            exception_class = SessionNotCreatedException\n        elif status in ErrorCode.INVALID_ARGUMENT:\n            exception_class = InvalidArgumentException\n        elif status in ErrorCode.NO_SUCH_COOKIE:\n            exception_class = NoSuchCookieException\n        elif status in ErrorCode.UNABLE_TO_CAPTURE_SCREEN:\n            exception_class = ScreenshotException\n        elif status in ErrorCode.ELEMENT_CLICK_INTERCEPTED:\n            exception_class = ElementClickInterceptedException\n        elif status in ErrorCode.INSECURE_CERTIFICATE:\n            exception_class = InsecureCertificateException\n        elif status in ErrorCode.INVALID_COORDINATES:\n            exception_class = InvalidCoordinatesException\n        elif status in ErrorCode.INVALID_SESSION_ID:\n            exception_class = InvalidSessionIdException\n        elif status in ErrorCode.UNKNOWN_METHOD:\n            exception_class = UnknownMethodException\n        else:\n            exception_class = WebDriverException\n        if value == '' or value is None:\n            value = response['value']\n        if isinstance(value, basestring):\n            if exception_class == ErrorInResponseException:\n                raise exception_class(response, value)\n            raise exception_class(value)\n        if message == \"\" and 'message' in value:\n            message = value['message']\n    \n        screen = None\n        if 'screen' in value:\n            screen = value['screen']\n    \n        stacktrace = None\n        if 'stackTrace' in value and value['stackTrace']:\n            stacktrace = []\n            try:\n                for frame in value['stackTrace']:\n                    line = self._value_or_default(frame, 'lineNumber', '')\n                    file = self._value_or_default(frame, 'fileName', '<anonymous>')\n                    if line:\n                        file = \"%s:%s\" % (file, line)\n                    meth = self._value_or_default(frame, 'methodName', '<anonymous>')\n                    if 'className' in frame:\n                        meth = \"%s.%s\" % (frame['className'], meth)\n                    msg = \"    at %s (%s)\"\n                    msg = msg % (meth, file)\n                    stacktrace.append(msg)\n            except TypeError:\n                pass\n        if exception_class == ErrorInResponseException:\n            raise exception_class(response, message)\n        elif exception_class == UnexpectedAlertPresentException:\n            alert_text = None\n            if 'data' in value:\n                alert_text = value['data'].get('text')\n            elif 'alert' in value:\n                alert_text = value['alert'].get('text')\n            raise exception_class(message, screen, stacktrace, alert_text)\n>       raise exception_class(message, screen, stacktrace)\nE       selenium.common.exceptions.ElementClickInterceptedException: Message: element click intercepted: Element <button type=\"button\" class=\"ant-btn ant-btn-danger\">...</button> is not clickable at point (1083, 387). Other element would receive the click: <div tabindex=\"-1\" class=\"ant-modal-wrap \" role=\"dialog\" aria-labelledby=\"rcDialogTitle0\">...</div>\nE         (Session info: chrome=74.0.3729.108)\nE         (Driver info: chromedriver=74.0.3729.6 (255758eccf3d244491b8a1317aa76e1ce10d57e9-refs/branch-heads/3729@{#29}),platform=Windows NT 10.0.18362 x86_64)\n\n..\\venv\\lib\\site-packages\\selenium\\webdriver\\remote\\errorhandler.py:242: ElementClickInterceptedException",
  "flaky" : false,
  "newFailed" : false,
  "beforeStages" : [ ],
  "testStage" : {
    "description" : "http://10.10.128.152:10052/#/authority/mechanism 后台账户认证",
    "status" : "broken",
    "statusMessage" : "selenium.common.exceptions.ElementClickInterceptedException: Message: element click intercepted: Element <button type=\"button\" class=\"ant-btn ant-btn-danger\">...</button> is not clickable at point (1083, 387). Other element would receive the click: <div tabindex=\"-1\" class=\"ant-modal-wrap \" role=\"dialog\" aria-labelledby=\"rcDialogTitle0\">...</div>\n  (Session info: chrome=74.0.3729.108)\n  (Driver info: chromedriver=74.0.3729.6 (255758eccf3d244491b8a1317aa76e1ce10d57e9-refs/branch-heads/3729@{#29}),platform=Windows NT 10.0.18362 x86_64)",
    "statusTrace" : "@pytest.mark.run(order=6)\n    @allure.severity(\"blocker\")\n    @allure.description(\"http://10.10.128.152:10052/#/authority/mechanism 后台账户认证\")\n    @allure.testcase(\"http://10.10.128.152:10052/#/authority/mechanism\", \"后台账户认证 \uD83D\uDC47\")\n    def test_backStage_authentication():\n        def_name = sys._getframe().f_code.co_name\n        logger.info(\"开始执行脚本%s:\\n\", def_name)\n    \n        def_name = sys._getframe().f_code.co_name\n        logger.info(\"开始执行脚本%s:\\n\", def_name)\n    \n        driver = webdriver.Chrome()\n        driver.maximize_window()\n        driver.get(url_back)\n        # 银行密码修改\n        companyPassForget(driver, company_bank, 1)\n        # 担保公司密码修改\n        companyPassForget(driver, company_Guarantee, 0)\n        # 银行认证\n        authentication(driver, 0)\n    \n        driver_bank = webdriver.Chrome()\n        driver_bank.maximize_window()\n        driver_bank.get(url_back)\n        authentication(driver_bank, 1)\n        # 创建产品\n>       createProduct(driver_bank)\n\ntest_flow\\test_Authentication\\test_backStage_authentication.py:294: \n_ _ _ _ _ _ _ _ _ _ _ _ _ _ _ _ _ _ _ _ _ _ _ _ _ _ _ _ _ _ _ _ _ _ _ _ _ _ _ _\ntest_flow\\test_Authentication\\test_backStage_authentication.py:148: in createProduct\n    driver.find_element_by_xpath(path_backStage_authentication.btn_next2_xpath.value).click()\n..\\venv\\lib\\site-packages\\selenium\\webdriver\\remote\\webelement.py:80: in click\n    self._execute(Command.CLICK_ELEMENT)\n..\\venv\\lib\\site-packages\\selenium\\webdriver\\remote\\webelement.py:633: in _execute\n    return self._parent.execute(command, params)\n..\\venv\\lib\\site-packages\\selenium\\webdriver\\remote\\webdriver.py:321: in execute\n    self.error_handler.check_response(response)\n_ _ _ _ _ _ _ _ _ _ _ _ _ _ _ _ _ _ _ _ _ _ _ _ _ _ _ _ _ _ _ _ _ _ _ _ _ _ _ _\n\nself = <selenium.webdriver.remote.errorhandler.ErrorHandler object at 0x0000020A5EEA69A0>\nresponse = {'sessionId': '8a97b180426377c91abe3a84aab6f885', 'status': 64, 'value': {'message': 'element click intercepted: Eleme...729.6 (255758eccf3d244491b8a1317aa76e1ce10d57e9-refs/branch-heads/3729@{#29}),platform=Windows NT 10.0.18362 x86_64)'}}\n\n    def check_response(self, response):\n        \"\"\"\n        Checks that a JSON response from the WebDriver does not have an error.\n    \n        :Args:\n         - response - The JSON response from the WebDriver server as a dictionary\n           object.\n    \n        :Raises: If the response contains an error message.\n        \"\"\"\n        status = response.get('status', None)\n        if status is None or status == ErrorCode.SUCCESS:\n            return\n        value = None\n        message = response.get(\"message\", \"\")\n        screen = response.get(\"screen\", \"\")\n        stacktrace = None\n        if isinstance(status, int):\n            value_json = response.get('value', None)\n            if value_json and isinstance(value_json, basestring):\n                import json\n                try:\n                    value = json.loads(value_json)\n                    if len(value.keys()) == 1:\n                        value = value['value']\n                    status = value.get('error', None)\n                    if status is None:\n                        status = value[\"status\"]\n                        message = value[\"value\"]\n                        if not isinstance(message, basestring):\n                            value = message\n                            message = message.get('message')\n                    else:\n                        message = value.get('message', None)\n                except ValueError:\n                    pass\n    \n        exception_class = ErrorInResponseException\n        if status in ErrorCode.NO_SUCH_ELEMENT:\n            exception_class = NoSuchElementException\n        elif status in ErrorCode.NO_SUCH_FRAME:\n            exception_class = NoSuchFrameException\n        elif status in ErrorCode.NO_SUCH_WINDOW:\n            exception_class = NoSuchWindowException\n        elif status in ErrorCode.STALE_ELEMENT_REFERENCE:\n            exception_class = StaleElementReferenceException\n        elif status in ErrorCode.ELEMENT_NOT_VISIBLE:\n            exception_class = ElementNotVisibleException\n        elif status in ErrorCode.INVALID_ELEMENT_STATE:\n            exception_class = InvalidElementStateException\n        elif status in ErrorCode.INVALID_SELECTOR \\\n                or status in ErrorCode.INVALID_XPATH_SELECTOR \\\n                or status in ErrorCode.INVALID_XPATH_SELECTOR_RETURN_TYPER:\n            exception_class = InvalidSelectorException\n        elif status in ErrorCode.ELEMENT_IS_NOT_SELECTABLE:\n            exception_class = ElementNotSelectableException\n        elif status in ErrorCode.ELEMENT_NOT_INTERACTABLE:\n            exception_class = ElementNotInteractableException\n        elif status in ErrorCode.INVALID_COOKIE_DOMAIN:\n            exception_class = InvalidCookieDomainException\n        elif status in ErrorCode.UNABLE_TO_SET_COOKIE:\n            exception_class = UnableToSetCookieException\n        elif status in ErrorCode.TIMEOUT:\n            exception_class = TimeoutException\n        elif status in ErrorCode.SCRIPT_TIMEOUT:\n            exception_class = TimeoutException\n        elif status in ErrorCode.UNKNOWN_ERROR:\n            exception_class = WebDriverException\n        elif status in ErrorCode.UNEXPECTED_ALERT_OPEN:\n            exception_class = UnexpectedAlertPresentException\n        elif status in ErrorCode.NO_ALERT_OPEN:\n            exception_class = NoAlertPresentException\n        elif status in ErrorCode.IME_NOT_AVAILABLE:\n            exception_class = ImeNotAvailableException\n        elif status in ErrorCode.IME_ENGINE_ACTIVATION_FAILED:\n            exception_class = ImeActivationFailedException\n        elif status in ErrorCode.MOVE_TARGET_OUT_OF_BOUNDS:\n            exception_class = MoveTargetOutOfBoundsException\n        elif status in ErrorCode.JAVASCRIPT_ERROR:\n            exception_class = JavascriptException\n        elif status in ErrorCode.SESSION_NOT_CREATED:\n            exception_class = SessionNotCreatedException\n        elif status in ErrorCode.INVALID_ARGUMENT:\n            exception_class = InvalidArgumentException\n        elif status in ErrorCode.NO_SUCH_COOKIE:\n            exception_class = NoSuchCookieException\n        elif status in ErrorCode.UNABLE_TO_CAPTURE_SCREEN:\n            exception_class = ScreenshotException\n        elif status in ErrorCode.ELEMENT_CLICK_INTERCEPTED:\n            exception_class = ElementClickInterceptedException\n        elif status in ErrorCode.INSECURE_CERTIFICATE:\n            exception_class = InsecureCertificateException\n        elif status in ErrorCode.INVALID_COORDINATES:\n            exception_class = InvalidCoordinatesException\n        elif status in ErrorCode.INVALID_SESSION_ID:\n            exception_class = InvalidSessionIdException\n        elif status in ErrorCode.UNKNOWN_METHOD:\n            exception_class = UnknownMethodException\n        else:\n            exception_class = WebDriverException\n        if value == '' or value is None:\n            value = response['value']\n        if isinstance(value, basestring):\n            if exception_class == ErrorInResponseException:\n                raise exception_class(response, value)\n            raise exception_class(value)\n        if message == \"\" and 'message' in value:\n            message = value['message']\n    \n        screen = None\n        if 'screen' in value:\n            screen = value['screen']\n    \n        stacktrace = None\n        if 'stackTrace' in value and value['stackTrace']:\n            stacktrace = []\n            try:\n                for frame in value['stackTrace']:\n                    line = self._value_or_default(frame, 'lineNumber', '')\n                    file = self._value_or_default(frame, 'fileName', '<anonymous>')\n                    if line:\n                        file = \"%s:%s\" % (file, line)\n                    meth = self._value_or_default(frame, 'methodName', '<anonymous>')\n                    if 'className' in frame:\n                        meth = \"%s.%s\" % (frame['className'], meth)\n                    msg = \"    at %s (%s)\"\n                    msg = msg % (meth, file)\n                    stacktrace.append(msg)\n            except TypeError:\n                pass\n        if exception_class == ErrorInResponseException:\n            raise exception_class(response, message)\n        elif exception_class == UnexpectedAlertPresentException:\n            alert_text = None\n            if 'data' in value:\n                alert_text = value['data'].get('text')\n            elif 'alert' in value:\n                alert_text = value['alert'].get('text')\n            raise exception_class(message, screen, stacktrace, alert_text)\n>       raise exception_class(message, screen, stacktrace)\nE       selenium.common.exceptions.ElementClickInterceptedException: Message: element click intercepted: Element <button type=\"button\" class=\"ant-btn ant-btn-danger\">...</button> is not clickable at point (1083, 387). Other element would receive the click: <div tabindex=\"-1\" class=\"ant-modal-wrap \" role=\"dialog\" aria-labelledby=\"rcDialogTitle0\">...</div>\nE         (Session info: chrome=74.0.3729.108)\nE         (Driver info: chromedriver=74.0.3729.6 (255758eccf3d244491b8a1317aa76e1ce10d57e9-refs/branch-heads/3729@{#29}),platform=Windows NT 10.0.18362 x86_64)\n\n..\\venv\\lib\\site-packages\\selenium\\webdriver\\remote\\errorhandler.py:242: ElementClickInterceptedException",
    "steps" : [ ],
    "attachments" : [ {
      "uid" : "f5ad317f9283d03f",
      "name" : "log",
      "source" : "f5ad317f9283d03f.txt",
      "type" : "text/plain",
      "size" : 1462
    }, {
      "uid" : "95b6898e5e3096f3",
      "name" : "stdout",
      "source" : "95b6898e5e3096f3.txt",
      "type" : "text/plain",
      "size" : 950
    }, {
      "uid" : "c2f96137f9a7ebdc",
      "name" : "stderr",
      "source" : "c2f96137f9a7ebdc.txt",
      "type" : "text/plain",
      "size" : 2228
    } ],
    "parameters" : [ ],
    "hasContent" : true,
    "stepsCount" : 0,
    "attachmentsCount" : 3,
    "shouldDisplayMessage" : true
  },
  "afterStages" : [ ],
  "labels" : [ {
    "name" : "severity",
    "value" : "blocker"
  }, {
    "name" : "tag",
    "value" : "run(order=6)"
  }, {
    "name" : "parentSuite",
    "value" : "test_flow.test_Authentication"
  }, {
    "name" : "suite",
    "value" : "test_backStage_authentication"
  }, {
    "name" : "host",
    "value" : "A02-03-00033"
  }, {
    "name" : "thread",
    "value" : "20680-MainThread"
  }, {
    "name" : "framework",
    "value" : "pytest"
  }, {
    "name" : "language",
    "value" : "cpython3"
  }, {
    "name" : "package",
    "value" : "test_flow.test_Authentication.test_backStage_authentication"
  }, {
    "name" : "resultFormat",
    "value" : "allure2"
  } ],
  "parameters" : [ ],
  "links" : [ {
    "name" : "后台账户认证 \uD83D\uDC47",
    "url" : "http://10.10.128.152:10052/#/authority/mechanism",
    "type" : "test_case"
  } ],
  "hidden" : false,
  "retry" : false,
  "extra" : {
    "severity" : "blocker",
    "retries" : [ {
      "uid" : "7378e016591e7da7",
      "status" : "passed",
      "time" : {
        "start" : 1600405755954,
        "stop" : 1600405863496,
        "duration" : 107542
      }
    }, {
      "uid" : "26c5a7cf940539f6",
      "status" : "passed",
      "time" : {
        "start" : 1600393595443,
        "stop" : 1600393691959,
        "duration" : 96516
      }
    }, {
      "uid" : "81e6270b38fbe485",
      "status" : "passed",
      "time" : {
        "start" : 1600333528492,
        "stop" : 1600333625911,
        "duration" : 97419
      }
    }, {
      "uid" : "b667b524f01eb825",
      "status" : "broken",
      "statusDetails" : "selenium.common.exceptions.SessionNotCreatedException: Message: session not created\nfrom chrome not reachable\n  (Session info: chrome=74.0.3729.108)\n  (Driver info: chromedriver=74.0.3729.6 (255758eccf3d244491b8a1317aa76e1ce10d57e9-refs/branch-heads/3729@{#29}),platform=Windows NT 10.0.18362 x86_64)",
      "time" : {
        "start" : 1600332927541,
        "stop" : 1600332945085,
        "duration" : 17544
      }
    }, {
      "uid" : "48aef6ce7c36d402",
      "status" : "broken",
      "statusDetails" : "selenium.common.exceptions.SessionNotCreatedException: Message: session not created\nfrom chrome not reachable\n  (Session info: chrome=74.0.3729.108)\n  (Driver info: chromedriver=74.0.3729.6 (255758eccf3d244491b8a1317aa76e1ce10d57e9-refs/branch-heads/3729@{#29}),platform=Windows NT 10.0.18362 x86_64)",
      "time" : {
        "start" : 1600332605437,
        "stop" : 1600332623050,
        "duration" : 17613
      }
    }, {
      "uid" : "b2083ce0db8b838",
      "status" : "broken",
      "statusDetails" : "selenium.common.exceptions.WebDriverException: Message: chrome not reachable\n  (Session info: chrome=74.0.3729.108)\n  (Driver info: chromedriver=74.0.3729.6 (255758eccf3d244491b8a1317aa76e1ce10d57e9-refs/branch-heads/3729@{#29}),platform=Windows NT 10.0.18362 x86_64)",
      "time" : {
        "start" : 1600332418113,
        "stop" : 1600332461550,
        "duration" : 43437
      }
    }, {
      "uid" : "dc9461ac52cf0d9c",
      "status" : "broken",
      "statusDetails" : "selenium.common.exceptions.WebDriverException: Message: chrome not reachable\n  (Session info: chrome=74.0.3729.108)\n  (Driver info: chromedriver=74.0.3729.6 (255758eccf3d244491b8a1317aa76e1ce10d57e9-refs/branch-heads/3729@{#29}),platform=Windows NT 10.0.18362 x86_64)",
      "time" : {
        "start" : 1600332041320,
        "stop" : 1600332084707,
        "duration" : 43387
      }
    }, {
      "uid" : "5701ca30a9e25e97",
      "status" : "broken",
      "statusDetails" : "selenium.common.exceptions.TimeoutException: Message:",
      "time" : {
        "start" : 1600331924691,
        "stop" : 1600331971760,
        "duration" : 47069
      }
    }, {
      "uid" : "8db6fcf2d5f9b63e",
      "status" : "broken",
      "statusDetails" : "selenium.common.exceptions.ElementClickInterceptedException: Message: element click intercepted: Element <button type=\"button\" class=\"ant-btn ant-btn-primary\">...</button> is not clickable at point (1829, 100). Other element would receive the click: <div class=\"ant-menu-submenu ant-menu-submenu-popup ant-menu-light ant-menu-submenu-placement-bottomLeft  ant-menu-submenu-hidden\" style=\"left: 1540px; top: 71px;\">...</div>\n  (Session info: chrome=74.0.3729.108)\n  (Driver info: chromedriver=74.0.3729.6 (255758eccf3d244491b8a1317aa76e1ce10d57e9-refs/branch-heads/3729@{#29}),platform=Windows NT 10.0.18362 x86_64)",
      "time" : {
        "start" : 1600319929164,
        "stop" : 1600320035009,
        "duration" : 105845
      }
    }, {
      "uid" : "6f24e2170dbc2b1",
      "status" : "passed",
      "time" : {
        "start" : 1600305375460,
        "stop" : 1600305472032,
        "duration" : 96572
      }
    }, {
      "uid" : "ab5c5ddfefa08b09",
      "status" : "broken",
      "statusDetails" : "selenium.common.exceptions.WebDriverException: Message: chrome not reachable\n  (Session info: chrome=74.0.3729.108)\n  (Driver info: chromedriver=74.0.3729.6 (255758eccf3d244491b8a1317aa76e1ce10d57e9-refs/branch-heads/3729@{#29}),platform=Windows NT 10.0.18362 x86_64)",
      "time" : {
        "start" : 1600305078850,
        "stop" : 1600305106167,
        "duration" : 27317
      }
    }, {
      "uid" : "f4ed0e035bccd72c",
      "status" : "broken",
      "statusDetails" : "selenium.common.exceptions.WebDriverException: Message: chrome not reachable\n  (Session info: chrome=74.0.3729.108)\n  (Driver info: chromedriver=74.0.3729.6 (255758eccf3d244491b8a1317aa76e1ce10d57e9-refs/branch-heads/3729@{#29}),platform=Windows NT 10.0.18362 x86_64)",
      "time" : {
        "start" : 1600304690358,
        "stop" : 1600304722563,
        "duration" : 32205
      }
    }, {
      "uid" : "7d09981bb2b359ce",
      "status" : "passed",
      "time" : {
        "start" : 1600248219459,
        "stop" : 1600248330191,
        "duration" : 110732
      }
    }, {
      "uid" : "39a2bf98c06261b6",
      "status" : "broken",
      "statusDetails" : "selenium.common.exceptions.TimeoutException: Message:",
      "time" : {
        "start" : 1600247520257,
        "stop" : 1600247581889,
        "duration" : 61632
      }
    }, {
      "uid" : "d8472642614deee2",
      "status" : "passed",
      "time" : {
        "start" : 1600246326260,
        "stop" : 1600246428132,
        "duration" : 101872
      }
    }, {
      "uid" : "c5db4f61ecb00784",
      "status" : "passed",
      "time" : {
        "start" : 1600245960153,
        "stop" : 1600246055818,
        "duration" : 95665
      }
    }, {
      "uid" : "b66c0322b65eef1e",
      "status" : "passed",
      "time" : {
        "start" : 1600245660925,
        "stop" : 1600245757375,
        "duration" : 96450
      }
    }, {
      "uid" : "7879c1aa88ab4733",
      "status" : "passed",
      "time" : {
        "start" : 1600245180067,
        "stop" : 1600245276737,
        "duration" : 96670
      }
    }, {
      "uid" : "503afd55063b8389",
      "status" : "broken",
      "statusDetails" : "UnboundLocalError: local variable 'day' referenced before assignment",
      "time" : {
        "start" : 1600244879533,
        "stop" : 1600244964940,
        "duration" : 85407
      }
    }, {
      "uid" : "d2e46bcb4d286f13",
      "status" : "passed",
      "time" : {
        "start" : 1600243581945,
        "stop" : 1600243684313,
        "duration" : 102368
      }
    }, {
      "uid" : "c81a8382b4092a4f",
      "status" : "passed",
      "time" : {
        "start" : 1600242480070,
        "stop" : 1600242576041,
        "duration" : 95971
      }
    }, {
      "uid" : "91bbfb65a4215fcf",
      "status" : "passed",
      "time" : {
        "start" : 1600240480680,
        "stop" : 1600240587681,
        "duration" : 107001
      }
    }, {
      "uid" : "80d3b1a9e9253f62",
      "status" : "passed",
      "time" : {
        "start" : 1600240047143,
        "stop" : 1600240143297,
        "duration" : 96154
      }
    }, {
      "uid" : "46aa7789e1df07dd",
      "status" : "passed",
      "time" : {
        "start" : 1600237461589,
        "stop" : 1600237564140,
        "duration" : 102551
      }
    }, {
      "uid" : "32b6cd6000f98603",
      "status" : "passed",
      "time" : {
        "start" : 1600236870712,
        "stop" : 1600236967493,
        "duration" : 96781
      }
    }, {
      "uid" : "a5fdde2641b0b880",
      "status" : "broken",
      "statusDetails" : "selenium.common.exceptions.ElementClickInterceptedException: Message: element click intercepted: Element <label class=\"ant-checkbox-wrapper\">...</label> is not clickable at point (1049, 327). Other element would receive the click: <div class=\"ant-spin ant-spin-spinning\">...</div>\n  (Session info: chrome=74.0.3729.108)\n  (Driver info: chromedriver=74.0.3729.6 (255758eccf3d244491b8a1317aa76e1ce10d57e9-refs/branch-heads/3729@{#29}),platform=Windows NT 10.0.18362 x86_64)",
      "time" : {
        "start" : 1600236560871,
        "stop" : 1600236627411,
        "duration" : 66540
      }
    }, {
      "uid" : "a448a2a99db10570",
      "status" : "passed",
      "time" : {
        "start" : 1600234899009,
        "stop" : 1600235009788,
        "duration" : 110779
      }
    }, {
      "uid" : "44861112d85f1c2f",
      "status" : "broken",
      "statusDetails" : "selenium.common.exceptions.ElementClickInterceptedException: Message: element click intercepted: Element <label class=\"ant-checkbox-wrapper\">...</label> is not clickable at point (1049, 315). Other element would receive the click: <div class=\"ant-spin ant-spin-spinning\">...</div>\n  (Session info: chrome=74.0.3729.108)\n  (Driver info: chromedriver=74.0.3729.6 (255758eccf3d244491b8a1317aa76e1ce10d57e9-refs/branch-heads/3729@{#29}),platform=Windows NT 10.0.18362 x86_64)",
      "time" : {
        "start" : 1600234729509,
        "stop" : 1600234762647,
        "duration" : 33138
      }
    }, {
      "uid" : "2d2f5cd7987f1df",
      "status" : "broken",
      "statusDetails" : "selenium.common.exceptions.WebDriverException: Message: chrome not reachable\n  (Session info: chrome=74.0.3729.108)\n  (Driver info: chromedriver=74.0.3729.6 (255758eccf3d244491b8a1317aa76e1ce10d57e9-refs/branch-heads/3729@{#29}),platform=Windows NT 10.0.18362 x86_64)",
      "time" : {
        "start" : 1600232930005,
        "stop" : 1600233014576,
        "duration" : 84571
      }
    }, {
      "uid" : "2985f2017d739cc5",
      "status" : "broken",
      "statusDetails" : "selenium.common.exceptions.NoSuchElementException: Message: no such element: Unable to locate element: {\"method\":\"css selector\",\"selector\":\"#forget_password\"}\n  (Session info: chrome=74.0.3729.108)\n  (Driver info: chromedriver=74.0.3729.6 (255758eccf3d244491b8a1317aa76e1ce10d57e9-refs/branch-heads/3729@{#29}),platform=Windows NT 10.0.18362 x86_64)",
      "time" : {
        "start" : 1600225130340,
        "stop" : 1600225143717,
        "duration" : 13377
      }
    }, {
      "uid" : "6e242fff1dae780d",
      "status" : "broken",
      "statusDetails" : "selenium.common.exceptions.TimeoutException: Message:",
      "time" : {
        "start" : 1600224587363,
        "stop" : 1600224634393,
        "duration" : 47030
      }
    }, {
      "uid" : "ea538b9a0fbb0f0c",
      "status" : "broken",
      "statusDetails" : "selenium.common.exceptions.TimeoutException: Message:",
      "time" : {
        "start" : 1600223665330,
        "stop" : 1600223711982,
        "duration" : 46652
      }
    }, {
      "uid" : "a2ecb82412df7840",
      "status" : "broken",
      "statusDetails" : "selenium.common.exceptions.TimeoutException: Message:",
      "time" : {
        "start" : 1600222845328,
        "stop" : 1600222892118,
        "duration" : 46790
      }
    }, {
      "uid" : "e935972500b3adaa",
      "status" : "broken",
      "statusDetails" : "selenium.common.exceptions.SessionNotCreatedException: Message: session not created\nfrom chrome not reachable\n  (Session info: chrome=74.0.3729.108)\n  (Driver info: chromedriver=74.0.3729.6 (255758eccf3d244491b8a1317aa76e1ce10d57e9-refs/branch-heads/3729@{#29}),platform=Windows NT 10.0.18362 x86_64)",
      "time" : {
        "start" : 1600159108664,
        "stop" : 1600159126134,
        "duration" : 17470
      }
    }, {
      "uid" : "7889e3c9f0e46fb2",
      "status" : "broken",
      "statusDetails" : "selenium.common.exceptions.WebDriverException: Message: chrome not reachable\n  (Session info: chrome=74.0.3729.108)\n  (Driver info: chromedriver=74.0.3729.6 (255758eccf3d244491b8a1317aa76e1ce10d57e9-refs/branch-heads/3729@{#29}),platform=Windows NT 10.0.18362 x86_64)",
      "time" : {
        "start" : 1600147613974,
        "stop" : 1600148538506,
        "duration" : 924532
      }
    }, {
      "uid" : "8a744f35eeb984ef",
      "status" : "broken",
      "statusDetails" : "selenium.common.exceptions.WebDriverException: Message: chrome not reachable\n  (Session info: chrome=74.0.3729.108)\n  (Driver info: chromedriver=74.0.3729.6 (255758eccf3d244491b8a1317aa76e1ce10d57e9-refs/branch-heads/3729@{#29}),platform=Windows NT 10.0.18362 x86_64)",
      "time" : {
        "start" : 1600146896869,
        "stop" : 1600146921775,
        "duration" : 24906
      }
    }, {
      "uid" : "864ab43a3dfa4fe4",
      "status" : "broken",
      "statusDetails" : "selenium.common.exceptions.TimeoutException: Message:",
      "time" : {
        "start" : 1600145962242,
        "stop" : 1600146009968,
        "duration" : 47726
      }
    }, {
      "uid" : "ac0b6c0f4c3d789d",
      "status" : "broken",
      "statusDetails" : "selenium.common.exceptions.TimeoutException: Message:",
      "time" : {
        "start" : 1600139489800,
        "stop" : 1600139536652,
        "duration" : 46852
      }
    }, {
      "uid" : "4c8e128fbbd7b9e1",
      "status" : "broken",
      "statusDetails" : "selenium.common.exceptions.WebDriverException: Message: chrome not reachable\n  (Session info: chrome=74.0.3729.108)\n  (Driver info: chromedriver=74.0.3729.6 (255758eccf3d244491b8a1317aa76e1ce10d57e9-refs/branch-heads/3729@{#29}),platform=Windows NT 10.0.18362 x86_64)",
      "time" : {
        "start" : 1600138332502,
        "stop" : 1600138358034,
        "duration" : 25532
      }
    }, {
      "uid" : "fc813ca1223e0bc1",
      "status" : "broken",
      "statusDetails" : "selenium.common.exceptions.TimeoutException: Message:",
      "time" : {
        "start" : 1600137735656,
        "stop" : 1600137782688,
        "duration" : 47032
      }
    }, {
      "uid" : "98125c99a512acd3",
      "status" : "broken",
      "statusDetails" : "selenium.common.exceptions.SessionNotCreatedException: Message: session not created\nfrom chrome not reachable\n  (Session info: chrome=74.0.3729.108)\n  (Driver info: chromedriver=74.0.3729.6 (255758eccf3d244491b8a1317aa76e1ce10d57e9-refs/branch-heads/3729@{#29}),platform=Windows NT 10.0.18362 x86_64)",
      "time" : {
        "start" : 1600135693749,
        "stop" : 1600135711270,
        "duration" : 17521
      }
    }, {
      "uid" : "79a672a86c5c9a66",
      "status" : "passed",
      "time" : {
        "start" : 1599814018856,
        "stop" : 1599814168395,
        "duration" : 149539
      }
    }, {
      "uid" : "62719bade5328bff",
      "status" : "broken",
      "statusDetails" : "selenium.common.exceptions.NoSuchElementException: Message: no such element: Unable to locate element: {\"method\":\"css selector\",\"selector\":\"#forget_password\"}\n  (Session info: chrome=74.0.3729.108)\n  (Driver info: chromedriver=74.0.3729.6 (255758eccf3d244491b8a1317aa76e1ce10d57e9-refs/branch-heads/3729@{#29}),platform=Windows NT 10.0.18362 x86_64)",
      "time" : {
        "start" : 1599813705062,
        "stop" : 1599813718519,
        "duration" : 13457
      }
    }, {
      "uid" : "4cdd077c820af716",
      "status" : "broken",
      "statusDetails" : "selenium.common.exceptions.TimeoutException: Message:",
      "time" : {
        "start" : 1599813213884,
        "stop" : 1599813267478,
        "duration" : 53594
      }
    }, {
      "uid" : "c7e2da621d2f9a4c",
      "status" : "passed",
      "time" : {
        "start" : 1599811799418,
        "stop" : 1599811910632,
        "duration" : 111214
      }
    }, {
      "uid" : "7805725dc51f062b",
      "status" : "passed",
      "time" : {
        "start" : 1599811318472,
        "stop" : 1599811453290,
        "duration" : 134818
      }
    }, {
      "uid" : "cb9ceecbc30aef76",
      "status" : "passed",
      "time" : {
        "start" : 1599808340901,
        "stop" : 1599808451364,
        "duration" : 110463
      }
    }, {
      "uid" : "5a4af479cba789b6",
      "status" : "passed",
      "time" : {
        "start" : 1599807779203,
        "stop" : 1599807895517,
        "duration" : 116314
      }
    }, {
      "uid" : "6b16ead0c0e0a769",
      "status" : "passed",
      "time" : {
        "start" : 1599806823733,
        "stop" : 1599806953954,
        "duration" : 130221
      }
    }, {
      "uid" : "41c49e6fe2aed164",
      "status" : "passed",
      "time" : {
        "start" : 1599806239533,
        "stop" : 1599806349932,
        "duration" : 110399
      }
    }, {
      "uid" : "4914b4995394eb45",
      "status" : "passed",
      "time" : {
        "start" : 1599805305629,
        "stop" : 1599805426537,
        "duration" : 120908
      }
    }, {
      "uid" : "b94260c4fb97ec02",
      "status" : "passed",
      "time" : {
        "start" : 1599804599880,
        "stop" : 1599804715364,
        "duration" : 115484
      }
    }, {
      "uid" : "f8eb1b74c876393a",
      "status" : "passed",
      "time" : {
        "start" : 1599803709163,
        "stop" : 1599803824819,
        "duration" : 115656
      }
    }, {
      "uid" : "eb170e5cafae4d22",
      "status" : "broken",
      "statusDetails" : "selenium.common.exceptions.SessionNotCreatedException: Message: session not created\nfrom chrome not reachable\n  (Session info: chrome=74.0.3729.108)\n  (Driver info: chromedriver=74.0.3729.6 (255758eccf3d244491b8a1317aa76e1ce10d57e9-refs/branch-heads/3729@{#29}),platform=Windows NT 10.0.18362 x86_64)",
      "time" : {
        "start" : 1599802730231,
        "stop" : 1599802747919,
        "duration" : 17688
      }
    }, {
      "uid" : "a824d9cc3ce49946",
      "status" : "passed",
      "time" : {
        "start" : 1599802211200,
        "stop" : 1599802331358,
        "duration" : 120158
      }
    }, {
      "uid" : "99c154d49c7d2fe5",
      "status" : "passed",
      "time" : {
        "start" : 1599801767767,
        "stop" : 1599801888623,
        "duration" : 120856
      }
    }, {
      "uid" : "1a0960a238b6413a",
      "status" : "passed",
      "time" : {
        "start" : 1599801085229,
        "stop" : 1599801211901,
        "duration" : 126672
      }
    }, {
      "uid" : "bd4135e212983f48",
      "status" : "passed",
      "time" : {
        "start" : 1599800484759,
        "stop" : 1599800631607,
        "duration" : 146848
      }
    } ],
    "categories" : [ {
      "name" : "Test defects",
      "matchedStatuses" : [ ],
      "flaky" : false
    } ],
    "tags" : [ "run(order=6)" ]
  },
  "source" : "ad17d0e359989196.json",
  "parameterValues" : [ ]
}