{
  "uid" : "ae65ebd5d30dc352",
  "name" : "test_infoReg",
  "fullName" : "test_flow.test_Authentication.test_personalInfoReg#test_infoReg",
  "historyId" : "28dda5313ff182aeade3becf47df4372",
  "time" : {
    "start" : 1596763625012,
    "stop" : 1596763723898,
    "duration" : 98886
  },
  "description" : "测试 http://10.10.128.152:10053/personal/set/certification 个人实名认证",
  "descriptionHtml" : "<p>测试 http://10.10.128.152:10053/personal/set/certification 个人实名认证</p>\n",
  "status" : "passed",
  "flaky" : false,
  "newFailed" : false,
  "beforeStages" : [ ],
  "testStage" : {
    "description" : "测试 http://10.10.128.152:10053/personal/set/certification 个人实名认证",
    "status" : "passed",
    "steps" : [ ],
    "attachments" : [ {
      "uid" : "43efd049d2beb2aa",
      "name" : "log",
      "source" : "43efd049d2beb2aa.txt",
      "type" : "text/plain",
      "size" : 2066
    }, {
      "uid" : "fb9d838c73d8ecd1",
      "name" : "stdout",
      "source" : "fb9d838c73d8ecd1.txt",
      "type" : "text/plain",
      "size" : 668
    }, {
      "uid" : "be2cf02eb6792772",
      "name" : "stderr",
      "source" : "be2cf02eb6792772.txt",
      "type" : "text/plain",
      "size" : 2922
    } ],
    "parameters" : [ ],
    "stepsCount" : 0,
    "hasContent" : true,
    "attachmentsCount" : 3,
    "shouldDisplayMessage" : false
  },
  "afterStages" : [ ],
  "labels" : [ {
    "name" : "severity",
    "value" : "blocker"
  }, {
    "name" : "tag",
    "value" : "run(order=1)"
  }, {
    "name" : "parentSuite",
    "value" : "test_flow.test_Authentication"
  }, {
    "name" : "suite",
    "value" : "test_personalInfoReg"
  }, {
    "name" : "host",
    "value" : "A02-03-00033"
  }, {
    "name" : "thread",
    "value" : "16880-MainThread"
  }, {
    "name" : "framework",
    "value" : "pytest"
  }, {
    "name" : "language",
    "value" : "cpython3"
  }, {
    "name" : "package",
    "value" : "test_flow.test_Authentication.test_personalInfoReg"
  }, {
    "name" : "resultFormat",
    "value" : "allure2"
  } ],
  "parameters" : [ ],
  "links" : [ {
    "name" : "个人实名认证 \uD83D\uDC47",
    "url" : "http://10.10.128.152:10053/personal/set/certification",
    "type" : "test_case"
  } ],
  "hidden" : false,
  "retry" : false,
  "extra" : {
    "severity" : "blocker",
    "retries" : [ {
      "uid" : "78ba26f024328239",
      "status" : "passed",
      "time" : {
        "start" : 1596763408765,
        "stop" : 1596763493317,
        "duration" : 84552
      }
    }, {
      "uid" : "e75492049fe0c956",
      "status" : "broken",
      "statusDetails" : "selenium.common.exceptions.TimeoutException: Message:",
      "time" : {
        "start" : 1596763248018,
        "stop" : 1596763319981,
        "duration" : 71963
      }
    }, {
      "uid" : "3debe0d84dd44923",
      "status" : "broken",
      "statusDetails" : "selenium.common.exceptions.WebDriverException: Message: chrome not reachable\n  (Session info: chrome=74.0.3729.108)\n  (Driver info: chromedriver=74.0.3729.6 (255758eccf3d244491b8a1317aa76e1ce10d57e9-refs/branch-heads/3729@{#29}),platform=Windows NT 10.0.18362 x86_64)",
      "time" : {
        "start" : 1596763157666,
        "stop" : 1596763187279,
        "duration" : 29613
      }
    }, {
      "uid" : "b94ab5f3a4cf274",
      "status" : "passed",
      "time" : {
        "start" : 1596763025146,
        "stop" : 1596763089537,
        "duration" : 64391
      }
    }, {
      "uid" : "c343d002bbbf8bee",
      "status" : "broken",
      "statusDetails" : "selenium.common.exceptions.NoSuchElementException: Message: no such element: Unable to locate element: {\"method\":\"css selector\",\"selector\":\"#root > div > div.content___17Zvm > div > div.main___1rkrS > div > div > div > div > div.statusWrap___1MekY.success___2iGw_ > p.text___3NufP\"}\n  (Session info: chrome=74.0.3729.108)\n  (Driver info: chromedriver=74.0.3729.6 (255758eccf3d244491b8a1317aa76e1ce10d57e9-refs/branch-heads/3729@{#29}),platform=Windows NT 10.0.18362 x86_64)",
      "time" : {
        "start" : 1596762939029,
        "stop" : 1596762961087,
        "duration" : 22058
      }
    }, {
      "uid" : "400b083a483b29",
      "status" : "broken",
      "statusDetails" : "selenium.common.exceptions.WebDriverException: Message: chrome not reachable\n  (Session info: chrome=74.0.3729.108)\n  (Driver info: chromedriver=74.0.3729.6 (255758eccf3d244491b8a1317aa76e1ce10d57e9-refs/branch-heads/3729@{#29}),platform=Windows NT 10.0.18362 x86_64)",
      "time" : {
        "start" : 1596762863216,
        "stop" : 1596762913166,
        "duration" : 49950
      }
    }, {
      "uid" : "318b5239379a0099",
      "status" : "broken",
      "statusDetails" : "selenium.common.exceptions.WebDriverException: Message: chrome not reachable\n  (Session info: chrome=74.0.3729.108)\n  (Driver info: chromedriver=74.0.3729.6 (255758eccf3d244491b8a1317aa76e1ce10d57e9-refs/branch-heads/3729@{#29}),platform=Windows NT 10.0.18362 x86_64)",
      "time" : {
        "start" : 1596762774604,
        "stop" : 1596762812970,
        "duration" : 38366
      }
    }, {
      "uid" : "e3eeb9cd902cce11",
      "status" : "broken",
      "statusDetails" : "selenium.common.exceptions.NoSuchElementException: Message: no such element: Unable to locate element: {\"method\":\"css selector\",\"selector\":\"#root > div > div.content___17Zvm > div > div.main___1rkrS > div > div > div > div > div.statusWrap___1MekY.success___2iGw_ > p.text___3NufP\"}\n  (Session info: chrome=74.0.3729.108)\n  (Driver info: chromedriver=74.0.3729.6 (255758eccf3d244491b8a1317aa76e1ce10d57e9-refs/branch-heads/3729@{#29}),platform=Windows NT 10.0.18362 x86_64)",
      "time" : {
        "start" : 1596762642677,
        "stop" : 1596762664650,
        "duration" : 21973
      }
    }, {
      "uid" : "7fdf860dd9c71271",
      "status" : "broken",
      "statusDetails" : "selenium.common.exceptions.NoSuchElementException: Message: no such element: Unable to locate element: {\"method\":\"css selector\",\"selector\":\"#root > div > div.content___17Zvm > div > div.main___1rkrS > div > div > div > div > div.statusWrap___1MekY.success___2iGw_ > p.text___3NufP\"}\n  (Session info: chrome=74.0.3729.108)\n  (Driver info: chromedriver=74.0.3729.6 (255758eccf3d244491b8a1317aa76e1ce10d57e9-refs/branch-heads/3729@{#29}),platform=Windows NT 10.0.18362 x86_64)",
      "time" : {
        "start" : 1596762272696,
        "stop" : 1596762295210,
        "duration" : 22514
      }
    }, {
      "uid" : "4478ad96088e66d6",
      "status" : "broken",
      "statusDetails" : "selenium.common.exceptions.NoSuchElementException: Message: no such element: Unable to locate element: {\"method\":\"css selector\",\"selector\":\"#root > div > div.content___17Zvm > div > div.main___1rkrS > div > div > div > div > div.statusWrap___1MekY.success___2iGw_ > p.text___3NufP\"}\n  (Session info: chrome=74.0.3729.108)\n  (Driver info: chromedriver=74.0.3729.6 (255758eccf3d244491b8a1317aa76e1ce10d57e9-refs/branch-heads/3729@{#29}),platform=Windows NT 10.0.18362 x86_64)",
      "time" : {
        "start" : 1596762175152,
        "stop" : 1596762197268,
        "duration" : 22116
      }
    }, {
      "uid" : "473a710f44df2e8c",
      "status" : "broken",
      "statusDetails" : "selenium.common.exceptions.NoSuchElementException: Message: no such element: Unable to locate element: {\"method\":\"css selector\",\"selector\":\"#root > div > div.content___17Zvm > div > div.main___1rkrS > div > div > div > div > div.statusWrap___1MekY.success___2iGw_ > p.text___3NufP\"}\n  (Session info: chrome=74.0.3729.108)\n  (Driver info: chromedriver=74.0.3729.6 (255758eccf3d244491b8a1317aa76e1ce10d57e9-refs/branch-heads/3729@{#29}),platform=Windows NT 10.0.18362 x86_64)",
      "time" : {
        "start" : 1596761897187,
        "stop" : 1596761919208,
        "duration" : 22021
      }
    }, {
      "uid" : "f72ccce336660f35",
      "status" : "broken",
      "statusDetails" : "selenium.common.exceptions.NoSuchElementException: Message: no such element: Unable to locate element: {\"method\":\"css selector\",\"selector\":\"#root > div > div.content___17Zvm > div > div.main___1rkrS > div > div > div > div > div.statusWrap___1MekY.success___2iGw_ > p.text___3NufP\"}\n  (Session info: chrome=74.0.3729.108)\n  (Driver info: chromedriver=74.0.3729.6 (255758eccf3d244491b8a1317aa76e1ce10d57e9-refs/branch-heads/3729@{#29}),platform=Windows NT 10.0.18362 x86_64)",
      "time" : {
        "start" : 1596761583511,
        "stop" : 1596761605436,
        "duration" : 21925
      }
    }, {
      "uid" : "b96e197cb8a1e336",
      "status" : "broken",
      "statusDetails" : "AttributeError: 'bytes' object has no attribute 'presence_of_element_located'",
      "time" : {
        "start" : 1596761412947,
        "stop" : 1596761436481,
        "duration" : 23534
      }
    }, {
      "uid" : "7844c49a6a651098",
      "status" : "broken",
      "statusDetails" : "AttributeError: input_phoneNum_css",
      "time" : {
        "start" : 1596761347518,
        "stop" : 1596761368680,
        "duration" : 21162
      }
    }, {
      "uid" : "c77d9115cb99e086",
      "status" : "broken",
      "statusDetails" : "AttributeError: input_phoneNum_css",
      "time" : {
        "start" : 1596761310597,
        "stop" : 1596761321746,
        "duration" : 11149
      }
    }, {
      "uid" : "15a7caabb94a4e5d",
      "status" : "broken",
      "statusDetails" : "selenium.common.exceptions.TimeoutException: Message:",
      "time" : {
        "start" : 1596697359323,
        "stop" : 1596697410594,
        "duration" : 51271
      }
    }, {
      "uid" : "d2a8e65a9b468a1e",
      "status" : "broken",
      "statusDetails" : "selenium.common.exceptions.WebDriverException: Message: chrome not reachable\n  (Session info: chrome=74.0.3729.108)\n  (Driver info: chromedriver=74.0.3729.6 (255758eccf3d244491b8a1317aa76e1ce10d57e9-refs/branch-heads/3729@{#29}),platform=Windows NT 10.0.18362 x86_64)",
      "time" : {
        "start" : 1596695824945,
        "stop" : 1596695886926,
        "duration" : 61981
      }
    }, {
      "uid" : "be6aba5babb93949",
      "status" : "broken",
      "statusDetails" : "selenium.common.exceptions.TimeoutException: Message:",
      "time" : {
        "start" : 1596694792490,
        "stop" : 1596694822897,
        "duration" : 30407
      }
    }, {
      "uid" : "5133500a7e839374",
      "status" : "broken",
      "statusDetails" : "TypeError: Sqldata() takes 2 positional arguments but 3 were given",
      "time" : {
        "start" : 1596694703132,
        "stop" : 1596694703136,
        "duration" : 4
      }
    }, {
      "uid" : "99438456fb5675fa",
      "status" : "broken",
      "statusDetails" : "TypeError: Sqldata() takes 2 positional arguments but 3 were given",
      "time" : {
        "start" : 1596694690351,
        "stop" : 1596694690354,
        "duration" : 3
      }
    }, {
      "uid" : "2f5a0be19e2fccb3",
      "status" : "passed",
      "time" : {
        "start" : 1596692434076,
        "stop" : 1596692515497,
        "duration" : 81421
      }
    }, {
      "uid" : "ab478aa9c7e6eb44",
      "status" : "passed",
      "time" : {
        "start" : 1596691144946,
        "stop" : 1596691156283,
        "duration" : 11337
      }
    }, {
      "uid" : "9a7fa2f54cb1deb6",
      "status" : "passed",
      "time" : {
        "start" : 1596690811596,
        "stop" : 1596690826825,
        "duration" : 15229
      }
    }, {
      "uid" : "ef757df04cd54d5",
      "status" : "broken",
      "statusDetails" : "selenium.common.exceptions.TimeoutException: Message:",
      "time" : {
        "start" : 1596690708331,
        "stop" : 1596690760001,
        "duration" : 51670
      }
    }, {
      "uid" : "a2683cfdc3f93d2b",
      "status" : "broken",
      "statusDetails" : "selenium.common.exceptions.NoSuchElementException: Message: no such element: Unable to locate element: {\"method\":\"css selector\",\"selector\":\"#idCardFace\"}\n  (Session info: chrome=74.0.3729.108)\n  (Driver info: chromedriver=74.0.3729.6 (255758eccf3d244491b8a1317aa76e1ce10d57e9-refs/branch-heads/3729@{#29}),platform=Windows NT 10.0.18362 x86_64)",
      "time" : {
        "start" : 1596690637827,
        "stop" : 1596690671062,
        "duration" : 33235
      }
    }, {
      "uid" : "53d8f4c7a9130e85",
      "status" : "broken",
      "statusDetails" : "selenium.common.exceptions.TimeoutException: Message:",
      "time" : {
        "start" : 1596690270510,
        "stop" : 1596690302090,
        "duration" : 31580
      }
    }, {
      "uid" : "638f1010b77858b7",
      "status" : "broken",
      "statusDetails" : "selenium.common.exceptions.NoSuchElementException: Message: no such element: Unable to locate element: {\"method\":\"css selector\",\"selector\":\"#idCardFace\"}\n  (Session info: chrome=74.0.3729.108)\n  (Driver info: chromedriver=74.0.3729.6 (255758eccf3d244491b8a1317aa76e1ce10d57e9-refs/branch-heads/3729@{#29}),platform=Windows NT 10.0.18362 x86_64)",
      "time" : {
        "start" : 1596689712959,
        "stop" : 1596689724027,
        "duration" : 11068
      }
    }, {
      "uid" : "e92020e428d18957",
      "status" : "broken",
      "statusDetails" : "selenium.common.exceptions.InvalidArgumentException: Message: invalid argument: File not found : C:\\Users\\shaojunshuai\\PycharmProjects\\AutoTest-python\\Auto_Test\\test_data\\picture\\id_1\n  (Session info: chrome=74.0.3729.108)\n  (Driver info: chromedriver=74.0.3729.6 (255758eccf3d244491b8a1317aa76e1ce10d57e9-refs/branch-heads/3729@{#29}),platform=Windows NT 10.0.18362 x86_64)",
      "time" : {
        "start" : 1596689606175,
        "stop" : 1596689617274,
        "duration" : 11099
      }
    }, {
      "uid" : "900fc4acd6914ef3",
      "status" : "broken",
      "statusDetails" : "selenium.common.exceptions.InvalidArgumentException: Message: invalid argument: File not found : C:\\Users\\shaojunshuai\\PycharmProjects\\AutoTest-python\\Auto_Test/test_data/picture/id_1\n  (Session info: chrome=74.0.3729.108)\n  (Driver info: chromedriver=74.0.3729.6 (255758eccf3d244491b8a1317aa76e1ce10d57e9-refs/branch-heads/3729@{#29}),platform=Windows NT 10.0.18362 x86_64)",
      "time" : {
        "start" : 1596689474852,
        "stop" : 1596689485863,
        "duration" : 11011
      }
    }, {
      "uid" : "e5197503296d05cf",
      "status" : "broken",
      "statusDetails" : "selenium.common.exceptions.InvalidArgumentException: Message: invalid argument: File not found : C:\\Users\\shaojunshuai\\PycharmProjects\\AutoTest-python\\Auto_Test/test_data/picture/id_1\n  (Session info: chrome=74.0.3729.108)\n  (Driver info: chromedriver=74.0.3729.6 (255758eccf3d244491b8a1317aa76e1ce10d57e9-refs/branch-heads/3729@{#29}),platform=Windows NT 10.0.18362 x86_64)",
      "time" : {
        "start" : 1596689385609,
        "stop" : 1596689415512,
        "duration" : 29903
      }
    }, {
      "uid" : "2642467a48203ad3",
      "status" : "broken",
      "statusDetails" : "selenium.common.exceptions.InvalidArgumentException: Message: invalid argument: File not found : C:\\Users\\shaojunshuai\\PycharmProjects\\AutoTest-python\\Auto_Test/test_flow/test_data/picture/id_1\n  (Session info: chrome=74.0.3729.108)\n  (Driver info: chromedriver=74.0.3729.6 (255758eccf3d244491b8a1317aa76e1ce10d57e9-refs/branch-heads/3729@{#29}),platform=Windows NT 10.0.18362 x86_64)",
      "time" : {
        "start" : 1596689266848,
        "stop" : 1596689277955,
        "duration" : 11107
      }
    }, {
      "uid" : "f0196ef5de9a6d02",
      "status" : "passed",
      "time" : {
        "start" : 1596683606357,
        "stop" : 1596683784330,
        "duration" : 177973
      }
    }, {
      "uid" : "49987b628d673ba5",
      "status" : "broken",
      "statusDetails" : "selenium.common.exceptions.InvalidSelectorException: Message: invalid selector: Unable to locate an element with the xpath expression #root > div > div.content___17Zvm > div > div.main___1rkrS > div > div > div > div > form > div:nth-child(3) > span because of the following error:\nSyntaxError: Failed to execute 'evaluate' on 'Document': The string '#root > div > div.content___17Zvm > div > div.main___1rkrS > div > div > div > div > form > div:nth-child(3) > span' is not a valid XPath expression.\n  (Session info: chrome=74.0.3729.108)\n  (Driver info: chromedriver=74.0.3729.6 (255758eccf3d244491b8a1317aa76e1ce10d57e9-refs/branch-heads/3729@{#29}),platform=Windows NT 10.0.18362 x86_64)",
      "time" : {
        "start" : 1596683547002,
        "stop" : 1596683564621,
        "duration" : 17619
      }
    }, {
      "uid" : "ccba23ede90b1d3f",
      "status" : "broken",
      "statusDetails" : "selenium.common.exceptions.InvalidSelectorException: Message: invalid selector: Unable to locate an element with the xpath expression #root > div > div.content___17Zvm > div > div.main___1rkrS > div > div > div > div > form > div:nth-child(3) > span because of the following error:\nSyntaxError: Failed to execute 'evaluate' on 'Document': The string '#root > div > div.content___17Zvm > div > div.main___1rkrS > div > div > div > div > form > div:nth-child(3) > span' is not a valid XPath expression.\n  (Session info: chrome=74.0.3729.108)\n  (Driver info: chromedriver=74.0.3729.6 (255758eccf3d244491b8a1317aa76e1ce10d57e9-refs/branch-heads/3729@{#29}),platform=Windows NT 10.0.18362 x86_64)",
      "time" : {
        "start" : 1596683485718,
        "stop" : 1596683496712,
        "duration" : 10994
      }
    }, {
      "uid" : "399f949784290edc",
      "status" : "broken",
      "statusDetails" : "AttributeError: module 'common.BaseFunction' has no attribute 'waitUntilClick_css'",
      "time" : {
        "start" : 1596683438810,
        "stop" : 1596683451401,
        "duration" : 12591
      }
    }, {
      "uid" : "59d539f8851998ab",
      "status" : "broken",
      "statusDetails" : "TypeError: waitUntilClick_xpath() missing 1 required positional argument: 'ByXpath'",
      "time" : {
        "start" : 1596683321484,
        "stop" : 1596683345525,
        "duration" : 24041
      }
    }, {
      "uid" : "8f5fda5dec303b52",
      "status" : "broken",
      "statusDetails" : "TypeError: waitUntilClick_class() missing 1 required positional argument: 'ByXpath'",
      "time" : {
        "start" : 1596683109893,
        "stop" : 1596683125202,
        "duration" : 15309
      }
    }, {
      "uid" : "9d6b20fe5ebd2e74",
      "status" : "broken",
      "statusDetails" : "TypeError: waitUntilClick_xpath() missing 1 required positional argument: 'ByXpath'",
      "time" : {
        "start" : 1596682952680,
        "stop" : 1596682969845,
        "duration" : 17165
      }
    }, {
      "uid" : "38bca499d3129ab6",
      "status" : "broken",
      "statusDetails" : "TypeError: waitUntilClick() missing 1 required positional argument: 'ByCss'",
      "time" : {
        "start" : 1596682720051,
        "stop" : 1596682734854,
        "duration" : 14803
      }
    }, {
      "uid" : "66146626d2b29ed1",
      "status" : "broken",
      "statusDetails" : "TypeError: waitUntilClick() missing 1 required positional argument: 'ByCss'",
      "time" : {
        "start" : 1596682593146,
        "stop" : 1596682604181,
        "duration" : 11035
      }
    }, {
      "uid" : "220622a17d8876c3",
      "status" : "broken",
      "statusDetails" : "TypeError: waitUntilClick() missing 1 required positional argument: 'ByCss'",
      "time" : {
        "start" : 1596682541196,
        "stop" : 1596682577130,
        "duration" : 35934
      }
    }, {
      "uid" : "f1302b6862d3f7c6",
      "status" : "broken",
      "statusDetails" : "TypeError: waitUntilClick() missing 1 required positional argument: 'ByCss'",
      "time" : {
        "start" : 1596682401968,
        "stop" : 1596682438709,
        "duration" : 36741
      }
    }, {
      "uid" : "be0c7c97f20c5bf7",
      "status" : "broken",
      "statusDetails" : "TypeError: waitUntilClick() missing 1 required positional argument: 'ByCss'",
      "time" : {
        "start" : 1596682312758,
        "stop" : 1596682343795,
        "duration" : 31037
      }
    }, {
      "uid" : "3d503411ea32f0cd",
      "status" : "broken",
      "statusDetails" : "selenium.common.exceptions.NoSuchElementException: Message: no such element: Unable to locate element: {\"method\":\"css selector\",\"selector\":\"#root > div > div.content___17Zvm > div > div.main___1rkrS > div > div > div > div > h5\"}\n  (Session info: chrome=74.0.3729.108)\n  (Driver info: chromedriver=74.0.3729.6 (255758eccf3d244491b8a1317aa76e1ce10d57e9-refs/branch-heads/3729@{#29}),platform=Windows NT 10.0.18362 x86_64)",
      "time" : {
        "start" : 1596682265024,
        "stop" : 1596682275520,
        "duration" : 10496
      }
    }, {
      "uid" : "31142505d2d90663",
      "status" : "broken",
      "statusDetails" : "pymysql.err.ProgrammingError: (1064, \"You have an error in your SQL syntax; check the manual that corresponds to your MySQL server version for the right syntax to use near 'a left join `chengtay-zcd`.enterprise_account b on a.id = b.enterpriseId where b' at line 1\")",
      "time" : {
        "start" : 1596681212802,
        "stop" : 1596681290045,
        "duration" : 77243
      }
    }, {
      "uid" : "4bbb36b691c52e27",
      "status" : "broken",
      "statusDetails" : "pymysql.err.ProgrammingError: (1064, \"You have an error in your SQL syntax; check the manual that corresponds to your MySQL server version for the right syntax to use near 'a left join `chengtay-zcd`.enterprise_account b on a.id = b.enterpriseId where b' at line 1\")",
      "time" : {
        "start" : 1596681176080,
        "stop" : 1596681176109,
        "duration" : 29
      }
    }, {
      "uid" : "cb5a28cc8b5b2e14",
      "status" : "broken",
      "statusDetails" : "pymysql.err.ProgrammingError: (1064, \"You have an error in your SQL syntax; check the manual that corresponds to your MySQL server version for the right syntax to use near 'a left join `chengtay-zcd`.enterprise_account b on a.id = b.enterpriseId where b' at line 1\")",
      "time" : {
        "start" : 1596681138963,
        "stop" : 1596681139000,
        "duration" : 37
      }
    }, {
      "uid" : "326fb2f0ca542c52",
      "status" : "passed",
      "time" : {
        "start" : 1596677955858,
        "stop" : 1596677966165,
        "duration" : 10307
      }
    }, {
      "uid" : "ad4e084dea8873f6",
      "status" : "passed",
      "time" : {
        "start" : 1596677795481,
        "stop" : 1596677805661,
        "duration" : 10180
      }
    }, {
      "uid" : "bd38bd53f0235fff",
      "status" : "passed",
      "time" : {
        "start" : 1596677758628,
        "stop" : 1596677768930,
        "duration" : 10302
      }
    } ],
    "categories" : [ ],
    "tags" : [ "run(order=1)" ]
  },
  "source" : "ae65ebd5d30dc352.json",
  "parameterValues" : [ ]
}