{
  "uid" : "b10bae682291c98a",
  "name" : "test_backStage_authentication",
  "fullName" : "test_flow.test_Authentication.test_backStage_authentication#test_backStage_authentication",
  "historyId" : "a55d1468f36f1b2cdddeddca0f290d7d",
  "time" : {
    "start" : 1600223665330,
    "stop" : 1600223711982,
    "duration" : 46652
  },
  "description" : "http://10.10.128.152:10052/#/authority/mechanism 后台账户认证",
  "descriptionHtml" : "<p>http://10.10.128.152:10052/#/authority/mechanism 后台账户认证</p>\n",
  "status" : "broken",
  "statusMessage" : "selenium.common.exceptions.TimeoutException: Message:",
  "statusTrace" : "@pytest.mark.run(order=6)\n    @allure.severity(\"blocker\")\n    @allure.description(\"http://10.10.128.152:10052/#/authority/mechanism 后台账户认证\")\n    @allure.testcase(\"http://10.10.128.152:10052/#/authority/mechanism\", \"后台账户认证 \uD83D\uDC47\")\n    def test_backStage_authentication():\n        def_name = sys._getframe().f_code.co_name\n        logger.info(\"开始执行脚本%s:\\n\", def_name)\n    \n        def_name = sys._getframe().f_code.co_name\n        logger.info(\"开始执行脚本%s:\\n\", def_name)\n    \n        driver = webdriver.Chrome()\n        driver.maximize_window()\n        driver.get(url_back)\n        # 银行密码修改\n        companyPassForget(driver, company_bank, 1)\n        # 担保公司密码修改\n>       companyPassForget(driver, company_Guarantee, 0)\n\ntest_flow\\test_Authentication\\test_backStage_authentication.py:270: \n_ _ _ _ _ _ _ _ _ _ _ _ _ _ _ _ _ _ _ _ _ _ _ _ _ _ _ _ _ _ _ _ _ _ _ _ _ _ _ _\ntest_flow\\test_Authentication\\test_login.py:93: in companyPassForget\n    waitUntilClick(driver, path_backStage_authentication.btn_forPass_css.value)\ncommon\\BaseFunction.py:23: in waitUntilClick\n    WebDriverWait(driver, 30).until(EC.element_to_be_clickable((By.CSS_SELECTOR, ByCss)))\n_ _ _ _ _ _ _ _ _ _ _ _ _ _ _ _ _ _ _ _ _ _ _ _ _ _ _ _ _ _ _ _ _ _ _ _ _ _ _ _\n\nself = <selenium.webdriver.support.wait.WebDriverWait (session=\"c8649e8b95cf5dd0be03c80462b60b58\")>\nmethod = <selenium.webdriver.support.expected_conditions.element_to_be_clickable object at 0x0000022199E6A3D0>\nmessage = ''\n\n    def until(self, method, message=''):\n        \"\"\"Calls the method provided with the driver as an argument until the \\\n        return value is not False.\"\"\"\n        screen = None\n        stacktrace = None\n    \n        end_time = time.time() + self._timeout\n        while True:\n            try:\n                value = method(self._driver)\n                if value:\n                    return value\n            except self._ignored_exceptions as exc:\n                screen = getattr(exc, 'screen', None)\n                stacktrace = getattr(exc, 'stacktrace', None)\n            time.sleep(self._poll)\n            if time.time() > end_time:\n                break\n>       raise TimeoutException(message, screen, stacktrace)\nE       selenium.common.exceptions.TimeoutException: Message:\n\n..\\venv\\lib\\site-packages\\selenium\\webdriver\\support\\wait.py:80: TimeoutException",
  "flaky" : false,
  "newFailed" : false,
  "beforeStages" : [ ],
  "testStage" : {
    "description" : "http://10.10.128.152:10052/#/authority/mechanism 后台账户认证",
    "status" : "broken",
    "statusMessage" : "selenium.common.exceptions.TimeoutException: Message:",
    "statusTrace" : "@pytest.mark.run(order=6)\n    @allure.severity(\"blocker\")\n    @allure.description(\"http://10.10.128.152:10052/#/authority/mechanism 后台账户认证\")\n    @allure.testcase(\"http://10.10.128.152:10052/#/authority/mechanism\", \"后台账户认证 \uD83D\uDC47\")\n    def test_backStage_authentication():\n        def_name = sys._getframe().f_code.co_name\n        logger.info(\"开始执行脚本%s:\\n\", def_name)\n    \n        def_name = sys._getframe().f_code.co_name\n        logger.info(\"开始执行脚本%s:\\n\", def_name)\n    \n        driver = webdriver.Chrome()\n        driver.maximize_window()\n        driver.get(url_back)\n        # 银行密码修改\n        companyPassForget(driver, company_bank, 1)\n        # 担保公司密码修改\n>       companyPassForget(driver, company_Guarantee, 0)\n\ntest_flow\\test_Authentication\\test_backStage_authentication.py:270: \n_ _ _ _ _ _ _ _ _ _ _ _ _ _ _ _ _ _ _ _ _ _ _ _ _ _ _ _ _ _ _ _ _ _ _ _ _ _ _ _\ntest_flow\\test_Authentication\\test_login.py:93: in companyPassForget\n    waitUntilClick(driver, path_backStage_authentication.btn_forPass_css.value)\ncommon\\BaseFunction.py:23: in waitUntilClick\n    WebDriverWait(driver, 30).until(EC.element_to_be_clickable((By.CSS_SELECTOR, ByCss)))\n_ _ _ _ _ _ _ _ _ _ _ _ _ _ _ _ _ _ _ _ _ _ _ _ _ _ _ _ _ _ _ _ _ _ _ _ _ _ _ _\n\nself = <selenium.webdriver.support.wait.WebDriverWait (session=\"c8649e8b95cf5dd0be03c80462b60b58\")>\nmethod = <selenium.webdriver.support.expected_conditions.element_to_be_clickable object at 0x0000022199E6A3D0>\nmessage = ''\n\n    def until(self, method, message=''):\n        \"\"\"Calls the method provided with the driver as an argument until the \\\n        return value is not False.\"\"\"\n        screen = None\n        stacktrace = None\n    \n        end_time = time.time() + self._timeout\n        while True:\n            try:\n                value = method(self._driver)\n                if value:\n                    return value\n            except self._ignored_exceptions as exc:\n                screen = getattr(exc, 'screen', None)\n                stacktrace = getattr(exc, 'stacktrace', None)\n            time.sleep(self._poll)\n            if time.time() > end_time:\n                break\n>       raise TimeoutException(message, screen, stacktrace)\nE       selenium.common.exceptions.TimeoutException: Message:\n\n..\\venv\\lib\\site-packages\\selenium\\webdriver\\support\\wait.py:80: TimeoutException",
    "steps" : [ ],
    "attachments" : [ {
      "uid" : "a068d9afc8617d9b",
      "name" : "log",
      "source" : "a068d9afc8617d9b.txt",
      "type" : "text/plain",
      "size" : 391
    }, {
      "uid" : "31166d2e8e4ea720",
      "name" : "stdout",
      "source" : "31166d2e8e4ea720.txt",
      "type" : "text/plain",
      "size" : 144
    }, {
      "uid" : "da922ba16fd3b44e",
      "name" : "stderr",
      "source" : "da922ba16fd3b44e.txt",
      "type" : "text/plain",
      "size" : 572
    } ],
    "parameters" : [ ],
    "hasContent" : true,
    "stepsCount" : 0,
    "attachmentsCount" : 3,
    "shouldDisplayMessage" : true
  },
  "afterStages" : [ ],
  "labels" : [ {
    "name" : "severity",
    "value" : "blocker"
  }, {
    "name" : "tag",
    "value" : "run(order=6)"
  }, {
    "name" : "parentSuite",
    "value" : "test_flow.test_Authentication"
  }, {
    "name" : "suite",
    "value" : "test_backStage_authentication"
  }, {
    "name" : "host",
    "value" : "A02-03-00033"
  }, {
    "name" : "thread",
    "value" : "13632-MainThread"
  }, {
    "name" : "framework",
    "value" : "pytest"
  }, {
    "name" : "language",
    "value" : "cpython3"
  }, {
    "name" : "package",
    "value" : "test_flow.test_Authentication.test_backStage_authentication"
  }, {
    "name" : "resultFormat",
    "value" : "allure2"
  } ],
  "parameters" : [ ],
  "links" : [ {
    "name" : "后台账户认证 \uD83D\uDC47",
    "url" : "http://10.10.128.152:10052/#/authority/mechanism",
    "type" : "test_case"
  } ],
  "hidden" : true,
  "retry" : true,
  "extra" : {
    "categories" : [ ],
    "tags" : [ "run(order=6)" ]
  },
  "source" : "b10bae682291c98a.json",
  "parameterValues" : [ ]
}