{
  "uid" : "b32ea6fd448024cb",
  "name" : "test_backStage_authentication",
  "fullName" : "test_flow.test_Authentication.test_backStage_authentication#test_backStage_authentication",
  "historyId" : "a55d1468f36f1b2cdddeddca0f290d7d",
  "time" : {
    "start" : 1599641241897,
    "stop" : 1599641351976,
    "duration" : 110079
  },
  "description" : "http://10.10.128.152:10052/#/authority/mechanism 后台账户认证",
  "descriptionHtml" : "<p>http://10.10.128.152:10052/#/authority/mechanism 后台账户认证</p>\n",
  "status" : "broken",
  "statusMessage" : "selenium.common.exceptions.NoSuchElementException: Message: no such element: Unable to locate element: {\"method\":\"css selector\",\"selector\":\"#root > section > div.sider___ER6Fg > aside > div > div > ul > li.ant-menu-submenu.ant-menu-submenu-inline.ant-menu-submenu-selected > div > div > span\"}\n  (Session info: chrome=74.0.3729.108)\n  (Driver info: chromedriver=74.0.3729.6 (255758eccf3d244491b8a1317aa76e1ce10d57e9-refs/branch-heads/3729@{#29}),platform=Windows NT 10.0.18362 x86_64)",
  "statusTrace" : "@pytest.mark.run(order=6)\n    @allure.severity(\"blocker\")\n    @allure.description(\"http://10.10.128.152:10052/#/authority/mechanism 后台账户认证\")\n    @allure.testcase(\"http://10.10.128.152:10052/#/authority/mechanism\", \"后台账户认证 \uD83D\uDC47\")\n    def test_backStage_authentication():\n        def_name = sys._getframe().f_code.co_name\n        logger.info(\"开始执行脚本%s:\\n\", def_name)\n    \n        def_name = sys._getframe().f_code.co_name\n        logger.info(\"开始执行脚本%s:\\n\", def_name)\n    \n        driver = webdriver.Chrome()\n        driver.maximize_window()\n        driver.get(url_back)\n        # 银行密码修改\n        companyPassForget(driver, company_bank, 1)\n        # 担保公司密码修改\n        companyPassForget(driver, company_Guarantee, 0)\n        # 银行认证\n        authentication(driver, 0)\n    \n        driver_bank = webdriver.Chrome()\n        driver_bank.maximize_window()\n        driver_bank.get(url_back)\n        authentication(driver_bank, 1)\n        # 创建产品\n>       createProduct(driver_bank)\n\ntest_flow\\test_Authentication\\test_backStage_authentication.py:236: \n_ _ _ _ _ _ _ _ _ _ _ _ _ _ _ _ _ _ _ _ _ _ _ _ _ _ _ _ _ _ _ _ _ _ _ _ _ _ _ _\ntest_flow\\test_Authentication\\test_backStage_authentication.py:42: in createProduct\n    driver.find_element_by_css_selector(path_backStage_authentication.btn_goodMan_css.value).click()\n..\\venv\\lib\\site-packages\\selenium\\webdriver\\remote\\webdriver.py:598: in find_element_by_css_selector\n    return self.find_element(by=By.CSS_SELECTOR, value=css_selector)\n..\\venv\\lib\\site-packages\\selenium\\webdriver\\remote\\webdriver.py:976: in find_element\n    return self.execute(Command.FIND_ELEMENT, {\n..\\venv\\lib\\site-packages\\selenium\\webdriver\\remote\\webdriver.py:321: in execute\n    self.error_handler.check_response(response)\n_ _ _ _ _ _ _ _ _ _ _ _ _ _ _ _ _ _ _ _ _ _ _ _ _ _ _ _ _ _ _ _ _ _ _ _ _ _ _ _\n\nself = <selenium.webdriver.remote.errorhandler.ErrorHandler object at 0x00000137A5BA90A0>\nresponse = {'sessionId': '34fc15fec8fb2fcc5b94369849e08467', 'status': 7, 'value': {'message': 'no such element: Unable to locate...729.6 (255758eccf3d244491b8a1317aa76e1ce10d57e9-refs/branch-heads/3729@{#29}),platform=Windows NT 10.0.18362 x86_64)'}}\n\n    def check_response(self, response):\n        \"\"\"\n        Checks that a JSON response from the WebDriver does not have an error.\n    \n        :Args:\n         - response - The JSON response from the WebDriver server as a dictionary\n           object.\n    \n        :Raises: If the response contains an error message.\n        \"\"\"\n        status = response.get('status', None)\n        if status is None or status == ErrorCode.SUCCESS:\n            return\n        value = None\n        message = response.get(\"message\", \"\")\n        screen = response.get(\"screen\", \"\")\n        stacktrace = None\n        if isinstance(status, int):\n            value_json = response.get('value', None)\n            if value_json and isinstance(value_json, basestring):\n                import json\n                try:\n                    value = json.loads(value_json)\n                    if len(value.keys()) == 1:\n                        value = value['value']\n                    status = value.get('error', None)\n                    if status is None:\n                        status = value[\"status\"]\n                        message = value[\"value\"]\n                        if not isinstance(message, basestring):\n                            value = message\n                            message = message.get('message')\n                    else:\n                        message = value.get('message', None)\n                except ValueError:\n                    pass\n    \n        exception_class = ErrorInResponseException\n        if status in ErrorCode.NO_SUCH_ELEMENT:\n            exception_class = NoSuchElementException\n        elif status in ErrorCode.NO_SUCH_FRAME:\n            exception_class = NoSuchFrameException\n        elif status in ErrorCode.NO_SUCH_WINDOW:\n            exception_class = NoSuchWindowException\n        elif status in ErrorCode.STALE_ELEMENT_REFERENCE:\n            exception_class = StaleElementReferenceException\n        elif status in ErrorCode.ELEMENT_NOT_VISIBLE:\n            exception_class = ElementNotVisibleException\n        elif status in ErrorCode.INVALID_ELEMENT_STATE:\n            exception_class = InvalidElementStateException\n        elif status in ErrorCode.INVALID_SELECTOR \\\n                or status in ErrorCode.INVALID_XPATH_SELECTOR \\\n                or status in ErrorCode.INVALID_XPATH_SELECTOR_RETURN_TYPER:\n            exception_class = InvalidSelectorException\n        elif status in ErrorCode.ELEMENT_IS_NOT_SELECTABLE:\n            exception_class = ElementNotSelectableException\n        elif status in ErrorCode.ELEMENT_NOT_INTERACTABLE:\n            exception_class = ElementNotInteractableException\n        elif status in ErrorCode.INVALID_COOKIE_DOMAIN:\n            exception_class = InvalidCookieDomainException\n        elif status in ErrorCode.UNABLE_TO_SET_COOKIE:\n            exception_class = UnableToSetCookieException\n        elif status in ErrorCode.TIMEOUT:\n            exception_class = TimeoutException\n        elif status in ErrorCode.SCRIPT_TIMEOUT:\n            exception_class = TimeoutException\n        elif status in ErrorCode.UNKNOWN_ERROR:\n            exception_class = WebDriverException\n        elif status in ErrorCode.UNEXPECTED_ALERT_OPEN:\n            exception_class = UnexpectedAlertPresentException\n        elif status in ErrorCode.NO_ALERT_OPEN:\n            exception_class = NoAlertPresentException\n        elif status in ErrorCode.IME_NOT_AVAILABLE:\n            exception_class = ImeNotAvailableException\n        elif status in ErrorCode.IME_ENGINE_ACTIVATION_FAILED:\n            exception_class = ImeActivationFailedException\n        elif status in ErrorCode.MOVE_TARGET_OUT_OF_BOUNDS:\n            exception_class = MoveTargetOutOfBoundsException\n        elif status in ErrorCode.JAVASCRIPT_ERROR:\n            exception_class = JavascriptException\n        elif status in ErrorCode.SESSION_NOT_CREATED:\n            exception_class = SessionNotCreatedException\n        elif status in ErrorCode.INVALID_ARGUMENT:\n            exception_class = InvalidArgumentException\n        elif status in ErrorCode.NO_SUCH_COOKIE:\n            exception_class = NoSuchCookieException\n        elif status in ErrorCode.UNABLE_TO_CAPTURE_SCREEN:\n            exception_class = ScreenshotException\n        elif status in ErrorCode.ELEMENT_CLICK_INTERCEPTED:\n            exception_class = ElementClickInterceptedException\n        elif status in ErrorCode.INSECURE_CERTIFICATE:\n            exception_class = InsecureCertificateException\n        elif status in ErrorCode.INVALID_COORDINATES:\n            exception_class = InvalidCoordinatesException\n        elif status in ErrorCode.INVALID_SESSION_ID:\n            exception_class = InvalidSessionIdException\n        elif status in ErrorCode.UNKNOWN_METHOD:\n            exception_class = UnknownMethodException\n        else:\n            exception_class = WebDriverException\n        if value == '' or value is None:\n            value = response['value']\n        if isinstance(value, basestring):\n            if exception_class == ErrorInResponseException:\n                raise exception_class(response, value)\n            raise exception_class(value)\n        if message == \"\" and 'message' in value:\n            message = value['message']\n    \n        screen = None\n        if 'screen' in value:\n            screen = value['screen']\n    \n        stacktrace = None\n        if 'stackTrace' in value and value['stackTrace']:\n            stacktrace = []\n            try:\n                for frame in value['stackTrace']:\n                    line = self._value_or_default(frame, 'lineNumber', '')\n                    file = self._value_or_default(frame, 'fileName', '<anonymous>')\n                    if line:\n                        file = \"%s:%s\" % (file, line)\n                    meth = self._value_or_default(frame, 'methodName', '<anonymous>')\n                    if 'className' in frame:\n                        meth = \"%s.%s\" % (frame['className'], meth)\n                    msg = \"    at %s (%s)\"\n                    msg = msg % (meth, file)\n                    stacktrace.append(msg)\n            except TypeError:\n                pass\n        if exception_class == ErrorInResponseException:\n            raise exception_class(response, message)\n        elif exception_class == UnexpectedAlertPresentException:\n            alert_text = None\n            if 'data' in value:\n                alert_text = value['data'].get('text')\n            elif 'alert' in value:\n                alert_text = value['alert'].get('text')\n            raise exception_class(message, screen, stacktrace, alert_text)\n>       raise exception_class(message, screen, stacktrace)\nE       selenium.common.exceptions.NoSuchElementException: Message: no such element: Unable to locate element: {\"method\":\"css selector\",\"selector\":\"#root > section > div.sider___ER6Fg > aside > div > div > ul > li.ant-menu-submenu.ant-menu-submenu-inline.ant-menu-submenu-selected > div > div > span\"}\nE         (Session info: chrome=74.0.3729.108)\nE         (Driver info: chromedriver=74.0.3729.6 (255758eccf3d244491b8a1317aa76e1ce10d57e9-refs/branch-heads/3729@{#29}),platform=Windows NT 10.0.18362 x86_64)\n\n..\\venv\\lib\\site-packages\\selenium\\webdriver\\remote\\errorhandler.py:242: NoSuchElementException",
  "flaky" : false,
  "newFailed" : false,
  "beforeStages" : [ ],
  "testStage" : {
    "description" : "http://10.10.128.152:10052/#/authority/mechanism 后台账户认证",
    "status" : "broken",
    "statusMessage" : "selenium.common.exceptions.NoSuchElementException: Message: no such element: Unable to locate element: {\"method\":\"css selector\",\"selector\":\"#root > section > div.sider___ER6Fg > aside > div > div > ul > li.ant-menu-submenu.ant-menu-submenu-inline.ant-menu-submenu-selected > div > div > span\"}\n  (Session info: chrome=74.0.3729.108)\n  (Driver info: chromedriver=74.0.3729.6 (255758eccf3d244491b8a1317aa76e1ce10d57e9-refs/branch-heads/3729@{#29}),platform=Windows NT 10.0.18362 x86_64)",
    "statusTrace" : "@pytest.mark.run(order=6)\n    @allure.severity(\"blocker\")\n    @allure.description(\"http://10.10.128.152:10052/#/authority/mechanism 后台账户认证\")\n    @allure.testcase(\"http://10.10.128.152:10052/#/authority/mechanism\", \"后台账户认证 \uD83D\uDC47\")\n    def test_backStage_authentication():\n        def_name = sys._getframe().f_code.co_name\n        logger.info(\"开始执行脚本%s:\\n\", def_name)\n    \n        def_name = sys._getframe().f_code.co_name\n        logger.info(\"开始执行脚本%s:\\n\", def_name)\n    \n        driver = webdriver.Chrome()\n        driver.maximize_window()\n        driver.get(url_back)\n        # 银行密码修改\n        companyPassForget(driver, company_bank, 1)\n        # 担保公司密码修改\n        companyPassForget(driver, company_Guarantee, 0)\n        # 银行认证\n        authentication(driver, 0)\n    \n        driver_bank = webdriver.Chrome()\n        driver_bank.maximize_window()\n        driver_bank.get(url_back)\n        authentication(driver_bank, 1)\n        # 创建产品\n>       createProduct(driver_bank)\n\ntest_flow\\test_Authentication\\test_backStage_authentication.py:236: \n_ _ _ _ _ _ _ _ _ _ _ _ _ _ _ _ _ _ _ _ _ _ _ _ _ _ _ _ _ _ _ _ _ _ _ _ _ _ _ _\ntest_flow\\test_Authentication\\test_backStage_authentication.py:42: in createProduct\n    driver.find_element_by_css_selector(path_backStage_authentication.btn_goodMan_css.value).click()\n..\\venv\\lib\\site-packages\\selenium\\webdriver\\remote\\webdriver.py:598: in find_element_by_css_selector\n    return self.find_element(by=By.CSS_SELECTOR, value=css_selector)\n..\\venv\\lib\\site-packages\\selenium\\webdriver\\remote\\webdriver.py:976: in find_element\n    return self.execute(Command.FIND_ELEMENT, {\n..\\venv\\lib\\site-packages\\selenium\\webdriver\\remote\\webdriver.py:321: in execute\n    self.error_handler.check_response(response)\n_ _ _ _ _ _ _ _ _ _ _ _ _ _ _ _ _ _ _ _ _ _ _ _ _ _ _ _ _ _ _ _ _ _ _ _ _ _ _ _\n\nself = <selenium.webdriver.remote.errorhandler.ErrorHandler object at 0x00000137A5BA90A0>\nresponse = {'sessionId': '34fc15fec8fb2fcc5b94369849e08467', 'status': 7, 'value': {'message': 'no such element: Unable to locate...729.6 (255758eccf3d244491b8a1317aa76e1ce10d57e9-refs/branch-heads/3729@{#29}),platform=Windows NT 10.0.18362 x86_64)'}}\n\n    def check_response(self, response):\n        \"\"\"\n        Checks that a JSON response from the WebDriver does not have an error.\n    \n        :Args:\n         - response - The JSON response from the WebDriver server as a dictionary\n           object.\n    \n        :Raises: If the response contains an error message.\n        \"\"\"\n        status = response.get('status', None)\n        if status is None or status == ErrorCode.SUCCESS:\n            return\n        value = None\n        message = response.get(\"message\", \"\")\n        screen = response.get(\"screen\", \"\")\n        stacktrace = None\n        if isinstance(status, int):\n            value_json = response.get('value', None)\n            if value_json and isinstance(value_json, basestring):\n                import json\n                try:\n                    value = json.loads(value_json)\n                    if len(value.keys()) == 1:\n                        value = value['value']\n                    status = value.get('error', None)\n                    if status is None:\n                        status = value[\"status\"]\n                        message = value[\"value\"]\n                        if not isinstance(message, basestring):\n                            value = message\n                            message = message.get('message')\n                    else:\n                        message = value.get('message', None)\n                except ValueError:\n                    pass\n    \n        exception_class = ErrorInResponseException\n        if status in ErrorCode.NO_SUCH_ELEMENT:\n            exception_class = NoSuchElementException\n        elif status in ErrorCode.NO_SUCH_FRAME:\n            exception_class = NoSuchFrameException\n        elif status in ErrorCode.NO_SUCH_WINDOW:\n            exception_class = NoSuchWindowException\n        elif status in ErrorCode.STALE_ELEMENT_REFERENCE:\n            exception_class = StaleElementReferenceException\n        elif status in ErrorCode.ELEMENT_NOT_VISIBLE:\n            exception_class = ElementNotVisibleException\n        elif status in ErrorCode.INVALID_ELEMENT_STATE:\n            exception_class = InvalidElementStateException\n        elif status in ErrorCode.INVALID_SELECTOR \\\n                or status in ErrorCode.INVALID_XPATH_SELECTOR \\\n                or status in ErrorCode.INVALID_XPATH_SELECTOR_RETURN_TYPER:\n            exception_class = InvalidSelectorException\n        elif status in ErrorCode.ELEMENT_IS_NOT_SELECTABLE:\n            exception_class = ElementNotSelectableException\n        elif status in ErrorCode.ELEMENT_NOT_INTERACTABLE:\n            exception_class = ElementNotInteractableException\n        elif status in ErrorCode.INVALID_COOKIE_DOMAIN:\n            exception_class = InvalidCookieDomainException\n        elif status in ErrorCode.UNABLE_TO_SET_COOKIE:\n            exception_class = UnableToSetCookieException\n        elif status in ErrorCode.TIMEOUT:\n            exception_class = TimeoutException\n        elif status in ErrorCode.SCRIPT_TIMEOUT:\n            exception_class = TimeoutException\n        elif status in ErrorCode.UNKNOWN_ERROR:\n            exception_class = WebDriverException\n        elif status in ErrorCode.UNEXPECTED_ALERT_OPEN:\n            exception_class = UnexpectedAlertPresentException\n        elif status in ErrorCode.NO_ALERT_OPEN:\n            exception_class = NoAlertPresentException\n        elif status in ErrorCode.IME_NOT_AVAILABLE:\n            exception_class = ImeNotAvailableException\n        elif status in ErrorCode.IME_ENGINE_ACTIVATION_FAILED:\n            exception_class = ImeActivationFailedException\n        elif status in ErrorCode.MOVE_TARGET_OUT_OF_BOUNDS:\n            exception_class = MoveTargetOutOfBoundsException\n        elif status in ErrorCode.JAVASCRIPT_ERROR:\n            exception_class = JavascriptException\n        elif status in ErrorCode.SESSION_NOT_CREATED:\n            exception_class = SessionNotCreatedException\n        elif status in ErrorCode.INVALID_ARGUMENT:\n            exception_class = InvalidArgumentException\n        elif status in ErrorCode.NO_SUCH_COOKIE:\n            exception_class = NoSuchCookieException\n        elif status in ErrorCode.UNABLE_TO_CAPTURE_SCREEN:\n            exception_class = ScreenshotException\n        elif status in ErrorCode.ELEMENT_CLICK_INTERCEPTED:\n            exception_class = ElementClickInterceptedException\n        elif status in ErrorCode.INSECURE_CERTIFICATE:\n            exception_class = InsecureCertificateException\n        elif status in ErrorCode.INVALID_COORDINATES:\n            exception_class = InvalidCoordinatesException\n        elif status in ErrorCode.INVALID_SESSION_ID:\n            exception_class = InvalidSessionIdException\n        elif status in ErrorCode.UNKNOWN_METHOD:\n            exception_class = UnknownMethodException\n        else:\n            exception_class = WebDriverException\n        if value == '' or value is None:\n            value = response['value']\n        if isinstance(value, basestring):\n            if exception_class == ErrorInResponseException:\n                raise exception_class(response, value)\n            raise exception_class(value)\n        if message == \"\" and 'message' in value:\n            message = value['message']\n    \n        screen = None\n        if 'screen' in value:\n            screen = value['screen']\n    \n        stacktrace = None\n        if 'stackTrace' in value and value['stackTrace']:\n            stacktrace = []\n            try:\n                for frame in value['stackTrace']:\n                    line = self._value_or_default(frame, 'lineNumber', '')\n                    file = self._value_or_default(frame, 'fileName', '<anonymous>')\n                    if line:\n                        file = \"%s:%s\" % (file, line)\n                    meth = self._value_or_default(frame, 'methodName', '<anonymous>')\n                    if 'className' in frame:\n                        meth = \"%s.%s\" % (frame['className'], meth)\n                    msg = \"    at %s (%s)\"\n                    msg = msg % (meth, file)\n                    stacktrace.append(msg)\n            except TypeError:\n                pass\n        if exception_class == ErrorInResponseException:\n            raise exception_class(response, message)\n        elif exception_class == UnexpectedAlertPresentException:\n            alert_text = None\n            if 'data' in value:\n                alert_text = value['data'].get('text')\n            elif 'alert' in value:\n                alert_text = value['alert'].get('text')\n            raise exception_class(message, screen, stacktrace, alert_text)\n>       raise exception_class(message, screen, stacktrace)\nE       selenium.common.exceptions.NoSuchElementException: Message: no such element: Unable to locate element: {\"method\":\"css selector\",\"selector\":\"#root > section > div.sider___ER6Fg > aside > div > div > ul > li.ant-menu-submenu.ant-menu-submenu-inline.ant-menu-submenu-selected > div > div > span\"}\nE         (Session info: chrome=74.0.3729.108)\nE         (Driver info: chromedriver=74.0.3729.6 (255758eccf3d244491b8a1317aa76e1ce10d57e9-refs/branch-heads/3729@{#29}),platform=Windows NT 10.0.18362 x86_64)\n\n..\\venv\\lib\\site-packages\\selenium\\webdriver\\remote\\errorhandler.py:242: NoSuchElementException",
    "steps" : [ ],
    "attachments" : [ {
      "uid" : "a4a9116668450df8",
      "name" : "log",
      "source" : "a4a9116668450df8.txt",
      "type" : "text/plain",
      "size" : 1303
    }, {
      "uid" : "38bcfdb72848f697",
      "name" : "stdout",
      "source" : "38bcfdb72848f697.txt",
      "type" : "text/plain",
      "size" : 576
    }, {
      "uid" : "66adda7b5d507c4e",
      "name" : "stderr",
      "source" : "66adda7b5d507c4e.txt",
      "type" : "text/plain",
      "size" : 1979
    } ],
    "parameters" : [ ],
    "stepsCount" : 0,
    "hasContent" : true,
    "shouldDisplayMessage" : true,
    "attachmentsCount" : 3
  },
  "afterStages" : [ ],
  "labels" : [ {
    "name" : "severity",
    "value" : "blocker"
  }, {
    "name" : "tag",
    "value" : "run(order=6)"
  }, {
    "name" : "parentSuite",
    "value" : "test_flow.test_Authentication"
  }, {
    "name" : "suite",
    "value" : "test_backStage_authentication"
  }, {
    "name" : "host",
    "value" : "A02-03-00033"
  }, {
    "name" : "thread",
    "value" : "29364-MainThread"
  }, {
    "name" : "framework",
    "value" : "pytest"
  }, {
    "name" : "language",
    "value" : "cpython3"
  }, {
    "name" : "package",
    "value" : "test_flow.test_Authentication.test_backStage_authentication"
  }, {
    "name" : "resultFormat",
    "value" : "allure2"
  } ],
  "parameters" : [ ],
  "links" : [ {
    "name" : "后台账户认证 \uD83D\uDC47",
    "url" : "http://10.10.128.152:10052/#/authority/mechanism",
    "type" : "test_case"
  } ],
  "hidden" : false,
  "retry" : false,
  "extra" : {
    "severity" : "blocker",
    "retries" : [ {
      "uid" : "955dfb4c4d1a630d",
      "status" : "broken",
      "statusDetails" : "urllib3.exceptions.MaxRetryError: HTTPConnectionPool(host='127.0.0.1', port=53766): Max retries exceeded with url: /session/5f2d9cf412d9f6da4ee02c9b4ff5a95a/element (Caused by NewConnectionError('<urllib3.connection.HTTPConnection object at 0x00000249915A70D0>: Failed to establish a new connection: [WinError 10061] 由于目标计算机积极拒绝，无法连接。'))",
      "time" : {
        "start" : 1599640781107,
        "stop" : 1599640904166,
        "duration" : 123059
      }
    }, {
      "uid" : "8bee282c6424e3ec",
      "status" : "broken",
      "statusDetails" : "selenium.common.exceptions.NoSuchElementException: Message: no such element: Unable to locate element: {\"method\":\"css selector\",\"selector\":\"#root > div > div.main___3sFq0 > div > form > div:nth-child(1) > div.ant-col.ant-form-item-control-wrapper > div > span > span > input\"}\n  (Session info: chrome=74.0.3729.108)\n  (Driver info: chromedriver=74.0.3729.6 (255758eccf3d244491b8a1317aa76e1ce10d57e9-refs/branch-heads/3729@{#29}),platform=Windows NT 10.0.18362 x86_64)",
      "time" : {
        "start" : 1599640424166,
        "stop" : 1599640506118,
        "duration" : 81952
      }
    }, {
      "uid" : "df854bdc5d65c555",
      "status" : "broken",
      "statusDetails" : "selenium.common.exceptions.NoSuchElementException: Message: no such element: Unable to locate element: {\"method\":\"css selector\",\"selector\":\"#root > div > div.main___3sFq0 > div > form > div:nth-child(1) > div.ant-col.ant-form-item-control-wrapper > div > span > span > input\"}\n  (Session info: chrome=74.0.3729.108)\n  (Driver info: chromedriver=74.0.3729.6 (255758eccf3d244491b8a1317aa76e1ce10d57e9-refs/branch-heads/3729@{#29}),platform=Windows NT 10.0.18362 x86_64)",
      "time" : {
        "start" : 1599639980763,
        "stop" : 1599640062585,
        "duration" : 81822
      }
    }, {
      "uid" : "c63b1aa6ee9fb051",
      "status" : "broken",
      "statusDetails" : "urllib3.exceptions.MaxRetryError: HTTPConnectionPool(host='127.0.0.1', port=52218): Max retries exceeded with url: /session/28c7db8a803d61ae4ad4d10b7104ea83/element (Caused by NewConnectionError('<urllib3.connection.HTTPConnection object at 0x00000271B5B0F400>: Failed to establish a new connection: [WinError 10061] 由于目标计算机积极拒绝，无法连接。'))",
      "time" : {
        "start" : 1599639420627,
        "stop" : 1599639489740,
        "duration" : 69113
      }
    }, {
      "uid" : "c12808f80a649857",
      "status" : "broken",
      "statusDetails" : "urllib3.exceptions.MaxRetryError: HTTPConnectionPool(host='127.0.0.1', port=51728): Max retries exceeded with url: /session/80447e9863d50fb5f2b6b5b680a1a8dd/element (Caused by NewConnectionError('<urllib3.connection.HTTPConnection object at 0x000001ED5C350550>: Failed to establish a new connection: [WinError 10061] 由于目标计算机积极拒绝，无法连接。'))",
      "time" : {
        "start" : 1599638947876,
        "stop" : 1599639021928,
        "duration" : 74052
      }
    }, {
      "uid" : "5eaa5c9d30920534",
      "status" : "broken",
      "statusDetails" : "selenium.common.exceptions.NoSuchElementException: Message: no such element: Unable to locate element: {\"method\":\"css selector\",\"selector\":\"#root > div > div.main___3sFq0 > div > form > div:nth-child(1) > div.ant-col.ant-form-item-control-wrapper > div > span > span > input\"}\n  (Session info: chrome=74.0.3729.108)\n  (Driver info: chromedriver=74.0.3729.6 (255758eccf3d244491b8a1317aa76e1ce10d57e9-refs/branch-heads/3729@{#29}),platform=Windows NT 10.0.18362 x86_64)",
      "time" : {
        "start" : 1599638253900,
        "stop" : 1599638277186,
        "duration" : 23286
      }
    }, {
      "uid" : "ddcbf3c5c27091bf",
      "status" : "passed",
      "time" : {
        "start" : 1599633709371,
        "stop" : 1599633769761,
        "duration" : 60390
      }
    }, {
      "uid" : "a30312867f3ca92e",
      "status" : "broken",
      "statusDetails" : "selenium.common.exceptions.TimeoutException: Message:",
      "time" : {
        "start" : 1599633147609,
        "stop" : 1599633209298,
        "duration" : 61689
      }
    }, {
      "uid" : "cf9e8286ffdb29bb",
      "status" : "passed",
      "time" : {
        "start" : 1599632199572,
        "stop" : 1599632231329,
        "duration" : 31757
      }
    }, {
      "uid" : "4e83a8b4e280f9d1",
      "status" : "broken",
      "statusDetails" : "selenium.common.exceptions.TimeoutException: Message:",
      "time" : {
        "start" : 1599631246468,
        "stop" : 1599631293563,
        "duration" : 47095
      }
    }, {
      "uid" : "e87648a5e4df4067",
      "status" : "broken",
      "statusDetails" : "selenium.common.exceptions.SessionNotCreatedException: Message: session not created\nfrom chrome not reachable\n  (Session info: chrome=74.0.3729.108)\n  (Driver info: chromedriver=74.0.3729.6 (255758eccf3d244491b8a1317aa76e1ce10d57e9-refs/branch-heads/3729@{#29}),platform=Windows NT 10.0.18362 x86_64)",
      "time" : {
        "start" : 1599527600396,
        "stop" : 1599527617985,
        "duration" : 17589
      }
    }, {
      "uid" : "32e8eeff9e85dbbf",
      "status" : "broken",
      "statusDetails" : "selenium.common.exceptions.NoSuchElementException: Message: no such element: Unable to locate element: {\"method\":\"css selector\",\"selector\":\"#forget_password\"}\n  (Session info: chrome=74.0.3729.108)\n  (Driver info: chromedriver=74.0.3729.6 (255758eccf3d244491b8a1317aa76e1ce10d57e9-refs/branch-heads/3729@{#29}),platform=Windows NT 10.0.18362 x86_64)",
      "time" : {
        "start" : 1599526580509,
        "stop" : 1599526593968,
        "duration" : 13459
      }
    }, {
      "uid" : "9c14e4f5ef2161ce",
      "status" : "broken",
      "statusDetails" : "selenium.common.exceptions.NoSuchElementException: Message: no such element: Unable to locate element: {\"method\":\"css selector\",\"selector\":\"#forget_password\"}\n  (Session info: chrome=74.0.3729.108)\n  (Driver info: chromedriver=74.0.3729.6 (255758eccf3d244491b8a1317aa76e1ce10d57e9-refs/branch-heads/3729@{#29}),platform=Windows NT 10.0.18362 x86_64)",
      "time" : {
        "start" : 1599526361487,
        "stop" : 1599526374978,
        "duration" : 13491
      }
    }, {
      "uid" : "fb94ac0ebf3f1676",
      "status" : "broken",
      "statusDetails" : "selenium.common.exceptions.NoSuchElementException: Message: no such element: Unable to locate element: {\"method\":\"css selector\",\"selector\":\"#forget_password\"}\n  (Session info: chrome=74.0.3729.108)\n  (Driver info: chromedriver=74.0.3729.6 (255758eccf3d244491b8a1317aa76e1ce10d57e9-refs/branch-heads/3729@{#29}),platform=Windows NT 10.0.18362 x86_64)",
      "time" : {
        "start" : 1599526282693,
        "stop" : 1599526296037,
        "duration" : 13344
      }
    }, {
      "uid" : "cd66e92453eb6086",
      "status" : "broken",
      "statusDetails" : "selenium.common.exceptions.NoSuchElementException: Message: no such element: Unable to locate element: {\"method\":\"css selector\",\"selector\":\"#forget_password\"}\n  (Session info: chrome=74.0.3729.108)\n  (Driver info: chromedriver=74.0.3729.6 (255758eccf3d244491b8a1317aa76e1ce10d57e9-refs/branch-heads/3729@{#29}),platform=Windows NT 10.0.18362 x86_64)",
      "time" : {
        "start" : 1599526223893,
        "stop" : 1599526237380,
        "duration" : 13487
      }
    }, {
      "uid" : "babfbd911e6a4d46",
      "status" : "broken",
      "statusDetails" : "selenium.common.exceptions.NoSuchElementException: Message: no such element: Unable to locate element: {\"method\":\"css selector\",\"selector\":\"#forget_password\"}\n  (Session info: chrome=74.0.3729.108)\n  (Driver info: chromedriver=74.0.3729.6 (255758eccf3d244491b8a1317aa76e1ce10d57e9-refs/branch-heads/3729@{#29}),platform=Windows NT 10.0.18362 x86_64)",
      "time" : {
        "start" : 1599525930419,
        "stop" : 1599525943846,
        "duration" : 13427
      }
    }, {
      "uid" : "c6f280f3899bf65d",
      "status" : "broken",
      "statusDetails" : "selenium.common.exceptions.NoSuchElementException: Message: no such element: Unable to locate element: {\"method\":\"css selector\",\"selector\":\"#forget_password\"}\n  (Session info: chrome=74.0.3729.108)\n  (Driver info: chromedriver=74.0.3729.6 (255758eccf3d244491b8a1317aa76e1ce10d57e9-refs/branch-heads/3729@{#29}),platform=Windows NT 10.0.18362 x86_64)",
      "time" : {
        "start" : 1599525854235,
        "stop" : 1599525867677,
        "duration" : 13442
      }
    }, {
      "uid" : "331b07e7be93682",
      "status" : "broken",
      "statusDetails" : "selenium.common.exceptions.NoSuchElementException: Message: no such element: Unable to locate element: {\"method\":\"css selector\",\"selector\":\"#forget_password\"}\n  (Session info: chrome=74.0.3729.108)\n  (Driver info: chromedriver=74.0.3729.6 (255758eccf3d244491b8a1317aa76e1ce10d57e9-refs/branch-heads/3729@{#29}),platform=Windows NT 10.0.18362 x86_64)",
      "time" : {
        "start" : 1599525774777,
        "stop" : 1599525788221,
        "duration" : 13444
      }
    }, {
      "uid" : "decc7d1e8b433794",
      "status" : "broken",
      "statusDetails" : "selenium.common.exceptions.NoSuchElementException: Message: no such element: Unable to locate element: {\"method\":\"css selector\",\"selector\":\"#forget_password\"}\n  (Session info: chrome=74.0.3729.108)\n  (Driver info: chromedriver=74.0.3729.6 (255758eccf3d244491b8a1317aa76e1ce10d57e9-refs/branch-heads/3729@{#29}),platform=Windows NT 10.0.18362 x86_64)",
      "time" : {
        "start" : 1599525664658,
        "stop" : 1599525678092,
        "duration" : 13434
      }
    }, {
      "uid" : "c6004d86ae07064d",
      "status" : "broken",
      "statusDetails" : "selenium.common.exceptions.WebDriverException: Message: chrome not reachable\n  (Session info: chrome=74.0.3729.108)\n  (Driver info: chromedriver=74.0.3729.6 (255758eccf3d244491b8a1317aa76e1ce10d57e9-refs/branch-heads/3729@{#29}),platform=Windows NT 10.0.18362 x86_64)",
      "time" : {
        "start" : 1599525602054,
        "stop" : 1599525635188,
        "duration" : 33134
      }
    }, {
      "uid" : "97b4860d551288d8",
      "status" : "broken",
      "statusDetails" : "selenium.common.exceptions.NoSuchElementException: Message: no such element: Unable to locate element: {\"method\":\"css selector\",\"selector\":\"#root > div > div.main___3sFq0 > div > form > div:nth-child(1) > div.ant-col.ant-form-item-control-wrapper > div > span > span > input\"}\n  (Session info: chrome=74.0.3729.108)\n  (Driver info: chromedriver=74.0.3729.6 (255758eccf3d244491b8a1317aa76e1ce10d57e9-refs/branch-heads/3729@{#29}),platform=Windows NT 10.0.18362 x86_64)",
      "time" : {
        "start" : 1599126733156,
        "stop" : 1599126754855,
        "duration" : 21699
      }
    }, {
      "uid" : "62dc247eb971cc5b",
      "status" : "broken",
      "statusDetails" : "selenium.common.exceptions.SessionNotCreatedException: Message: session not created\nfrom chrome not reachable\n  (Session info: chrome=74.0.3729.108)\n  (Driver info: chromedriver=74.0.3729.6 (255758eccf3d244491b8a1317aa76e1ce10d57e9-refs/branch-heads/3729@{#29}),platform=Windows NT 10.0.18362 x86_64)",
      "time" : {
        "start" : 1599126663879,
        "stop" : 1599126681453,
        "duration" : 17574
      }
    }, {
      "uid" : "a7c8353f9bbde712",
      "status" : "broken",
      "statusDetails" : "selenium.common.exceptions.SessionNotCreatedException: Message: session not created\nfrom chrome not reachable\n  (Session info: chrome=74.0.3729.108)\n  (Driver info: chromedriver=74.0.3729.6 (255758eccf3d244491b8a1317aa76e1ce10d57e9-refs/branch-heads/3729@{#29}),platform=Windows NT 10.0.18362 x86_64)",
      "time" : {
        "start" : 1599126600975,
        "stop" : 1599126618498,
        "duration" : 17523
      }
    }, {
      "uid" : "d05c1605e0bd5ce2",
      "status" : "broken",
      "statusDetails" : "selenium.common.exceptions.TimeoutException: Message:",
      "time" : {
        "start" : 1599125971633,
        "stop" : 1599126020057,
        "duration" : 48424
      }
    }, {
      "uid" : "b0ccc7e843030cff",
      "status" : "broken",
      "statusDetails" : "selenium.common.exceptions.NoSuchElementException: Message: no such element: Unable to locate element: {\"method\":\"css selector\",\"selector\":\"#root > div > div > div:nth-child(3) > div > button\"}\n  (Session info: chrome=74.0.3729.108)\n  (Driver info: chromedriver=74.0.3729.6 (255758eccf3d244491b8a1317aa76e1ce10d57e9-refs/branch-heads/3729@{#29}),platform=Windows NT 10.0.18362 x86_64)",
      "time" : {
        "start" : 1599125924339,
        "stop" : 1599125939990,
        "duration" : 15651
      }
    }, {
      "uid" : "52cdd4093b629afa",
      "status" : "broken",
      "statusDetails" : "selenium.common.exceptions.NoSuchElementException: Message: no such element: Unable to locate element: {\"method\":\"css selector\",\"selector\":\"#root > div > div > div:nth-child(3) > div > button\"}\n  (Session info: chrome=74.0.3729.108)\n  (Driver info: chromedriver=74.0.3729.6 (255758eccf3d244491b8a1317aa76e1ce10d57e9-refs/branch-heads/3729@{#29}),platform=Windows NT 10.0.18362 x86_64)",
      "time" : {
        "start" : 1599125759027,
        "stop" : 1599125774633,
        "duration" : 15606
      }
    }, {
      "uid" : "58bc9e9a51381725",
      "status" : "broken",
      "statusDetails" : "selenium.common.exceptions.TimeoutException: Message:",
      "time" : {
        "start" : 1599125513986,
        "stop" : 1599125565988,
        "duration" : 52002
      }
    }, {
      "uid" : "64f09bc1987e3ccd",
      "status" : "broken",
      "statusDetails" : "selenium.common.exceptions.NoSuchElementException: Message: no such element: Unable to locate element: {\"method\":\"css selector\",\"selector\":\"#root > div > div > div:nth-child(3) > div > button\"}\n  (Session info: chrome=74.0.3729.108)\n  (Driver info: chromedriver=74.0.3729.6 (255758eccf3d244491b8a1317aa76e1ce10d57e9-refs/branch-heads/3729@{#29}),platform=Windows NT 10.0.18362 x86_64)",
      "time" : {
        "start" : 1599125466609,
        "stop" : 1599125482132,
        "duration" : 15523
      }
    }, {
      "uid" : "bf076a99dde64fec",
      "status" : "broken",
      "statusDetails" : "selenium.common.exceptions.SessionNotCreatedException: Message: session not created\nfrom chrome not reachable\n  (Session info: chrome=74.0.3729.108)\n  (Driver info: chromedriver=74.0.3729.6 (255758eccf3d244491b8a1317aa76e1ce10d57e9-refs/branch-heads/3729@{#29}),platform=Windows NT 10.0.18362 x86_64)",
      "time" : {
        "start" : 1599125384066,
        "stop" : 1599125401546,
        "duration" : 17480
      }
    }, {
      "uid" : "a3474df54dce6d79",
      "status" : "broken",
      "statusDetails" : "selenium.common.exceptions.NoSuchElementException: Message: no such element: Unable to locate element: {\"method\":\"css selector\",\"selector\":\"#root > div > div > div:nth-child(3) > div > button\"}\n  (Session info: chrome=74.0.3729.108)\n  (Driver info: chromedriver=74.0.3729.6 (255758eccf3d244491b8a1317aa76e1ce10d57e9-refs/branch-heads/3729@{#29}),platform=Windows NT 10.0.18362 x86_64)",
      "time" : {
        "start" : 1599125172600,
        "stop" : 1599125188161,
        "duration" : 15561
      }
    }, {
      "uid" : "f56467b31831725b",
      "status" : "broken",
      "statusDetails" : "selenium.common.exceptions.WebDriverException: Message: chrome not reachable\n  (Session info: chrome=74.0.3729.108)\n  (Driver info: chromedriver=74.0.3729.6 (255758eccf3d244491b8a1317aa76e1ce10d57e9-refs/branch-heads/3729@{#29}),platform=Windows NT 10.0.18362 x86_64)",
      "time" : {
        "start" : 1599125100684,
        "stop" : 1599125128419,
        "duration" : 27735
      }
    }, {
      "uid" : "59001bea042e5b6d",
      "status" : "broken",
      "statusDetails" : "selenium.common.exceptions.TimeoutException: Message:",
      "time" : {
        "start" : 1599124220572,
        "stop" : 1599124268125,
        "duration" : 47553
      }
    }, {
      "uid" : "56cb53749dbac3e4",
      "status" : "broken",
      "statusDetails" : "selenium.common.exceptions.NoSuchElementException: Message: no such element: Unable to locate element: {\"method\":\"css selector\",\"selector\":\"#root > div > div > div:nth-child(3) > div > button\"}\n  (Session info: chrome=74.0.3729.108)\n  (Driver info: chromedriver=74.0.3729.6 (255758eccf3d244491b8a1317aa76e1ce10d57e9-refs/branch-heads/3729@{#29}),platform=Windows NT 10.0.18362 x86_64)",
      "time" : {
        "start" : 1599124075569,
        "stop" : 1599124091101,
        "duration" : 15532
      }
    }, {
      "uid" : "548420d0bf5ebc92",
      "status" : "broken",
      "statusDetails" : "selenium.common.exceptions.SessionNotCreatedException: Message: session not created\nfrom chrome not reachable\n  (Session info: chrome=74.0.3729.108)\n  (Driver info: chromedriver=74.0.3729.6 (255758eccf3d244491b8a1317aa76e1ce10d57e9-refs/branch-heads/3729@{#29}),platform=Windows NT 10.0.18362 x86_64)",
      "time" : {
        "start" : 1599123948898,
        "stop" : 1599123966591,
        "duration" : 17693
      }
    }, {
      "uid" : "5a7b8ccdfb9fe5ca",
      "status" : "broken",
      "statusDetails" : "selenium.common.exceptions.WebDriverException: Message: chrome not reachable\n  (Session info: chrome=74.0.3729.108)\n  (Driver info: chromedriver=74.0.3729.6 (255758eccf3d244491b8a1317aa76e1ce10d57e9-refs/branch-heads/3729@{#29}),platform=Windows NT 10.0.18362 x86_64)",
      "time" : {
        "start" : 1599123872390,
        "stop" : 1599123915818,
        "duration" : 43428
      }
    }, {
      "uid" : "a95e2955c7639b55",
      "status" : "broken",
      "statusDetails" : "selenium.common.exceptions.TimeoutException: Message:",
      "time" : {
        "start" : 1599121434191,
        "stop" : 1599121487210,
        "duration" : 53019
      }
    }, {
      "uid" : "41150dcdf63c2557",
      "status" : "broken",
      "statusDetails" : "selenium.common.exceptions.TimeoutException: Message:",
      "time" : {
        "start" : 1599121333049,
        "stop" : 1599121377339,
        "duration" : 44290
      }
    }, {
      "uid" : "5cd1e039d8de1eb5",
      "status" : "broken",
      "statusDetails" : "selenium.common.exceptions.InvalidSelectorException: Message: invalid selector: An invalid or illegal selector was specified\n  (Session info: chrome=74.0.3729.108)\n  (Driver info: chromedriver=74.0.3729.6 (255758eccf3d244491b8a1317aa76e1ce10d57e9-refs/branch-heads/3729@{#29}),platform=Windows NT 10.0.18362 x86_64)",
      "time" : {
        "start" : 1599121198228,
        "stop" : 1599121215152,
        "duration" : 16924
      }
    }, {
      "uid" : "541b843964c28eea",
      "status" : "broken",
      "statusDetails" : "selenium.common.exceptions.InvalidSelectorException: Message: invalid selector: An invalid or illegal selector was specified\n  (Session info: chrome=74.0.3729.108)\n  (Driver info: chromedriver=74.0.3729.6 (255758eccf3d244491b8a1317aa76e1ce10d57e9-refs/branch-heads/3729@{#29}),platform=Windows NT 10.0.18362 x86_64)",
      "time" : {
        "start" : 1599121168241,
        "stop" : 1599121192337,
        "duration" : 24096
      }
    }, {
      "uid" : "2975c856310b2e4d",
      "status" : "broken",
      "statusDetails" : "selenium.common.exceptions.TimeoutException: Message:",
      "time" : {
        "start" : 1599120427306,
        "stop" : 1599120471568,
        "duration" : 44262
      }
    }, {
      "uid" : "9e74cfe50d377071",
      "status" : "broken",
      "statusDetails" : "selenium.common.exceptions.InvalidSelectorException: Message: invalid selector: An invalid or illegal selector was specified\n  (Session info: chrome=74.0.3729.108)\n  (Driver info: chromedriver=74.0.3729.6 (255758eccf3d244491b8a1317aa76e1ce10d57e9-refs/branch-heads/3729@{#29}),platform=Windows NT 10.0.18362 x86_64)",
      "time" : {
        "start" : 1599120352995,
        "stop" : 1599120381371,
        "duration" : 28376
      }
    }, {
      "uid" : "13c05e7ea7ca41f7",
      "status" : "broken",
      "statusDetails" : "selenium.common.exceptions.TimeoutException: Message:",
      "time" : {
        "start" : 1599119363053,
        "stop" : 1599119413430,
        "duration" : 50377
      }
    }, {
      "uid" : "82d6d99709fe9c70",
      "status" : "broken",
      "statusDetails" : "selenium.common.exceptions.ElementClickInterceptedException: Message: element click intercepted: Element <span class=\"btnCode___16EUy btnSms___1GUKC \">...</span> is not clickable at point (1129, 346). Other element would receive the click: <div class=\"loader___U0gXU hidden___2sYXU fullScreen___3stt8\">...</div>\n  (Session info: chrome=74.0.3729.108)\n  (Driver info: chromedriver=74.0.3729.6 (255758eccf3d244491b8a1317aa76e1ce10d57e9-refs/branch-heads/3729@{#29}),platform=Windows NT 10.0.18362 x86_64)",
      "time" : {
        "start" : 1599119304789,
        "stop" : 1599119316494,
        "duration" : 11705
      }
    }, {
      "uid" : "8d85ecd0da98dcea",
      "status" : "broken",
      "statusDetails" : "selenium.common.exceptions.ElementClickInterceptedException: Message: element click intercepted: Element <span class=\"btnCode___16EUy btnSms___1GUKC \">...</span> is not clickable at point (1129, 346). Other element would receive the click: <div class=\"loader___U0gXU hidden___2sYXU fullScreen___3stt8\">...</div>\n  (Session info: chrome=74.0.3729.108)\n  (Driver info: chromedriver=74.0.3729.6 (255758eccf3d244491b8a1317aa76e1ce10d57e9-refs/branch-heads/3729@{#29}),platform=Windows NT 10.0.18362 x86_64)",
      "time" : {
        "start" : 1599119138741,
        "stop" : 1599119150913,
        "duration" : 12172
      }
    }, {
      "uid" : "efc7519ecd28543c",
      "status" : "broken",
      "statusDetails" : "selenium.common.exceptions.ElementClickInterceptedException: Message: element click intercepted: Element <span class=\"btnCode___16EUy btnSms___1GUKC \">...</span> is not clickable at point (1129, 346). Other element would receive the click: <div class=\"loader___U0gXU hidden___2sYXU fullScreen___3stt8\">...</div>\n  (Session info: chrome=74.0.3729.108)\n  (Driver info: chromedriver=74.0.3729.6 (255758eccf3d244491b8a1317aa76e1ce10d57e9-refs/branch-heads/3729@{#29}),platform=Windows NT 10.0.18362 x86_64)",
      "time" : {
        "start" : 1599119111145,
        "stop" : 1599119122246,
        "duration" : 11101
      }
    }, {
      "uid" : "3605f814a4a6379",
      "status" : "broken",
      "statusDetails" : "selenium.common.exceptions.ElementClickInterceptedException: Message: element click intercepted: Element <span class=\"btnCode___16EUy btnSms___1GUKC \">...</span> is not clickable at point (1129, 346). Other element would receive the click: <div class=\"loader___U0gXU hidden___2sYXU fullScreen___3stt8\">...</div>\n  (Session info: chrome=74.0.3729.108)\n  (Driver info: chromedriver=74.0.3729.6 (255758eccf3d244491b8a1317aa76e1ce10d57e9-refs/branch-heads/3729@{#29}),platform=Windows NT 10.0.18362 x86_64)",
      "time" : {
        "start" : 1599118981319,
        "stop" : 1599118993466,
        "duration" : 12147
      }
    }, {
      "uid" : "8edb86e348704847",
      "status" : "broken",
      "statusDetails" : "selenium.common.exceptions.ElementClickInterceptedException: Message: element click intercepted: Element <span class=\"btnCode___16EUy btnSms___1GUKC \">...</span> is not clickable at point (1129, 346). Other element would receive the click: <div class=\"loader___U0gXU hidden___2sYXU fullScreen___3stt8\">...</div>\n  (Session info: chrome=74.0.3729.108)\n  (Driver info: chromedriver=74.0.3729.6 (255758eccf3d244491b8a1317aa76e1ce10d57e9-refs/branch-heads/3729@{#29}),platform=Windows NT 10.0.18362 x86_64)",
      "time" : {
        "start" : 1599118934683,
        "stop" : 1599118945300,
        "duration" : 10617
      }
    }, {
      "uid" : "b7516b7ae59d6344",
      "status" : "broken",
      "statusDetails" : "selenium.common.exceptions.ElementClickInterceptedException: Message: element click intercepted: Element <span class=\"btnCode___16EUy btnSms___1GUKC \">...</span> is not clickable at point (1129, 346). Other element would receive the click: <div class=\"loader___U0gXU hidden___2sYXU fullScreen___3stt8\">...</div>\n  (Session info: chrome=74.0.3729.108)\n  (Driver info: chromedriver=74.0.3729.6 (255758eccf3d244491b8a1317aa76e1ce10d57e9-refs/branch-heads/3729@{#29}),platform=Windows NT 10.0.18362 x86_64)",
      "time" : {
        "start" : 1599118680203,
        "stop" : 1599118695673,
        "duration" : 15470
      }
    }, {
      "uid" : "445c062cd2be74ea",
      "status" : "broken",
      "statusDetails" : "selenium.common.exceptions.ElementClickInterceptedException: Message: element click intercepted: Element <span class=\"btnCode___16EUy btnSms___1GUKC \">...</span> is not clickable at point (1129, 346). Other element would receive the click: <div class=\"loader___U0gXU hidden___2sYXU fullScreen___3stt8\">...</div>\n  (Session info: chrome=74.0.3729.108)\n  (Driver info: chromedriver=74.0.3729.6 (255758eccf3d244491b8a1317aa76e1ce10d57e9-refs/branch-heads/3729@{#29}),platform=Windows NT 10.0.18362 x86_64)",
      "time" : {
        "start" : 1599118654953,
        "stop" : 1599118666277,
        "duration" : 11324
      }
    }, {
      "uid" : "6b9d62abd58d709",
      "status" : "broken",
      "statusDetails" : "selenium.common.exceptions.ElementClickInterceptedException: Message: element click intercepted: Element <span class=\"btnCode___16EUy btnSms___1GUKC \">...</span> is not clickable at point (1129, 346). Other element would receive the click: <div class=\"loader___U0gXU hidden___2sYXU fullScreen___3stt8\">...</div>\n  (Session info: chrome=74.0.3729.108)\n  (Driver info: chromedriver=74.0.3729.6 (255758eccf3d244491b8a1317aa76e1ce10d57e9-refs/branch-heads/3729@{#29}),platform=Windows NT 10.0.18362 x86_64)",
      "time" : {
        "start" : 1599118516228,
        "stop" : 1599118527535,
        "duration" : 11307
      }
    }, {
      "uid" : "8a148e3039ca5ecd",
      "status" : "broken",
      "statusDetails" : "TypeError: waitUntilDisplay() missing 1 required positional argument: 'ByCss'",
      "time" : {
        "start" : 1599118327776,
        "stop" : 1599118342054,
        "duration" : 14278
      }
    }, {
      "uid" : "23536343aac1089a",
      "status" : "broken",
      "statusDetails" : "TypeError: waitUntilClick() missing 1 required positional argument: 'ByCss'",
      "time" : {
        "start" : 1599118288246,
        "stop" : 1599118303466,
        "duration" : 15220
      }
    }, {
      "uid" : "86dc1dac79bd599d",
      "status" : "broken",
      "statusDetails" : "TypeError: waitUntilClick() missing 1 required positional argument: 'ByCss'",
      "time" : {
        "start" : 1599118243555,
        "stop" : 1599118277469,
        "duration" : 33914
      }
    }, {
      "uid" : "7fdab6ac104e5699",
      "status" : "broken",
      "statusDetails" : "TypeError: waitUntilClick() missing 1 required positional argument: 'ByCss'",
      "time" : {
        "start" : 1599118185758,
        "stop" : 1599118199594,
        "duration" : 13836
      }
    }, {
      "uid" : "29c164f2c7e5eb5",
      "status" : "broken",
      "statusDetails" : "TypeError: waitUntilClick() missing 1 required positional argument: 'ByCss'",
      "time" : {
        "start" : 1599118149635,
        "stop" : 1599118159715,
        "duration" : 10080
      }
    }, {
      "uid" : "2cace9f5a67befa4",
      "status" : "broken",
      "statusDetails" : "selenium.common.exceptions.NoSuchElementException: Message: no such element: Unable to locate element: {\"method\":\"css selector\",\"selector\":\"#certificate_verifyCode\"}\n  (Session info: chrome=74.0.3729.108)\n  (Driver info: chromedriver=74.0.3729.6 (255758eccf3d244491b8a1317aa76e1ce10d57e9-refs/branch-heads/3729@{#29}),platform=Windows NT 10.0.18362 x86_64)",
      "time" : {
        "start" : 1599117870141,
        "stop" : 1599117880216,
        "duration" : 10075
      }
    }, {
      "uid" : "389b3c4a4286b121",
      "status" : "broken",
      "statusDetails" : "TypeError: waitUntilClick() missing 1 required positional argument: 'ByCss'",
      "time" : {
        "start" : 1599117833026,
        "stop" : 1599117846163,
        "duration" : 13137
      }
    }, {
      "uid" : "9ef4a7126630ca0c",
      "status" : "broken",
      "statusDetails" : "TypeError: waitUntilClick() missing 1 required positional argument: 'ByCss'",
      "time" : {
        "start" : 1599117799799,
        "stop" : 1599117827077,
        "duration" : 27278
      }
    }, {
      "uid" : "3d465be1e4ddf31f",
      "status" : "broken",
      "statusDetails" : "TypeError: waitUntilClick() missing 1 required positional argument: 'ByCss'",
      "time" : {
        "start" : 1599117760560,
        "stop" : 1599117781157,
        "duration" : 20597
      }
    }, {
      "uid" : "147b50e223a5a74b",
      "status" : "broken",
      "statusDetails" : "selenium.common.exceptions.TimeoutException: Message:",
      "time" : {
        "start" : 1599117507671,
        "stop" : 1599117548192,
        "duration" : 40521
      }
    }, {
      "uid" : "90b5e98d110c41a3",
      "status" : "broken",
      "statusDetails" : "selenium.common.exceptions.WebDriverException: Message: chrome not reachable\n  (Session info: chrome=74.0.3729.108)\n  (Driver info: chromedriver=74.0.3729.6 (255758eccf3d244491b8a1317aa76e1ce10d57e9-refs/branch-heads/3729@{#29}),platform=Windows NT 10.0.18362 x86_64)",
      "time" : {
        "start" : 1599116720486,
        "stop" : 1599116767967,
        "duration" : 47481
      }
    }, {
      "uid" : "464e5241be2ee6c5",
      "status" : "broken",
      "statusDetails" : "selenium.common.exceptions.NoSuchElementException: Message: no such element: Unable to locate element: {\"method\":\"css selector\",\"selector\":\"#root > div > div > div:nth-child(3) > div > button\"}\n  (Session info: chrome=74.0.3729.108)\n  (Driver info: chromedriver=74.0.3729.6 (255758eccf3d244491b8a1317aa76e1ce10d57e9-refs/branch-heads/3729@{#29}),platform=Windows NT 10.0.18362 x86_64)",
      "time" : {
        "start" : 1599116263158,
        "stop" : 1599116278687,
        "duration" : 15529
      }
    }, {
      "uid" : "5e324d0ff303805e",
      "status" : "broken",
      "statusDetails" : "selenium.common.exceptions.TimeoutException: Message:",
      "time" : {
        "start" : 1599116147548,
        "stop" : 1599116192325,
        "duration" : 44777
      }
    }, {
      "uid" : "d0855ad6868052cb",
      "status" : "broken",
      "statusDetails" : "selenium.common.exceptions.WebDriverException: Message: chrome not reachable\n  (Session info: chrome=74.0.3729.108)\n  (Driver info: chromedriver=74.0.3729.6 (255758eccf3d244491b8a1317aa76e1ce10d57e9-refs/branch-heads/3729@{#29}),platform=Windows NT 10.0.18362 x86_64)",
      "time" : {
        "start" : 1599116057548,
        "stop" : 1599116100988,
        "duration" : 43440
      }
    }, {
      "uid" : "64c5eb96ae07d655",
      "status" : "broken",
      "statusDetails" : "selenium.common.exceptions.SessionNotCreatedException: Message: session not created\nfrom chrome not reachable\n  (Session info: chrome=74.0.3729.108)\n  (Driver info: chromedriver=74.0.3729.6 (255758eccf3d244491b8a1317aa76e1ce10d57e9-refs/branch-heads/3729@{#29}),platform=Windows NT 10.0.18362 x86_64)",
      "time" : {
        "start" : 1599115987207,
        "stop" : 1599116004674,
        "duration" : 17467
      }
    }, {
      "uid" : "50d97aa25ecf87b1",
      "status" : "broken",
      "statusDetails" : "selenium.common.exceptions.WebDriverException: Message: chrome not reachable\n  (Session info: chrome=74.0.3729.108)\n  (Driver info: chromedriver=74.0.3729.6 (255758eccf3d244491b8a1317aa76e1ce10d57e9-refs/branch-heads/3729@{#29}),platform=Windows NT 10.0.18362 x86_64)",
      "time" : {
        "start" : 1599115579853,
        "stop" : 1599115613596,
        "duration" : 33743
      }
    }, {
      "uid" : "270389b61949b53a",
      "status" : "broken",
      "statusDetails" : "selenium.common.exceptions.TimeoutException: Message:",
      "time" : {
        "start" : 1599115428518,
        "stop" : 1599115472817,
        "duration" : 44299
      }
    }, {
      "uid" : "1a011f48fac2771b",
      "status" : "broken",
      "statusDetails" : "selenium.common.exceptions.TimeoutException: Message:",
      "time" : {
        "start" : 1599115240816,
        "stop" : 1599115284976,
        "duration" : 44160
      }
    }, {
      "uid" : "b34dec94adcdb87a",
      "status" : "broken",
      "statusDetails" : "selenium.common.exceptions.TimeoutException: Message:",
      "time" : {
        "start" : 1599114988136,
        "stop" : 1599115032308,
        "duration" : 44172
      }
    }, {
      "uid" : "45b0b496848a7dc3",
      "status" : "broken",
      "statusDetails" : "selenium.common.exceptions.WebDriverException: Message: chrome not reachable\n  (Session info: chrome=74.0.3729.108)\n  (Driver info: chromedriver=74.0.3729.6 (255758eccf3d244491b8a1317aa76e1ce10d57e9-refs/branch-heads/3729@{#29}),platform=Windows NT 10.0.18362 x86_64)",
      "time" : {
        "start" : 1599113422019,
        "stop" : 1599113453530,
        "duration" : 31511
      }
    }, {
      "uid" : "530ab0469479350e",
      "status" : "broken",
      "statusDetails" : "selenium.common.exceptions.TimeoutException: Message:",
      "time" : {
        "start" : 1599112942883,
        "stop" : 1599112986136,
        "duration" : 43253
      }
    }, {
      "uid" : "e119368be515631e",
      "status" : "broken",
      "statusDetails" : "selenium.common.exceptions.TimeoutException: Message:",
      "time" : {
        "start" : 1599112819783,
        "stop" : 1599112863933,
        "duration" : 44150
      }
    }, {
      "uid" : "28a483a35a9bfda2",
      "status" : "broken",
      "statusDetails" : "selenium.common.exceptions.TimeoutException: Message:",
      "time" : {
        "start" : 1599112752731,
        "stop" : 1599112796835,
        "duration" : 44104
      }
    }, {
      "uid" : "898692eca86129f0",
      "status" : "broken",
      "statusDetails" : "selenium.common.exceptions.WebDriverException: Message: chrome not reachable\n  (Session info: chrome=74.0.3729.108)\n  (Driver info: chromedriver=74.0.3729.6 (255758eccf3d244491b8a1317aa76e1ce10d57e9-refs/branch-heads/3729@{#29}),platform=Windows NT 10.0.18362 x86_64)",
      "time" : {
        "start" : 1599112638997,
        "stop" : 1599112694173,
        "duration" : 55176
      }
    }, {
      "uid" : "c26c9911a5e90a50",
      "status" : "broken",
      "statusDetails" : "selenium.common.exceptions.TimeoutException: Message:",
      "time" : {
        "start" : 1599112585074,
        "stop" : 1599112628239,
        "duration" : 43165
      }
    }, {
      "uid" : "e6ec11d606d05984",
      "status" : "broken",
      "statusDetails" : "selenium.common.exceptions.TimeoutException: Message:",
      "time" : {
        "start" : 1599112507037,
        "stop" : 1599112550807,
        "duration" : 43770
      }
    }, {
      "uid" : "da9625839265981a",
      "status" : "broken",
      "statusDetails" : "selenium.common.exceptions.TimeoutException: Message:",
      "time" : {
        "start" : 1599112436342,
        "stop" : 1599112482556,
        "duration" : 46214
      }
    }, {
      "uid" : "48c4ebedd1bc4039",
      "status" : "broken",
      "statusDetails" : "selenium.common.exceptions.TimeoutException: Message:",
      "time" : {
        "start" : 1599112372505,
        "stop" : 1599112422619,
        "duration" : 50114
      }
    }, {
      "uid" : "dfe98da7b5452207",
      "status" : "broken",
      "statusDetails" : "selenium.common.exceptions.TimeoutException: Message:",
      "time" : {
        "start" : 1599112199832,
        "stop" : 1599112252767,
        "duration" : 52935
      }
    }, {
      "uid" : "d05a0ab8f26a6e12",
      "status" : "broken",
      "statusDetails" : "selenium.common.exceptions.TimeoutException: Message:",
      "time" : {
        "start" : 1599111839355,
        "stop" : 1599111895678,
        "duration" : 56323
      }
    }, {
      "uid" : "32a4da8f1b648d07",
      "status" : "broken",
      "statusDetails" : "selenium.common.exceptions.NoSuchElementException: Message: no such element: Unable to locate element: {\"method\":\"css selector\",\"selector\":\"#verifyCode\"}\n  (Session info: chrome=74.0.3729.108)\n  (Driver info: chromedriver=74.0.3729.6 (255758eccf3d244491b8a1317aa76e1ce10d57e9-refs/branch-heads/3729@{#29}),platform=Windows NT 10.0.18362 x86_64)",
      "time" : {
        "start" : 1599111675429,
        "stop" : 1599111727402,
        "duration" : 51973
      }
    }, {
      "uid" : "19a20cbefe9c04a9",
      "status" : "broken",
      "statusDetails" : "selenium.common.exceptions.NoSuchElementException: Message: no such element: Unable to locate element: {\"method\":\"css selector\",\"selector\":\"#verifyCode\"}\n  (Session info: chrome=74.0.3729.108)\n  (Driver info: chromedriver=74.0.3729.6 (255758eccf3d244491b8a1317aa76e1ce10d57e9-refs/branch-heads/3729@{#29}),platform=Windows NT 10.0.18362 x86_64)",
      "time" : {
        "start" : 1599111624935,
        "stop" : 1599111647736,
        "duration" : 22801
      }
    }, {
      "uid" : "224dcc1232dcf1bb",
      "status" : "broken",
      "statusDetails" : "selenium.common.exceptions.NoSuchElementException: Message: no such element: Unable to locate element: {\"method\":\"css selector\",\"selector\":\"#verifyCode\"}\n  (Session info: chrome=74.0.3729.108)\n  (Driver info: chromedriver=74.0.3729.6 (255758eccf3d244491b8a1317aa76e1ce10d57e9-refs/branch-heads/3729@{#29}),platform=Windows NT 10.0.18362 x86_64)",
      "time" : {
        "start" : 1599111520763,
        "stop" : 1599111535531,
        "duration" : 14768
      }
    }, {
      "uid" : "1895e51d84f18420",
      "status" : "broken",
      "statusDetails" : "selenium.common.exceptions.NoSuchElementException: Message: no such element: Unable to locate element: {\"method\":\"css selector\",\"selector\":\"#phoneNo\"}\n  (Session info: chrome=74.0.3729.108)\n  (Driver info: chromedriver=74.0.3729.6 (255758eccf3d244491b8a1317aa76e1ce10d57e9-refs/branch-heads/3729@{#29}),platform=Windows NT 10.0.18362 x86_64)",
      "time" : {
        "start" : 1599111334041,
        "stop" : 1599111350581,
        "duration" : 16540
      }
    }, {
      "uid" : "3e7ea9b2c2dba1de",
      "status" : "broken",
      "statusDetails" : "selenium.common.exceptions.NoSuchElementException: Message: no such element: Unable to locate element: {\"method\":\"css selector\",\"selector\":\"#phoneNo\"}\n  (Session info: chrome=74.0.3729.108)\n  (Driver info: chromedriver=74.0.3729.6 (255758eccf3d244491b8a1317aa76e1ce10d57e9-refs/branch-heads/3729@{#29}),platform=Windows NT 10.0.18362 x86_64)",
      "time" : {
        "start" : 1599111301750,
        "stop" : 1599111313724,
        "duration" : 11974
      }
    }, {
      "uid" : "18964da23d8464db",
      "status" : "broken",
      "statusDetails" : "selenium.common.exceptions.NoSuchElementException: Message: no such element: Unable to locate element: {\"method\":\"css selector\",\"selector\":\"#phoneNo\"}\n  (Session info: chrome=74.0.3729.108)\n  (Driver info: chromedriver=74.0.3729.6 (255758eccf3d244491b8a1317aa76e1ce10d57e9-refs/branch-heads/3729@{#29}),platform=Windows NT 10.0.18362 x86_64)",
      "time" : {
        "start" : 1599111279826,
        "stop" : 1599111291847,
        "duration" : 12021
      }
    }, {
      "uid" : "1312edb12cfde634",
      "status" : "broken",
      "statusDetails" : "selenium.common.exceptions.NoSuchElementException: Message: no such element: Unable to locate element: {\"method\":\"css selector\",\"selector\":\"#phoneNo\"}\n  (Session info: chrome=74.0.3729.108)\n  (Driver info: chromedriver=74.0.3729.6 (255758eccf3d244491b8a1317aa76e1ce10d57e9-refs/branch-heads/3729@{#29}),platform=Windows NT 10.0.18362 x86_64)",
      "time" : {
        "start" : 1599111257060,
        "stop" : 1599111268056,
        "duration" : 10996
      }
    }, {
      "uid" : "424c465d42e7ac00",
      "status" : "broken",
      "statusDetails" : "selenium.common.exceptions.TimeoutException: Message:",
      "time" : {
        "start" : 1599111107617,
        "stop" : 1599111148577,
        "duration" : 40960
      }
    }, {
      "uid" : "df2a516f242e41fa",
      "status" : "broken",
      "statusDetails" : "selenium.common.exceptions.NoSuchElementException: Message: no such element: Unable to locate element: {\"method\":\"css selector\",\"selector\":\"#phoneNo\"}\n  (Session info: chrome=74.0.3729.108)\n  (Driver info: chromedriver=74.0.3729.6 (255758eccf3d244491b8a1317aa76e1ce10d57e9-refs/branch-heads/3729@{#29}),platform=Windows NT 10.0.18362 x86_64)",
      "time" : {
        "start" : 1599110945062,
        "stop" : 1599110956020,
        "duration" : 10958
      }
    }, {
      "uid" : "5bcb80f8996b37b",
      "status" : "broken",
      "statusDetails" : "selenium.common.exceptions.NoSuchElementException: Message: no such element: Unable to locate element: {\"method\":\"css selector\",\"selector\":\"#phoneNo\"}\n  (Session info: chrome=74.0.3729.108)\n  (Driver info: chromedriver=74.0.3729.6 (255758eccf3d244491b8a1317aa76e1ce10d57e9-refs/branch-heads/3729@{#29}),platform=Windows NT 10.0.18362 x86_64)",
      "time" : {
        "start" : 1599110845349,
        "stop" : 1599110907508,
        "duration" : 62159
      }
    }, {
      "uid" : "cb2b6df81347bb01",
      "status" : "broken",
      "statusDetails" : "selenium.common.exceptions.NoSuchElementException: Message: no such element: Unable to locate element: {\"method\":\"css selector\",\"selector\":\"#phoneNo\"}\n  (Session info: chrome=74.0.3729.108)\n  (Driver info: chromedriver=74.0.3729.6 (255758eccf3d244491b8a1317aa76e1ce10d57e9-refs/branch-heads/3729@{#29}),platform=Windows NT 10.0.18362 x86_64)",
      "time" : {
        "start" : 1599110767963,
        "stop" : 1599110778988,
        "duration" : 11025
      }
    }, {
      "uid" : "5e1a6749354c2751",
      "status" : "broken",
      "statusDetails" : "AttributeError: btn_forPass_css",
      "time" : {
        "start" : 1599110732670,
        "stop" : 1599110742580,
        "duration" : 9910
      }
    }, {
      "uid" : "4e05c3700d5b9d2c",
      "status" : "broken",
      "statusDetails" : "selenium.common.exceptions.NoSuchElementException: Message: no such element: Unable to locate element: {\"method\":\"css selector\",\"selector\":\"#phoneNo\"}\n  (Session info: chrome=74.0.3729.108)\n  (Driver info: chromedriver=74.0.3729.6 (255758eccf3d244491b8a1317aa76e1ce10d57e9-refs/branch-heads/3729@{#29}),platform=Windows NT 10.0.18362 x86_64)",
      "time" : {
        "start" : 1599110695963,
        "stop" : 1599110705891,
        "duration" : 9928
      }
    }, {
      "uid" : "a5c2fbd7292c102f",
      "status" : "broken",
      "statusDetails" : "selenium.common.exceptions.NoSuchElementException: Message: no such element: Unable to locate element: {\"method\":\"css selector\",\"selector\":\"#imgVerifiCode\"}\n  (Session info: chrome=74.0.3729.108)\n  (Driver info: chromedriver=74.0.3729.6 (255758eccf3d244491b8a1317aa76e1ce10d57e9-refs/branch-heads/3729@{#29}),platform=Windows NT 10.0.18362 x86_64)",
      "time" : {
        "start" : 1599110516936,
        "stop" : 1599110533537,
        "duration" : 16601
      }
    }, {
      "uid" : "575202ad447aaa61",
      "status" : "broken",
      "statusDetails" : "urllib3.exceptions.MaxRetryError: HTTPConnectionPool(host='127.0.0.1', port=58548): Max retries exceeded with url: /session/6225f2004bac5a80f367834124c19427/element (Caused by NewConnectionError('<urllib3.connection.HTTPConnection object at 0x000001D4C175E370>: Failed to establish a new connection: [WinError 10061] 由于目标计算机积极拒绝，无法连接。'))",
      "time" : {
        "start" : 1599110356893,
        "stop" : 1599110382590,
        "duration" : 25697
      }
    }, {
      "uid" : "c63f23eea23e5ddc",
      "status" : "broken",
      "statusDetails" : "TypeError: descriptor 'decode' for 'bytes' objects doesn't apply to a 'NoneType' object",
      "time" : {
        "start" : 1599109995150,
        "stop" : 1599110159344,
        "duration" : 164194
      }
    }, {
      "uid" : "a7704221bbee1a3e",
      "status" : "broken",
      "statusDetails" : "selenium.common.exceptions.NoSuchElementException: Message: no such element: Unable to locate element: {\"method\":\"css selector\",\"selector\":\"#phoneNo\"}\n  (Session info: chrome=74.0.3729.108)\n  (Driver info: chromedriver=74.0.3729.6 (255758eccf3d244491b8a1317aa76e1ce10d57e9-refs/branch-heads/3729@{#29}),platform=Windows NT 10.0.18362 x86_64)",
      "time" : {
        "start" : 1599109895687,
        "stop" : 1599109905534,
        "duration" : 9847
      }
    }, {
      "uid" : "b505398102329e10",
      "status" : "passed",
      "time" : {
        "start" : 1599102223909,
        "stop" : 1599102252674,
        "duration" : 28765
      }
    }, {
      "uid" : "5a54d5d882c32369",
      "status" : "broken",
      "statusDetails" : "selenium.common.exceptions.ElementClickInterceptedException: Message: element click intercepted: Element <button type=\"button\" class=\"ant-btn ant-btn-primary\" ant-click-animating-without-extra-node=\"false\">...</button> is not clickable at point (1829, 100). Other element would receive the click: <div tabindex=\"-1\" class=\"ant-modal-wrap \" role=\"dialog\" aria-labelledby=\"rcDialogTitle0\">...</div>\n  (Session info: chrome=74.0.3729.108)\n  (Driver info: chromedriver=74.0.3729.6 (255758eccf3d244491b8a1317aa76e1ce10d57e9-refs/branch-heads/3729@{#29}),platform=Windows NT 10.0.18362 x86_64)",
      "time" : {
        "start" : 1599102186896,
        "stop" : 1599102209297,
        "duration" : 22401
      }
    }, {
      "uid" : "726e084814137ce3",
      "status" : "broken",
      "statusDetails" : "selenium.common.exceptions.NoSuchElementException: Message: no such element: Unable to locate element: {\"method\":\"xpath\",\"selector\":\"//*[@id='root']/section/section/main/div/div/div/div[2]/table/tbody//*[text() = 'AutoTest_Risk']/..//*[text()= '创建账号']\"}\n  (Session info: chrome=74.0.3729.108)\n  (Driver info: chromedriver=74.0.3729.6 (255758eccf3d244491b8a1317aa76e1ce10d57e9-refs/branch-heads/3729@{#29}),platform=Windows NT 10.0.18362 x86_64)",
      "time" : {
        "start" : 1599101600982,
        "stop" : 1599101627214,
        "duration" : 26232
      }
    }, {
      "uid" : "9d3808097d1e9c98",
      "status" : "broken",
      "statusDetails" : "selenium.common.exceptions.NoSuchElementException: Message: no such element: Unable to locate element: {\"method\":\"xpath\",\"selector\":\"//*[@id='root']/section/section/main/div/div/div/div[2]/table/tbody//*[text() = 'AutoTest_Risk']/..//*[text()= '创建账号']\"}\n  (Session info: chrome=74.0.3729.108)\n  (Driver info: chromedriver=74.0.3729.6 (255758eccf3d244491b8a1317aa76e1ce10d57e9-refs/branch-heads/3729@{#29}),platform=Windows NT 10.0.18362 x86_64)",
      "time" : {
        "start" : 1599101526479,
        "stop" : 1599101542194,
        "duration" : 15715
      }
    }, {
      "uid" : "6079966e94cdcbd0",
      "status" : "broken",
      "statusDetails" : "AttributeError: 'builtin_function_or_method' object has no attribute 'randint'",
      "time" : {
        "start" : 1599101323510,
        "stop" : 1599101344968,
        "duration" : 21458
      }
    }, {
      "uid" : "51f6b9e1a7aa7b65",
      "status" : "broken",
      "statusDetails" : "AttributeError: 'builtin_function_or_method' object has no attribute 'randint'",
      "time" : {
        "start" : 1599101230359,
        "stop" : 1599101266841,
        "duration" : 36482
      }
    }, {
      "uid" : "6e4dcbecea4dde4b",
      "status" : "broken",
      "statusDetails" : "TypeError: waitUntilDisplay() missing 1 required positional argument: 'ByCss'",
      "time" : {
        "start" : 1599101199060,
        "stop" : 1599101213050,
        "duration" : 13990
      }
    }, {
      "uid" : "f5eadd76c695e29f",
      "status" : "broken",
      "statusDetails" : "TypeError: waitUntilDisplay() missing 1 required positional argument: 'ByCss'",
      "time" : {
        "start" : 1599101154837,
        "stop" : 1599101168897,
        "duration" : 14060
      }
    }, {
      "uid" : "b080d9945e36b35d",
      "status" : "broken",
      "statusDetails" : "TypeError: waitUntilClick() missing 1 required positional argument: 'ByCss'",
      "time" : {
        "start" : 1599101076587,
        "stop" : 1599101090673,
        "duration" : 14086
      }
    }, {
      "uid" : "4c60c50267c445b2",
      "status" : "broken",
      "statusDetails" : "selenium.common.exceptions.ElementClickInterceptedException: Message: element click intercepted: Element <button type=\"button\" class=\"ant-btn ant-btn-primary\" ant-click-animating-without-extra-node=\"false\">...</button> is not clickable at point (1829, 100). Other element would receive the click: <div tabindex=\"-1\" class=\"ant-modal-wrap \" role=\"dialog\" aria-labelledby=\"rcDialogTitle0\">...</div>\n  (Session info: chrome=74.0.3729.108)\n  (Driver info: chromedriver=74.0.3729.6 (255758eccf3d244491b8a1317aa76e1ce10d57e9-refs/branch-heads/3729@{#29}),platform=Windows NT 10.0.18362 x86_64)",
      "time" : {
        "start" : 1599101032115,
        "stop" : 1599101054196,
        "duration" : 22081
      }
    }, {
      "uid" : "b7bdfd3dcca35b94",
      "status" : "passed",
      "time" : {
        "start" : 1599097710058,
        "stop" : 1599097733652,
        "duration" : 23594
      }
    }, {
      "uid" : "963b406b312f48db",
      "status" : "broken",
      "statusDetails" : "selenium.common.exceptions.ElementClickInterceptedException: Message: element click intercepted: Element <button type=\"button\" class=\"ant-btn ant-btn-primary\" ant-click-animating-without-extra-node=\"false\">...</button> is not clickable at point (1829, 100). Other element would receive the click: <div tabindex=\"-1\" class=\"ant-modal-wrap \" role=\"dialog\" aria-labelledby=\"rcDialogTitle0\">...</div>\n  (Session info: chrome=74.0.3729.108)\n  (Driver info: chromedriver=74.0.3729.6 (255758eccf3d244491b8a1317aa76e1ce10d57e9-refs/branch-heads/3729@{#29}),platform=Windows NT 10.0.18362 x86_64)",
      "time" : {
        "start" : 1599097644885,
        "stop" : 1599097662797,
        "duration" : 17912
      }
    }, {
      "uid" : "8a1b665e9599990d",
      "status" : "broken",
      "statusDetails" : "selenium.common.exceptions.ElementClickInterceptedException: Message: element click intercepted: Element <span>...</span> is not clickable at point (76, 216). Other element would receive the click: <div class=\"loader___U0gXU hidden___2sYXU fullScreen___3stt8\">...</div>\n  (Session info: chrome=74.0.3729.108)\n  (Driver info: chromedriver=74.0.3729.6 (255758eccf3d244491b8a1317aa76e1ce10d57e9-refs/branch-heads/3729@{#29}),platform=Windows NT 10.0.18362 x86_64)",
      "time" : {
        "start" : 1599097617194,
        "stop" : 1599097628474,
        "duration" : 11280
      }
    }, {
      "uid" : "d914b7d40faffb4a",
      "status" : "broken",
      "statusDetails" : "selenium.common.exceptions.NoSuchElementException: Message: no such element: Unable to locate element: {\"method\":\"xpath\",\"selector\":\"/html/body/div[3]/div/div//*[text() = '启用']\"}\n  (Session info: chrome=74.0.3729.108)\n  (Driver info: chromedriver=74.0.3729.6 (255758eccf3d244491b8a1317aa76e1ce10d57e9-refs/branch-heads/3729@{#29}),platform=Windows NT 10.0.18362 x86_64)",
      "time" : {
        "start" : 1599097323312,
        "stop" : 1599097354433,
        "duration" : 31121
      }
    }, {
      "uid" : "49be2f65ab6ea3b9",
      "status" : "broken",
      "statusDetails" : "selenium.common.exceptions.NoSuchElementException: Message: no such element: Unable to locate element: {\"method\":\"xpath\",\"selector\":\"/html/body/div[4]/div/div//*[text() = '银行']\"}\n  (Session info: chrome=74.0.3729.108)\n  (Driver info: chromedriver=74.0.3729.6 (255758eccf3d244491b8a1317aa76e1ce10d57e9-refs/branch-heads/3729@{#29}),platform=Windows NT 10.0.18362 x86_64)",
      "time" : {
        "start" : 1599097167376,
        "stop" : 1599097183027,
        "duration" : 15651
      }
    }, {
      "uid" : "f836ad8ac5a72754",
      "status" : "broken",
      "statusDetails" : "selenium.common.exceptions.NoSuchElementException: Message: no such element: Unable to locate element: {\"method\":\"xpath\",\"selector\":\"/html/body/div[4]/div/div//*[text() = '银行']\"}\n  (Session info: chrome=74.0.3729.108)\n  (Driver info: chromedriver=74.0.3729.6 (255758eccf3d244491b8a1317aa76e1ce10d57e9-refs/branch-heads/3729@{#29}),platform=Windows NT 10.0.18362 x86_64)",
      "time" : {
        "start" : 1599097127369,
        "stop" : 1599097152849,
        "duration" : 25480
      }
    }, {
      "uid" : "73e9dff28438a141",
      "status" : "broken",
      "statusDetails" : "selenium.common.exceptions.NoSuchElementException: Message: no such element: Unable to locate element: {\"method\":\"xpath\",\"selector\":\"/html/body/div[4]/div/div//*[text() = '担保公司']\"}\n  (Session info: chrome=74.0.3729.108)\n  (Driver info: chromedriver=74.0.3729.6 (255758eccf3d244491b8a1317aa76e1ce10d57e9-refs/branch-heads/3729@{#29}),platform=Windows NT 10.0.18362 x86_64)",
      "time" : {
        "start" : 1599097070585,
        "stop" : 1599097086208,
        "duration" : 15623
      }
    }, {
      "uid" : "c93314ccf9da195a",
      "status" : "broken",
      "statusDetails" : "selenium.common.exceptions.NoSuchElementException: Message: no such element: Unable to locate element: {\"method\":\"xpath\",\"selector\":\"/html/body/div[4]/div/div//*[text() = '担保公司']\"}\n  (Session info: chrome=74.0.3729.108)\n  (Driver info: chromedriver=74.0.3729.6 (255758eccf3d244491b8a1317aa76e1ce10d57e9-refs/branch-heads/3729@{#29}),platform=Windows NT 10.0.18362 x86_64)",
      "time" : {
        "start" : 1599097005300,
        "stop" : 1599097020930,
        "duration" : 15630
      }
    }, {
      "uid" : "aa4ff21a25738e7",
      "status" : "broken",
      "statusDetails" : "selenium.common.exceptions.NoSuchElementException: Message: no such element: Unable to locate element: {\"method\":\"xpath\",\"selector\":\"/html/body/div[4]/div/div//*[text() = '担保公司']\"}\n  (Session info: chrome=74.0.3729.108)\n  (Driver info: chromedriver=74.0.3729.6 (255758eccf3d244491b8a1317aa76e1ce10d57e9-refs/branch-heads/3729@{#29}),platform=Windows NT 10.0.18362 x86_64)",
      "time" : {
        "start" : 1599096402688,
        "stop" : 1599096418302,
        "duration" : 15614
      }
    }, {
      "uid" : "6de137c3f14fa4e3",
      "status" : "broken",
      "statusDetails" : "AttributeError: 'list' object has no attribute 'click'",
      "time" : {
        "start" : 1599096335329,
        "stop" : 1599096354608,
        "duration" : 19279
      }
    }, {
      "uid" : "9c9fc3f04de96fc2",
      "status" : "broken",
      "statusDetails" : "selenium.common.exceptions.InvalidSelectorException: Message: invalid selector: An invalid or illegal selector was specified\n  (Session info: chrome=74.0.3729.108)\n  (Driver info: chromedriver=74.0.3729.6 (255758eccf3d244491b8a1317aa76e1ce10d57e9-refs/branch-heads/3729@{#29}),platform=Windows NT 10.0.18362 x86_64)",
      "time" : {
        "start" : 1599095478428,
        "stop" : 1599095494504,
        "duration" : 16076
      }
    }, {
      "uid" : "d4fa21c81372d41c",
      "status" : "broken",
      "statusDetails" : "selenium.common.exceptions.InvalidSelectorException: Message: invalid selector: An invalid or illegal selector was specified\n  (Session info: chrome=74.0.3729.108)\n  (Driver info: chromedriver=74.0.3729.6 (255758eccf3d244491b8a1317aa76e1ce10d57e9-refs/branch-heads/3729@{#29}),platform=Windows NT 10.0.18362 x86_64)",
      "time" : {
        "start" : 1599095448889,
        "stop" : 1599095467064,
        "duration" : 18175
      }
    }, {
      "uid" : "cd012a1715df2094",
      "status" : "broken",
      "statusDetails" : "selenium.common.exceptions.ElementNotInteractableException: Message: element not interactable\n  (Session info: chrome=74.0.3729.108)\n  (Driver info: chromedriver=74.0.3729.6 (255758eccf3d244491b8a1317aa76e1ce10d57e9-refs/branch-heads/3729@{#29}),platform=Windows NT 10.0.18362 x86_64)",
      "time" : {
        "start" : 1599095285934,
        "stop" : 1599095301534,
        "duration" : 15600
      }
    }, {
      "uid" : "1a3985714c72700a",
      "status" : "broken",
      "statusDetails" : "selenium.common.exceptions.ElementNotInteractableException: Message: element not interactable\n  (Session info: chrome=74.0.3729.108)\n  (Driver info: chromedriver=74.0.3729.6 (255758eccf3d244491b8a1317aa76e1ce10d57e9-refs/branch-heads/3729@{#29}),platform=Windows NT 10.0.18362 x86_64)",
      "time" : {
        "start" : 1599095256627,
        "stop" : 1599095272256,
        "duration" : 15629
      }
    }, {
      "uid" : "e78e1d9b734a1e77",
      "status" : "broken",
      "statusDetails" : "selenium.common.exceptions.ElementNotInteractableException: Message: element not interactable\n  (Session info: chrome=74.0.3729.108)\n  (Driver info: chromedriver=74.0.3729.6 (255758eccf3d244491b8a1317aa76e1ce10d57e9-refs/branch-heads/3729@{#29}),platform=Windows NT 10.0.18362 x86_64)",
      "time" : {
        "start" : 1599095204802,
        "stop" : 1599095238064,
        "duration" : 33262
      }
    }, {
      "uid" : "8676a53d9871af4",
      "status" : "broken",
      "statusDetails" : "selenium.common.exceptions.ElementNotInteractableException: Message: element not interactable\n  (Session info: chrome=74.0.3729.108)\n  (Driver info: chromedriver=74.0.3729.6 (255758eccf3d244491b8a1317aa76e1ce10d57e9-refs/branch-heads/3729@{#29}),platform=Windows NT 10.0.18362 x86_64)",
      "time" : {
        "start" : 1599093369260,
        "stop" : 1599093409580,
        "duration" : 40320
      }
    }, {
      "uid" : "dce10cd6b24d03fb",
      "status" : "broken",
      "statusDetails" : "selenium.common.exceptions.ElementClickInterceptedException: Message: element click intercepted: Element <div class=\"ant-form-item-control\">...</div> is not clickable at point (1011, 391). Other element would receive the click: <li role=\"option\" unselectable=\"on\" class=\"ant-select-dropdown-menu-item\" aria-disabled=\"false\" aria-selected=\"false\" style=\"user-select: none;\">...</li>\n  (Session info: chrome=74.0.3729.108)\n  (Driver info: chromedriver=74.0.3729.6 (255758eccf3d244491b8a1317aa76e1ce10d57e9-refs/branch-heads/3729@{#29}),platform=Windows NT 10.0.18362 x86_64)",
      "time" : {
        "start" : 1599092968720,
        "stop" : 1599092988509,
        "duration" : 19789
      }
    }, {
      "uid" : "534a29e1e25aad01",
      "status" : "broken",
      "statusDetails" : "selenium.common.exceptions.ElementClickInterceptedException: Message: element click intercepted: Element <td title=\"\" style=\"text-align: left;\">...</td> is not clickable at point (809, 289). Other element would receive the click: <div class=\"ant-col ant-col-24\">...</div>\n  (Session info: chrome=74.0.3729.108)\n  (Driver info: chromedriver=74.0.3729.6 (255758eccf3d244491b8a1317aa76e1ce10d57e9-refs/branch-heads/3729@{#29}),platform=Windows NT 10.0.18362 x86_64)",
      "time" : {
        "start" : 1599039267856,
        "stop" : 1599039288050,
        "duration" : 20194
      }
    }, {
      "uid" : "656eaf306348964",
      "status" : "broken",
      "statusDetails" : "selenium.common.exceptions.ElementClickInterceptedException: Message: element click intercepted: Element <td title=\"\" style=\"text-align: left;\">...</td> is not clickable at point (809, 289). Other element would receive the click: <div class=\"ant-col ant-col-24\">...</div>\n  (Session info: chrome=74.0.3729.108)\n  (Driver info: chromedriver=74.0.3729.6 (255758eccf3d244491b8a1317aa76e1ce10d57e9-refs/branch-heads/3729@{#29}),platform=Windows NT 10.0.18362 x86_64)",
      "time" : {
        "start" : 1599039164743,
        "stop" : 1599039203944,
        "duration" : 39201
      }
    }, {
      "uid" : "458b1ce762197ca1",
      "status" : "broken",
      "statusDetails" : "selenium.common.exceptions.ElementClickInterceptedException: Message: element click intercepted: Element <td title=\"\" style=\"text-align: left;\">...</td> is not clickable at point (809, 289). Other element would receive the click: <div class=\"ant-col ant-col-24\">...</div>\n  (Session info: chrome=74.0.3729.108)\n  (Driver info: chromedriver=74.0.3729.6 (255758eccf3d244491b8a1317aa76e1ce10d57e9-refs/branch-heads/3729@{#29}),platform=Windows NT 10.0.18362 x86_64)",
      "time" : {
        "start" : 1599039120390,
        "stop" : 1599039152178,
        "duration" : 31788
      }
    }, {
      "uid" : "1c113c3b02bef68d",
      "status" : "broken",
      "statusDetails" : "IndexError: list index out of range",
      "time" : {
        "start" : 1599039028602,
        "stop" : 1599039044257,
        "duration" : 15655
      }
    }, {
      "uid" : "df9407706544e27f",
      "status" : "broken",
      "statusDetails" : "IndexError: list index out of range",
      "time" : {
        "start" : 1599038999727,
        "stop" : 1599039014877,
        "duration" : 15150
      }
    }, {
      "uid" : "5d2f497b8def5193",
      "status" : "broken",
      "statusDetails" : "IndexError: list index out of range",
      "time" : {
        "start" : 1599038959493,
        "stop" : 1599038977394,
        "duration" : 17901
      }
    }, {
      "uid" : "525497feb96d0f09",
      "status" : "broken",
      "statusDetails" : "IndexError: list index out of range",
      "time" : {
        "start" : 1599037812171,
        "stop" : 1599037830194,
        "duration" : 18023
      }
    }, {
      "uid" : "d5b39a7893511f1e",
      "status" : "broken",
      "statusDetails" : "selenium.common.exceptions.NoSuchElementException: Message: no such element: Unable to locate element: {\"method\":\"css selector\",\"selector\":\"body > div:nth-child(6) > div > div.ant-modal-wrap.ant-modal-centered > div > div.ant-modal-content > div.ant-modal-body > form > div:nth-child(1) > div > div > div.ant-col.ant-col-14.ant-form-item-control-wrapper > div > span > input\"}\n  (Session info: chrome=74.0.3729.108)\n  (Driver info: chromedriver=74.0.3729.6 (255758eccf3d244491b8a1317aa76e1ce10d57e9-refs/branch-heads/3729@{#29}),platform=Windows NT 10.0.18362 x86_64)",
      "time" : {
        "start" : 1599037563580,
        "stop" : 1599037577731,
        "duration" : 14151
      }
    }, {
      "uid" : "673a7f9c40be3a81",
      "status" : "broken",
      "statusDetails" : "TypeError: backStageLogin() missing 1 required positional argument: 'pwd'",
      "time" : {
        "start" : 1599037479567,
        "stop" : 1599037489596,
        "duration" : 10029
      }
    } ],
    "categories" : [ {
      "name" : "Test defects",
      "matchedStatuses" : [ ],
      "flaky" : false
    } ],
    "tags" : [ "run(order=6)" ]
  },
  "source" : "b32ea6fd448024cb.json",
  "parameterValues" : [ ]
}