{
  "uid" : "bb8c0cf4a1a27130",
  "name" : "test_companyRegister",
  "fullName" : "test_flow.test_Authentication.test_login#test_companyRegister",
  "historyId" : "dd0646a5c1a798e47c4f25747509dea9",
  "time" : {
    "start" : 1599035589896,
    "stop" : 1599035631049,
    "duration" : 41153
  },
  "description" : "测试 http://10.10.128.152:10053/user/register 中小微企业注册流程",
  "descriptionHtml" : "<p>测试 http://10.10.128.152:10053/user/register 中小微企业注册流程</p>\n",
  "status" : "broken",
  "statusMessage" : "selenium.common.exceptions.TimeoutException: Message:",
  "statusTrace" : "@pytest.mark.run(order=1)\n    @allure.severity(\"blocker\")\n    @allure.description(\"测试 http://10.10.128.152:10053/user/register 中小微企业注册流程\")\n    @allure.testcase(\"http://10.10.128.152:10053/user/register\", \"注册 \uD83D\uDC47\")\n    def test_companyRegister():\n        def_name = sys._getframe().f_code.co_name\n        test_Assert = Assert.Assertions(def_name)\n        logger.info(\"开始执行脚本%s:\\n\", def_name)\n    \n        driver = webdriver.Chrome()\n        driver.maximize_window()\n        driver.get(url_forward)\n        # db中清除已注册的账户\n        deleteAct()\n        logger.info(\"对已注册的账户进行删除操作\")\n        sleep(1)\n>       waitUntilClick(driver, loginOn.btn_agree_css.value)\n\ntest_flow\\test_Authentication\\test_login.py:58: \n_ _ _ _ _ _ _ _ _ _ _ _ _ _ _ _ _ _ _ _ _ _ _ _ _ _ _ _ _ _ _ _ _ _ _ _ _ _ _ _\ncommon\\BaseFunction.py:23: in waitUntilClick\n    WebDriverWait(driver, 30).until(EC.element_to_be_clickable((By.CSS_SELECTOR, ByCss)))\n_ _ _ _ _ _ _ _ _ _ _ _ _ _ _ _ _ _ _ _ _ _ _ _ _ _ _ _ _ _ _ _ _ _ _ _ _ _ _ _\n\nself = <selenium.webdriver.support.wait.WebDriverWait (session=\"e7d60c36f4d32ca019c00a6deded08ba\")>\nmethod = <selenium.webdriver.support.expected_conditions.element_to_be_clickable object at 0x00000225F9641CD0>\nmessage = ''\n\n    def until(self, method, message=''):\n        \"\"\"Calls the method provided with the driver as an argument until the \\\n        return value is not False.\"\"\"\n        screen = None\n        stacktrace = None\n    \n        end_time = time.time() + self._timeout\n        while True:\n            try:\n                value = method(self._driver)\n                if value:\n                    return value\n            except self._ignored_exceptions as exc:\n                screen = getattr(exc, 'screen', None)\n                stacktrace = getattr(exc, 'stacktrace', None)\n            time.sleep(self._poll)\n            if time.time() > end_time:\n                break\n>       raise TimeoutException(message, screen, stacktrace)\nE       selenium.common.exceptions.TimeoutException: Message:\n\n..\\venv\\lib\\site-packages\\selenium\\webdriver\\support\\wait.py:80: TimeoutException",
  "flaky" : false,
  "newFailed" : false,
  "beforeStages" : [ ],
  "testStage" : {
    "description" : "测试 http://10.10.128.152:10053/user/register 中小微企业注册流程",
    "status" : "broken",
    "statusMessage" : "selenium.common.exceptions.TimeoutException: Message:",
    "statusTrace" : "@pytest.mark.run(order=1)\n    @allure.severity(\"blocker\")\n    @allure.description(\"测试 http://10.10.128.152:10053/user/register 中小微企业注册流程\")\n    @allure.testcase(\"http://10.10.128.152:10053/user/register\", \"注册 \uD83D\uDC47\")\n    def test_companyRegister():\n        def_name = sys._getframe().f_code.co_name\n        test_Assert = Assert.Assertions(def_name)\n        logger.info(\"开始执行脚本%s:\\n\", def_name)\n    \n        driver = webdriver.Chrome()\n        driver.maximize_window()\n        driver.get(url_forward)\n        # db中清除已注册的账户\n        deleteAct()\n        logger.info(\"对已注册的账户进行删除操作\")\n        sleep(1)\n>       waitUntilClick(driver, loginOn.btn_agree_css.value)\n\ntest_flow\\test_Authentication\\test_login.py:58: \n_ _ _ _ _ _ _ _ _ _ _ _ _ _ _ _ _ _ _ _ _ _ _ _ _ _ _ _ _ _ _ _ _ _ _ _ _ _ _ _\ncommon\\BaseFunction.py:23: in waitUntilClick\n    WebDriverWait(driver, 30).until(EC.element_to_be_clickable((By.CSS_SELECTOR, ByCss)))\n_ _ _ _ _ _ _ _ _ _ _ _ _ _ _ _ _ _ _ _ _ _ _ _ _ _ _ _ _ _ _ _ _ _ _ _ _ _ _ _\n\nself = <selenium.webdriver.support.wait.WebDriverWait (session=\"e7d60c36f4d32ca019c00a6deded08ba\")>\nmethod = <selenium.webdriver.support.expected_conditions.element_to_be_clickable object at 0x00000225F9641CD0>\nmessage = ''\n\n    def until(self, method, message=''):\n        \"\"\"Calls the method provided with the driver as an argument until the \\\n        return value is not False.\"\"\"\n        screen = None\n        stacktrace = None\n    \n        end_time = time.time() + self._timeout\n        while True:\n            try:\n                value = method(self._driver)\n                if value:\n                    return value\n            except self._ignored_exceptions as exc:\n                screen = getattr(exc, 'screen', None)\n                stacktrace = getattr(exc, 'stacktrace', None)\n            time.sleep(self._poll)\n            if time.time() > end_time:\n                break\n>       raise TimeoutException(message, screen, stacktrace)\nE       selenium.common.exceptions.TimeoutException: Message:\n\n..\\venv\\lib\\site-packages\\selenium\\webdriver\\support\\wait.py:80: TimeoutException",
    "steps" : [ ],
    "attachments" : [ {
      "uid" : "70f6356aeabebc39",
      "name" : "log",
      "source" : "70f6356aeabebc39.txt",
      "type" : "text/plain",
      "size" : 168
    }, {
      "uid" : "fb6ddea9694280e9",
      "name" : "stdout",
      "source" : "fb6ddea9694280e9.txt",
      "type" : "text/plain",
      "size" : 189
    }, {
      "uid" : "2d9296d40ed402d8",
      "name" : "stderr",
      "source" : "2d9296d40ed402d8.txt",
      "type" : "text/plain",
      "size" : 259
    } ],
    "parameters" : [ ],
    "hasContent" : true,
    "stepsCount" : 0,
    "attachmentsCount" : 3,
    "shouldDisplayMessage" : true
  },
  "afterStages" : [ ],
  "labels" : [ {
    "name" : "severity",
    "value" : "blocker"
  }, {
    "name" : "tag",
    "value" : "run(order=1)"
  }, {
    "name" : "parentSuite",
    "value" : "test_flow.test_Authentication"
  }, {
    "name" : "suite",
    "value" : "test_login"
  }, {
    "name" : "host",
    "value" : "A02-03-00033"
  }, {
    "name" : "thread",
    "value" : "12668-MainThread"
  }, {
    "name" : "framework",
    "value" : "pytest"
  }, {
    "name" : "language",
    "value" : "cpython3"
  }, {
    "name" : "package",
    "value" : "test_flow.test_Authentication.test_login"
  }, {
    "name" : "resultFormat",
    "value" : "allure2"
  } ],
  "parameters" : [ ],
  "links" : [ {
    "name" : "注册 \uD83D\uDC47",
    "url" : "http://10.10.128.152:10053/user/register",
    "type" : "test_case"
  } ],
  "hidden" : true,
  "retry" : true,
  "extra" : {
    "categories" : [ ],
    "tags" : [ "run(order=1)" ]
  },
  "source" : "bb8c0cf4a1a27130.json",
  "parameterValues" : [ ]
}