{
  "uid" : "bdbd319d9d7e1634",
  "name" : "test_infoReg",
  "fullName" : "test_flow.test_Authentication.test_personalInfoReg#test_infoReg",
  "historyId" : "28dda5313ff182aeade3becf47df4372",
  "time" : {
    "start" : 1596697359323,
    "stop" : 1596697410594,
    "duration" : 51271
  },
  "description" : "测试 http://10.10.128.152:10053/personal/set/certification 个人实名认证",
  "descriptionHtml" : "<p>测试 http://10.10.128.152:10053/personal/set/certification 个人实名认证</p>\n",
  "status" : "broken",
  "statusMessage" : "selenium.common.exceptions.TimeoutException: Message:",
  "statusTrace" : "@pytest.mark.run(order=1)\n    @allure.severity(\"blocker\")\n    @allure.description(\"测试 http://10.10.128.152:10053/personal/set/certification 个人实名认证\")\n    @allure.testcase(\"http://10.10.128.152:10053/personal/set/certification\", \"个人实名认证 \uD83D\uDC47\")\n    def test_infoReg():\n        def_name = sys._getframe().f_code.co_name\n        test_Assert = Assert.Assertions(def_name)\n        logger.info(\"开始执行脚本%s:\\n\", def_name)\n    \n        # 对个人信息企业信息进行删除操作\n        deletePerInforAndComInfor()\n        logger.info(\"对个人信息企业信息进行删除操作\")\n    \n        driver = webdriver.Chrome()\n        driver.maximize_window()\n        driver.get(\"http://10.10.128.152:10053/user/login\")\n    \n        # 登陆页面\n        login(driver)\n    \n        waitUntilDisplay(driver, loginOn.link_home_css.value)\n        homeText = driver.find_element_by_css_selector(loginOn.link_home_css.value)\n    \n        test_Assert.assert_text_ui(homeText.text, '首页')\n        logger.info(\"进入登陆页面\")\n    \n        waitUntilDisplay(driver, path_personalInfoReg.txt_aut_css.value)\n        titleText = driver.find_element_by_css_selector(path_personalInfoReg.txt_aut_css.value)\n        test_Assert.assert_text_ui(titleText.text, '实名认证')\n        logger.info(\"实名认证画面成功显示\")\n    \n        name = yamldict['test_personalInfoRegList']['name']\n        idNum = yamldict['test_personalInfoRegList']['id_card']\n    \n        driver.find_element_by_css_selector(path_personalInfoReg.input_name_css.value).send_keys(name)\n        driver.find_element_by_css_selector(path_personalInfoReg.input_idNum_css.value).send_keys(idNum)\n        BaseFunction.waitUntilClick(driver, path_personalInfoReg.btn_phoneNum_css.value)\n        driver.find_element_by_css_selector(path_personalInfoReg.btn_phoneNum_css.value).click()\n    \n        sleep(20)\n    \n        picture_dir = os.getcwd()\n        pcture_dirOne = '\\\\test_data\\\\picture\\\\id_1.jpg'\n        pcture_dirTwo = '\\\\test_data\\\\picture\\\\id_2.jpg'\n        driver.find_element_by_css_selector(path_personalInfoReg.file_idPicture1_css.value).send_keys(\n            picture_dir + pcture_dirOne)\n        BaseFunction.waitUntilDisplay(driver, path_personalInfoReg.btn_uplaodPicture1_css.value)\n        driver.find_element_by_css_selector(path_personalInfoReg.file_idPicture2_css.value).send_keys(\n            picture_dir + pcture_dirTwo)\n        BaseFunction.waitUntilDisplay(driver, path_personalInfoReg.btn_uplaodPicture2_css.value)\n        waitUntilClick(driver, path_personalInfoReg.btn_aut_css.value)\n        driver.find_element_by_css_selector(path_personalInfoReg.btn_aut_css.value).click()\n    \n>       BaseFunction.waitUntilDisplay(driver, path_personalInfoReg.txt_auting_css.value)\n\ntest_flow\\test_Authentication\\test_personalInfoReg.py:77: \n_ _ _ _ _ _ _ _ _ _ _ _ _ _ _ _ _ _ _ _ _ _ _ _ _ _ _ _ _ _ _ _ _ _ _ _ _ _ _ _\ncommon\\BaseFunction.py:10: in waitUntilDisplay\n    WebDriverWait(driver, 20).until(EC.presence_of_element_located((By.CSS_SELECTOR, ByCss)))\n_ _ _ _ _ _ _ _ _ _ _ _ _ _ _ _ _ _ _ _ _ _ _ _ _ _ _ _ _ _ _ _ _ _ _ _ _ _ _ _\n\nself = <selenium.webdriver.support.wait.WebDriverWait (session=\"182a4a5a4982649e3cc71291860c3fb9\")>\nmethod = <selenium.webdriver.support.expected_conditions.presence_of_element_located object at 0x00000211A3B3F580>\nmessage = ''\n\n    def until(self, method, message=''):\n        \"\"\"Calls the method provided with the driver as an argument until the \\\n        return value is not False.\"\"\"\n        screen = None\n        stacktrace = None\n    \n        end_time = time.time() + self._timeout\n        while True:\n            try:\n                value = method(self._driver)\n                if value:\n                    return value\n            except self._ignored_exceptions as exc:\n                screen = getattr(exc, 'screen', None)\n                stacktrace = getattr(exc, 'stacktrace', None)\n            time.sleep(self._poll)\n            if time.time() > end_time:\n                break\n>       raise TimeoutException(message, screen, stacktrace)\nE       selenium.common.exceptions.TimeoutException: Message:\n\n..\\venv\\lib\\site-packages\\selenium\\webdriver\\support\\wait.py:80: TimeoutException",
  "flaky" : false,
  "newFailed" : false,
  "beforeStages" : [ ],
  "testStage" : {
    "description" : "测试 http://10.10.128.152:10053/personal/set/certification 个人实名认证",
    "status" : "broken",
    "statusMessage" : "selenium.common.exceptions.TimeoutException: Message:",
    "statusTrace" : "@pytest.mark.run(order=1)\n    @allure.severity(\"blocker\")\n    @allure.description(\"测试 http://10.10.128.152:10053/personal/set/certification 个人实名认证\")\n    @allure.testcase(\"http://10.10.128.152:10053/personal/set/certification\", \"个人实名认证 \uD83D\uDC47\")\n    def test_infoReg():\n        def_name = sys._getframe().f_code.co_name\n        test_Assert = Assert.Assertions(def_name)\n        logger.info(\"开始执行脚本%s:\\n\", def_name)\n    \n        # 对个人信息企业信息进行删除操作\n        deletePerInforAndComInfor()\n        logger.info(\"对个人信息企业信息进行删除操作\")\n    \n        driver = webdriver.Chrome()\n        driver.maximize_window()\n        driver.get(\"http://10.10.128.152:10053/user/login\")\n    \n        # 登陆页面\n        login(driver)\n    \n        waitUntilDisplay(driver, loginOn.link_home_css.value)\n        homeText = driver.find_element_by_css_selector(loginOn.link_home_css.value)\n    \n        test_Assert.assert_text_ui(homeText.text, '首页')\n        logger.info(\"进入登陆页面\")\n    \n        waitUntilDisplay(driver, path_personalInfoReg.txt_aut_css.value)\n        titleText = driver.find_element_by_css_selector(path_personalInfoReg.txt_aut_css.value)\n        test_Assert.assert_text_ui(titleText.text, '实名认证')\n        logger.info(\"实名认证画面成功显示\")\n    \n        name = yamldict['test_personalInfoRegList']['name']\n        idNum = yamldict['test_personalInfoRegList']['id_card']\n    \n        driver.find_element_by_css_selector(path_personalInfoReg.input_name_css.value).send_keys(name)\n        driver.find_element_by_css_selector(path_personalInfoReg.input_idNum_css.value).send_keys(idNum)\n        BaseFunction.waitUntilClick(driver, path_personalInfoReg.btn_phoneNum_css.value)\n        driver.find_element_by_css_selector(path_personalInfoReg.btn_phoneNum_css.value).click()\n    \n        sleep(20)\n    \n        picture_dir = os.getcwd()\n        pcture_dirOne = '\\\\test_data\\\\picture\\\\id_1.jpg'\n        pcture_dirTwo = '\\\\test_data\\\\picture\\\\id_2.jpg'\n        driver.find_element_by_css_selector(path_personalInfoReg.file_idPicture1_css.value).send_keys(\n            picture_dir + pcture_dirOne)\n        BaseFunction.waitUntilDisplay(driver, path_personalInfoReg.btn_uplaodPicture1_css.value)\n        driver.find_element_by_css_selector(path_personalInfoReg.file_idPicture2_css.value).send_keys(\n            picture_dir + pcture_dirTwo)\n        BaseFunction.waitUntilDisplay(driver, path_personalInfoReg.btn_uplaodPicture2_css.value)\n        waitUntilClick(driver, path_personalInfoReg.btn_aut_css.value)\n        driver.find_element_by_css_selector(path_personalInfoReg.btn_aut_css.value).click()\n    \n>       BaseFunction.waitUntilDisplay(driver, path_personalInfoReg.txt_auting_css.value)\n\ntest_flow\\test_Authentication\\test_personalInfoReg.py:77: \n_ _ _ _ _ _ _ _ _ _ _ _ _ _ _ _ _ _ _ _ _ _ _ _ _ _ _ _ _ _ _ _ _ _ _ _ _ _ _ _\ncommon\\BaseFunction.py:10: in waitUntilDisplay\n    WebDriverWait(driver, 20).until(EC.presence_of_element_located((By.CSS_SELECTOR, ByCss)))\n_ _ _ _ _ _ _ _ _ _ _ _ _ _ _ _ _ _ _ _ _ _ _ _ _ _ _ _ _ _ _ _ _ _ _ _ _ _ _ _\n\nself = <selenium.webdriver.support.wait.WebDriverWait (session=\"182a4a5a4982649e3cc71291860c3fb9\")>\nmethod = <selenium.webdriver.support.expected_conditions.presence_of_element_located object at 0x00000211A3B3F580>\nmessage = ''\n\n    def until(self, method, message=''):\n        \"\"\"Calls the method provided with the driver as an argument until the \\\n        return value is not False.\"\"\"\n        screen = None\n        stacktrace = None\n    \n        end_time = time.time() + self._timeout\n        while True:\n            try:\n                value = method(self._driver)\n                if value:\n                    return value\n            except self._ignored_exceptions as exc:\n                screen = getattr(exc, 'screen', None)\n                stacktrace = getattr(exc, 'stacktrace', None)\n            time.sleep(self._poll)\n            if time.time() > end_time:\n                break\n>       raise TimeoutException(message, screen, stacktrace)\nE       selenium.common.exceptions.TimeoutException: Message:\n\n..\\venv\\lib\\site-packages\\selenium\\webdriver\\support\\wait.py:80: TimeoutException",
    "steps" : [ ],
    "attachments" : [ {
      "uid" : "5f6e4320eb153212",
      "name" : "log",
      "source" : "5f6e4320eb153212.txt",
      "type" : "text/plain",
      "size" : 584
    }, {
      "uid" : "7d3ad27dbdeba249",
      "name" : "stdout",
      "source" : "7d3ad27dbdeba249.txt",
      "type" : "text/plain",
      "size" : 335
    }, {
      "uid" : "8102e7edb648c1db",
      "name" : "stderr",
      "source" : "8102e7edb648c1db.txt",
      "type" : "text/plain",
      "size" : 855
    } ],
    "parameters" : [ ],
    "stepsCount" : 0,
    "hasContent" : true,
    "shouldDisplayMessage" : true,
    "attachmentsCount" : 3
  },
  "afterStages" : [ ],
  "labels" : [ {
    "name" : "severity",
    "value" : "blocker"
  }, {
    "name" : "tag",
    "value" : "run(order=1)"
  }, {
    "name" : "parentSuite",
    "value" : "test_flow.test_Authentication"
  }, {
    "name" : "suite",
    "value" : "test_personalInfoReg"
  }, {
    "name" : "host",
    "value" : "A02-03-00033"
  }, {
    "name" : "thread",
    "value" : "4060-MainThread"
  }, {
    "name" : "framework",
    "value" : "pytest"
  }, {
    "name" : "language",
    "value" : "cpython3"
  }, {
    "name" : "package",
    "value" : "test_flow.test_Authentication.test_personalInfoReg"
  }, {
    "name" : "resultFormat",
    "value" : "allure2"
  } ],
  "parameters" : [ ],
  "links" : [ {
    "name" : "个人实名认证 \uD83D\uDC47",
    "url" : "http://10.10.128.152:10053/personal/set/certification",
    "type" : "test_case"
  } ],
  "hidden" : false,
  "retry" : false,
  "extra" : {
    "severity" : "blocker",
    "retries" : [ {
      "uid" : "9d1e5a7f773010c7",
      "status" : "broken",
      "statusDetails" : "selenium.common.exceptions.WebDriverException: Message: chrome not reachable\n  (Session info: chrome=74.0.3729.108)\n  (Driver info: chromedriver=74.0.3729.6 (255758eccf3d244491b8a1317aa76e1ce10d57e9-refs/branch-heads/3729@{#29}),platform=Windows NT 10.0.18362 x86_64)",
      "time" : {
        "start" : 1596695824945,
        "stop" : 1596695886926,
        "duration" : 61981
      }
    }, {
      "uid" : "d1b12b2ca19f8c9c",
      "status" : "broken",
      "statusDetails" : "selenium.common.exceptions.TimeoutException: Message:",
      "time" : {
        "start" : 1596694792490,
        "stop" : 1596694822897,
        "duration" : 30407
      }
    }, {
      "uid" : "6394bb458e269dba",
      "status" : "broken",
      "statusDetails" : "TypeError: Sqldata() takes 2 positional arguments but 3 were given",
      "time" : {
        "start" : 1596694703132,
        "stop" : 1596694703136,
        "duration" : 4
      }
    }, {
      "uid" : "15b8b44f36344fe7",
      "status" : "broken",
      "statusDetails" : "TypeError: Sqldata() takes 2 positional arguments but 3 were given",
      "time" : {
        "start" : 1596694690351,
        "stop" : 1596694690354,
        "duration" : 3
      }
    }, {
      "uid" : "71a1f3f456d00bc4",
      "status" : "passed",
      "time" : {
        "start" : 1596692434076,
        "stop" : 1596692515497,
        "duration" : 81421
      }
    }, {
      "uid" : "419a9201619d5690",
      "status" : "passed",
      "time" : {
        "start" : 1596691144946,
        "stop" : 1596691156283,
        "duration" : 11337
      }
    }, {
      "uid" : "8784fbb46a0f01e7",
      "status" : "passed",
      "time" : {
        "start" : 1596690811596,
        "stop" : 1596690826825,
        "duration" : 15229
      }
    }, {
      "uid" : "3bc2e28f11089d2f",
      "status" : "broken",
      "statusDetails" : "selenium.common.exceptions.TimeoutException: Message:",
      "time" : {
        "start" : 1596690708331,
        "stop" : 1596690760001,
        "duration" : 51670
      }
    }, {
      "uid" : "57a240caf332433",
      "status" : "broken",
      "statusDetails" : "selenium.common.exceptions.NoSuchElementException: Message: no such element: Unable to locate element: {\"method\":\"css selector\",\"selector\":\"#idCardFace\"}\n  (Session info: chrome=74.0.3729.108)\n  (Driver info: chromedriver=74.0.3729.6 (255758eccf3d244491b8a1317aa76e1ce10d57e9-refs/branch-heads/3729@{#29}),platform=Windows NT 10.0.18362 x86_64)",
      "time" : {
        "start" : 1596690637827,
        "stop" : 1596690671062,
        "duration" : 33235
      }
    }, {
      "uid" : "9b23882b751df419",
      "status" : "broken",
      "statusDetails" : "selenium.common.exceptions.TimeoutException: Message:",
      "time" : {
        "start" : 1596690270510,
        "stop" : 1596690302090,
        "duration" : 31580
      }
    }, {
      "uid" : "23962ba4ae674490",
      "status" : "broken",
      "statusDetails" : "selenium.common.exceptions.NoSuchElementException: Message: no such element: Unable to locate element: {\"method\":\"css selector\",\"selector\":\"#idCardFace\"}\n  (Session info: chrome=74.0.3729.108)\n  (Driver info: chromedriver=74.0.3729.6 (255758eccf3d244491b8a1317aa76e1ce10d57e9-refs/branch-heads/3729@{#29}),platform=Windows NT 10.0.18362 x86_64)",
      "time" : {
        "start" : 1596689712959,
        "stop" : 1596689724027,
        "duration" : 11068
      }
    }, {
      "uid" : "ca2e347c16e6efb3",
      "status" : "broken",
      "statusDetails" : "selenium.common.exceptions.InvalidArgumentException: Message: invalid argument: File not found : C:\\Users\\shaojunshuai\\PycharmProjects\\AutoTest-python\\Auto_Test\\test_data\\picture\\id_1\n  (Session info: chrome=74.0.3729.108)\n  (Driver info: chromedriver=74.0.3729.6 (255758eccf3d244491b8a1317aa76e1ce10d57e9-refs/branch-heads/3729@{#29}),platform=Windows NT 10.0.18362 x86_64)",
      "time" : {
        "start" : 1596689606175,
        "stop" : 1596689617274,
        "duration" : 11099
      }
    }, {
      "uid" : "d603454cfca1f503",
      "status" : "broken",
      "statusDetails" : "selenium.common.exceptions.InvalidArgumentException: Message: invalid argument: File not found : C:\\Users\\shaojunshuai\\PycharmProjects\\AutoTest-python\\Auto_Test/test_data/picture/id_1\n  (Session info: chrome=74.0.3729.108)\n  (Driver info: chromedriver=74.0.3729.6 (255758eccf3d244491b8a1317aa76e1ce10d57e9-refs/branch-heads/3729@{#29}),platform=Windows NT 10.0.18362 x86_64)",
      "time" : {
        "start" : 1596689474852,
        "stop" : 1596689485863,
        "duration" : 11011
      }
    }, {
      "uid" : "df8f262c92ea5aa8",
      "status" : "broken",
      "statusDetails" : "selenium.common.exceptions.InvalidArgumentException: Message: invalid argument: File not found : C:\\Users\\shaojunshuai\\PycharmProjects\\AutoTest-python\\Auto_Test/test_data/picture/id_1\n  (Session info: chrome=74.0.3729.108)\n  (Driver info: chromedriver=74.0.3729.6 (255758eccf3d244491b8a1317aa76e1ce10d57e9-refs/branch-heads/3729@{#29}),platform=Windows NT 10.0.18362 x86_64)",
      "time" : {
        "start" : 1596689385609,
        "stop" : 1596689415512,
        "duration" : 29903
      }
    }, {
      "uid" : "6fe2af7e1f6bd5f9",
      "status" : "broken",
      "statusDetails" : "selenium.common.exceptions.InvalidArgumentException: Message: invalid argument: File not found : C:\\Users\\shaojunshuai\\PycharmProjects\\AutoTest-python\\Auto_Test/test_flow/test_data/picture/id_1\n  (Session info: chrome=74.0.3729.108)\n  (Driver info: chromedriver=74.0.3729.6 (255758eccf3d244491b8a1317aa76e1ce10d57e9-refs/branch-heads/3729@{#29}),platform=Windows NT 10.0.18362 x86_64)",
      "time" : {
        "start" : 1596689266848,
        "stop" : 1596689277955,
        "duration" : 11107
      }
    }, {
      "uid" : "a26578131713bcd",
      "status" : "passed",
      "time" : {
        "start" : 1596683606357,
        "stop" : 1596683784330,
        "duration" : 177973
      }
    }, {
      "uid" : "53f7beb95c8aa6a",
      "status" : "broken",
      "statusDetails" : "selenium.common.exceptions.InvalidSelectorException: Message: invalid selector: Unable to locate an element with the xpath expression #root > div > div.content___17Zvm > div > div.main___1rkrS > div > div > div > div > form > div:nth-child(3) > span because of the following error:\nSyntaxError: Failed to execute 'evaluate' on 'Document': The string '#root > div > div.content___17Zvm > div > div.main___1rkrS > div > div > div > div > form > div:nth-child(3) > span' is not a valid XPath expression.\n  (Session info: chrome=74.0.3729.108)\n  (Driver info: chromedriver=74.0.3729.6 (255758eccf3d244491b8a1317aa76e1ce10d57e9-refs/branch-heads/3729@{#29}),platform=Windows NT 10.0.18362 x86_64)",
      "time" : {
        "start" : 1596683547002,
        "stop" : 1596683564621,
        "duration" : 17619
      }
    }, {
      "uid" : "9da2cfb283f0a5bd",
      "status" : "broken",
      "statusDetails" : "selenium.common.exceptions.InvalidSelectorException: Message: invalid selector: Unable to locate an element with the xpath expression #root > div > div.content___17Zvm > div > div.main___1rkrS > div > div > div > div > form > div:nth-child(3) > span because of the following error:\nSyntaxError: Failed to execute 'evaluate' on 'Document': The string '#root > div > div.content___17Zvm > div > div.main___1rkrS > div > div > div > div > form > div:nth-child(3) > span' is not a valid XPath expression.\n  (Session info: chrome=74.0.3729.108)\n  (Driver info: chromedriver=74.0.3729.6 (255758eccf3d244491b8a1317aa76e1ce10d57e9-refs/branch-heads/3729@{#29}),platform=Windows NT 10.0.18362 x86_64)",
      "time" : {
        "start" : 1596683485718,
        "stop" : 1596683496712,
        "duration" : 10994
      }
    }, {
      "uid" : "35ac1f22222bffeb",
      "status" : "broken",
      "statusDetails" : "AttributeError: module 'common.BaseFunction' has no attribute 'waitUntilClick_css'",
      "time" : {
        "start" : 1596683438810,
        "stop" : 1596683451401,
        "duration" : 12591
      }
    }, {
      "uid" : "d9e2188c90a8529b",
      "status" : "broken",
      "statusDetails" : "TypeError: waitUntilClick_xpath() missing 1 required positional argument: 'ByXpath'",
      "time" : {
        "start" : 1596683321484,
        "stop" : 1596683345525,
        "duration" : 24041
      }
    }, {
      "uid" : "9d6b757b26fd7",
      "status" : "broken",
      "statusDetails" : "TypeError: waitUntilClick_class() missing 1 required positional argument: 'ByXpath'",
      "time" : {
        "start" : 1596683109893,
        "stop" : 1596683125202,
        "duration" : 15309
      }
    }, {
      "uid" : "cb5e21c874a0bac2",
      "status" : "broken",
      "statusDetails" : "TypeError: waitUntilClick_xpath() missing 1 required positional argument: 'ByXpath'",
      "time" : {
        "start" : 1596682952680,
        "stop" : 1596682969845,
        "duration" : 17165
      }
    }, {
      "uid" : "8a89b038849d6f1b",
      "status" : "broken",
      "statusDetails" : "TypeError: waitUntilClick() missing 1 required positional argument: 'ByCss'",
      "time" : {
        "start" : 1596682720051,
        "stop" : 1596682734854,
        "duration" : 14803
      }
    }, {
      "uid" : "85fcba0940d5402e",
      "status" : "broken",
      "statusDetails" : "TypeError: waitUntilClick() missing 1 required positional argument: 'ByCss'",
      "time" : {
        "start" : 1596682593146,
        "stop" : 1596682604181,
        "duration" : 11035
      }
    }, {
      "uid" : "b120e49f639f7512",
      "status" : "broken",
      "statusDetails" : "TypeError: waitUntilClick() missing 1 required positional argument: 'ByCss'",
      "time" : {
        "start" : 1596682541196,
        "stop" : 1596682577130,
        "duration" : 35934
      }
    }, {
      "uid" : "df426626ca01ae34",
      "status" : "broken",
      "statusDetails" : "TypeError: waitUntilClick() missing 1 required positional argument: 'ByCss'",
      "time" : {
        "start" : 1596682401968,
        "stop" : 1596682438709,
        "duration" : 36741
      }
    }, {
      "uid" : "159cd9a43d4a69bc",
      "status" : "broken",
      "statusDetails" : "TypeError: waitUntilClick() missing 1 required positional argument: 'ByCss'",
      "time" : {
        "start" : 1596682312758,
        "stop" : 1596682343795,
        "duration" : 31037
      }
    }, {
      "uid" : "c6eaab37379f9bce",
      "status" : "broken",
      "statusDetails" : "selenium.common.exceptions.NoSuchElementException: Message: no such element: Unable to locate element: {\"method\":\"css selector\",\"selector\":\"#root > div > div.content___17Zvm > div > div.main___1rkrS > div > div > div > div > h5\"}\n  (Session info: chrome=74.0.3729.108)\n  (Driver info: chromedriver=74.0.3729.6 (255758eccf3d244491b8a1317aa76e1ce10d57e9-refs/branch-heads/3729@{#29}),platform=Windows NT 10.0.18362 x86_64)",
      "time" : {
        "start" : 1596682265024,
        "stop" : 1596682275520,
        "duration" : 10496
      }
    }, {
      "uid" : "ad680d5c58daa8c4",
      "status" : "broken",
      "statusDetails" : "pymysql.err.ProgrammingError: (1064, \"You have an error in your SQL syntax; check the manual that corresponds to your MySQL server version for the right syntax to use near 'a left join `chengtay-zcd`.enterprise_account b on a.id = b.enterpriseId where b' at line 1\")",
      "time" : {
        "start" : 1596681212802,
        "stop" : 1596681290045,
        "duration" : 77243
      }
    }, {
      "uid" : "25c7c7b146d3ea1e",
      "status" : "broken",
      "statusDetails" : "pymysql.err.ProgrammingError: (1064, \"You have an error in your SQL syntax; check the manual that corresponds to your MySQL server version for the right syntax to use near 'a left join `chengtay-zcd`.enterprise_account b on a.id = b.enterpriseId where b' at line 1\")",
      "time" : {
        "start" : 1596681176080,
        "stop" : 1596681176109,
        "duration" : 29
      }
    }, {
      "uid" : "1a15bf2f1d65f9a6",
      "status" : "broken",
      "statusDetails" : "pymysql.err.ProgrammingError: (1064, \"You have an error in your SQL syntax; check the manual that corresponds to your MySQL server version for the right syntax to use near 'a left join `chengtay-zcd`.enterprise_account b on a.id = b.enterpriseId where b' at line 1\")",
      "time" : {
        "start" : 1596681138963,
        "stop" : 1596681139000,
        "duration" : 37
      }
    }, {
      "uid" : "3881b7f54b8a5ffc",
      "status" : "passed",
      "time" : {
        "start" : 1596677955858,
        "stop" : 1596677966165,
        "duration" : 10307
      }
    }, {
      "uid" : "f10428c36da189b",
      "status" : "passed",
      "time" : {
        "start" : 1596677795481,
        "stop" : 1596677805661,
        "duration" : 10180
      }
    }, {
      "uid" : "b40bea2a2b9970c2",
      "status" : "passed",
      "time" : {
        "start" : 1596677758628,
        "stop" : 1596677768930,
        "duration" : 10302
      }
    } ],
    "categories" : [ {
      "name" : "Test defects",
      "matchedStatuses" : [ ],
      "flaky" : false
    } ],
    "tags" : [ "run(order=1)" ]
  },
  "source" : "bdbd319d9d7e1634.json",
  "parameterValues" : [ ]
}