{
  "uid" : "c18b6551808ba4e7",
  "name" : "test_Tripartite_interaction",
  "fullName" : "test_flow.test_Tripartite_interaction.test_Tripartite_interaction#test_Tripartite_interaction",
  "historyId" : "d91e7b4392163e0b46289a9f8b97b16c",
  "time" : {
    "start" : 1606280225174,
    "stop" : 1606280273539,
    "duration" : 48365
  },
  "description" : "测试 http://10.10.128.152:10052/#/account/login 三方（企业，银行，前端）交互",
  "descriptionHtml" : "<p>测试 http://10.10.128.152:10052/#/account/login 三方（企业，银行，前端）交互</p>\n",
  "status" : "broken",
  "statusMessage" : "selenium.common.exceptions.TimeoutException: Message:",
  "statusTrace" : "@pytest.mark.run(order=-1)\n    @allure.severity(\"blocker\")\n    @allure.description(\"测试 http://10.10.128.152:10052/#/account/login 三方（企业，银行，前端）交互\")\n    @allure.testcase(\"http://10.10.128.152:10052/#/account/login\", \"三方（企业，银行，前端）交互 \uD83D\uDC47\")\n    def test_Tripartite_interaction():\n        def_name = sys._getframe().f_code.co_name\n        logger.info(\"开始执行脚本%s:\\n\", def_name)\n    \n        # 前端账户授信申请\n        if runMode == 'UI':\n            driver_forward = webdriver.Chrome(executable_path=driverPath)\n            driver_forward.maximize_window()\n            driver_forward.get(url_forward)\n            logger.info('前端账户登录授信申请')\n            login(driver_forward)\n            sleep(2)\n>           creditExtension(driver_forward)\n\ntest_flow\\test_Tripartite_interaction\\test_Tripartite_interaction.py:154: \n_ _ _ _ _ _ _ _ _ _ _ _ _ _ _ _ _ _ _ _ _ _ _ _ _ _ _ _ _ _ _ _ _ _ _ _ _ _ _ _\ntest_flow\\test_Tripartite_interaction\\test_Tripartite_interaction.py:361: in creditExtension\n    waitUntilClick_xpath(driver_forward, path)\ncommon\\BaseFunction.py:52: in waitUntilClick_xpath\n    WebDriverWait(driver, 30).until(EC.element_to_be_clickable((By.XPATH, ByXpath)))\n_ _ _ _ _ _ _ _ _ _ _ _ _ _ _ _ _ _ _ _ _ _ _ _ _ _ _ _ _ _ _ _ _ _ _ _ _ _ _ _\n\nself = <selenium.webdriver.support.wait.WebDriverWait (session=\"7f7f768665eb827156cdada076c7abae\")>\nmethod = <selenium.webdriver.support.expected_conditions.element_to_be_clickable object at 0x000001F1BC7FB668>\nmessage = ''\n\n    def until(self, method, message=''):\n        \"\"\"Calls the method provided with the driver as an argument until the \\\n        return value is not False.\"\"\"\n        screen = None\n        stacktrace = None\n    \n        end_time = time.time() + self._timeout\n        while True:\n            try:\n                value = method(self._driver)\n                if value:\n                    return value\n            except self._ignored_exceptions as exc:\n                screen = getattr(exc, 'screen', None)\n                stacktrace = getattr(exc, 'stacktrace', None)\n            time.sleep(self._poll)\n            if time.time() > end_time:\n                break\n>       raise TimeoutException(message, screen, stacktrace)\nE       selenium.common.exceptions.TimeoutException: Message:\n\n..\\..\\..\\AppData\\Local\\Programs\\Python\\Python36\\lib\\site-packages\\selenium\\webdriver\\support\\wait.py:80: TimeoutException",
  "flaky" : false,
  "newFailed" : false,
  "beforeStages" : [ {
    "name" : "_session_faker",
    "time" : {
      "start" : 1606280018091,
      "stop" : 1606280018153,
      "duration" : 62
    },
    "status" : "passed",
    "steps" : [ ],
    "attachments" : [ ],
    "parameters" : [ ],
    "stepsCount" : 0,
    "hasContent" : false,
    "attachmentsCount" : 0,
    "shouldDisplayMessage" : false
  } ],
  "testStage" : {
    "description" : "测试 http://10.10.128.152:10052/#/account/login 三方（企业，银行，前端）交互",
    "status" : "broken",
    "statusMessage" : "selenium.common.exceptions.TimeoutException: Message:",
    "statusTrace" : "@pytest.mark.run(order=-1)\n    @allure.severity(\"blocker\")\n    @allure.description(\"测试 http://10.10.128.152:10052/#/account/login 三方（企业，银行，前端）交互\")\n    @allure.testcase(\"http://10.10.128.152:10052/#/account/login\", \"三方（企业，银行，前端）交互 \uD83D\uDC47\")\n    def test_Tripartite_interaction():\n        def_name = sys._getframe().f_code.co_name\n        logger.info(\"开始执行脚本%s:\\n\", def_name)\n    \n        # 前端账户授信申请\n        if runMode == 'UI':\n            driver_forward = webdriver.Chrome(executable_path=driverPath)\n            driver_forward.maximize_window()\n            driver_forward.get(url_forward)\n            logger.info('前端账户登录授信申请')\n            login(driver_forward)\n            sleep(2)\n>           creditExtension(driver_forward)\n\ntest_flow\\test_Tripartite_interaction\\test_Tripartite_interaction.py:154: \n_ _ _ _ _ _ _ _ _ _ _ _ _ _ _ _ _ _ _ _ _ _ _ _ _ _ _ _ _ _ _ _ _ _ _ _ _ _ _ _\ntest_flow\\test_Tripartite_interaction\\test_Tripartite_interaction.py:361: in creditExtension\n    waitUntilClick_xpath(driver_forward, path)\ncommon\\BaseFunction.py:52: in waitUntilClick_xpath\n    WebDriverWait(driver, 30).until(EC.element_to_be_clickable((By.XPATH, ByXpath)))\n_ _ _ _ _ _ _ _ _ _ _ _ _ _ _ _ _ _ _ _ _ _ _ _ _ _ _ _ _ _ _ _ _ _ _ _ _ _ _ _\n\nself = <selenium.webdriver.support.wait.WebDriverWait (session=\"7f7f768665eb827156cdada076c7abae\")>\nmethod = <selenium.webdriver.support.expected_conditions.element_to_be_clickable object at 0x000001F1BC7FB668>\nmessage = ''\n\n    def until(self, method, message=''):\n        \"\"\"Calls the method provided with the driver as an argument until the \\\n        return value is not False.\"\"\"\n        screen = None\n        stacktrace = None\n    \n        end_time = time.time() + self._timeout\n        while True:\n            try:\n                value = method(self._driver)\n                if value:\n                    return value\n            except self._ignored_exceptions as exc:\n                screen = getattr(exc, 'screen', None)\n                stacktrace = getattr(exc, 'stacktrace', None)\n            time.sleep(self._poll)\n            if time.time() > end_time:\n                break\n>       raise TimeoutException(message, screen, stacktrace)\nE       selenium.common.exceptions.TimeoutException: Message:\n\n..\\..\\..\\AppData\\Local\\Programs\\Python\\Python36\\lib\\site-packages\\selenium\\webdriver\\support\\wait.py:80: TimeoutException",
    "steps" : [ ],
    "attachments" : [ {
      "uid" : "301640960549bcd5",
      "name" : "log",
      "source" : "301640960549bcd5.txt",
      "type" : "text/plain",
      "size" : 477
    }, {
      "uid" : "657f8bc25ca58268",
      "name" : "stderr",
      "source" : "657f8bc25ca58268.txt",
      "type" : "text/plain",
      "size" : 703
    } ],
    "parameters" : [ ],
    "stepsCount" : 0,
    "hasContent" : true,
    "attachmentsCount" : 2,
    "shouldDisplayMessage" : true
  },
  "afterStages" : [ ],
  "labels" : [ {
    "name" : "severity",
    "value" : "blocker"
  }, {
    "name" : "tag",
    "value" : "run(order=-1)"
  }, {
    "name" : "parentSuite",
    "value" : "test_flow.test_Tripartite_interaction"
  }, {
    "name" : "suite",
    "value" : "test_Tripartite_interaction"
  }, {
    "name" : "host",
    "value" : "A02-03-00033"
  }, {
    "name" : "thread",
    "value" : "6072-MainThread"
  }, {
    "name" : "framework",
    "value" : "pytest"
  }, {
    "name" : "language",
    "value" : "cpython3"
  }, {
    "name" : "package",
    "value" : "test_flow.test_Tripartite_interaction.test_Tripartite_interaction"
  }, {
    "name" : "resultFormat",
    "value" : "allure2"
  } ],
  "parameters" : [ ],
  "links" : [ {
    "name" : "三方（企业，银行，前端）交互 \uD83D\uDC47",
    "url" : "http://10.10.128.152:10052/#/account/login",
    "type" : "test_case"
  } ],
  "hidden" : false,
  "retry" : false,
  "extra" : {
    "severity" : "blocker",
    "retries" : [ {
      "uid" : "b2f6f105ca0da400",
      "status" : "broken",
      "statusDetails" : "selenium.common.exceptions.WebDriverException: Message: 'chromedriver.exe' executable needs to be in PATH. Please see https://sites.google.com/a/chromium.org/chromedriver/home",
      "time" : {
        "start" : 1605852543473,
        "stop" : 1605852543473,
        "duration" : 0
      }
    }, {
      "uid" : "fd9e412a80c7090a",
      "status" : "broken",
      "statusDetails" : "selenium.common.exceptions.WebDriverException: Message: 'chromedriver.exe' executable needs to be in PATH. Please see https://sites.google.com/a/chromium.org/chromedriver/home",
      "time" : {
        "start" : 1605852509164,
        "stop" : 1605852509164,
        "duration" : 0
      }
    }, {
      "uid" : "8ea3054323905858",
      "status" : "broken",
      "statusDetails" : "selenium.common.exceptions.WebDriverException: Message: 'chromedriver.exe' executable needs to be in PATH. Please see https://sites.google.com/a/chromium.org/chromedriver/home",
      "time" : {
        "start" : 1605852453484,
        "stop" : 1605852453500,
        "duration" : 16
      }
    }, {
      "uid" : "934620a6979aab4",
      "status" : "broken",
      "statusDetails" : "selenium.common.exceptions.WebDriverException: Message: chrome not reachable\n  (Session info: chrome=74.0.3729.108)\n  (Driver info: chromedriver=74.0.3729.6 (255758eccf3d244491b8a1317aa76e1ce10d57e9-refs/branch-heads/3729@{#29}),platform=Windows NT 10.0.18363 x86_64)",
      "time" : {
        "start" : 1605157666993,
        "stop" : 1605157714666,
        "duration" : 47673
      }
    } ],
    "categories" : [ {
      "name" : "Test defects",
      "matchedStatuses" : [ ],
      "flaky" : false
    } ],
    "tags" : [ "run(order=-1)" ]
  },
  "source" : "c18b6551808ba4e7.json",
  "parameterValues" : [ ]
}