{
  "uid" : "c8d28dc6dc792d6d",
  "name" : "test_Tripartite_interaction",
  "fullName" : "test_flow.test_Tripartite_interaction.test_Tripartite_interaction#test_Tripartite_interaction",
  "historyId" : "d91e7b4392163e0b46289a9f8b97b16c",
  "time" : {
    "start" : 1600420574901,
    "stop" : 1600420617349,
    "duration" : 42448
  },
  "description" : "测试 http://10.10.128.152:10052/#/account/login 三方（企业，银行，前端）交互",
  "descriptionHtml" : "<p>测试 http://10.10.128.152:10052/#/account/login 三方（企业，银行，前端）交互</p>\n",
  "status" : "broken",
  "statusMessage" : "selenium.common.exceptions.TimeoutException: Message:",
  "statusTrace" : "@pytest.mark.run(order=-1)\n    @allure.severity(\"blocker\")\n    @allure.description(\"测试 http://10.10.128.152:10052/#/account/login 三方（企业，银行，前端）交互\")\n    @allure.testcase(\"http://10.10.128.152:10052/#/account/login\", \"三方（企业，银行，前端）交互 \uD83D\uDC47\")\n    def test_Tripartite_interaction():\n        def_name = sys._getframe().f_code.co_name\n        logger.info(\"开始执行脚本%s:\\n\", def_name)\n    \n        # # 前端账户授信申请\n        driver_forward = webdriver.Chrome()\n        driver_forward.maximize_window()\n        driver_forward.get(url_forward)\n        logger.info('前端账户登录授信申请')\n        login(driver_forward)\n>       creditExtension(driver_forward)\n\ntest_flow\\test_Tripartite_interaction\\test_Tripartite_interaction.py:145: \n_ _ _ _ _ _ _ _ _ _ _ _ _ _ _ _ _ _ _ _ _ _ _ _ _ _ _ _ _ _ _ _ _ _ _ _ _ _ _ _\ntest_flow\\test_Tripartite_interaction\\test_Tripartite_interaction.py:196: in creditExtension\n    waitUntilClick_xpath(driver_forward, path)\ncommon\\BaseFunction.py:38: in waitUntilClick_xpath\n    WebDriverWait(driver, 30).until(EC.element_to_be_clickable((By.XPATH, ByXpath)))\n_ _ _ _ _ _ _ _ _ _ _ _ _ _ _ _ _ _ _ _ _ _ _ _ _ _ _ _ _ _ _ _ _ _ _ _ _ _ _ _\n\nself = <selenium.webdriver.support.wait.WebDriverWait (session=\"edc1247334a99e7b8803266daefe2667\")>\nmethod = <selenium.webdriver.support.expected_conditions.element_to_be_clickable object at 0x000001BD9BD57730>\nmessage = ''\n\n    def until(self, method, message=''):\n        \"\"\"Calls the method provided with the driver as an argument until the \\\n        return value is not False.\"\"\"\n        screen = None\n        stacktrace = None\n    \n        end_time = time.time() + self._timeout\n        while True:\n            try:\n                value = method(self._driver)\n                if value:\n                    return value\n            except self._ignored_exceptions as exc:\n                screen = getattr(exc, 'screen', None)\n                stacktrace = getattr(exc, 'stacktrace', None)\n            time.sleep(self._poll)\n            if time.time() > end_time:\n                break\n>       raise TimeoutException(message, screen, stacktrace)\nE       selenium.common.exceptions.TimeoutException: Message:\n\n..\\venv\\lib\\site-packages\\selenium\\webdriver\\support\\wait.py:80: TimeoutException",
  "flaky" : false,
  "newFailed" : false,
  "beforeStages" : [ ],
  "testStage" : {
    "description" : "测试 http://10.10.128.152:10052/#/account/login 三方（企业，银行，前端）交互",
    "status" : "broken",
    "statusMessage" : "selenium.common.exceptions.TimeoutException: Message:",
    "statusTrace" : "@pytest.mark.run(order=-1)\n    @allure.severity(\"blocker\")\n    @allure.description(\"测试 http://10.10.128.152:10052/#/account/login 三方（企业，银行，前端）交互\")\n    @allure.testcase(\"http://10.10.128.152:10052/#/account/login\", \"三方（企业，银行，前端）交互 \uD83D\uDC47\")\n    def test_Tripartite_interaction():\n        def_name = sys._getframe().f_code.co_name\n        logger.info(\"开始执行脚本%s:\\n\", def_name)\n    \n        # # 前端账户授信申请\n        driver_forward = webdriver.Chrome()\n        driver_forward.maximize_window()\n        driver_forward.get(url_forward)\n        logger.info('前端账户登录授信申请')\n        login(driver_forward)\n>       creditExtension(driver_forward)\n\ntest_flow\\test_Tripartite_interaction\\test_Tripartite_interaction.py:145: \n_ _ _ _ _ _ _ _ _ _ _ _ _ _ _ _ _ _ _ _ _ _ _ _ _ _ _ _ _ _ _ _ _ _ _ _ _ _ _ _\ntest_flow\\test_Tripartite_interaction\\test_Tripartite_interaction.py:196: in creditExtension\n    waitUntilClick_xpath(driver_forward, path)\ncommon\\BaseFunction.py:38: in waitUntilClick_xpath\n    WebDriverWait(driver, 30).until(EC.element_to_be_clickable((By.XPATH, ByXpath)))\n_ _ _ _ _ _ _ _ _ _ _ _ _ _ _ _ _ _ _ _ _ _ _ _ _ _ _ _ _ _ _ _ _ _ _ _ _ _ _ _\n\nself = <selenium.webdriver.support.wait.WebDriverWait (session=\"edc1247334a99e7b8803266daefe2667\")>\nmethod = <selenium.webdriver.support.expected_conditions.element_to_be_clickable object at 0x000001BD9BD57730>\nmessage = ''\n\n    def until(self, method, message=''):\n        \"\"\"Calls the method provided with the driver as an argument until the \\\n        return value is not False.\"\"\"\n        screen = None\n        stacktrace = None\n    \n        end_time = time.time() + self._timeout\n        while True:\n            try:\n                value = method(self._driver)\n                if value:\n                    return value\n            except self._ignored_exceptions as exc:\n                screen = getattr(exc, 'screen', None)\n                stacktrace = getattr(exc, 'stacktrace', None)\n            time.sleep(self._poll)\n            if time.time() > end_time:\n                break\n>       raise TimeoutException(message, screen, stacktrace)\nE       selenium.common.exceptions.TimeoutException: Message:\n\n..\\venv\\lib\\site-packages\\selenium\\webdriver\\support\\wait.py:80: TimeoutException",
    "steps" : [ ],
    "attachments" : [ {
      "uid" : "a2e81dc21c3a9ce7",
      "name" : "log",
      "source" : "a2e81dc21c3a9ce7.txt",
      "type" : "text/plain",
      "size" : 477
    }, {
      "uid" : "346bc52a1f2b3dd",
      "name" : "stderr",
      "source" : "346bc52a1f2b3dd.txt",
      "type" : "text/plain",
      "size" : 703
    } ],
    "parameters" : [ ],
    "hasContent" : true,
    "stepsCount" : 0,
    "shouldDisplayMessage" : true,
    "attachmentsCount" : 2
  },
  "afterStages" : [ ],
  "labels" : [ {
    "name" : "severity",
    "value" : "blocker"
  }, {
    "name" : "tag",
    "value" : "run(order=-1)"
  }, {
    "name" : "parentSuite",
    "value" : "test_flow.test_Tripartite_interaction"
  }, {
    "name" : "suite",
    "value" : "test_Tripartite_interaction"
  }, {
    "name" : "host",
    "value" : "A02-03-00033"
  }, {
    "name" : "thread",
    "value" : "32328-MainThread"
  }, {
    "name" : "framework",
    "value" : "pytest"
  }, {
    "name" : "language",
    "value" : "cpython3"
  }, {
    "name" : "package",
    "value" : "test_flow.test_Tripartite_interaction.test_Tripartite_interaction"
  }, {
    "name" : "resultFormat",
    "value" : "allure2"
  } ],
  "parameters" : [ ],
  "links" : [ {
    "name" : "三方（企业，银行，前端）交互 \uD83D\uDC47",
    "url" : "http://10.10.128.152:10052/#/account/login",
    "type" : "test_case"
  } ],
  "hidden" : false,
  "retry" : false,
  "extra" : {
    "severity" : "blocker",
    "retries" : [ {
      "uid" : "b565a99278859aa6",
      "status" : "passed",
      "time" : {
        "start" : 1600415809729,
        "stop" : 1600415938792,
        "duration" : 129063
      }
    }, {
      "uid" : "ab8265faef90d5c",
      "status" : "passed",
      "time" : {
        "start" : 1600415331353,
        "stop" : 1600415481179,
        "duration" : 149826
      }
    }, {
      "uid" : "19e45b4c6de009a2",
      "status" : "broken",
      "statusDetails" : "selenium.common.exceptions.TimeoutException: Message:",
      "time" : {
        "start" : 1600407446841,
        "stop" : 1600407489134,
        "duration" : 42293
      }
    }, {
      "uid" : "4e6ac9bf36174382",
      "status" : "passed",
      "time" : {
        "start" : 1600393691990,
        "stop" : 1600393820067,
        "duration" : 128077
      }
    }, {
      "uid" : "b345c289be48ff35",
      "status" : "passed",
      "time" : {
        "start" : 1600333625923,
        "stop" : 1600333758841,
        "duration" : 132918
      }
    }, {
      "uid" : "84290e9827d598f4",
      "status" : "broken",
      "statusDetails" : "selenium.common.exceptions.TimeoutException: Message:",
      "time" : {
        "start" : 1600248330222,
        "stop" : 1600248378356,
        "duration" : 48134
      }
    }, {
      "uid" : "5730b239c0c8882a",
      "status" : "broken",
      "statusDetails" : "selenium.common.exceptions.TimeoutException: Message:",
      "time" : {
        "start" : 1600247582037,
        "stop" : 1600247624921,
        "duration" : 42884
      }
    }, {
      "uid" : "d351b9c20175ec0",
      "status" : "broken",
      "statusDetails" : "selenium.common.exceptions.TimeoutException: Message:",
      "time" : {
        "start" : 1600245276749,
        "stop" : 1600245324787,
        "duration" : 48038
      }
    }, {
      "uid" : "13fb41d44316fa91",
      "status" : "passed",
      "time" : {
        "start" : 1600243684324,
        "stop" : 1600243809236,
        "duration" : 124912
      }
    }, {
      "uid" : "ff8205a4b6f7928a",
      "status" : "passed",
      "time" : {
        "start" : 1600240587696,
        "stop" : 1600240764989,
        "duration" : 177293
      }
    }, {
      "uid" : "1baaf6e570092369",
      "status" : "broken",
      "statusDetails" : "selenium.common.exceptions.WebDriverException: Message: chrome not reachable\n  (Session info: chrome=74.0.3729.108)\n  (Driver info: chromedriver=74.0.3729.6 (255758eccf3d244491b8a1317aa76e1ce10d57e9-refs/branch-heads/3729@{#29}),platform=Windows NT 10.0.18362 x86_64)",
      "time" : {
        "start" : 1600240143313,
        "stop" : 1600240182609,
        "duration" : 39296
      }
    }, {
      "uid" : "9d2755f798050c87",
      "status" : "passed",
      "time" : {
        "start" : 1600237564176,
        "stop" : 1600237692477,
        "duration" : 128301
      }
    }, {
      "uid" : "7e2b23b89d547f0c",
      "status" : "broken",
      "statusDetails" : "selenium.common.exceptions.TimeoutException: Message:",
      "time" : {
        "start" : 1600236967506,
        "stop" : 1600237081241,
        "duration" : 113735
      }
    }, {
      "uid" : "9e056762f82265b8",
      "status" : "broken",
      "statusDetails" : "selenium.common.exceptions.WebDriverException: Message: chrome not reachable\n  (Session info: chrome=74.0.3729.108)\n  (Driver info: chromedriver=74.0.3729.6 (255758eccf3d244491b8a1317aa76e1ce10d57e9-refs/branch-heads/3729@{#29}),platform=Windows NT 10.0.18362 x86_64)",
      "time" : {
        "start" : 1600236627592,
        "stop" : 1600236660562,
        "duration" : 32970
      }
    }, {
      "uid" : "64cf0fb227aa9c4c",
      "status" : "broken",
      "statusDetails" : "selenium.common.exceptions.WebDriverException: Message: chrome not reachable\n  (Session info: chrome=74.0.3729.108)\n  (Driver info: chromedriver=74.0.3729.6 (255758eccf3d244491b8a1317aa76e1ce10d57e9-refs/branch-heads/3729@{#29}),platform=Windows NT 10.0.18362 x86_64)",
      "time" : {
        "start" : 1600224634421,
        "stop" : 1600224662490,
        "duration" : 28069
      }
    }, {
      "uid" : "aba8c4b37370d46a",
      "status" : "broken",
      "statusDetails" : "selenium.common.exceptions.WebDriverException: Message: chrome not reachable\n  (Session info: chrome=74.0.3729.108)\n  (Driver info: chromedriver=74.0.3729.6 (255758eccf3d244491b8a1317aa76e1ce10d57e9-refs/branch-heads/3729@{#29}),platform=Windows NT 10.0.18362 x86_64)",
      "time" : {
        "start" : 1600159126263,
        "stop" : 1600159157238,
        "duration" : 30975
      }
    }, {
      "uid" : "58ece35b7bc07057",
      "status" : "broken",
      "statusDetails" : "selenium.common.exceptions.SessionNotCreatedException: Message: session not created\nfrom chrome not reachable\n  (Session info: chrome=74.0.3729.108)\n  (Driver info: chromedriver=74.0.3729.6 (255758eccf3d244491b8a1317aa76e1ce10d57e9-refs/branch-heads/3729@{#29}),platform=Windows NT 10.0.18362 x86_64)",
      "time" : {
        "start" : 1600139536677,
        "stop" : 1600139554432,
        "duration" : 17755
      }
    }, {
      "uid" : "e2b2f24345ea2682",
      "status" : "broken",
      "statusDetails" : "selenium.common.exceptions.WebDriverException: Message: chrome not reachable\n  (Session info: chrome=74.0.3729.108)\n  (Driver info: chromedriver=74.0.3729.6 (255758eccf3d244491b8a1317aa76e1ce10d57e9-refs/branch-heads/3729@{#29}),platform=Windows NT 10.0.18362 x86_64)",
      "time" : {
        "start" : 1600138420974,
        "stop" : 1600138451357,
        "duration" : 30383
      }
    }, {
      "uid" : "c20acceb5bce3ee5",
      "status" : "broken",
      "statusDetails" : "selenium.common.exceptions.WebDriverException: Message: chrome not reachable\n  (Session info: chrome=74.0.3729.108)\n  (Driver info: chromedriver=74.0.3729.6 (255758eccf3d244491b8a1317aa76e1ce10d57e9-refs/branch-heads/3729@{#29}),platform=Windows NT 10.0.18362 x86_64)",
      "time" : {
        "start" : 1600138380713,
        "stop" : 1600138413742,
        "duration" : 33029
      }
    }, {
      "uid" : "f658f67cfb06fe8d",
      "status" : "broken",
      "statusDetails" : "selenium.common.exceptions.TimeoutException: Message:",
      "time" : {
        "start" : 1600137782712,
        "stop" : 1600137825464,
        "duration" : 42752
      }
    }, {
      "uid" : "a9c006e5817876e8",
      "status" : "passed",
      "time" : {
        "start" : 1599814168418,
        "stop" : 1599814299916,
        "duration" : 131498
      }
    }, {
      "uid" : "74a0afd2f75de43",
      "status" : "broken",
      "statusDetails" : "selenium.common.exceptions.WebDriverException: Message: chrome not reachable\n  (Session info: chrome=74.0.3729.108)\n  (Driver info: chromedriver=74.0.3729.6 (255758eccf3d244491b8a1317aa76e1ce10d57e9-refs/branch-heads/3729@{#29}),platform=Windows NT 10.0.18362 x86_64)",
      "time" : {
        "start" : 1599813718640,
        "stop" : 1599813747697,
        "duration" : 29057
      }
    }, {
      "uid" : "e9e1f30f9b707d74",
      "status" : "broken",
      "statusDetails" : "selenium.common.exceptions.WebDriverException: Message: chrome not reachable\n  (Session info: chrome=74.0.3729.108)\n  (Driver info: chromedriver=74.0.3729.6 (255758eccf3d244491b8a1317aa76e1ce10d57e9-refs/branch-heads/3729@{#29}),platform=Windows NT 10.0.18362 x86_64)",
      "time" : {
        "start" : 1599813267505,
        "stop" : 1599813299150,
        "duration" : 31645
      }
    }, {
      "uid" : "99cc57c81247d0bd",
      "status" : "passed",
      "time" : {
        "start" : 1599811910644,
        "stop" : 1599812023945,
        "duration" : 113301
      }
    }, {
      "uid" : "c8d4f664e1f26b11",
      "status" : "passed",
      "time" : {
        "start" : 1599811453302,
        "stop" : 1599811566955,
        "duration" : 113653
      }
    }, {
      "uid" : "ac4d8e3f916ff24e",
      "status" : "passed",
      "time" : {
        "start" : 1599808451379,
        "stop" : 1599808563825,
        "duration" : 112446
      }
    }, {
      "uid" : "b3e20d31ed93c4d6",
      "status" : "passed",
      "time" : {
        "start" : 1599807895528,
        "stop" : 1599808017589,
        "duration" : 122061
      }
    }, {
      "uid" : "ec03b61dda2c3f47",
      "status" : "passed",
      "time" : {
        "start" : 1599806953965,
        "stop" : 1599807066617,
        "duration" : 112652
      }
    }, {
      "uid" : "99b9c776239fb0c8",
      "status" : "broken",
      "statusDetails" : "selenium.common.exceptions.NoSuchElementException: Message: no such element: Unable to locate element: {\"method\":\"css selector\",\"selector\":\"#root > div > div.content___17Zvm > div > div > div > div > div.section___207eM.feature___Y1g27 > div.feature-main___3NXLZ > button\"}\n  (Session info: chrome=74.0.3729.108)\n  (Driver info: chromedriver=74.0.3729.6 (255758eccf3d244491b8a1317aa76e1ce10d57e9-refs/branch-heads/3729@{#29}),platform=Windows NT 10.0.18362 x86_64)",
      "time" : {
        "start" : 1599806349954,
        "stop" : 1599806363488,
        "duration" : 13534
      }
    }, {
      "uid" : "b22c8b08fadecc47",
      "status" : "broken",
      "statusDetails" : "selenium.common.exceptions.TimeoutException: Message:",
      "time" : {
        "start" : 1599804715379,
        "stop" : 1599804845704,
        "duration" : 130325
      }
    }, {
      "uid" : "337b99624a0f3b46",
      "status" : "passed",
      "time" : {
        "start" : 1599803824861,
        "stop" : 1599803976263,
        "duration" : 151402
      }
    }, {
      "uid" : "29b67895cea176be",
      "status" : "passed",
      "time" : {
        "start" : 1599802331371,
        "stop" : 1599802442589,
        "duration" : 111218
      }
    }, {
      "uid" : "62eadb99cf9592de",
      "status" : "passed",
      "time" : {
        "start" : 1599801888648,
        "stop" : 1599802000985,
        "duration" : 112337
      }
    }, {
      "uid" : "7826f466fe7c9d",
      "status" : "passed",
      "time" : {
        "start" : 1599801211941,
        "stop" : 1599801363623,
        "duration" : 151682
      }
    }, {
      "uid" : "f664be55cde3e2fe",
      "status" : "passed",
      "time" : {
        "start" : 1599800631632,
        "stop" : 1599800765317,
        "duration" : 133685
      }
    } ],
    "categories" : [ {
      "name" : "Test defects",
      "matchedStatuses" : [ ],
      "flaky" : false
    } ],
    "tags" : [ "run(order=-1)" ]
  },
  "source" : "c8d28dc6dc792d6d.json",
  "parameterValues" : [ ]
}