{
  "uid" : "d54a5d77ad69bff0",
  "name" : "test_Tripartite_interaction",
  "fullName" : "test_flow.test_Tripartite_interaction.test_Tripartite_interaction#test_Tripartite_interaction",
  "historyId" : "d91e7b4392163e0b46289a9f8b97b16c",
  "time" : {
    "start" : 1598604054329,
    "stop" : 1598604070744,
    "duration" : 16415
  },
  "description" : "测试 http://10.10.128.152:10052/#/account/login 三方（企业，银行，前端）交互",
  "descriptionHtml" : "<p>测试 http://10.10.128.152:10052/#/account/login 三方（企业，银行，前端）交互</p>\n",
  "status" : "broken",
  "statusMessage" : "selenium.common.exceptions.UnexpectedTagNameException: Message: Select only works on <select> elements, not on <span>",
  "statusTrace" : "@pytest.mark.run(order=5)\n    @allure.severity(\"blocker\")\n    @allure.description(\"测试 http://10.10.128.152:10052/#/account/login 三方（企业，银行，前端）交互\")\n    @allure.testcase(\"http://10.10.128.152:10052/#/account/login\", \"三方（企业，银行，前端）交互 \uD83D\uDC47\")\n    def test_Tripartite_interaction():\n        def_name = sys._getframe().f_code.co_name\n        logger.info(\"开始执行脚本%s:\\n\", def_name)\n    \n        # 前端账户授信申请\n        driver_forward = webdriver.Chrome()\n        driver_forward.maximize_window()\n        driver_forward.get(url_forward)\n        logger.info('前端账户登录授信申请')\n        # creditExtension(driver_forward)\n    \n        # # 银行授信审核\n        # driver_bank = webdriver.Chrome()\n        # driver_bank.maximize_window()\n        # driver_bank.get(url_back)\n        # logger.info('银行授信审核')\n        # CreditAudit_Bank(driver_bank)\n        #\n        # # 担保公司审核\n        # driver_risk = webdriver.Chrome()\n        # driver_risk.maximize_window()\n        # driver_risk.get(url_back)\n        # logger.info('担保公司审核')\n        # CreditAudit_Risk(driver_risk)\n    \n        # 借款申请\n>       loanApply(driver_forward)\n\ntest_flow\\test_Tripartite_interaction\\test_Tripartite_interaction.py:63: \n_ _ _ _ _ _ _ _ _ _ _ _ _ _ _ _ _ _ _ _ _ _ _ _ _ _ _ _ _ _ _ _ _ _ _ _ _ _ _ _\ntest_flow\\test_Tripartite_interaction\\test_Tripartite_interaction.py:198: in loanApply\n    Select(driver_forward.find_element_by_css_selector(path_Tripartite_interaction.select_productName_css.value)).select_by_visible_text('Auto_Test（专用）')\n_ _ _ _ _ _ _ _ _ _ _ _ _ _ _ _ _ _ _ _ _ _ _ _ _ _ _ _ _ _ _ _ _ _ _ _ _ _ _ _\n\nself = <selenium.webdriver.support.select.Select object at 0x000001AAE110ED00>\nwebelement = <selenium.webdriver.remote.webelement.WebElement (session=\"5ea1e3a8d2315901400236e69fe2e112\", element=\"0.05863263657331852-6\")>\n\n    def __init__(self, webelement):\n        \"\"\"\n        Constructor. A check is made that the given element is, indeed, a SELECT tag. If it is not,\n        then an UnexpectedTagNameException is thrown.\n    \n        :Args:\n         - webelement - element SELECT element to wrap\n    \n        Example:\n            from selenium.webdriver.support.ui import Select \\n\n            Select(driver.find_element_by_tag_name(\"select\")).select_by_index(2)\n        \"\"\"\n        if webelement.tag_name.lower() != \"select\":\n>           raise UnexpectedTagNameException(\n                \"Select only works on <select> elements, not on <%s>\" %\n                webelement.tag_name)\nE           selenium.common.exceptions.UnexpectedTagNameException: Message: Select only works on <select> elements, not on <span>\n\n..\\venv\\lib\\site-packages\\selenium\\webdriver\\support\\select.py:37: UnexpectedTagNameException",
  "flaky" : false,
  "newFailed" : false,
  "beforeStages" : [ ],
  "testStage" : {
    "description" : "测试 http://10.10.128.152:10052/#/account/login 三方（企业，银行，前端）交互",
    "status" : "broken",
    "statusMessage" : "selenium.common.exceptions.UnexpectedTagNameException: Message: Select only works on <select> elements, not on <span>",
    "statusTrace" : "@pytest.mark.run(order=5)\n    @allure.severity(\"blocker\")\n    @allure.description(\"测试 http://10.10.128.152:10052/#/account/login 三方（企业，银行，前端）交互\")\n    @allure.testcase(\"http://10.10.128.152:10052/#/account/login\", \"三方（企业，银行，前端）交互 \uD83D\uDC47\")\n    def test_Tripartite_interaction():\n        def_name = sys._getframe().f_code.co_name\n        logger.info(\"开始执行脚本%s:\\n\", def_name)\n    \n        # 前端账户授信申请\n        driver_forward = webdriver.Chrome()\n        driver_forward.maximize_window()\n        driver_forward.get(url_forward)\n        logger.info('前端账户登录授信申请')\n        # creditExtension(driver_forward)\n    \n        # # 银行授信审核\n        # driver_bank = webdriver.Chrome()\n        # driver_bank.maximize_window()\n        # driver_bank.get(url_back)\n        # logger.info('银行授信审核')\n        # CreditAudit_Bank(driver_bank)\n        #\n        # # 担保公司审核\n        # driver_risk = webdriver.Chrome()\n        # driver_risk.maximize_window()\n        # driver_risk.get(url_back)\n        # logger.info('担保公司审核')\n        # CreditAudit_Risk(driver_risk)\n    \n        # 借款申请\n>       loanApply(driver_forward)\n\ntest_flow\\test_Tripartite_interaction\\test_Tripartite_interaction.py:63: \n_ _ _ _ _ _ _ _ _ _ _ _ _ _ _ _ _ _ _ _ _ _ _ _ _ _ _ _ _ _ _ _ _ _ _ _ _ _ _ _\ntest_flow\\test_Tripartite_interaction\\test_Tripartite_interaction.py:198: in loanApply\n    Select(driver_forward.find_element_by_css_selector(path_Tripartite_interaction.select_productName_css.value)).select_by_visible_text('Auto_Test（专用）')\n_ _ _ _ _ _ _ _ _ _ _ _ _ _ _ _ _ _ _ _ _ _ _ _ _ _ _ _ _ _ _ _ _ _ _ _ _ _ _ _\n\nself = <selenium.webdriver.support.select.Select object at 0x000001AAE110ED00>\nwebelement = <selenium.webdriver.remote.webelement.WebElement (session=\"5ea1e3a8d2315901400236e69fe2e112\", element=\"0.05863263657331852-6\")>\n\n    def __init__(self, webelement):\n        \"\"\"\n        Constructor. A check is made that the given element is, indeed, a SELECT tag. If it is not,\n        then an UnexpectedTagNameException is thrown.\n    \n        :Args:\n         - webelement - element SELECT element to wrap\n    \n        Example:\n            from selenium.webdriver.support.ui import Select \\n\n            Select(driver.find_element_by_tag_name(\"select\")).select_by_index(2)\n        \"\"\"\n        if webelement.tag_name.lower() != \"select\":\n>           raise UnexpectedTagNameException(\n                \"Select only works on <select> elements, not on <%s>\" %\n                webelement.tag_name)\nE           selenium.common.exceptions.UnexpectedTagNameException: Message: Select only works on <select> elements, not on <span>\n\n..\\venv\\lib\\site-packages\\selenium\\webdriver\\support\\select.py:37: UnexpectedTagNameException",
    "steps" : [ ],
    "attachments" : [ {
      "uid" : "4933f9a51a250aa3",
      "name" : "log",
      "source" : "4933f9a51a250aa3.txt",
      "type" : "text/plain",
      "size" : 293
    }, {
      "uid" : "9cb662891aca9545",
      "name" : "stderr",
      "source" : "9cb662891aca9545.txt",
      "type" : "text/plain",
      "size" : 429
    } ],
    "parameters" : [ ],
    "attachmentsCount" : 2,
    "shouldDisplayMessage" : true,
    "stepsCount" : 0,
    "hasContent" : true
  },
  "afterStages" : [ ],
  "labels" : [ {
    "name" : "severity",
    "value" : "blocker"
  }, {
    "name" : "tag",
    "value" : "run(order=5)"
  }, {
    "name" : "parentSuite",
    "value" : "test_flow.test_Tripartite_interaction"
  }, {
    "name" : "suite",
    "value" : "test_Tripartite_interaction"
  }, {
    "name" : "host",
    "value" : "A02-03-00033"
  }, {
    "name" : "thread",
    "value" : "16856-MainThread"
  }, {
    "name" : "framework",
    "value" : "pytest"
  }, {
    "name" : "language",
    "value" : "cpython3"
  }, {
    "name" : "package",
    "value" : "test_flow.test_Tripartite_interaction.test_Tripartite_interaction"
  }, {
    "name" : "resultFormat",
    "value" : "allure2"
  } ],
  "parameters" : [ ],
  "links" : [ {
    "name" : "三方（企业，银行，前端）交互 \uD83D\uDC47",
    "url" : "http://10.10.128.152:10052/#/account/login",
    "type" : "test_case"
  } ],
  "hidden" : true,
  "retry" : true,
  "extra" : {
    "categories" : [ ],
    "tags" : [ "run(order=5)" ]
  },
  "source" : "d54a5d77ad69bff0.json",
  "parameterValues" : [ ]
}