{
  "uid" : "f25efb30aca9d884",
  "name" : "test_infoReg",
  "fullName" : "test_flow.test_Authentication.test_personalInfoReg#test_infoReg",
  "historyId" : "28dda5313ff182aeade3becf47df4372",
  "time" : {
    "start" : 1606280037920,
    "stop" : 1606280082449,
    "duration" : 44529
  },
  "description" : "测试 http://10.10.128.152:10053/personal/set/certification 个人实名认证",
  "descriptionHtml" : "<p>测试 http://10.10.128.152:10053/personal/set/certification 个人实名认证</p>\n",
  "status" : "broken",
  "statusMessage" : "selenium.common.exceptions.TimeoutException: Message:",
  "statusTrace" : "@pytest.mark.run(order=2)\n    @allure.severity(\"blocker\")\n    @allure.description(\"测试 http://10.10.128.152:10053/personal/set/certification 个人实名认证\")\n    @allure.testcase(\"http://10.10.128.152:10053/personal/set/certification\", \"个人实名认证 \uD83D\uDC47\")\n    def test_infoReg():\n        if runMode == 'UI':\n            def_name = sys._getframe().f_code.co_name\n            test_Assert = Assert.Assertions(def_name)\n            logger.info(\"开始执行脚本%s:\\n\", def_name)\n    \n            # 对个人信息企业信息进行删除操作\n            deletePerInforAndComInfor()\n            logger.info(\"对个人信息企业信息进行删除操作\")\n    \n            driver = webdriver.Chrome(executable_path=driverPath)\n            driver.maximize_window()\n            driver.get(url_forward)\n    \n            # 登陆页面\n            login(driver)\n    \n            waitUntilDisplay(driver, loginOn.link_home_css.value)\n            sleep(1)\n            homeText = driver.find_element_by_css_selector(loginOn.link_home_css.value)\n    \n            test_Assert.assert_text_ui(homeText.text, '首页')\n            logger.info(\"进入登陆页面\")\n    \n            name = yamldict['test_personalInfoRegList']['name']\n            idNum = yamldict['test_personalInfoRegList']['id_card']\n    \n            BaseFunction.waitUntilClick(driver, path_personalInfoReg.btn_aut_css.value)\n            picture_dir = os.getcwd()\n            pcture_dirOne = '\\\\test_data\\\\picture\\\\id_1.jpg'\n            pcture_dirTwo = '\\\\test_data\\\\picture\\\\id_2.jpg'\n            driver.find_element_by_css_selector(path_personalInfoReg.file_idPicture1_css.value).send_keys(\n                picture_dir + pcture_dirOne)\n>           BaseFunction.waitUntilDisplay(driver, path_personalInfoReg.btn_uplaodPicture1_css.value)\n\ntest_flow\\test_Authentication\\test_personalInfoReg.py:63: \n_ _ _ _ _ _ _ _ _ _ _ _ _ _ _ _ _ _ _ _ _ _ _ _ _ _ _ _ _ _ _ _ _ _ _ _ _ _ _ _\ncommon\\BaseFunction.py:23: in waitUntilDisplay\n    WebDriverWait(driver, 30).until(EC.visibility_of_element_located((By.CSS_SELECTOR, ByCss)))\n_ _ _ _ _ _ _ _ _ _ _ _ _ _ _ _ _ _ _ _ _ _ _ _ _ _ _ _ _ _ _ _ _ _ _ _ _ _ _ _\n\nself = <selenium.webdriver.support.wait.WebDriverWait (session=\"f75a6ccb89d7cd6f0eb9f798b6449e58\")>\nmethod = <selenium.webdriver.support.expected_conditions.visibility_of_element_located object at 0x000001F1BC620C88>\nmessage = ''\n\n    def until(self, method, message=''):\n        \"\"\"Calls the method provided with the driver as an argument until the \\\n        return value is not False.\"\"\"\n        screen = None\n        stacktrace = None\n    \n        end_time = time.time() + self._timeout\n        while True:\n            try:\n                value = method(self._driver)\n                if value:\n                    return value\n            except self._ignored_exceptions as exc:\n                screen = getattr(exc, 'screen', None)\n                stacktrace = getattr(exc, 'stacktrace', None)\n            time.sleep(self._poll)\n            if time.time() > end_time:\n                break\n>       raise TimeoutException(message, screen, stacktrace)\nE       selenium.common.exceptions.TimeoutException: Message:\n\n..\\..\\..\\AppData\\Local\\Programs\\Python\\Python36\\lib\\site-packages\\selenium\\webdriver\\support\\wait.py:80: TimeoutException",
  "flaky" : false,
  "newFailed" : false,
  "beforeStages" : [ {
    "name" : "_session_faker",
    "time" : {
      "start" : 1606280018091,
      "stop" : 1606280018153,
      "duration" : 62
    },
    "status" : "passed",
    "steps" : [ ],
    "attachments" : [ ],
    "parameters" : [ ],
    "stepsCount" : 0,
    "hasContent" : false,
    "attachmentsCount" : 0,
    "shouldDisplayMessage" : false
  } ],
  "testStage" : {
    "description" : "测试 http://10.10.128.152:10053/personal/set/certification 个人实名认证",
    "status" : "broken",
    "statusMessage" : "selenium.common.exceptions.TimeoutException: Message:",
    "statusTrace" : "@pytest.mark.run(order=2)\n    @allure.severity(\"blocker\")\n    @allure.description(\"测试 http://10.10.128.152:10053/personal/set/certification 个人实名认证\")\n    @allure.testcase(\"http://10.10.128.152:10053/personal/set/certification\", \"个人实名认证 \uD83D\uDC47\")\n    def test_infoReg():\n        if runMode == 'UI':\n            def_name = sys._getframe().f_code.co_name\n            test_Assert = Assert.Assertions(def_name)\n            logger.info(\"开始执行脚本%s:\\n\", def_name)\n    \n            # 对个人信息企业信息进行删除操作\n            deletePerInforAndComInfor()\n            logger.info(\"对个人信息企业信息进行删除操作\")\n    \n            driver = webdriver.Chrome(executable_path=driverPath)\n            driver.maximize_window()\n            driver.get(url_forward)\n    \n            # 登陆页面\n            login(driver)\n    \n            waitUntilDisplay(driver, loginOn.link_home_css.value)\n            sleep(1)\n            homeText = driver.find_element_by_css_selector(loginOn.link_home_css.value)\n    \n            test_Assert.assert_text_ui(homeText.text, '首页')\n            logger.info(\"进入登陆页面\")\n    \n            name = yamldict['test_personalInfoRegList']['name']\n            idNum = yamldict['test_personalInfoRegList']['id_card']\n    \n            BaseFunction.waitUntilClick(driver, path_personalInfoReg.btn_aut_css.value)\n            picture_dir = os.getcwd()\n            pcture_dirOne = '\\\\test_data\\\\picture\\\\id_1.jpg'\n            pcture_dirTwo = '\\\\test_data\\\\picture\\\\id_2.jpg'\n            driver.find_element_by_css_selector(path_personalInfoReg.file_idPicture1_css.value).send_keys(\n                picture_dir + pcture_dirOne)\n>           BaseFunction.waitUntilDisplay(driver, path_personalInfoReg.btn_uplaodPicture1_css.value)\n\ntest_flow\\test_Authentication\\test_personalInfoReg.py:63: \n_ _ _ _ _ _ _ _ _ _ _ _ _ _ _ _ _ _ _ _ _ _ _ _ _ _ _ _ _ _ _ _ _ _ _ _ _ _ _ _\ncommon\\BaseFunction.py:23: in waitUntilDisplay\n    WebDriverWait(driver, 30).until(EC.visibility_of_element_located((By.CSS_SELECTOR, ByCss)))\n_ _ _ _ _ _ _ _ _ _ _ _ _ _ _ _ _ _ _ _ _ _ _ _ _ _ _ _ _ _ _ _ _ _ _ _ _ _ _ _\n\nself = <selenium.webdriver.support.wait.WebDriverWait (session=\"f75a6ccb89d7cd6f0eb9f798b6449e58\")>\nmethod = <selenium.webdriver.support.expected_conditions.visibility_of_element_located object at 0x000001F1BC620C88>\nmessage = ''\n\n    def until(self, method, message=''):\n        \"\"\"Calls the method provided with the driver as an argument until the \\\n        return value is not False.\"\"\"\n        screen = None\n        stacktrace = None\n    \n        end_time = time.time() + self._timeout\n        while True:\n            try:\n                value = method(self._driver)\n                if value:\n                    return value\n            except self._ignored_exceptions as exc:\n                screen = getattr(exc, 'screen', None)\n                stacktrace = getattr(exc, 'stacktrace', None)\n            time.sleep(self._poll)\n            if time.time() > end_time:\n                break\n>       raise TimeoutException(message, screen, stacktrace)\nE       selenium.common.exceptions.TimeoutException: Message:\n\n..\\..\\..\\AppData\\Local\\Programs\\Python\\Python36\\lib\\site-packages\\selenium\\webdriver\\support\\wait.py:80: TimeoutException",
    "steps" : [ ],
    "attachments" : [ {
      "uid" : "183943f10dea208b",
      "name" : "log",
      "source" : "183943f10dea208b.txt",
      "type" : "text/plain",
      "size" : 367
    }, {
      "uid" : "348ff74936346891",
      "name" : "stdout",
      "source" : "348ff74936346891.txt",
      "type" : "text/plain",
      "size" : 249
    }, {
      "uid" : "99d05a02d01d36d",
      "name" : "stderr",
      "source" : "99d05a02d01d36d.txt",
      "type" : "text/plain",
      "size" : 548
    } ],
    "parameters" : [ ],
    "stepsCount" : 0,
    "hasContent" : true,
    "attachmentsCount" : 3,
    "shouldDisplayMessage" : true
  },
  "afterStages" : [ ],
  "labels" : [ {
    "name" : "severity",
    "value" : "blocker"
  }, {
    "name" : "tag",
    "value" : "run(order=2)"
  }, {
    "name" : "parentSuite",
    "value" : "test_flow.test_Authentication"
  }, {
    "name" : "suite",
    "value" : "test_personalInfoReg"
  }, {
    "name" : "host",
    "value" : "A02-03-00033"
  }, {
    "name" : "thread",
    "value" : "6072-MainThread"
  }, {
    "name" : "framework",
    "value" : "pytest"
  }, {
    "name" : "language",
    "value" : "cpython3"
  }, {
    "name" : "package",
    "value" : "test_flow.test_Authentication.test_personalInfoReg"
  }, {
    "name" : "resultFormat",
    "value" : "allure2"
  } ],
  "parameters" : [ ],
  "links" : [ {
    "name" : "个人实名认证 \uD83D\uDC47",
    "url" : "http://10.10.128.152:10053/personal/set/certification",
    "type" : "test_case"
  } ],
  "hidden" : false,
  "retry" : false,
  "extra" : {
    "severity" : "blocker",
    "retries" : [ {
      "uid" : "57b7d7f01a18d46b",
      "status" : "broken",
      "statusDetails" : "selenium.common.exceptions.TimeoutException: Message:",
      "time" : {
        "start" : 1606099092668,
        "stop" : 1606099134727,
        "duration" : 42059
      }
    }, {
      "uid" : "ec49ae701402d692",
      "status" : "broken",
      "statusDetails" : "selenium.common.exceptions.WebDriverException: Message: 'chromedriver.exe' executable needs to be in PATH. Please see https://sites.google.com/a/chromium.org/chromedriver/home",
      "time" : {
        "start" : 1605852542625,
        "stop" : 1605852542766,
        "duration" : 141
      }
    }, {
      "uid" : "c61de1e5b128d48d",
      "status" : "broken",
      "statusDetails" : "selenium.common.exceptions.WebDriverException: Message: 'chromedriver.exe' executable needs to be in PATH. Please see https://sites.google.com/a/chromium.org/chromedriver/home",
      "time" : {
        "start" : 1605852508808,
        "stop" : 1605852508918,
        "duration" : 110
      }
    }, {
      "uid" : "c096e49f4ed02a00",
      "status" : "broken",
      "statusDetails" : "selenium.common.exceptions.WebDriverException: Message: 'chromedriver.exe' executable needs to be in PATH. Please see https://sites.google.com/a/chromium.org/chromedriver/home",
      "time" : {
        "start" : 1605852453002,
        "stop" : 1605852453238,
        "duration" : 236
      }
    }, {
      "uid" : "cb7e0a144c19c3a6",
      "status" : "broken",
      "statusDetails" : "selenium.common.exceptions.WebDriverException: Message: chrome not reachable\n  (Session info: chrome=74.0.3729.108)\n  (Driver info: chromedriver=74.0.3729.6 (255758eccf3d244491b8a1317aa76e1ce10d57e9-refs/branch-heads/3729@{#29}),platform=Windows NT 10.0.18363 x86_64)",
      "time" : {
        "start" : 1605832310914,
        "stop" : 1605832347753,
        "duration" : 36839
      }
    }, {
      "uid" : "bc3f501428b613d3",
      "status" : "passed",
      "time" : {
        "start" : 1605157500188,
        "stop" : 1605157537801,
        "duration" : 37613
      }
    } ],
    "categories" : [ {
      "name" : "Test defects",
      "matchedStatuses" : [ ],
      "flaky" : false
    } ],
    "tags" : [ "run(order=2)" ]
  },
  "source" : "f25efb30aca9d884.json",
  "parameterValues" : [ ]
}