{
  "uid" : "f2ed38bfdbeaf5c9",
  "name" : "test_backStage_authentication",
  "fullName" : "test_flow.test_Authentication.test_backStage_authentication#test_backStage_authentication",
  "historyId" : "a55d1468f36f1b2cdddeddca0f290d7d",
  "time" : {
    "start" : 1606280178180,
    "stop" : 1606280225144,
    "duration" : 46964
  },
  "description" : "http://10.10.128.152:10052/#/authority/mechanism 后台账户认证",
  "descriptionHtml" : "<p>http://10.10.128.152:10052/#/authority/mechanism 后台账户认证</p>\n",
  "status" : "broken",
  "statusMessage" : "selenium.common.exceptions.TimeoutException: Message:",
  "statusTrace" : "@pytest.mark.run(order=6)\n    @allure.severity(\"blocker\")\n    @allure.description(\"http://10.10.128.152:10052/#/authority/mechanism 后台账户认证\")\n    @allure.testcase(\"http://10.10.128.152:10052/#/authority/mechanism\", \"后台账户认证 \uD83D\uDC47\")\n    def test_backStage_authentication():\n        def_name = sys._getframe().f_code.co_name\n        logger.info(\"开始执行脚本%s:\\n\", def_name)\n    \n        def_name = sys._getframe().f_code.co_name\n        logger.info(\"开始执行脚本%s:\\n\", def_name)\n    \n        driver = webdriver.Chrome(executable_path=driverPath)\n        driver.maximize_window()\n        driver.get(url_back)\n        # 银行密码修改\n        companyPassForget(driver, company_bank, 1)\n        # 担保公司密码修改\n>       companyPassForget(driver, company_Guarantee, 0)\n\ntest_flow\\test_Authentication\\test_backStage_authentication.py:289: \n_ _ _ _ _ _ _ _ _ _ _ _ _ _ _ _ _ _ _ _ _ _ _ _ _ _ _ _ _ _ _ _ _ _ _ _ _ _ _ _\ntest_flow\\test_Authentication\\test_login.py:154: in companyPassForget\n    waitUntilClick(driver, path_backStage_authentication.btn_forPass_css.value)\ncommon\\BaseFunction.py:33: in waitUntilClick\n    WebDriverWait(driver, 30).until(EC.element_to_be_clickable((By.CSS_SELECTOR, ByCss)))\n_ _ _ _ _ _ _ _ _ _ _ _ _ _ _ _ _ _ _ _ _ _ _ _ _ _ _ _ _ _ _ _ _ _ _ _ _ _ _ _\n\nself = <selenium.webdriver.support.wait.WebDriverWait (session=\"71240a3bc5633b9534a927d6b13b1ce8\")>\nmethod = <selenium.webdriver.support.expected_conditions.element_to_be_clickable object at 0x000001F1BC7D0710>\nmessage = ''\n\n    def until(self, method, message=''):\n        \"\"\"Calls the method provided with the driver as an argument until the \\\n        return value is not False.\"\"\"\n        screen = None\n        stacktrace = None\n    \n        end_time = time.time() + self._timeout\n        while True:\n            try:\n                value = method(self._driver)\n                if value:\n                    return value\n            except self._ignored_exceptions as exc:\n                screen = getattr(exc, 'screen', None)\n                stacktrace = getattr(exc, 'stacktrace', None)\n            time.sleep(self._poll)\n            if time.time() > end_time:\n                break\n>       raise TimeoutException(message, screen, stacktrace)\nE       selenium.common.exceptions.TimeoutException: Message:\n\n..\\..\\..\\AppData\\Local\\Programs\\Python\\Python36\\lib\\site-packages\\selenium\\webdriver\\support\\wait.py:80: TimeoutException",
  "flaky" : false,
  "newFailed" : false,
  "beforeStages" : [ {
    "name" : "_session_faker",
    "time" : {
      "start" : 1606280018091,
      "stop" : 1606280018153,
      "duration" : 62
    },
    "status" : "passed",
    "steps" : [ ],
    "attachments" : [ ],
    "parameters" : [ ],
    "stepsCount" : 0,
    "hasContent" : false,
    "attachmentsCount" : 0,
    "shouldDisplayMessage" : false
  } ],
  "testStage" : {
    "description" : "http://10.10.128.152:10052/#/authority/mechanism 后台账户认证",
    "status" : "broken",
    "statusMessage" : "selenium.common.exceptions.TimeoutException: Message:",
    "statusTrace" : "@pytest.mark.run(order=6)\n    @allure.severity(\"blocker\")\n    @allure.description(\"http://10.10.128.152:10052/#/authority/mechanism 后台账户认证\")\n    @allure.testcase(\"http://10.10.128.152:10052/#/authority/mechanism\", \"后台账户认证 \uD83D\uDC47\")\n    def test_backStage_authentication():\n        def_name = sys._getframe().f_code.co_name\n        logger.info(\"开始执行脚本%s:\\n\", def_name)\n    \n        def_name = sys._getframe().f_code.co_name\n        logger.info(\"开始执行脚本%s:\\n\", def_name)\n    \n        driver = webdriver.Chrome(executable_path=driverPath)\n        driver.maximize_window()\n        driver.get(url_back)\n        # 银行密码修改\n        companyPassForget(driver, company_bank, 1)\n        # 担保公司密码修改\n>       companyPassForget(driver, company_Guarantee, 0)\n\ntest_flow\\test_Authentication\\test_backStage_authentication.py:289: \n_ _ _ _ _ _ _ _ _ _ _ _ _ _ _ _ _ _ _ _ _ _ _ _ _ _ _ _ _ _ _ _ _ _ _ _ _ _ _ _\ntest_flow\\test_Authentication\\test_login.py:154: in companyPassForget\n    waitUntilClick(driver, path_backStage_authentication.btn_forPass_css.value)\ncommon\\BaseFunction.py:33: in waitUntilClick\n    WebDriverWait(driver, 30).until(EC.element_to_be_clickable((By.CSS_SELECTOR, ByCss)))\n_ _ _ _ _ _ _ _ _ _ _ _ _ _ _ _ _ _ _ _ _ _ _ _ _ _ _ _ _ _ _ _ _ _ _ _ _ _ _ _\n\nself = <selenium.webdriver.support.wait.WebDriverWait (session=\"71240a3bc5633b9534a927d6b13b1ce8\")>\nmethod = <selenium.webdriver.support.expected_conditions.element_to_be_clickable object at 0x000001F1BC7D0710>\nmessage = ''\n\n    def until(self, method, message=''):\n        \"\"\"Calls the method provided with the driver as an argument until the \\\n        return value is not False.\"\"\"\n        screen = None\n        stacktrace = None\n    \n        end_time = time.time() + self._timeout\n        while True:\n            try:\n                value = method(self._driver)\n                if value:\n                    return value\n            except self._ignored_exceptions as exc:\n                screen = getattr(exc, 'screen', None)\n                stacktrace = getattr(exc, 'stacktrace', None)\n            time.sleep(self._poll)\n            if time.time() > end_time:\n                break\n>       raise TimeoutException(message, screen, stacktrace)\nE       selenium.common.exceptions.TimeoutException: Message:\n\n..\\..\\..\\AppData\\Local\\Programs\\Python\\Python36\\lib\\site-packages\\selenium\\webdriver\\support\\wait.py:80: TimeoutException",
    "steps" : [ ],
    "attachments" : [ {
      "uid" : "5dd8bd2c55d632fb",
      "name" : "log",
      "source" : "5dd8bd2c55d632fb.txt",
      "type" : "text/plain",
      "size" : 383
    }, {
      "uid" : "874bb5d5c293279d",
      "name" : "stdout",
      "source" : "874bb5d5c293279d.txt",
      "type" : "text/plain",
      "size" : 144
    }, {
      "uid" : "be6ca66561fbd48b",
      "name" : "stderr",
      "source" : "be6ca66561fbd48b.txt",
      "type" : "text/plain",
      "size" : 564
    } ],
    "parameters" : [ ],
    "stepsCount" : 0,
    "hasContent" : true,
    "attachmentsCount" : 3,
    "shouldDisplayMessage" : true
  },
  "afterStages" : [ ],
  "labels" : [ {
    "name" : "severity",
    "value" : "blocker"
  }, {
    "name" : "tag",
    "value" : "run(order=6)"
  }, {
    "name" : "parentSuite",
    "value" : "test_flow.test_Authentication"
  }, {
    "name" : "suite",
    "value" : "test_backStage_authentication"
  }, {
    "name" : "host",
    "value" : "A02-03-00033"
  }, {
    "name" : "thread",
    "value" : "6072-MainThread"
  }, {
    "name" : "framework",
    "value" : "pytest"
  }, {
    "name" : "language",
    "value" : "cpython3"
  }, {
    "name" : "package",
    "value" : "test_flow.test_Authentication.test_backStage_authentication"
  }, {
    "name" : "resultFormat",
    "value" : "allure2"
  } ],
  "parameters" : [ ],
  "links" : [ {
    "name" : "后台账户认证 \uD83D\uDC47",
    "url" : "http://10.10.128.152:10052/#/authority/mechanism",
    "type" : "test_case"
  } ],
  "hidden" : false,
  "retry" : false,
  "extra" : {
    "severity" : "blocker",
    "retries" : [ {
      "uid" : "9701d3e3c6439689",
      "status" : "broken",
      "statusDetails" : "selenium.common.exceptions.WebDriverException: Message: 'chromedriver.exe' executable needs to be in PATH. Please see https://sites.google.com/a/chromium.org/chromedriver/home",
      "time" : {
        "start" : 1605852543330,
        "stop" : 1605852543345,
        "duration" : 15
      }
    }, {
      "uid" : "a57cb1985465f5c4",
      "status" : "broken",
      "statusDetails" : "selenium.common.exceptions.WebDriverException: Message: 'chromedriver.exe' executable needs to be in PATH. Please see https://sites.google.com/a/chromium.org/chromedriver/home",
      "time" : {
        "start" : 1605852509117,
        "stop" : 1605852509117,
        "duration" : 0
      }
    }, {
      "uid" : "ff9d419fd64ca688",
      "status" : "broken",
      "statusDetails" : "selenium.common.exceptions.WebDriverException: Message: 'chromedriver.exe' executable needs to be in PATH. Please see https://sites.google.com/a/chromium.org/chromedriver/home",
      "time" : {
        "start" : 1605852453437,
        "stop" : 1605852453437,
        "duration" : 0
      }
    }, {
      "uid" : "b6d084c724b1888e",
      "status" : "broken",
      "statusDetails" : "selenium.common.exceptions.NoSuchElementException: Message: no such element: Unable to locate element: {\"method\":\"css selector\",\"selector\":\"#root > div > div.main___3sFq0 > div > form > div:nth-child(1) > div.ant-col.ant-form-item-control-wrapper > div > span > span > input\"}\n  (Session info: chrome=74.0.3729.108)\n  (Driver info: chromedriver=74.0.3729.6 (255758eccf3d244491b8a1317aa76e1ce10d57e9-refs/branch-heads/3729@{#29}),platform=Windows NT 10.0.18363 x86_64)",
      "time" : {
        "start" : 1605157643088,
        "stop" : 1605157666942,
        "duration" : 23854
      }
    } ],
    "categories" : [ {
      "name" : "Test defects",
      "matchedStatuses" : [ ],
      "flaky" : false
    } ],
    "tags" : [ "run(order=6)" ]
  },
  "source" : "f2ed38bfdbeaf5c9.json",
  "parameterValues" : [ ]
}