{
  "uid" : "f56a94ce81d9a782",
  "name" : "test_companyPassForget",
  "fullName" : "test_flow.test_Authentication.test_login#test_companyPassForget",
  "historyId" : "acb9067300dee3cf493bfb42da37b2a5",
  "time" : {
    "start" : 1596708436714,
    "stop" : 1596708466965,
    "duration" : 30251
  },
  "description" : "测试 http://10.10.128.152:10053/user/forget 中小微企业密码修改流程",
  "descriptionHtml" : "<p>测试 http://10.10.128.152:10053/user/forget 中小微企业密码修改流程</p>\n",
  "status" : "broken",
  "statusMessage" : "selenium.common.exceptions.TimeoutException: Message:",
  "statusTrace" : "@pytest.mark.run(order=2)\n    @allure.severity(\"blocker\")\n    @allure.description(\"测试 http://10.10.128.152:10053/user/forget 中小微企业密码修改流程\")\n    @allure.testcase(\"http://10.10.128.152:10053/user/forget\", \"密码修改 \uD83D\uDC47\")\n    def test_companyPassForget():\n        def_name = sys._getframe().f_code.co_name\n        test_Assert = Assert.Assertions(def_name)\n        logger.info(\"开始执行脚本%s:\\n\", def_name)\n    \n        driver = webdriver.Chrome()\n        driver.maximize_window()\n        driver.get(\"http://10.10.128.152:10053/user/forget\")\n    \n        driver.find_element_by_css_selector(loginOn.input_actForget_css.value).send_keys(act)\n        driver.find_element_by_css_selector(loginOn.input_codeForget_css.value).send_keys(' ')\n>       waitUntilClick(driver, loginOn.btn_phoneCodeForget_css.value)\n\ntest_flow\\test_Authentication\\test_login.py:97: \n_ _ _ _ _ _ _ _ _ _ _ _ _ _ _ _ _ _ _ _ _ _ _ _ _ _ _ _ _ _ _ _ _ _ _ _ _ _ _ _\ncommon\\BaseFunction.py:15: in waitUntilClick\n    WebDriverWait(driver, 20).until(EC.element_to_be_clickable((By.CSS_SELECTOR, ByCss)))\n_ _ _ _ _ _ _ _ _ _ _ _ _ _ _ _ _ _ _ _ _ _ _ _ _ _ _ _ _ _ _ _ _ _ _ _ _ _ _ _\n\nself = <selenium.webdriver.support.wait.WebDriverWait (session=\"6a8f7e390f4967f3b34dc51f11f81ed3\")>\nmethod = <selenium.webdriver.support.expected_conditions.element_to_be_clickable object at 0x0000020CD03DA250>\nmessage = ''\n\n    def until(self, method, message=''):\n        \"\"\"Calls the method provided with the driver as an argument until the \\\n        return value is not False.\"\"\"\n        screen = None\n        stacktrace = None\n    \n        end_time = time.time() + self._timeout\n        while True:\n            try:\n                value = method(self._driver)\n                if value:\n                    return value\n            except self._ignored_exceptions as exc:\n                screen = getattr(exc, 'screen', None)\n                stacktrace = getattr(exc, 'stacktrace', None)\n            time.sleep(self._poll)\n            if time.time() > end_time:\n                break\n>       raise TimeoutException(message, screen, stacktrace)\nE       selenium.common.exceptions.TimeoutException: Message:\n\n..\\venv\\lib\\site-packages\\selenium\\webdriver\\support\\wait.py:80: TimeoutException",
  "flaky" : false,
  "newFailed" : false,
  "beforeStages" : [ ],
  "testStage" : {
    "description" : "测试 http://10.10.128.152:10053/user/forget 中小微企业密码修改流程",
    "status" : "broken",
    "statusMessage" : "selenium.common.exceptions.TimeoutException: Message:",
    "statusTrace" : "@pytest.mark.run(order=2)\n    @allure.severity(\"blocker\")\n    @allure.description(\"测试 http://10.10.128.152:10053/user/forget 中小微企业密码修改流程\")\n    @allure.testcase(\"http://10.10.128.152:10053/user/forget\", \"密码修改 \uD83D\uDC47\")\n    def test_companyPassForget():\n        def_name = sys._getframe().f_code.co_name\n        test_Assert = Assert.Assertions(def_name)\n        logger.info(\"开始执行脚本%s:\\n\", def_name)\n    \n        driver = webdriver.Chrome()\n        driver.maximize_window()\n        driver.get(\"http://10.10.128.152:10053/user/forget\")\n    \n        driver.find_element_by_css_selector(loginOn.input_actForget_css.value).send_keys(act)\n        driver.find_element_by_css_selector(loginOn.input_codeForget_css.value).send_keys(' ')\n>       waitUntilClick(driver, loginOn.btn_phoneCodeForget_css.value)\n\ntest_flow\\test_Authentication\\test_login.py:97: \n_ _ _ _ _ _ _ _ _ _ _ _ _ _ _ _ _ _ _ _ _ _ _ _ _ _ _ _ _ _ _ _ _ _ _ _ _ _ _ _\ncommon\\BaseFunction.py:15: in waitUntilClick\n    WebDriverWait(driver, 20).until(EC.element_to_be_clickable((By.CSS_SELECTOR, ByCss)))\n_ _ _ _ _ _ _ _ _ _ _ _ _ _ _ _ _ _ _ _ _ _ _ _ _ _ _ _ _ _ _ _ _ _ _ _ _ _ _ _\n\nself = <selenium.webdriver.support.wait.WebDriverWait (session=\"6a8f7e390f4967f3b34dc51f11f81ed3\")>\nmethod = <selenium.webdriver.support.expected_conditions.element_to_be_clickable object at 0x0000020CD03DA250>\nmessage = ''\n\n    def until(self, method, message=''):\n        \"\"\"Calls the method provided with the driver as an argument until the \\\n        return value is not False.\"\"\"\n        screen = None\n        stacktrace = None\n    \n        end_time = time.time() + self._timeout\n        while True:\n            try:\n                value = method(self._driver)\n                if value:\n                    return value\n            except self._ignored_exceptions as exc:\n                screen = getattr(exc, 'screen', None)\n                stacktrace = getattr(exc, 'stacktrace', None)\n            time.sleep(self._poll)\n            if time.time() > end_time:\n                break\n>       raise TimeoutException(message, screen, stacktrace)\nE       selenium.common.exceptions.TimeoutException: Message:\n\n..\\venv\\lib\\site-packages\\selenium\\webdriver\\support\\wait.py:80: TimeoutException",
    "steps" : [ ],
    "attachments" : [ {
      "uid" : "a7a200aa204899e2",
      "name" : "log",
      "source" : "a7a200aa204899e2.txt",
      "type" : "text/plain",
      "size" : 85
    }, {
      "uid" : "1cab872ec8376feb",
      "name" : "stderr",
      "source" : "1cab872ec8376feb.txt",
      "type" : "text/plain",
      "size" : 132
    } ],
    "parameters" : [ ],
    "stepsCount" : 0,
    "hasContent" : true,
    "attachmentsCount" : 2,
    "shouldDisplayMessage" : true
  },
  "afterStages" : [ ],
  "labels" : [ {
    "name" : "severity",
    "value" : "blocker"
  }, {
    "name" : "tag",
    "value" : "run(order=2)"
  }, {
    "name" : "parentSuite",
    "value" : "test_flow.test_Authentication"
  }, {
    "name" : "suite",
    "value" : "test_login"
  }, {
    "name" : "host",
    "value" : "A02-03-00033"
  }, {
    "name" : "thread",
    "value" : "13896-MainThread"
  }, {
    "name" : "framework",
    "value" : "pytest"
  }, {
    "name" : "language",
    "value" : "cpython3"
  }, {
    "name" : "package",
    "value" : "test_flow.test_Authentication.test_login"
  }, {
    "name" : "resultFormat",
    "value" : "allure2"
  } ],
  "parameters" : [ ],
  "links" : [ {
    "name" : "密码修改 \uD83D\uDC47",
    "url" : "http://10.10.128.152:10053/user/forget",
    "type" : "test_case"
  } ],
  "hidden" : true,
  "retry" : true,
  "extra" : {
    "categories" : [ ],
    "tags" : [ "run(order=2)" ]
  },
  "source" : "f56a94ce81d9a782.json",
  "parameterValues" : [ ]
}