{
  "uid" : "fcafc13faa68eddc",
  "name" : "test_businessInforReg",
  "fullName" : "test_flow.test_Authentication.test_businessInfoReg#test_businessInforReg",
  "historyId" : "673c6cf796d54f5cbc2e9852ef4f69c7",
  "time" : {
    "start" : 1602465532421,
    "stop" : 1602465544168,
    "duration" : 11747
  },
  "description" : "测试 http://10.10.128.152:10053/personal/baseinfo 企业认证",
  "descriptionHtml" : "<p>测试 http://10.10.128.152:10053/personal/baseinfo 企业认证</p>\n",
  "status" : "broken",
  "statusMessage" : "AttributeError: 'NoneType' object has no attribute 'is_displayed'",
  "statusTrace" : "@pytest.mark.run(order=3)\n    @allure.severity(\"blocker\")\n    @allure.description(\"测试 http://10.10.128.152:10053/personal/baseinfo 企业认证\")\n    @allure.testcase(\"http://10.10.128.152:10053/personal/baseinfo\", \"企业认证 \uD83D\uDC47\")\n    def test_businessInforReg():\n        def_name = sys._getframe().f_code.co_name\n        test_Assert = Assert.Assertions(def_name)\n        logger.info(\"开始执行脚本%s:\\n\", def_name)\n    \n        driver = webdriver.Chrome()\n        driver.maximize_window()\n        driver.get(url_forward)\n    \n        # 登陆页面\n        login(driver)\n>       waitUntilDisplay(driver, path_businessInfoReg.txt_aut_css.value)\n\ntest_flow\\test_Authentication\\test_businessInfoReg.py:41: \n_ _ _ _ _ _ _ _ _ _ _ _ _ _ _ _ _ _ _ _ _ _ _ _ _ _ _ _ _ _ _ _ _ _ _ _ _ _ _ _\ncommon\\BaseFunction.py:17: in waitUntilDisplay\n    WebDriverWait(driver, 30).until(EC.visibility_of_element_located((By.CSS_SELECTOR, ByCss)))\n..\\..\\..\\AppData\\Local\\Programs\\Python\\Python36\\lib\\site-packages\\selenium\\webdriver\\support\\wait.py:71: in until\n    value = method(self._driver)\n..\\..\\..\\AppData\\Local\\Programs\\Python\\Python36\\lib\\site-packages\\selenium\\webdriver\\support\\expected_conditions.py:128: in __call__\n    return _element_if_visible(_find_element(driver, self.locator))\n_ _ _ _ _ _ _ _ _ _ _ _ _ _ _ _ _ _ _ _ _ _ _ _ _ _ _ _ _ _ _ _ _ _ _ _ _ _ _ _\n\nelement = None, visibility = True\n\n    def _element_if_visible(element, visibility=True):\n>       return element if element.is_displayed() == visibility else False\nE       AttributeError: 'NoneType' object has no attribute 'is_displayed'\n\n..\\..\\..\\AppData\\Local\\Programs\\Python\\Python36\\lib\\site-packages\\selenium\\webdriver\\support\\expected_conditions.py:148: AttributeError",
  "flaky" : false,
  "newFailed" : false,
  "beforeStages" : [ ],
  "testStage" : {
    "description" : "测试 http://10.10.128.152:10053/personal/baseinfo 企业认证",
    "status" : "broken",
    "statusMessage" : "AttributeError: 'NoneType' object has no attribute 'is_displayed'",
    "statusTrace" : "@pytest.mark.run(order=3)\n    @allure.severity(\"blocker\")\n    @allure.description(\"测试 http://10.10.128.152:10053/personal/baseinfo 企业认证\")\n    @allure.testcase(\"http://10.10.128.152:10053/personal/baseinfo\", \"企业认证 \uD83D\uDC47\")\n    def test_businessInforReg():\n        def_name = sys._getframe().f_code.co_name\n        test_Assert = Assert.Assertions(def_name)\n        logger.info(\"开始执行脚本%s:\\n\", def_name)\n    \n        driver = webdriver.Chrome()\n        driver.maximize_window()\n        driver.get(url_forward)\n    \n        # 登陆页面\n        login(driver)\n>       waitUntilDisplay(driver, path_businessInfoReg.txt_aut_css.value)\n\ntest_flow\\test_Authentication\\test_businessInfoReg.py:41: \n_ _ _ _ _ _ _ _ _ _ _ _ _ _ _ _ _ _ _ _ _ _ _ _ _ _ _ _ _ _ _ _ _ _ _ _ _ _ _ _\ncommon\\BaseFunction.py:17: in waitUntilDisplay\n    WebDriverWait(driver, 30).until(EC.visibility_of_element_located((By.CSS_SELECTOR, ByCss)))\n..\\..\\..\\AppData\\Local\\Programs\\Python\\Python36\\lib\\site-packages\\selenium\\webdriver\\support\\wait.py:71: in until\n    value = method(self._driver)\n..\\..\\..\\AppData\\Local\\Programs\\Python\\Python36\\lib\\site-packages\\selenium\\webdriver\\support\\expected_conditions.py:128: in __call__\n    return _element_if_visible(_find_element(driver, self.locator))\n_ _ _ _ _ _ _ _ _ _ _ _ _ _ _ _ _ _ _ _ _ _ _ _ _ _ _ _ _ _ _ _ _ _ _ _ _ _ _ _\n\nelement = None, visibility = True\n\n    def _element_if_visible(element, visibility=True):\n>       return element if element.is_displayed() == visibility else False\nE       AttributeError: 'NoneType' object has no attribute 'is_displayed'\n\n..\\..\\..\\AppData\\Local\\Programs\\Python\\Python36\\lib\\site-packages\\selenium\\webdriver\\support\\expected_conditions.py:148: AttributeError",
    "steps" : [ ],
    "attachments" : [ {
      "uid" : "74ede8745b4644c3",
      "name" : "log",
      "source" : "74ede8745b4644c3.txt",
      "type" : "text/plain",
      "size" : 92
    }, {
      "uid" : "68babca670a4f4f",
      "name" : "stderr",
      "source" : "68babca670a4f4f.txt",
      "type" : "text/plain",
      "size" : 139
    } ],
    "parameters" : [ ],
    "hasContent" : true,
    "stepsCount" : 0,
    "shouldDisplayMessage" : true,
    "attachmentsCount" : 2
  },
  "afterStages" : [ ],
  "labels" : [ {
    "name" : "severity",
    "value" : "blocker"
  }, {
    "name" : "tag",
    "value" : "run(order=3)"
  }, {
    "name" : "parentSuite",
    "value" : "test_flow.test_Authentication"
  }, {
    "name" : "suite",
    "value" : "test_businessInfoReg"
  }, {
    "name" : "host",
    "value" : "A02-03-00033"
  }, {
    "name" : "thread",
    "value" : "9032-MainThread"
  }, {
    "name" : "framework",
    "value" : "pytest"
  }, {
    "name" : "language",
    "value" : "cpython3"
  }, {
    "name" : "package",
    "value" : "test_flow.test_Authentication.test_businessInfoReg"
  }, {
    "name" : "resultFormat",
    "value" : "allure2"
  } ],
  "parameters" : [ ],
  "links" : [ {
    "name" : "企业认证 \uD83D\uDC47",
    "url" : "http://10.10.128.152:10053/personal/baseinfo",
    "type" : "test_case"
  } ],
  "hidden" : false,
  "retry" : false,
  "extra" : {
    "severity" : "blocker",
    "retries" : [ {
      "uid" : "6b5496b6ae83d79f",
      "status" : "passed",
      "time" : {
        "start" : 1602223135654,
        "stop" : 1602223192572,
        "duration" : 56918
      }
    }, {
      "uid" : "b0673729545d14e3",
      "status" : "passed",
      "time" : {
        "start" : 1602222719160,
        "stop" : 1602222767876,
        "duration" : 48716
      }
    }, {
      "uid" : "1c2fd1a165ad000d",
      "status" : "passed",
      "time" : {
        "start" : 1602222316210,
        "stop" : 1602222365502,
        "duration" : 49292
      }
    }, {
      "uid" : "ffbce7d4107e8065",
      "status" : "passed",
      "time" : {
        "start" : 1602222155586,
        "stop" : 1602222207154,
        "duration" : 51568
      }
    }, {
      "uid" : "a139f7f7414ac879",
      "status" : "passed",
      "time" : {
        "start" : 1602221532504,
        "stop" : 1602221586130,
        "duration" : 53626
      }
    }, {
      "uid" : "bc8b44da82d003bc",
      "status" : "broken",
      "statusDetails" : "selenium.common.exceptions.ElementClickInterceptedException: Message: element click intercepted: Element <div class=\"ant-select-item-option-content\">...</div> is not clickable at point (929, 915). Other element would receive the click: <div class=\"formItemContent___4NmH6\">...</div>\n  (Session info: chrome=74.0.3729.108)\n  (Driver info: chromedriver=74.0.3729.6 (255758eccf3d244491b8a1317aa76e1ce10d57e9-refs/branch-heads/3729@{#29}),platform=Windows NT 10.0.18362 x86_64)",
      "time" : {
        "start" : 1602220877479,
        "stop" : 1602220892639,
        "duration" : 15160
      }
    }, {
      "uid" : "c7ff5dc822035e5a",
      "status" : "passed",
      "time" : {
        "start" : 1602220683921,
        "stop" : 1602220732461,
        "duration" : 48540
      }
    }, {
      "uid" : "f425065170401725",
      "status" : "passed",
      "time" : {
        "start" : 1602220218453,
        "stop" : 1602220267454,
        "duration" : 49001
      }
    }, {
      "uid" : "415499182d0cd90a",
      "status" : "broken",
      "statusDetails" : "selenium.common.exceptions.WebDriverException: Message: chrome not reachable\n  (Session info: chrome=74.0.3729.108)\n  (Driver info: chromedriver=74.0.3729.6 (255758eccf3d244491b8a1317aa76e1ce10d57e9-refs/branch-heads/3729@{#29}),platform=Windows NT 10.0.18362 x86_64)",
      "time" : {
        "start" : 1602219767066,
        "stop" : 1602219812855,
        "duration" : 45789
      }
    }, {
      "uid" : "c866ffc50b77f3fd",
      "status" : "passed",
      "time" : {
        "start" : 1602215492437,
        "stop" : 1602215561288,
        "duration" : 68851
      }
    }, {
      "uid" : "360534030e402abc",
      "status" : "passed",
      "time" : {
        "start" : 1602215104175,
        "stop" : 1602215152187,
        "duration" : 48012
      }
    }, {
      "uid" : "5a5efb8d255ec02b",
      "status" : "passed",
      "time" : {
        "start" : 1602213082779,
        "stop" : 1602213131831,
        "duration" : 49052
      }
    }, {
      "uid" : "9ce47f4adf0724ae",
      "status" : "passed",
      "time" : {
        "start" : 1602212580462,
        "stop" : 1602212629236,
        "duration" : 48774
      }
    }, {
      "uid" : "2f1f0e265b8d07aa",
      "status" : "passed",
      "time" : {
        "start" : 1602211056473,
        "stop" : 1602211106936,
        "duration" : 50463
      }
    }, {
      "uid" : "89e23df39b60721c",
      "status" : "passed",
      "time" : {
        "start" : 1602210700479,
        "stop" : 1602210756655,
        "duration" : 56176
      }
    }, {
      "uid" : "2837f65327a73975",
      "status" : "broken",
      "statusDetails" : "selenium.common.exceptions.TimeoutException: Message:",
      "time" : {
        "start" : 1602210430277,
        "stop" : 1602210480516,
        "duration" : 50239
      }
    }, {
      "uid" : "536ee4fa4a6ea3f8",
      "status" : "broken",
      "statusDetails" : "IndexError: list index out of range",
      "time" : {
        "start" : 1602210318411,
        "stop" : 1602210333516,
        "duration" : 15105
      }
    }, {
      "uid" : "c5379e83359a0354",
      "status" : "broken",
      "statusDetails" : "IndexError: list index out of range",
      "time" : {
        "start" : 1602210235375,
        "stop" : 1602210250649,
        "duration" : 15274
      }
    }, {
      "uid" : "d60e209788c37254",
      "status" : "broken",
      "statusDetails" : "IndexError: list index out of range",
      "time" : {
        "start" : 1602210147411,
        "stop" : 1602210163122,
        "duration" : 15711
      }
    }, {
      "uid" : "90fa1ea44bb1d26c",
      "status" : "passed",
      "time" : {
        "start" : 1601191602089,
        "stop" : 1601191657535,
        "duration" : 55446
      }
    } ],
    "categories" : [ {
      "name" : "Test defects",
      "matchedStatuses" : [ ],
      "flaky" : false
    } ],
    "tags" : [ "run(order=3)" ]
  },
  "source" : "fcafc13faa68eddc.json",
  "parameterValues" : [ ]
}