{"name": "test_infoReg", "status": "broken", "statusDetails": {"message": "selenium.common.exceptions.TimeoutException: Message:", "trace": "@pytest.mark.run(order=2)\n    @allure.severity(\"blocker\")\n    @allure.description(\"测试 http://10.10.128.152:10053/personal/set/certification 个人实名认证\")\n    @allure.testcase(\"http://10.10.128.152:10053/personal/set/certification\", \"个人实名认证 👇\")\n    def test_infoReg():\n        def_name = sys._getframe().f_code.co_name\n        test_Assert = Assert.Assertions(def_name)\n        logger.info(\"开始执行脚本%s:\\n\", def_name)\n    \n        # 对个人信息企业信息进行删除操作\n        deletePerInforAndComInfor()\n        logger.info(\"对个人信息企业信息进行删除操作\")\n    \n        driver = webdriver.Chrome()\n        driver.maximize_window()\n        driver.get(url_forward)\n    \n        # 登陆页面\n        login(driver)\n    \n        waitUntilDisplay(driver, loginOn.link_home_css.value)\n        sleep(1)\n        homeText = driver.find_element_by_css_selector(loginOn.link_home_css.value)\n    \n        test_Assert.assert_text_ui(homeText.text, '首页')\n        logger.info(\"进入登陆页面\")\n    \n>       waitUntilDisplay(driver, path_personalInfoReg.txt_aut_css.value)\n\ntest_flow\\test_Authentication\\test_personalInfoReg.py:53: \n_ _ _ _ _ _ _ _ _ _ _ _ _ _ _ _ _ _ _ _ _ _ _ _ _ _ _ _ _ _ _ _ _ _ _ _ _ _ _ _\ncommon\\BaseFunction.py:13: in waitUntilDisplay\n    WebDriverWait(driver, 30).until(EC.visibility_of_element_located((By.CSS_SELECTOR, ByCss)))\n_ _ _ _ _ _ _ _ _ _ _ _ _ _ _ _ _ _ _ _ _ _ _ _ _ _ _ _ _ _ _ _ _ _ _ _ _ _ _ _\n\nself = <selenium.webdriver.support.wait.WebDriverWait (session=\"fe19b01426426c728c5b31b9718f82d1\")>\nmethod = <selenium.webdriver.support.expected_conditions.visibility_of_element_located object at 0x0000011315E922B0>\nmessage = ''\n\n    def until(self, method, message=''):\n        \"\"\"Calls the method provided with the driver as an argument until the \\\n        return value is not False.\"\"\"\n        screen = None\n        stacktrace = None\n    \n        end_time = time.time() + self._timeout\n        while True:\n            try:\n                value = method(self._driver)\n                if value:\n                    return value\n            except self._ignored_exceptions as exc:\n                screen = getattr(exc, 'screen', None)\n                stacktrace = getattr(exc, 'stacktrace', None)\n            time.sleep(self._poll)\n            if time.time() > end_time:\n                break\n>       raise TimeoutException(message, screen, stacktrace)\nE       selenium.common.exceptions.TimeoutException: Message:\n\n..\\venv\\lib\\site-packages\\selenium\\webdriver\\support\\wait.py:80: TimeoutException"}, "description": "测试 http://10.10.128.152:10053/personal/set/certification 个人实名认证", "attachments": [{"name": "log", "source": "f98f8751-d7d0-46c9-b622-d0027c01a413-attachment.txt", "type": "text/plain"}, {"name": "stdout", "source": "4447734a-15f9-4257-882b-14ec1f5fc793-attachment.txt", "type": "text/plain"}, {"name": "stderr", "source": "eb827b9f-bb7e-4b8c-bc66-79df557288c5-attachment.txt", "type": "text/plain"}], "start": 1600155789461, "stop": 1600155831202, "uuid": "d6981eef-93bb-44b7-88a0-09d8d6ed53ff", "historyId": "28dda5313ff182aeade3becf47df4372", "testCaseId": "9cbf013f05cb6ad37536fb98be3bcb37", "fullName": "test_flow.test_Authentication.test_personalInfoReg#test_infoReg", "labels": [{"name": "severity", "value": "blocker"}, {"name": "tag", "value": "run(order=2)"}, {"name": "parentSuite", "value": "test_flow.test_Authentication"}, {"name": "suite", "value": "test_personalInfoReg"}, {"name": "host", "value": "A02-03-00033"}, {"name": "thread", "value": "7684-MainThread"}, {"name": "framework", "value": "pytest"}, {"name": "language", "value": "cpython3"}, {"name": "package", "value": "test_flow.test_Authentication.test_personalInfoReg"}], "links": [{"type": "test_case", "url": "http://10.10.128.152:10053/personal/set/certification", "name": "个人实名认证 👇"}]}