{"name": "test_backStage_authentication", "status": "broken", "statusDetails": {"message": "selenium.common.exceptions.TimeoutException: Message:", "trace": "@pytest.mark.run(order=1)\n    @allure.severity(\"blocker\")\n    @allure.description(\"http://10.10.128.152:10052/#/authority/mechanism ÂêéÂè∞Ë¥¶Êà∑ËÆ§ËØÅ\")\n    @allure.testcase(\"http://10.10.128.152:10052/#/authority/mechanism\", \"ÂêéÂè∞Ë¥¶Êà∑ËÆ§ËØÅ üëá\")\n    def test_backStage_authentication():\n        def_name = sys._getframe().f_code.co_name\n        logger.info(\"ÂºÄÂßãÊâßË°åËÑöÊú¨%s:\\n\", def_name)\n    \n        def_name = sys._getframe().f_code.co_name\n        logger.info(\"ÂºÄÂßãÊâßË°åËÑöÊú¨%s:\\n\", def_name)\n    \n        driver = webdriver.Chrome()\n        driver.maximize_window()\n        driver.get(url_back)\n        # Èì∂Ë°åÂØÜÁ†Å‰øÆÊîπ\n        # companyPassForget(driver, company_bank, 1)\n        # Èì∂Ë°åËÆ§ËØÅ\n>       authentication_Bank(driver, 1)\n\ntest_flow\\test_Authentication\\test_backStage_authentication.py:135: \n_ _ _ _ _ _ _ _ _ _ _ _ _ _ _ _ _ _ _ _ _ _ _ _ _ _ _ _ _ _ _ _ _ _ _ _ _ _ _ _\ntest_flow\\test_Authentication\\test_backStage_authentication.py:98: in authentication_Bank\n    waitUntilClick(driver, path_backStage_authentication.btn_goToAu_css.value)\ncommon\\BaseFunction.py:23: in waitUntilClick\n    WebDriverWait(driver, 30).until(EC.element_to_be_clickable((By.CSS_SELECTOR, ByCss)))\n_ _ _ _ _ _ _ _ _ _ _ _ _ _ _ _ _ _ _ _ _ _ _ _ _ _ _ _ _ _ _ _ _ _ _ _ _ _ _ _\n\nself = <selenium.webdriver.support.wait.WebDriverWait (session=\"e9af0d68f4f6de9c1f42a67be292bab1\")>\nmethod = <selenium.webdriver.support.expected_conditions.element_to_be_clickable object at 0x000001FCE870DB20>\nmessage = ''\n\n    def until(self, method, message=''):\n        \"\"\"Calls the method provided with the driver as an argument until the \\\n        return value is not False.\"\"\"\n        screen = None\n        stacktrace = None\n    \n        end_time = time.time() + self._timeout\n        while True:\n            try:\n                value = method(self._driver)\n                if value:\n                    return value\n            except self._ignored_exceptions as exc:\n                screen = getattr(exc, 'screen', None)\n                stacktrace = getattr(exc, 'stacktrace', None)\n            time.sleep(self._poll)\n            if time.time() > end_time:\n                break\n>       raise TimeoutException(message, screen, stacktrace)\nE       selenium.common.exceptions.TimeoutException: Message:\n\n..\\venv\\lib\\site-packages\\selenium\\webdriver\\support\\wait.py:80: TimeoutException"}, "description": "http://10.10.128.152:10052/#/authority/mechanism ÂêéÂè∞Ë¥¶Êà∑ËÆ§ËØÅ", "attachments": [{"name": "log", "source": "136cbaba-4c23-43cb-858c-23ea35fb55d1-attachment.txt", "type": "text/plain"}, {"name": "stdout", "source": "3f2965b2-2b39-4be6-a0df-eeac80b2cba8-attachment.txt", "type": "text/plain"}, {"name": "stderr", "source": "7af85acc-9819-4e84-88d6-519aa0056d71-attachment.txt", "type": "text/plain"}], "start": 1599121333049, "stop": 1599121377339, "uuid": "bda03df1-967b-49c5-b62f-3a2f9e44256d", "historyId": "a55d1468f36f1b2cdddeddca0f290d7d", "testCaseId": "e04ecfcfa2b86e3258fad7c48a05b57e", "fullName": "test_flow.test_Authentication.test_backStage_authentication#test_backStage_authentication", "labels": [{"name": "severity", "value": "blocker"}, {"name": "tag", "value": "run(order=1)"}, {"name": "parentSuite", "value": "test_flow.test_Authentication"}, {"name": "suite", "value": "test_backStage_authentication"}, {"name": "host", "value": "A02-03-00033"}, {"name": "thread", "value": "21472-MainThread"}, {"name": "framework", "value": "pytest"}, {"name": "language", "value": "cpython3"}, {"name": "package", "value": "test_flow.test_Authentication.test_backStage_authentication"}], "links": [{"type": "test_case", "url": "http://10.10.128.152:10052/#/authority/mechanism", "name": "ÂêéÂè∞Ë¥¶Êà∑ËÆ§ËØÅ üëá"}]}