{"name": "test_businessInforReg", "status": "broken", "statusDetails": {"message": "selenium.common.exceptions.TimeoutException: Message:", "trace": "@pytest.mark.run(order=1)\n    @allure.severity(\"blocker\")\n    @allure.description(\"ÊµãËØï http://10.10.128.152:10053/personal/baseinfo ‰ºÅ‰∏öËÆ§ËØÅ\")\n    @allure.testcase(\"http://10.10.128.152:10053/personal/baseinfo\", \"‰ºÅ‰∏öËÆ§ËØÅ üëá\")\n    def test_businessInforReg():\n        def_name = sys._getframe().f_code.co_name\n        test_Assert = Assert.Assertions(def_name)\n        logger.info(\"ÂºÄÂßãÊâßË°åËÑöÊú¨%s:\\n\", def_name)\n    \n        test_login.test_companyRegister()\n        driver = webdriver.Chrome()\n        driver.maximize_window()\n        driver.get(\"http://10.10.128.152:10053/user/login\")\n    \n        # ÁôªÈôÜÈ°µÈù¢\n        login(driver)\n>       waitUntilDisplay(driver, test_businessInfoReg.txt_aut_css.value)\n\ntest_flow\\test_Authentication\\test_businessInfoReg.py:36: \n_ _ _ _ _ _ _ _ _ _ _ _ _ _ _ _ _ _ _ _ _ _ _ _ _ _ _ _ _ _ _ _ _ _ _ _ _ _ _ _\ncommon\\BaseFunction.py:10: in waitUntilDisplay\n    WebDriverWait(driver, 20).until(EC.presence_of_element_located((By.CSS_SELECTOR, ByCss)))\n_ _ _ _ _ _ _ _ _ _ _ _ _ _ _ _ _ _ _ _ _ _ _ _ _ _ _ _ _ _ _ _ _ _ _ _ _ _ _ _\n\nself = <selenium.webdriver.support.wait.WebDriverWait (session=\"f844b4cace83002479af3549ac8b300f\")>\nmethod = <selenium.webdriver.support.expected_conditions.presence_of_element_located object at 0x0000018C4299EAC0>\nmessage = ''\n\n    def until(self, method, message=''):\n        \"\"\"Calls the method provided with the driver as an argument until the \\\n        return value is not False.\"\"\"\n        screen = None\n        stacktrace = None\n    \n        end_time = time.time() + self._timeout\n        while True:\n            try:\n                value = method(self._driver)\n                if value:\n                    return value\n            except self._ignored_exceptions as exc:\n                screen = getattr(exc, 'screen', None)\n                stacktrace = getattr(exc, 'stacktrace', None)\n            time.sleep(self._poll)\n            if time.time() > end_time:\n                break\n>       raise TimeoutException(message, screen, stacktrace)\nE       selenium.common.exceptions.TimeoutException: Message:\n\n..\\venv\\lib\\site-packages\\selenium\\webdriver\\support\\wait.py:80: TimeoutException"}, "description": "ÊµãËØï http://10.10.128.152:10053/personal/baseinfo ‰ºÅ‰∏öËÆ§ËØÅ", "attachments": [{"name": "log", "source": "671cd7b5-fde6-4ba2-b87d-14358adcbcf5-attachment.txt", "type": "text/plain"}, {"name": "stdout", "source": "efe88b1f-e44a-457c-91de-871361879ad1-attachment.txt", "type": "text/plain"}, {"name": "stderr", "source": "ce762082-f3f2-49eb-8e54-15e891b20db0-attachment.txt", "type": "text/plain"}], "start": 1596779168195, "stop": 1596779224814, "uuid": "77b60b23-7008-49f7-a1b2-41771e620ba0", "historyId": "673c6cf796d54f5cbc2e9852ef4f69c7", "testCaseId": "b3e74db3e441c16c318663de4be2f7da", "fullName": "test_flow.test_Authentication.test_businessInfoReg#test_businessInforReg", "labels": [{"name": "severity", "value": "blocker"}, {"name": "tag", "value": "run(order=1)"}, {"name": "parentSuite", "value": "test_flow.test_Authentication"}, {"name": "suite", "value": "test_businessInfoReg"}, {"name": "host", "value": "A02-03-00033"}, {"name": "thread", "value": "12904-MainThread"}, {"name": "framework", "value": "pytest"}, {"name": "language", "value": "cpython3"}, {"name": "package", "value": "test_flow.test_Authentication.test_businessInfoReg"}], "links": [{"type": "test_case", "url": "http://10.10.128.152:10053/personal/baseinfo", "name": "‰ºÅ‰∏öËÆ§ËØÅ üëá"}]}