{"name": "test_backStage_authentication", "status": "broken", "statusDetails": {"message": "selenium.common.exceptions.TimeoutException: Message:", "trace": "@pytest.mark.run(order=1)\n    @allure.severity(\"blocker\")\n    @allure.description(\"http://10.10.128.152:10052/#/authority/mechanism ÂêéÂè∞Ë¥¶Êà∑ËÆ§ËØÅ\")\n    @allure.testcase(\"http://10.10.128.152:10052/#/authority/mechanism\", \"ÂêéÂè∞Ë¥¶Êà∑ËÆ§ËØÅ üëá\")\n    def test_backStage_authentication():\n        def_name = sys._getframe().f_code.co_name\n        logger.info(\"ÂºÄÂßãÊâßË°åËÑöÊú¨%s:\\n\", def_name)\n    \n        def_name = sys._getframe().f_code.co_name\n        logger.info(\"ÂºÄÂßãÊâßË°åËÑöÊú¨%s:\\n\", def_name)\n    \n        driver = webdriver.Chrome()\n        driver.maximize_window()\n        driver.get(url_back)\n        # Èì∂Ë°åÂØÜÁ†Å‰øÆÊîπ\n        # companyPassForget(driver, company_bank, 1)\n        # Èì∂Ë°åËÆ§ËØÅ\n        authentication_Bank(driver, 1)\n        # ÊãÖ‰øùÂÖ¨Âè∏ÂØÜÁ†Å‰øÆÊîπ\n>       companyPassForget(driver, company_Guarantee, 0)\n\ntest_flow\\test_Authentication\\test_backStage_authentication.py:134: \n_ _ _ _ _ _ _ _ _ _ _ _ _ _ _ _ _ _ _ _ _ _ _ _ _ _ _ _ _ _ _ _ _ _ _ _ _ _ _ _\ntest_flow\\test_Authentication\\test_login.py:93: in companyPassForget\n    waitUntilClick(driver, path_backStage_authentication.btn_forPass_css.value)\ncommon\\BaseFunction.py:23: in waitUntilClick\n    WebDriverWait(driver, 30).until(EC.element_to_be_clickable((By.CSS_SELECTOR, ByCss)))\n_ _ _ _ _ _ _ _ _ _ _ _ _ _ _ _ _ _ _ _ _ _ _ _ _ _ _ _ _ _ _ _ _ _ _ _ _ _ _ _\n\nself = <selenium.webdriver.support.wait.WebDriverWait (session=\"816d930a7f4447f9d797bb88366eada2\")>\nmethod = <selenium.webdriver.support.expected_conditions.element_to_be_clickable object at 0x000001B624382B80>\nmessage = ''\n\n    def until(self, method, message=''):\n        \"\"\"Calls the method provided with the driver as an argument until the \\\n        return value is not False.\"\"\"\n        screen = None\n        stacktrace = None\n    \n        end_time = time.time() + self._timeout\n        while True:\n            try:\n                value = method(self._driver)\n                if value:\n                    return value\n            except self._ignored_exceptions as exc:\n                screen = getattr(exc, 'screen', None)\n                stacktrace = getattr(exc, 'stacktrace', None)\n            time.sleep(self._poll)\n            if time.time() > end_time:\n                break\n>       raise TimeoutException(message, screen, stacktrace)\nE       selenium.common.exceptions.TimeoutException: Message:\n\n..\\venv\\lib\\site-packages\\selenium\\webdriver\\support\\wait.py:80: TimeoutException"}, "description": "http://10.10.128.152:10052/#/authority/mechanism ÂêéÂè∞Ë¥¶Êà∑ËÆ§ËØÅ", "attachments": [{"name": "log", "source": "40c8a95e-6205-4f8f-88a7-a32c0098ab47-attachment.txt", "type": "text/plain"}, {"name": "stdout", "source": "ef635a5f-cd41-4b11-877c-2f991c391124-attachment.txt", "type": "text/plain"}, {"name": "stderr", "source": "e3068e24-e60c-4be6-ae34-c3351b2f7592-attachment.txt", "type": "text/plain"}], "start": 1599125513986, "stop": 1599125565988, "uuid": "d0795070-d204-4287-a253-c8ddaeaeb04a", "historyId": "a55d1468f36f1b2cdddeddca0f290d7d", "testCaseId": "e04ecfcfa2b86e3258fad7c48a05b57e", "fullName": "test_flow.test_Authentication.test_backStage_authentication#test_backStage_authentication", "labels": [{"name": "severity", "value": "blocker"}, {"name": "tag", "value": "run(order=1)"}, {"name": "parentSuite", "value": "test_flow.test_Authentication"}, {"name": "suite", "value": "test_backStage_authentication"}, {"name": "host", "value": "A02-03-00033"}, {"name": "thread", "value": "7352-MainThread"}, {"name": "framework", "value": "pytest"}, {"name": "language", "value": "cpython3"}, {"name": "package", "value": "test_flow.test_Authentication.test_backStage_authentication"}], "links": [{"type": "test_case", "url": "http://10.10.128.152:10052/#/authority/mechanism", "name": "ÂêéÂè∞Ë¥¶Êà∑ËÆ§ËØÅ üëá"}]}