{"name": "test_companyRegister", "status": "broken", "statusDetails": {"message": "selenium.common.exceptions.TimeoutException: Message:", "trace": "@pytest.mark.run(order=1)\n    @allure.severity(\"blocker\")\n    @allure.description(\"ÊµãËØï http://10.10.128.152:10053/user/register ‰∏≠Â∞èÂæÆ‰ºÅ‰∏öÊ≥®ÂÜåÊµÅÁ®ã\")\n    @allure.testcase(\"http://10.10.128.152:10053/user/register\", \"Ê≥®ÂÜå üëá\")\n    def test_companyRegister():\n        def_name = sys._getframe().f_code.co_name\n        test_Assert = Assert.Assertions(def_name)\n        logger.info(\"ÂºÄÂßãÊâßË°åËÑöÊú¨%s:\\n\", def_name)\n    \n        driver = webdriver.Chrome()\n        driver.maximize_window()\n        driver.get(url_forward)\n        # db‰∏≠Ê∏ÖÈô§Â∑≤Ê≥®ÂÜåÁöÑË¥¶Êà∑\n        deleteAct()\n        logger.info(\"ÂØπÂ∑≤Ê≥®ÂÜåÁöÑË¥¶Êà∑ËøõË°åÂà†Èô§Êìç‰Ωú\")\n        sleep(1)\n>       waitUntilClick(driver, loginOn.btn_agree_css.value)\n\ntest_flow\\test_Authentication\\test_login.py:58: \n_ _ _ _ _ _ _ _ _ _ _ _ _ _ _ _ _ _ _ _ _ _ _ _ _ _ _ _ _ _ _ _ _ _ _ _ _ _ _ _\ncommon\\BaseFunction.py:23: in waitUntilClick\n    WebDriverWait(driver, 30).until(EC.element_to_be_clickable((By.CSS_SELECTOR, ByCss)))\n_ _ _ _ _ _ _ _ _ _ _ _ _ _ _ _ _ _ _ _ _ _ _ _ _ _ _ _ _ _ _ _ _ _ _ _ _ _ _ _\n\nself = <selenium.webdriver.support.wait.WebDriverWait (session=\"10765f63e3c80e2d221c15f0ead66fa9\")>\nmethod = <selenium.webdriver.support.expected_conditions.element_to_be_clickable object at 0x00000232BC7561F0>\nmessage = ''\n\n    def until(self, method, message=''):\n        \"\"\"Calls the method provided with the driver as an argument until the \\\n        return value is not False.\"\"\"\n        screen = None\n        stacktrace = None\n    \n        end_time = time.time() + self._timeout\n        while True:\n            try:\n                value = method(self._driver)\n                if value:\n                    return value\n            except self._ignored_exceptions as exc:\n                screen = getattr(exc, 'screen', None)\n                stacktrace = getattr(exc, 'stacktrace', None)\n            time.sleep(self._poll)\n            if time.time() > end_time:\n                break\n>       raise TimeoutException(message, screen, stacktrace)\nE       selenium.common.exceptions.TimeoutException: Message:\n\n..\\venv\\lib\\site-packages\\selenium\\webdriver\\support\\wait.py:80: TimeoutException"}, "description": "ÊµãËØï http://10.10.128.152:10053/user/register ‰∏≠Â∞èÂæÆ‰ºÅ‰∏öÊ≥®ÂÜåÊµÅÁ®ã", "attachments": [{"name": "log", "source": "126f20e4-4a8b-4638-b591-18397c775ecd-attachment.txt", "type": "text/plain"}, {"name": "stdout", "source": "e85e2b38-a4dd-4f7b-9cf9-54ec870fbfa4-attachment.txt", "type": "text/plain"}, {"name": "stderr", "source": "fb94fa67-3b01-4cb2-98bf-2617b16da5d1-attachment.txt", "type": "text/plain"}], "start": 1599035687651, "stop": 1599035741425, "uuid": "292c9769-54e3-4b6f-be59-17f90327264f", "historyId": "dd0646a5c1a798e47c4f25747509dea9", "testCaseId": "1fe2bac8daa9cfa6b5ae5069ce9a9205", "fullName": "test_flow.test_Authentication.test_login#test_companyRegister", "labels": [{"name": "severity", "value": "blocker"}, {"name": "tag", "value": "run(order=1)"}, {"name": "parentSuite", "value": "test_flow.test_Authentication"}, {"name": "suite", "value": "test_login"}, {"name": "host", "value": "A02-03-00033"}, {"name": "thread", "value": "25192-MainThread"}, {"name": "framework", "value": "pytest"}, {"name": "language", "value": "cpython3"}, {"name": "package", "value": "test_flow.test_Authentication.test_login"}], "links": [{"type": "test_case", "url": "http://10.10.128.152:10053/user/register", "name": "Ê≥®ÂÜå üëá"}]}