{"name": "test_infoReg", "status": "broken", "statusDetails": {"message": "selenium.common.exceptions.TimeoutException: Message:", "trace": "@pytest.mark.run(order=2)\n    @allure.severity(\"blocker\")\n    @allure.description(\"ÊµãËØï http://10.10.128.152:10053/personal/set/certification ‰∏™‰∫∫ÂÆûÂêçËÆ§ËØÅ\")\n    @allure.testcase(\"http://10.10.128.152:10053/personal/set/certification\", \"‰∏™‰∫∫ÂÆûÂêçËÆ§ËØÅ üëá\")\n    def test_infoReg():\n        if runMode == 'UI':\n            def_name = sys._getframe().f_code.co_name\n            test_Assert = Assert.Assertions(def_name)\n            logger.info(\"ÂºÄÂßãÊâßË°åËÑöÊú¨%s:\\n\", def_name)\n    \n            # ÂØπ‰∏™‰∫∫‰ø°ÊÅØ‰ºÅ‰∏ö‰ø°ÊÅØËøõË°åÂà†Èô§Êìç‰Ωú\n            deletePerInforAndComInfor()\n            logger.info(\"ÂØπ‰∏™‰∫∫‰ø°ÊÅØ‰ºÅ‰∏ö‰ø°ÊÅØËøõË°åÂà†Èô§Êìç‰Ωú\")\n    \n            driver = webdriver.Chrome()\n            driver.maximize_window()\n            driver.get(url_forward)\n    \n            # ÁôªÈôÜÈ°µÈù¢\n            login(driver)\n    \n            waitUntilDisplay(driver, loginOn.link_home_css.value)\n            sleep(1)\n            homeText = driver.find_element_by_css_selector(loginOn.link_home_css.value)\n    \n            test_Assert.assert_text_ui(homeText.text, 'È¶ñÈ°µ')\n            logger.info(\"ËøõÂÖ•ÁôªÈôÜÈ°µÈù¢\")\n    \n            # waitUntilDisplay(driver, path_personalInfoReg.txt_aut_css.value)\n            # sleep(1)\n            # titleText = driver.find_element_by_css_selector(path_personalInfoReg.txt_aut_css.value)\n            # test_Assert.assert_text_ui(titleText.text, 'ÂÆûÂêçËÆ§ËØÅ')\n            # logger.info(\"ÂÆûÂêçËÆ§ËØÅÁîªÈù¢ÊàêÂäüÊòæÁ§∫\")\n            name = yamldict['test_personalInfoRegList']['name']\n            idNum = yamldict['test_personalInfoRegList']['id_card']\n            # driver.find_element_by_css_selector(path_personalInfoReg.input_name_css.value).send_keys(name)\n            # driver.find_element_by_css_selector(path_personalInfoReg.input_idNum_css.value).send_keys(idNum)\n            # BaseFunction.waitUntilClick(driver, path_personalInfoReg.btn_phoneNum_css.value)\n            # flushDb()\n            # driver.find_element_by_css_selector(path_personalInfoReg.btn_phoneNum_css.value).click()\n            #\n            # while 1:\n            #     message = getPhoneMessage().get(\"auMes\")\n            #     if message is None:\n            #         sleep(0.5)\n            #         continue\n            #     else:\n            #         break\n            # driver.find_element_by_css_selector(path_personalInfoReg.input_phoneNum_css.value).send_keys(\n            #     message.strip().strip('\"'))\n>           BaseFunction.waitUntilClick(driver, path_personalInfoReg.btn_aut_css.value)\n\ntest_flow\\test_Authentication\\test_personalInfoReg.py:76: \n_ _ _ _ _ _ _ _ _ _ _ _ _ _ _ _ _ _ _ _ _ _ _ _ _ _ _ _ _ _ _ _ _ _ _ _ _ _ _ _\ncommon\\BaseFunction.py:31: in waitUntilClick\n    WebDriverWait(driver, 30).until(EC.element_to_be_clickable((By.CSS_SELECTOR, ByCss)))\n_ _ _ _ _ _ _ _ _ _ _ _ _ _ _ _ _ _ _ _ _ _ _ _ _ _ _ _ _ _ _ _ _ _ _ _ _ _ _ _\n\nself = <selenium.webdriver.support.wait.WebDriverWait (session=\"3bd015d8196156731fe7752657a3f36c\")>\nmethod = <selenium.webdriver.support.expected_conditions.element_to_be_clickable object at 0x0000020CEBDEE5C0>\nmessage = ''\n\n    def until(self, method, message=''):\n        \"\"\"Calls the method provided with the driver as an argument until the \\\n        return value is not False.\"\"\"\n        screen = None\n        stacktrace = None\n    \n        end_time = time.time() + self._timeout\n        while True:\n            try:\n                value = method(self._driver)\n                if value:\n                    return value\n            except self._ignored_exceptions as exc:\n                screen = getattr(exc, 'screen', None)\n                stacktrace = getattr(exc, 'stacktrace', None)\n            time.sleep(self._poll)\n            if time.time() > end_time:\n                break\n>       raise TimeoutException(message, screen, stacktrace)\nE       selenium.common.exceptions.TimeoutException: Message:\n\n..\\..\\..\\AppData\\Local\\Programs\\Python\\Python36\\lib\\site-packages\\selenium\\webdriver\\support\\wait.py:80: TimeoutException"}, "description": "ÊµãËØï http://10.10.128.152:10053/personal/set/certification ‰∏™‰∫∫ÂÆûÂêçËÆ§ËØÅ", "attachments": [{"name": "log", "source": "b706887d-a94b-4e13-a656-dc3b959e5a10-attachment.txt", "type": "text/plain"}, {"name": "stdout", "source": "455f4207-cc34-439b-ab8f-7058ddc805a2-attachment.txt", "type": "text/plain"}, {"name": "stderr", "source": "99bbcb8b-f426-4b04-ad3f-293ac5b1240f-attachment.txt", "type": "text/plain"}], "start": 1604538879160, "stop": 1604538920825, "uuid": "dfb84a2b-e720-4854-bc32-67afc88c5a60", "historyId": "28dda5313ff182aeade3becf47df4372", "testCaseId": "9cbf013f05cb6ad37536fb98be3bcb37", "fullName": "test_flow.test_Authentication.test_personalInfoReg#test_infoReg", "labels": [{"name": "severity", "value": "blocker"}, {"name": "tag", "value": "run(order=2)"}, {"name": "parentSuite", "value": "test_flow.test_Authentication"}, {"name": "suite", "value": "test_personalInfoReg"}, {"name": "host", "value": "A02-03-00033"}, {"name": "thread", "value": "11052-MainThread"}, {"name": "framework", "value": "pytest"}, {"name": "language", "value": "cpython3"}, {"name": "package", "value": "test_flow.test_Authentication.test_personalInfoReg"}], "links": [{"type": "test_case", "url": "http://10.10.128.152:10053/personal/set/certification", "name": "‰∏™‰∫∫ÂÆûÂêçËÆ§ËØÅ üëá"}]}