{"name": "test_businessInforReg", "status": "broken", "statusDetails": {"message": "selenium.common.exceptions.TimeoutException: Message:", "trace": "@pytest.mark.run(order=3)\n    @allure.severity(\"blocker\")\n    @allure.description(\"ÊµãËØï http://10.10.128.152:10053/personal/baseinfo ‰ºÅ‰∏öËÆ§ËØÅ\")\n    @allure.testcase(\"http://10.10.128.152:10053/personal/baseinfo\", \"‰ºÅ‰∏öËÆ§ËØÅ üëá\")\n    def test_businessInforReg():\n        if runMode == 'UI':\n            def_name = sys._getframe().f_code.co_name\n            test_Assert = Assert.Assertions(def_name)\n            logger.info(\"ÂºÄÂßãÊâßË°åËÑöÊú¨%s:\\n\", def_name)\n    \n            driver = webdriver.Chrome()\n            driver.maximize_window()\n            driver.get(url_forward)\n    \n            # ÁôªÈôÜÈ°µÈù¢\n            login(driver)\n            waitUntilDisplay(driver, path_businessInfoReg.txt_aut_css.value)\n            txt_auTitle = driver.find_element_by_css_selector(path_businessInfoReg.txt_aut_css.value).text\n            test_Assert.assert_text_ui(txt_auTitle, '‰ºÅ‰∏öÂü∫Êú¨ËµÑÊñô')\n            logger.info(\"‰ºÅ‰∏öÂü∫Êú¨ËµÑÊñôÁîªÈù¢Ê≠£Â∏∏ÊòæÁ§∫\")\n    \n            # ‰ºÅ‰∏öËØÅ‰ª∂\n            el = driver.find_element_by_css_selector(path_businessInfoReg.input_companyName_css.value)\n            el.send_keys(businessName)\n            waitUntilDisplay_xpath(driver, path_businessInfoReg.display_name_xpath.value)\n            el.send_keys(Keys.ENTER)\n            sleep(1)\n            # driver.find_element_by_css_selector(path_businessInfoReg.input_companyCode_css.value).send_keys(\n            #     \"92520628MA6FK07055\")\n            # driver.find_element_by_css_selector(path_businessInfoReg.input_legalPersonName_css.value).send_keys(\"ÈªÑÂ∞èÊòé\")\n            driver.find_element_by_css_selector(path_businessInfoReg.input_legalPersonCardNo_css.value).send_keys(\n                \"110101199003077096\")\n            # driver.find_element_by_css_selector(path_businessInfoReg.input_legalPersonAddress_css.value).send_keys(\n            #     \"‰∏äÊµ∑Â∏ÇÊµ¶‰∏úÊñ∞Âå∫ÈôÜÂÆ∂Âò¥ÈáëÁ†ñÂ§ßÂé¶\")\n            driver.find_element_by_css_selector(path_businessInfoReg.input_legalPersonPostCode_css.value).send_keys(\n                \"200120\")\n            # driver.find_element_by_css_selector(path_businessInfoReg.input_legalPersonIndustry_css.value).send_keys(\"ÈáëËûç\")\n    \n            picture_dir = os.getcwd() + '\\\\test_data\\\\picture\\\\id_3.jpg'\n            driver.find_element_by_css_selector(path_businessInfoReg.upload_legalPersonCertificate_css.value).send_keys(\n                picture_dir)\n            # ÁîüÊàêÈöèÊú∫Èì∂Ë°åÂè∑Á†Å\n            bankNO = random.randint(0, 99999999999999)\n            driver.find_element_by_css_selector(path_businessInfoReg.upload_legalPersonBankNo_css.value).send_keys(\n                str(bankNO))\n    \n            driver.find_element_by_css_selector(path_businessInfoReg.sel_bankName_css.value).click()\n>           waitUntilClick_xpath(driver, path_businessInfoReg.sel_bankName_xpath.value)\n\ntest_flow\\test_Authentication\\test_businessInfoReg.py:75: \n_ _ _ _ _ _ _ _ _ _ _ _ _ _ _ _ _ _ _ _ _ _ _ _ _ _ _ _ _ _ _ _ _ _ _ _ _ _ _ _\ncommon\\BaseFunction.py:50: in waitUntilClick_xpath\n    WebDriverWait(driver, 30).until(EC.element_to_be_clickable((By.XPATH, ByXpath)))\n_ _ _ _ _ _ _ _ _ _ _ _ _ _ _ _ _ _ _ _ _ _ _ _ _ _ _ _ _ _ _ _ _ _ _ _ _ _ _ _\n\nself = <selenium.webdriver.support.wait.WebDriverWait (session=\"b6a88f9568b8bf091177acc702bcf7b2\")>\nmethod = <selenium.webdriver.support.expected_conditions.element_to_be_clickable object at 0x000002034EA780F0>\nmessage = ''\n\n    def until(self, method, message=''):\n        \"\"\"Calls the method provided with the driver as an argument until the \\\n        return value is not False.\"\"\"\n        screen = None\n        stacktrace = None\n    \n        end_time = time.time() + self._timeout\n        while True:\n            try:\n                value = method(self._driver)\n                if value:\n                    return value\n            except self._ignored_exceptions as exc:\n                screen = getattr(exc, 'screen', None)\n                stacktrace = getattr(exc, 'stacktrace', None)\n            time.sleep(self._poll)\n            if time.time() > end_time:\n                break\n>       raise TimeoutException(message, screen, stacktrace)\nE       selenium.common.exceptions.TimeoutException: Message:\n\n..\\..\\..\\AppData\\Local\\Programs\\Python\\Python36\\lib\\site-packages\\selenium\\webdriver\\support\\wait.py:80: TimeoutException"}, "description": "ÊµãËØï http://10.10.128.152:10053/personal/baseinfo ‰ºÅ‰∏öËÆ§ËØÅ", "attachments": [{"name": "log", "source": "fe522dce-bba4-4447-8137-4bde84e75867-attachment.txt", "type": "text/plain"}, {"name": "stderr", "source": "35e0dc88-e70d-4b35-a523-b57cdac51e5f-attachment.txt", "type": "text/plain"}], "start": 1603329579784, "stop": 1603329624409, "uuid": "e3736b77-1d29-4683-9ac7-aa8875ff6746", "historyId": "673c6cf796d54f5cbc2e9852ef4f69c7", "testCaseId": "b3e74db3e441c16c318663de4be2f7da", "fullName": "test_flow.test_Authentication.test_businessInfoReg#test_businessInforReg", "labels": [{"name": "severity", "value": "blocker"}, {"name": "tag", "value": "run(order=3)"}, {"name": "parentSuite", "value": "test_flow.test_Authentication"}, {"name": "suite", "value": "test_businessInfoReg"}, {"name": "host", "value": "A02-03-00033"}, {"name": "thread", "value": "14636-MainThread"}, {"name": "framework", "value": "pytest"}, {"name": "language", "value": "cpython3"}, {"name": "package", "value": "test_flow.test_Authentication.test_businessInfoReg"}], "links": [{"type": "test_case", "url": "http://10.10.128.152:10053/personal/baseinfo", "name": "‰ºÅ‰∏öËÆ§ËØÅ üëá"}]}