{"name": "test_infoReg", "status": "broken", "statusDetails": {"message": "selenium.common.exceptions.TimeoutException: Message:", "trace": "@pytest.mark.run(order=2)\n    @allure.severity(\"blocker\")\n    @allure.description(\"ÊµãËØï http://10.10.128.152:10053/personal/set/certification ‰∏™‰∫∫ÂÆûÂêçËÆ§ËØÅ\")\n    @allure.testcase(\"http://10.10.128.152:10053/personal/set/certification\", \"‰∏™‰∫∫ÂÆûÂêçËÆ§ËØÅ üëá\")\n    def test_infoReg():\n        if runMode == 'UI':\n            def_name = sys._getframe().f_code.co_name\n            test_Assert = Assert.Assertions(def_name)\n            logger.info(\"ÂºÄÂßãÊâßË°åËÑöÊú¨%s:\\n\", def_name)\n    \n            # ÂØπ‰∏™‰∫∫‰ø°ÊÅØ‰ºÅ‰∏ö‰ø°ÊÅØËøõË°åÂà†Èô§Êìç‰Ωú\n            deletePerInforAndComInfor()\n            logger.info(\"ÂØπ‰∏™‰∫∫‰ø°ÊÅØ‰ºÅ‰∏ö‰ø°ÊÅØËøõË°åÂà†Èô§Êìç‰Ωú\")\n    \n            driver = webdriver.Chrome(executable_path=driverPath)\n            driver.maximize_window()\n            driver.get(url_forward)\n    \n            # ÁôªÈôÜÈ°µÈù¢\n            login(driver)\n    \n            waitUntilDisplay(driver, loginOn.link_home_css.value)\n            sleep(1)\n            homeText = driver.find_element_by_css_selector(loginOn.link_home_css.value)\n    \n            test_Assert.assert_text_ui(homeText.text, 'È¶ñÈ°µ')\n            logger.info(\"ËøõÂÖ•ÁôªÈôÜÈ°µÈù¢\")\n    \n            name = yamldict['test_personalInfoRegList']['name']\n            idNum = yamldict['test_personalInfoRegList']['id_card']\n    \n            BaseFunction.waitUntilClick(driver, path_personalInfoReg.btn_aut_css.value)\n            picture_dir = os.getcwd()\n            pcture_dirOne = '\\\\test_data\\\\picture\\\\id_1.jpg'\n            pcture_dirTwo = '\\\\test_data\\\\picture\\\\id_2.jpg'\n            driver.find_element_by_css_selector(path_personalInfoReg.file_idPicture1_css.value).send_keys(\n                picture_dir + pcture_dirOne)\n>           BaseFunction.waitUntilDisplay(driver, path_personalInfoReg.btn_uplaodPicture1_css.value)\n\ntest_flow\\test_Authentication\\test_personalInfoReg.py:63: \n_ _ _ _ _ _ _ _ _ _ _ _ _ _ _ _ _ _ _ _ _ _ _ _ _ _ _ _ _ _ _ _ _ _ _ _ _ _ _ _\ncommon\\BaseFunction.py:23: in waitUntilDisplay\n    WebDriverWait(driver, 30).until(EC.visibility_of_element_located((By.CSS_SELECTOR, ByCss)))\n_ _ _ _ _ _ _ _ _ _ _ _ _ _ _ _ _ _ _ _ _ _ _ _ _ _ _ _ _ _ _ _ _ _ _ _ _ _ _ _\n\nself = <selenium.webdriver.support.wait.WebDriverWait (session=\"f75a6ccb89d7cd6f0eb9f798b6449e58\")>\nmethod = <selenium.webdriver.support.expected_conditions.visibility_of_element_located object at 0x000001F1BC620C88>\nmessage = ''\n\n    def until(self, method, message=''):\n        \"\"\"Calls the method provided with the driver as an argument until the \\\n        return value is not False.\"\"\"\n        screen = None\n        stacktrace = None\n    \n        end_time = time.time() + self._timeout\n        while True:\n            try:\n                value = method(self._driver)\n                if value:\n                    return value\n            except self._ignored_exceptions as exc:\n                screen = getattr(exc, 'screen', None)\n                stacktrace = getattr(exc, 'stacktrace', None)\n            time.sleep(self._poll)\n            if time.time() > end_time:\n                break\n>       raise TimeoutException(message, screen, stacktrace)\nE       selenium.common.exceptions.TimeoutException: Message:\n\n..\\..\\..\\AppData\\Local\\Programs\\Python\\Python36\\lib\\site-packages\\selenium\\webdriver\\support\\wait.py:80: TimeoutException"}, "description": "ÊµãËØï http://10.10.128.152:10053/personal/set/certification ‰∏™‰∫∫ÂÆûÂêçËÆ§ËØÅ", "attachments": [{"name": "log", "source": "5933a540-a62a-43f4-967a-825b66cf5dcd-attachment.txt", "type": "text/plain"}, {"name": "stdout", "source": "bb43c6f5-917f-46ab-b89e-f29f96b16825-attachment.txt", "type": "text/plain"}, {"name": "stderr", "source": "984d4c65-198d-4f43-96f7-ae7e5f4d5ed1-attachment.txt", "type": "text/plain"}], "start": 1606280037920, "stop": 1606280082449, "uuid": "9504e22d-6ef0-4c11-ba37-95004a1f1cd1", "historyId": "28dda5313ff182aeade3becf47df4372", "testCaseId": "9cbf013f05cb6ad37536fb98be3bcb37", "fullName": "test_flow.test_Authentication.test_personalInfoReg#test_infoReg", "labels": [{"name": "severity", "value": "blocker"}, {"name": "tag", "value": "run(order=2)"}, {"name": "parentSuite", "value": "test_flow.test_Authentication"}, {"name": "suite", "value": "test_personalInfoReg"}, {"name": "host", "value": "A02-03-00033"}, {"name": "thread", "value": "6072-MainThread"}, {"name": "framework", "value": "pytest"}, {"name": "language", "value": "cpython3"}, {"name": "package", "value": "test_flow.test_Authentication.test_personalInfoReg"}], "links": [{"type": "test_case", "url": "http://10.10.128.152:10053/personal/set/certification", "name": "‰∏™‰∫∫ÂÆûÂêçËÆ§ËØÅ üëá"}]}