{"name": "test_infoReg", "status": "broken", "statusDetails": {"message": "selenium.common.exceptions.TimeoutException: Message:", "trace": "@pytest.mark.run(order=2)\n    @allure.severity(\"blocker\")\n    @allure.description(\"ÊµãËØï http://10.10.128.152:10053/personal/set/certification ‰∏™‰∫∫ÂÆûÂêçËÆ§ËØÅ\")\n    @allure.testcase(\"http://10.10.128.152:10053/personal/set/certification\", \"‰∏™‰∫∫ÂÆûÂêçËÆ§ËØÅ üëá\")\n    def test_infoReg():\n        if runMode == 'UI':\n            def_name = sys._getframe().f_code.co_name\n            test_Assert = Assert.Assertions(def_name)\n            logger.info(\"ÂºÄÂßãÊâßË°åËÑöÊú¨%s:\\n\", def_name)\n    \n            # ÂØπ‰∏™‰∫∫‰ø°ÊÅØ‰ºÅ‰∏ö‰ø°ÊÅØËøõË°åÂà†Èô§Êìç‰Ωú\n            deletePerInforAndComInfor()\n            logger.info(\"ÂØπ‰∏™‰∫∫‰ø°ÊÅØ‰ºÅ‰∏ö‰ø°ÊÅØËøõË°åÂà†Èô§Êìç‰Ωú\")\n            if jenkins:\n                option = webdriver.ChromeOptions()\n                option.add_argument('headless')  # ÊµèËßàÂô®‰∏çÊèê‰æõÂèØËßÜÂåñÈ°µÈù¢\n                option.add_argument('no-sandbox')  # ‰ª•ÊúÄÈ´òÊùÉÈôêËøêË°å\n                option.add_argument('--start-maximized')  # ÊúÄÂ§ßÂåñËøêË°åÔºàÂÖ®Â±èÁ™óÂè£ÔºâËÆæÁΩÆÂÖÉÁ¥†ÂÆö‰ΩçÊØîËæÉÂáÜÁ°Æ\n                option.add_argument('--disable-gpu')  # Ë∞∑Ê≠åÊñáÊ°£ÊèêÂà∞ÈúÄË¶ÅÂä†‰∏äËøô‰∏™Â±ûÊÄßÊù•ËßÑÈÅøbug\n                option.add_argument('--window-size=1920,1080')  # ËÆæÁΩÆÊµèËßàÂô®ÂàÜËæ®ÁéáÔºàÁ™óÂè£Â§ßÂ∞èÔºâ\n                driver = webdriver.Chrome(options=option)\n            else:\n                driver = webdriver.Chrome(executable_path=driverPath)\n            driver.maximize_window()\n            driver.get(url_forward)\n    \n            # ÁôªÈôÜÈ°µÈù¢\n            login(driver)\n    \n            waitUntilDisplay(driver, loginOn.link_home_css.value)\n            sleep(1)\n            homeText = driver.find_element_by_css_selector(loginOn.link_home_css.value)\n    \n            test_Assert.assert_text_ui(homeText.text, 'È¶ñÈ°µ')\n            logger.info(\"ËøõÂÖ•ÁôªÈôÜÈ°µÈù¢\")\n    \n            name = yamldict['test_personalInfoRegList']['name']\n            idNum = yamldict['test_personalInfoRegList']['id_card']\n    \n            BaseFunction.waitUntilClick(driver, path_personalInfoReg.btn_aut_css.value)\n            picture_dir = os.getcwd()\n            pcture_dirOne = '\\\\test_data\\\\picture\\\\id_1.jpg'\n            pcture_dirTwo = '\\\\test_data\\\\picture\\\\id_2.jpg'\n            driver.find_element_by_css_selector(path_personalInfoReg.file_idPicture1_css.value).send_keys(\n                picture_dir + pcture_dirOne)\n>           BaseFunction.waitUntilDisplay(driver, path_personalInfoReg.btn_uplaodPicture1_css.value)\n\ntest_flow\\test_Authentication\\test_personalInfoReg.py:71: \n_ _ _ _ _ _ _ _ _ _ _ _ _ _ _ _ _ _ _ _ _ _ _ _ _ _ _ _ _ _ _ _ _ _ _ _ _ _ _ _\ncommon\\BaseFunction.py:23: in waitUntilDisplay\n    WebDriverWait(driver, 30).until(EC.visibility_of_element_located((By.CSS_SELECTOR, ByCss)))\n_ _ _ _ _ _ _ _ _ _ _ _ _ _ _ _ _ _ _ _ _ _ _ _ _ _ _ _ _ _ _ _ _ _ _ _ _ _ _ _\n\nself = <selenium.webdriver.support.wait.WebDriverWait (session=\"2758469f806b0b03704636c1a0bc3dd8\")>\nmethod = <selenium.webdriver.support.expected_conditions.visibility_of_element_located object at 0x0000022F697EB518>\nmessage = ''\n\n    def until(self, method, message=''):\n        \"\"\"Calls the method provided with the driver as an argument until the \\\n        return value is not False.\"\"\"\n        screen = None\n        stacktrace = None\n    \n        end_time = time.time() + self._timeout\n        while True:\n            try:\n                value = method(self._driver)\n                if value:\n                    return value\n            except self._ignored_exceptions as exc:\n                screen = getattr(exc, 'screen', None)\n                stacktrace = getattr(exc, 'stacktrace', None)\n            time.sleep(self._poll)\n            if time.time() > end_time:\n                break\n>       raise TimeoutException(message, screen, stacktrace)\nE       selenium.common.exceptions.TimeoutException: Message:\n\n..\\..\\..\\AppData\\Local\\Programs\\Python\\Python36\\lib\\site-packages\\selenium\\webdriver\\support\\wait.py:80: TimeoutException"}, "description": "ÊµãËØï http://10.10.128.152:10053/personal/set/certification ‰∏™‰∫∫ÂÆûÂêçËÆ§ËØÅ", "attachments": [{"name": "log", "source": "166f0653-cb4e-448d-9df5-7d6c6ef88963-attachment.txt", "type": "text/plain"}, {"name": "stdout", "source": "a029480e-f40c-4458-a3fa-d2b6100aa238-attachment.txt", "type": "text/plain"}, {"name": "stderr", "source": "b118a014-52e2-4742-8225-73a513c3e116-attachment.txt", "type": "text/plain"}], "start": 1609735904260, "stop": 1609735949528, "uuid": "55eb6fda-fc28-4ab5-af82-5ff22ff1c67f", "historyId": "28dda5313ff182aeade3becf47df4372", "testCaseId": "9cbf013f05cb6ad37536fb98be3bcb37", "fullName": "test_flow.test_Authentication.test_personalInfoReg#test_infoReg", "labels": [{"name": "severity", "value": "blocker"}, {"name": "tag", "value": "run(order=2)"}, {"name": "parentSuite", "value": "test_flow.test_Authentication"}, {"name": "suite", "value": "test_personalInfoReg"}, {"name": "host", "value": "A02-03-00033"}, {"name": "thread", "value": "13812-MainThread"}, {"name": "framework", "value": "pytest"}, {"name": "language", "value": "cpython3"}, {"name": "package", "value": "test_flow.test_Authentication.test_personalInfoReg"}], "links": [{"type": "test_case", "url": "http://10.10.128.152:10053/personal/set/certification", "name": "‰∏™‰∫∫ÂÆûÂêçËÆ§ËØÅ üëá"}]}