{"name": "test_backstage_examine", "status": "broken", "statusDetails": {"message": "selenium.common.exceptions.TimeoutException: Message:", "trace": "@pytest.mark.run(order=4)\n    @allure.severity(\"blocker\")\n    @allure.description(\"http://10.10.128.152:10052/#/enterprise/list ‰ºÅ‰∏öÂÆ°Ê†∏\")\n    @allure.testcase(\"http://10.10.128.152:10052/#/enterprise/list\", \"‰ºÅ‰∏öÂÆ°Ê†∏ üëá\")\n    def test_backstage_examine():\n        def_name = sys._getframe().f_code.co_name\n        test_Assert = Assert.Assertions(def_name)\n        logger.info(\"ÂºÄÂßãÊâßË°åËÑöÊú¨%s:\\n\", def_name)\n    \n        driver = webdriver.Chrome()\n        driver.maximize_window()\n        driver.get(url_back)\n    \n        act = yamldict['test_backStageUserList']['company_user']\n        pwd = yamldict['test_backStageUserList']['company_user_pass']\n    \n        # ÁôªÈôÜÈ°µÈù¢\n        backStageLogin(driver, act, pwd, 0)\n        sleep(2)\n        driver.find_element_by_xpath(path_backstage_examine.btn_bussMan_xpath.value).click()\n        sleep(1)\n        driver.find_element_by_css_selector(path_backstage_examine.btn_bussList_css.value).click()\n        sleep(1)\n        elList = driver.find_elements_by_xpath(path_backstage_examine.btn_bussListName_xpath.value)\n        index = 0\n        for i in range(len(elList)):\n            path = path_backstage_examine.btn_bussListName_xpath.value + '[' + str(i + 1) + ']/' + 'td' + '[' + str(1) + ']'\n            text = driver.find_element_by_xpath(path).text\n            if text == businessName:\n                index = i\n                break\n        bussPath = path_backstage_examine.btn_bussListName_xpath.value + '[' + str(index + 1) + ']' + '/td[7]' + '/span/a'\n        driver.find_elements_by_xpath(bussPath)[0].click()\n        sleep(0.5)\n>       waitUntilDisplay(driver, path_backstage_examine.txt_userInfor_css.value)\n\ntest_flow\\test_Authentication\\test_backStage_examine.py:51: \n_ _ _ _ _ _ _ _ _ _ _ _ _ _ _ _ _ _ _ _ _ _ _ _ _ _ _ _ _ _ _ _ _ _ _ _ _ _ _ _\ncommon\\BaseFunction.py:21: in waitUntilDisplay\n    WebDriverWait(driver, 30).until(EC.visibility_of_element_located((By.CSS_SELECTOR, ByCss)))\n_ _ _ _ _ _ _ _ _ _ _ _ _ _ _ _ _ _ _ _ _ _ _ _ _ _ _ _ _ _ _ _ _ _ _ _ _ _ _ _\n\nself = <selenium.webdriver.support.wait.WebDriverWait (session=\"ddb6aeb2a249e333320d5ad000d65685\")>\nmethod = <selenium.webdriver.support.expected_conditions.visibility_of_element_located object at 0x000001A0A91229E8>\nmessage = ''\n\n    def until(self, method, message=''):\n        \"\"\"Calls the method provided with the driver as an argument until the \\\n        return value is not False.\"\"\"\n        screen = None\n        stacktrace = None\n    \n        end_time = time.time() + self._timeout\n        while True:\n            try:\n                value = method(self._driver)\n                if value:\n                    return value\n            except self._ignored_exceptions as exc:\n                screen = getattr(exc, 'screen', None)\n                stacktrace = getattr(exc, 'stacktrace', None)\n            time.sleep(self._poll)\n            if time.time() > end_time:\n                break\n>       raise TimeoutException(message, screen, stacktrace)\nE       selenium.common.exceptions.TimeoutException: Message:\n\n..\\..\\..\\AppData\\Local\\Programs\\Python\\Python36\\lib\\site-packages\\selenium\\webdriver\\support\\wait.py:80: TimeoutException"}, "description": "http://10.10.128.152:10052/#/enterprise/list ‰ºÅ‰∏öÂÆ°Ê†∏", "attachments": [{"name": "log", "source": "8de1ca9a-2846-4c3d-9dd7-50b7c6f4e735-attachment.txt", "type": "text/plain"}, {"name": "stdout", "source": "651fe5ee-d5b1-4e38-a115-7e076481451e-attachment.txt", "type": "text/plain"}, {"name": "stderr", "source": "792f2a51-a1dd-4c73-ad97-bf06392d3444-attachment.txt", "type": "text/plain"}], "start": 1602721601518, "stop": 1602721647094, "uuid": "ee757adf-fc90-47e9-8ef6-4d0761a49496", "historyId": "fa363551da3b313dda3c470cf52ad218", "testCaseId": "5cdc56bcdc5a2191093e1c1639a399e3", "fullName": "test_flow.test_Authentication.test_backStage_examine#test_backstage_examine", "labels": [{"name": "severity", "value": "blocker"}, {"name": "tag", "value": "run(order=4)"}, {"name": "parentSuite", "value": "test_flow.test_Authentication"}, {"name": "suite", "value": "test_backStage_examine"}, {"name": "host", "value": "A02-03-00033"}, {"name": "thread", "value": "11452-MainThread"}, {"name": "framework", "value": "pytest"}, {"name": "language", "value": "cpython3"}, {"name": "package", "value": "test_flow.test_Authentication.test_backStage_examine"}], "links": [{"type": "test_case", "url": "http://10.10.128.152:10052/#/enterprise/list", "name": "‰ºÅ‰∏öÂÆ°Ê†∏ üëá"}]}