{"name": "test_backStage_authentication", "status": "broken", "statusDetails": {"message": "selenium.common.exceptions.TimeoutException: Message:", "trace": "@pytest.mark.run(order=6)\n    @allure.severity(\"blocker\")\n    @allure.description(\"http://10.10.128.152:10052/#/authority/mechanism ÂêéÂè∞Ë¥¶Êà∑ËÆ§ËØÅ\")\n    @allure.testcase(\"http://10.10.128.152:10052/#/authority/mechanism\", \"ÂêéÂè∞Ë¥¶Êà∑ËÆ§ËØÅ üëá\")\n    def test_backStage_authentication():\n        def_name = sys._getframe().f_code.co_name\n        logger.info(\"ÂºÄÂßãÊâßË°åËÑöÊú¨%s:\\n\", def_name)\n    \n        def_name = sys._getframe().f_code.co_name\n        logger.info(\"ÂºÄÂßãÊâßË°åËÑöÊú¨%s:\\n\", def_name)\n    \n        driver = webdriver.Chrome()\n        driver.maximize_window()\n        driver.get(url_back)\n        # Èì∂Ë°åÂØÜÁ†Å‰øÆÊîπ\n        companyPassForget(driver, company_bank, 1)\n        # ÊãÖ‰øùÂÖ¨Âè∏ÂØÜÁ†Å‰øÆÊîπ\n>       companyPassForget(driver, company_Guarantee, 0)\n\ntest_flow\\test_Authentication\\test_backStage_authentication.py:289: \n_ _ _ _ _ _ _ _ _ _ _ _ _ _ _ _ _ _ _ _ _ _ _ _ _ _ _ _ _ _ _ _ _ _ _ _ _ _ _ _\ntest_flow\\test_Authentication\\test_login.py:141: in companyPassForget\n    waitUntilClick(driver, path_backStage_authentication.btn_forPass_css.value)\ncommon\\BaseFunction.py:31: in waitUntilClick\n    WebDriverWait(driver, 30).until(EC.element_to_be_clickable((By.CSS_SELECTOR, ByCss)))\n_ _ _ _ _ _ _ _ _ _ _ _ _ _ _ _ _ _ _ _ _ _ _ _ _ _ _ _ _ _ _ _ _ _ _ _ _ _ _ _\n\nself = <selenium.webdriver.support.wait.WebDriverWait (session=\"9d1f71e27c53c5acb09915410fb09eef\")>\nmethod = <selenium.webdriver.support.expected_conditions.element_to_be_clickable object at 0x0000029B75E70320>\nmessage = ''\n\n    def until(self, method, message=''):\n        \"\"\"Calls the method provided with the driver as an argument until the \\\n        return value is not False.\"\"\"\n        screen = None\n        stacktrace = None\n    \n        end_time = time.time() + self._timeout\n        while True:\n            try:\n                value = method(self._driver)\n                if value:\n                    return value\n            except self._ignored_exceptions as exc:\n                screen = getattr(exc, 'screen', None)\n                stacktrace = getattr(exc, 'stacktrace', None)\n            time.sleep(self._poll)\n            if time.time() > end_time:\n                break\n>       raise TimeoutException(message, screen, stacktrace)\nE       selenium.common.exceptions.TimeoutException: Message:\n\n..\\..\\..\\AppData\\Local\\Programs\\Python\\Python36\\lib\\site-packages\\selenium\\webdriver\\support\\wait.py:80: TimeoutException"}, "description": "http://10.10.128.152:10052/#/authority/mechanism ÂêéÂè∞Ë¥¶Êà∑ËÆ§ËØÅ", "attachments": [{"name": "log", "source": "b0dca6d5-434f-4c3e-a33c-0be7d5349ba7-attachment.txt", "type": "text/plain"}, {"name": "stdout", "source": "d46a0f9e-1caa-4ec7-9b16-4c3ce703494c-attachment.txt", "type": "text/plain"}, {"name": "stderr", "source": "f8129e4a-b9ad-42e7-a341-5b656134f03d-attachment.txt", "type": "text/plain"}], "start": 1603789119775, "stop": 1603789166375, "uuid": "7e62cd86-d18f-4d84-b425-6fe51eb39cb9", "historyId": "a55d1468f36f1b2cdddeddca0f290d7d", "testCaseId": "e04ecfcfa2b86e3258fad7c48a05b57e", "fullName": "test_flow.test_Authentication.test_backStage_authentication#test_backStage_authentication", "labels": [{"name": "severity", "value": "blocker"}, {"name": "tag", "value": "run(order=6)"}, {"name": "parentSuite", "value": "test_flow.test_Authentication"}, {"name": "suite", "value": "test_backStage_authentication"}, {"name": "host", "value": "A02-03-00033"}, {"name": "thread", "value": "17044-MainThread"}, {"name": "framework", "value": "pytest"}, {"name": "language", "value": "cpython3"}, {"name": "package", "value": "test_flow.test_Authentication.test_backStage_authentication"}], "links": [{"type": "test_case", "url": "http://10.10.128.152:10052/#/authority/mechanism", "name": "ÂêéÂè∞Ë¥¶Êà∑ËÆ§ËØÅ üëá"}]}