{"name": "test_backStageActCreate", "status": "broken", "statusDetails": {"message": "selenium.common.exceptions.TimeoutException: Message:", "trace": "@pytest.mark.run(order=5)\n    @allure.severity(\"blocker\")\n    @allure.description(\"http://10.10.128.152:10052/#/authority/mechanism 后台机构创建\")\n    @allure.testcase(\"http://10.10.128.152:10052/#/authority/mechanism\", \"后台机构创建 👇\")\n    def test_backStageActCreate():\n        def_name = sys._getframe().f_code.co_name\n        logger.info(\"开始执行脚本%s:\\n\", def_name)\n    \n        driver = webdriver.Chrome()\n        driver.maximize_window()\n        driver.get(url_back)\n    \n        # 登陆页面\n        backStageLogin(driver, act, pwd, 0)\n        if delete_flag == 0:\n            deleteOrgInfor()\n            logger.info('机构信息DB删除')\n        sleep(2)\n        driver.find_element_by_xpath(path_backStage_authentication.btn_jurisdiction_xpath.value).click()\n        sleep(1)\n        el = driver.find_element_by_xpath(path_backStage_authentication.btn_mechanism_xpath.value)\n        actionChainsClick(driver, el)\n    \n>       waitUntilClick(driver, path_backStage_authentication.btn_addMechanism_css.value)\n\ntest_flow\\test_Authentication\\test_backStage_authentication.py:186: \n_ _ _ _ _ _ _ _ _ _ _ _ _ _ _ _ _ _ _ _ _ _ _ _ _ _ _ _ _ _ _ _ _ _ _ _ _ _ _ _\ncommon\\BaseFunction.py:27: in waitUntilClick\n    WebDriverWait(driver, 30).until(EC.element_to_be_clickable((By.CSS_SELECTOR, ByCss)))\n_ _ _ _ _ _ _ _ _ _ _ _ _ _ _ _ _ _ _ _ _ _ _ _ _ _ _ _ _ _ _ _ _ _ _ _ _ _ _ _\n\nself = <selenium.webdriver.support.wait.WebDriverWait (session=\"2ac01045184cd9742763daf33e60a5a7\")>\nmethod = <selenium.webdriver.support.expected_conditions.element_to_be_clickable object at 0x000002435779BDA0>\nmessage = ''\n\n    def until(self, method, message=''):\n        \"\"\"Calls the method provided with the driver as an argument until the \\\n        return value is not False.\"\"\"\n        screen = None\n        stacktrace = None\n    \n        end_time = time.time() + self._timeout\n        while True:\n            try:\n                value = method(self._driver)\n                if value:\n                    return value\n            except self._ignored_exceptions as exc:\n                screen = getattr(exc, 'screen', None)\n                stacktrace = getattr(exc, 'stacktrace', None)\n            time.sleep(self._poll)\n            if time.time() > end_time:\n                break\n>       raise TimeoutException(message, screen, stacktrace)\nE       selenium.common.exceptions.TimeoutException: Message:\n\n..\\..\\..\\AppData\\Local\\Programs\\Python\\Python36\\lib\\site-packages\\selenium\\webdriver\\support\\wait.py:80: TimeoutException"}, "description": "http://10.10.128.152:10052/#/authority/mechanism 后台机构创建", "attachments": [{"name": "log", "source": "e6a8d57f-9448-4a2f-9d8e-d607bd84d898-attachment.txt", "type": "text/plain"}, {"name": "stdout", "source": "5fa888d6-e490-4d52-9dd7-3399749a54e1-attachment.txt", "type": "text/plain"}, {"name": "stderr", "source": "348469c8-2eed-427c-8678-c1a964e36dde-attachment.txt", "type": "text/plain"}], "start": 1602220908702, "stop": 1602220953099, "uuid": "9fff6d08-4931-4dbe-811d-606af10f3efd", "historyId": "d85ebd52118862a52004a5c4faaac530", "testCaseId": "a31d114e539ddd68bc16811c7dd64910", "fullName": "test_flow.test_Authentication.test_backStage_authentication#test_backStageActCreate", "labels": [{"name": "severity", "value": "blocker"}, {"name": "tag", "value": "run(order=5)"}, {"name": "parentSuite", "value": "test_flow.test_Authentication"}, {"name": "suite", "value": "test_backStage_authentication"}, {"name": "host", "value": "A02-03-00033"}, {"name": "thread", "value": "18884-MainThread"}, {"name": "framework", "value": "pytest"}, {"name": "language", "value": "cpython3"}, {"name": "package", "value": "test_flow.test_Authentication.test_backStage_authentication"}], "links": [{"type": "test_case", "url": "http://10.10.128.152:10052/#/authority/mechanism", "name": "后台机构创建 👇"}]}