{
  "d91e7b4392163e0b46289a9f8b97b16c" : {
    "statistic" : {
      "failed" : 0,
      "broken" : 1,
      "skipped" : 0,
      "passed" : 0,
      "unknown" : 0,
      "total" : 1
    },
    "items" : [ {
      "uid" : "7343656c46b65abc",
      "status" : "broken",
      "statusDetails" : "selenium.common.exceptions.WebDriverException: Message: 'Auto_Testchromedriver.exe' executable needs to be in PATH. Please see https://sites.google.com/a/chromium.org/chromedriver/home",
      "time" : {
        "start" : 1605074486826,
        "stop" : 1605074486827,
        "duration" : 1
      }
    } ]
  },
  "fa363551da3b313dda3c470cf52ad218" : {
    "statistic" : {
      "failed" : 0,
      "broken" : 1,
      "skipped" : 0,
      "passed" : 0,
      "unknown" : 0,
      "total" : 1
    },
    "items" : [ {
      "uid" : "5e26df81287bdba2",
      "status" : "broken",
      "statusDetails" : "selenium.common.exceptions.WebDriverException: Message: 'Auto_Testchromedriver.exe' executable needs to be in PATH. Please see https://sites.google.com/a/chromium.org/chromedriver/home",
      "time" : {
        "start" : 1605074486660,
        "stop" : 1605074486664,
        "duration" : 4
      }
    } ]
  },
  "dd0646a5c1a798e47c4f25747509dea9" : {
    "statistic" : {
      "failed" : 0,
      "broken" : 1,
      "skipped" : 0,
      "passed" : 0,
      "unknown" : 0,
      "total" : 1
    },
    "items" : [ {
      "uid" : "9ee4c341ee198553",
      "status" : "broken",
      "statusDetails" : "selenium.common.exceptions.WebDriverException: Message: 'Auto_Testchromedriver.exe' executable needs to be in PATH. Please see https://sites.google.com/a/chromium.org/chromedriver/home",
      "time" : {
        "start" : 1605074486379,
        "stop" : 1605074486384,
        "duration" : 5
      }
    } ]
  },
  "673c6cf796d54f5cbc2e9852ef4f69c7" : {
    "statistic" : {
      "failed" : 0,
      "broken" : 1,
      "skipped" : 0,
      "passed" : 0,
      "unknown" : 0,
      "total" : 1
    },
    "items" : [ {
      "uid" : "dece7779f1f848d3",
      "status" : "broken",
      "statusDetails" : "selenium.common.exceptions.WebDriverException: Message: 'Auto_Testchromedriver.exe' executable needs to be in PATH. Please see https://sites.google.com/a/chromium.org/chromedriver/home",
      "time" : {
        "start" : 1605074486584,
        "stop" : 1605074486588,
        "duration" : 4
      }
    } ]
  },
  "28dda5313ff182aeade3becf47df4372" : {
    "statistic" : {
      "failed" : 0,
      "broken" : 1,
      "skipped" : 0,
      "passed" : 0,
      "unknown" : 0,
      "total" : 1
    },
    "items" : [ {
      "uid" : "caaf47b6b40867f0",
      "status" : "broken",
      "statusDetails" : "selenium.common.exceptions.WebDriverException: Message: 'Auto_Testchromedriver.exe' executable needs to be in PATH. Please see https://sites.google.com/a/chromium.org/chromedriver/home",
      "time" : {
        "start" : 1605074486497,
        "stop" : 1605074486530,
        "duration" : 33
      }
    } ]
  },
  "d85ebd52118862a52004a5c4faaac530" : {
    "statistic" : {
      "failed" : 0,
      "broken" : 1,
      "skipped" : 0,
      "passed" : 0,
      "unknown" : 0,
      "total" : 1
    },
    "items" : [ {
      "uid" : "31f5355f74c0cf1d",
      "status" : "broken",
      "statusDetails" : "selenium.common.exceptions.WebDriverException: Message: 'Auto_Testchromedriver.exe' executable needs to be in PATH. Please see https://sites.google.com/a/chromium.org/chromedriver/home",
      "time" : {
        "start" : 1605074486716,
        "stop" : 1605074486717,
        "duration" : 1
      }
    } ]
  },
  "9691ac6aee44b45918982a7ef3d6c630" : {
    "statistic" : {
      "failed" : 0,
      "broken" : 0,
      "skipped" : 0,
      "passed" : 1,
      "unknown" : 0,
      "total" : 1
    },
    "items" : [ {
      "uid" : "89d5a9d72ee41d0f",
      "status" : "passed",
      "time" : {
        "start" : 1600938088161,
        "stop" : 1600938118164,
        "duration" : 30003
      }
    } ]
  },
  "a55d1468f36f1b2cdddeddca0f290d7d" : {
    "statistic" : {
      "failed" : 0,
      "broken" : 1,
      "skipped" : 0,
      "passed" : 0,
      "unknown" : 0,
      "total" : 1
    },
    "items" : [ {
      "uid" : "a3e96fefdc86a79f",
      "status" : "broken",
      "statusDetails" : "selenium.common.exceptions.WebDriverException: Message: 'Auto_Testchromedriver.exe' executable needs to be in PATH. Please see https://sites.google.com/a/chromium.org/chromedriver/home",
      "time" : {
        "start" : 1605074486773,
        "stop" : 1605074486774,
        "duration" : 1
      }
    } ]
  }
}